chr2	264805	264948	chr2_264805_264948	0.999670478071332
chr2	677386	677463	chr2_677386_677463	0.997022120454632
chr2	3377815	3377909	chr2_3377815_3377909	0.999490682450665
chr2	3379659	3379723	chr2_3379659_3379723	0.993640834115337
chr2	3519526	3519610	chr2_3519526_3519610	0.962259432032842
chr2	3558299	3558393	chr2_3558299_3558393	0.999278098612424
chr2	3575209	3575305	chr2_3575209_3575305	0.999580618551255
chr2	6865662	6865736	chr2_6865662_6865736	0.912931391613421
chr2	7725680	7725813	chr2_7725680_7725813	0.892742561914476
chr2	8682016	8682056	chr2_8682016_8682056	0.997198099133207
chr2	8682443	8682447	chr2_8682443_8682447	0.962471939303775
chr2	8837571	8837648	chr2_8837571_8837648	0.955769780802085
chr2	9003664	9003897	chr2_9003664_9003897	0.982013751612442
chr2	9423464	9423628	chr2_9423464_9423628	0.999176328361763
chr2	9423535	9423658	chr2_9423535_9423658	0.999499014830846
chr2	9472915	9472916	chr2_9472915_9472916	0.0692062433038109
chr2	9474505	9474562	chr2_9474505_9474562	0.905038245733539
chr2	9555752	9555896	chr2_9555752_9555896	0.99713040378444
chr2	9630968	9631095	chr2_9630968_9631095	0.999686082082232
chr2	9843350	9843500	chr2_9843350_9843500	0.997469202480536
chr2	10080193	10080278	chr2_10080193_10080278	0.898662101299591
chr2	10122323	10122376	chr2_10122323_10122376	0.603520063562254
chr2	10122653	10122741	chr2_10122653_10122741	0.998113383810201
chr2	10302829	10302918	chr2_10302829_10302918	0.91743457661147
chr2	10448325	10448328	chr2_10448325_10448328	0.992506413549223
chr2	10448391	10448393	chr2_10448391_10448393	0.919772860072008
chr2	10448486	10448591	chr2_10448486_10448591	0.980484671395779
chr2	10689934	10689997	chr2_10689934_10689997	0.995249144311433
chr2	10808450	10808460	chr2_10808450_10808460	0.118959305489472
chr2	10812782	10812859	chr2_10812782_10812859	0.998378460026665
chr2	11155364	11155478	chr2_11155364_11155478	0.778010356167676
chr2	11181873	11181879	chr2_11181873_11181879	0.0564279357785086
chr2	11344626	11344722	chr2_11344626_11344722	0.849965195502696
chr2	11466109	11466192	chr2_11466109_11466192	0.927307498934347
chr2	11746583	11746640	chr2_11746583_11746640	0.935500875016312
chr2	11867190	11867197	chr2_11867190_11867197	0.854520629937751
chr2	15591728	15591907	chr2_15591728_15591907	0.993094236348812
chr2	16665807	16665889	chr2_16665807_16665889	0.562514168375477
chr2	17753777	17753842	chr2_17753777_17753842	0.978578846311119
chr2	17754099	17754180	chr2_17754099_17754180	0.96377371611367
chr2	18560641	18560729	chr2_18560641_18560729	0.992249803235693
chr2	19990059	19990190	chr2_19990059_19990190	0.976517747335636
chr2	20032811	20032812	chr2_20032811_20032812	0.040483299011735
chr2	20051618	20051712	chr2_20051618_20051712	0.999681067345256
chr2	20350646	20350740	chr2_20350646_20350740	0.951941302235704
chr2	20350828	20350855	chr2_20350828_20350855	0.965407209050496
chr2	20823072	20823134	chr2_20823072_20823134	0.981879403403869
chr2	23927040	23927215	chr2_23927040_23927215	0.993947071127004
chr2	23940396	23940467	chr2_23940396_23940467	0.98754066418589
chr2	24047350	24047426	chr2_24047350_24047426	0.994096575471239
chr2	24076322	24076495	chr2_24076322_24076495	0.999922632758841
chr2	24360513	24360557	chr2_24360513_24360557	0.982423052010271
chr2	24360721	24360807	chr2_24360721_24360807	0.997299261779889
chr2	24491209	24491275	chr2_24491209_24491275	0.681181957632665
chr2	24793343	24793391	chr2_24793343_24793391	0.997962066996191
chr2	24793381	24793489	chr2_24793381_24793489	0.997633434755117
chr2	24920200	24920266	chr2_24920200_24920266	0.784354306937135
chr2	25233103	25233108	chr2_25233103_25233108	0.0673147896207501
chr2	25252209	25252300	chr2_25252209_25252300	0.67420525586871
chr2	25341851	25342004	chr2_25341851_25342004	0.891311042116589
chr2	25362296	25362304	chr2_25362296_25362304	0.963671313209721
chr2	25421059	25421096	chr2_25421059_25421096	0.977865893775608
chr2	25673550	25673672	chr2_25673550_25673672	0.758607754162613
chr2	26034018	26034117	chr2_26034018_26034117	0.999773334353403
chr2	26244601	26244640	chr2_26244601_26244640	0.993681383650205
chr2	26244669	26244901	chr2_26244669_26244901	0.987487622077785
chr2	26244875	26244964	chr2_26244875_26244964	0.996266052027075
chr2	26786011	26786057	chr2_26786011_26786057	0.996876145308319
chr2	27032894	27033004	chr2_27032894_27033004	0.996126381568155
chr2	27041579	27041582	chr2_27041579_27041582	0.123670268238094
chr2	27051633	27051689	chr2_27051633_27051689	0.988125539693662
chr2	27071642	27071744	chr2_27071642_27071744	0.999250956314655
chr2	27086717	27086783	chr2_27086717_27086783	0.963441407124318
chr2	27134616	27134706	chr2_27134616_27134706	0.999291744275901
chr2	27199769	27199773	chr2_27199769_27199773	0.149230051278345
chr2	27211924	27211926	chr2_27211924_27211926	0.580091560359487
chr2	27211975	27212087	chr2_27211975_27212087	0.988258745452455
chr2	27212238	27212311	chr2_27212238_27212311	0.994510899597075
chr2	27212324	27212361	chr2_27212324_27212361	0.992334495903039
chr2	27323067	27323117	chr2_27323067_27323117	0.997945733493272
chr2	27356736	27356807	chr2_27356736_27356807	0.998710471344153
chr2	27370323	27370485	chr2_27370323_27370485	0.999527579672978
chr2	27370480	27370621	chr2_27370480_27370621	0.999761875814491
chr2	27380720	27380814	chr2_27380720_27380814	0.986511443900055
chr2	27409549	27409709	chr2_27409549_27409709	0.999407563727928
chr2	27428585	27428632	chr2_27428585_27428632	0.991498873670977
chr2	27428657	27428659	chr2_27428657_27428659	0.794298717080294
chr2	27582957	27583082	chr2_27582957_27583082	0.998561315328763
chr2	27628949	27629025	chr2_27628949_27629025	0.990775442989384
chr2	27628953	27629051	chr2_27628953_27629051	0.998194079578943
chr2	27663608	27663665	chr2_27663608_27663665	0.915498911334803
chr2	27663879	27663890	chr2_27663879_27663890	0.584754427040942
chr2	27771683	27771744	chr2_27771683_27771744	0.996049386650475
chr2	27779532	27779533	chr2_27779532_27779533	0.063665996758673
chr2	27890669	27890777	chr2_27890669_27890777	0.924046551605973
chr2	28338793	28338798	chr2_28338793_28338798	0.116856379620543
chr2	28751529	28751750	chr2_28751529_28751750	0.999483326152416
chr2	28751669	28751761	chr2_28751669_28751761	0.998952844782174
chr2	28751779	28751814	chr2_28751779_28751814	0.997058265789116
chr2	28751846	28751853	chr2_28751846_28751853	0.980671732104082
chr2	28870276	28870337	chr2_28870276_28870337	0.99634535019857
chr2	28894614	28894691	chr2_28894614_28894691	0.999280211077771
chr2	29115336	29115451	chr2_29115336_29115451	0.924199889489092
chr2	30146890	30146971	chr2_30146890_30146971	0.99695071274198
chr2	30146997	30147002	chr2_30146997_30147002	0.923762982075471
chr2	30231510	30231537	chr2_30231510_30231537	0.95318775323508
chr2	30643630	30643695	chr2_30643630_30643695	0.282131130055101
chr2	31233937	31234155	chr2_31233937_31234155	0.990005574960788
chr2	32010259	32010419	chr2_32010259_32010419	0.569896847546224
chr2	32039787	32039836	chr2_32039787_32039836	0.994024603923845
chr2	32277837	32277921	chr2_32277837_32277921	0.997582344099246
chr2	32357121	32357241	chr2_32357121_32357241	0.996602764137374
chr2	32628006	32628114	chr2_32628006_32628114	0.999132587205764
chr2	32817537	32817538	chr2_32817537_32817538	0.0225100858229147
chr2	33476211	33476300	chr2_33476211_33476300	0.902658886905379
chr2	33476597	33476649	chr2_33476597_33476649	0.962095191467592
chr2	33599224	33599351	chr2_33599224_33599351	0.997794427038482
chr2	36966510	36966644	chr2_36966510_36966644	0.98737278121704
chr2	37084275	37084386	chr2_37084275_37084386	0.996514363714079
chr2	37084440	37084552	chr2_37084440_37084552	0.995227805990768
chr2	37149025	37149026	chr2_37149025_37149026	0.0897542666163963
chr2	37156948	37157047	chr2_37156948_37157047	0.988593724986533
chr2	37196459	37196501	chr2_37196459_37196501	0.903859688548188
chr2	37231572	37231630	chr2_37231572_37231630	0.964851988148927
chr2	37231626	37231696	chr2_37231626_37231696	0.924367618950724
chr2	37324764	37324833	chr2_37324764_37324833	0.762956703260211
chr2	37646822	37646823	chr2_37646822_37646823	0.0608256149231518
chr2	37671639	37671695	chr2_37671639_37671695	0.947545510105732
chr2	38076149	38076266	chr2_38076149_38076266	0.973425797869353
chr2	38377267	38377292	chr2_38377267_38377292	0.96771812622236
chr2	38602892	38603070	chr2_38602892_38603070	0.973805461012776
chr2	38751356	38751499	chr2_38751356_38751499	0.999764883886582
chr2	38778176	38778231	chr2_38778176_38778231	0.987303095337193
chr2	39779205	39779278	chr2_39779205_39779278	0.879180068452908
chr2	42169273	42169376	chr2_42169273_42169376	0.987179504931708
chr2	42361207	42361272	chr2_42361207_42361272	0.996409580964839
chr2	42568609	42568742	chr2_42568609_42568742	0.845920663584315
chr2	42763975	42764034	chr2_42763975_42764034	0.365970521420142
chr2	42792537	42792634	chr2_42792537_42792634	0.960216711297832
chr2	43226602	43226692	chr2_43226602_43226692	0.986927886493139
chr2	43595990	43596069	chr2_43595990_43596069	0.998835897041451
chr2	43995900	43995903	chr2_43995900_43995903	0.834384385502226
chr2	43995985	43996038	chr2_43995985_43996038	0.986247370036917
chr2	44168826	44168891	chr2_44168826_44168891	0.997368593310929
chr2	44361489	44361599	chr2_44361489_44361599	0.995300923762085
chr2	45611240	45611295	chr2_45611240_45611295	0.998400059565901
chr2	46542604	46542737	chr2_46542604_46542737	0.826708636153453
chr2	46617025	46617122	chr2_46617025_46617122	0.999229087389296
chr2	46617164	46617263	chr2_46617164_46617263	0.997260010410977
chr2	46628254	46628262	chr2_46628254_46628262	0.0963277054492892
chr2	46915783	46915842	chr2_46915783_46915842	0.913408542027868
chr2	46941172	46941235	chr2_46941172_46941235	0.976165779996405
chr2	47176508	47176581	chr2_47176508_47176581	0.999772930509269
chr2	47403027	47403166	chr2_47403027_47403166	0.998779405244916
chr2	47783042	47783183	chr2_47783042_47783183	0.996193979126544
chr2	48314621	48314734	chr2_48314621_48314734	0.98463038206357
chr2	48440741	48440855	chr2_48440741_48440855	0.993727315195485
chr2	53767755	53767898	chr2_53767755_53767898	0.980292752368174
chr2	53786933	53787035	chr2_53786933_53787035	0.986216886253973
chr2	53787004	53787063	chr2_53787004_53787063	0.988534637366327
chr2	53971070	53971151	chr2_53971070_53971151	0.904905093890019
chr2	54304881	54304891	chr2_54304881_54304891	0.101397593326431
chr2	54558330	54558384	chr2_54558330_54558384	0.886743928820926
chr2	54558834	54558839	chr2_54558834_54558839	0.190916394045987
chr2	55050494	55050575	chr2_55050494_55050575	0.998544478331882
chr2	55232601	55232688	chr2_55232601_55232688	0.998713139299793
chr2	55246456	55246457	chr2_55246456_55246457	0.0333451091894041
chr2	55269190	55269293	chr2_55269190_55269293	0.987548536214103
chr2	55419823	55419944	chr2_55419823_55419944	0.976645088291548
chr2	55519557	55519717	chr2_55519557_55519717	0.997591410350732
chr2	55617598	55617818	chr2_55617598_55617818	0.999765459042372
chr2	55693831	55693896	chr2_55693831_55693896	0.998945741384316
chr2	58046620	58046732	chr2_58046620_58046732	0.995902501861965
chr2	58046763	58046821	chr2_58046763_58046821	0.991951352181771
chr2	58048921	58048926	chr2_58048921_58048926	0.112917074269449
chr2	58159541	58159546	chr2_58159541_58159546	0.093289759838798
chr2	58241322	58241406	chr2_58241322_58241406	0.970583669821448
chr2	60553214	60553291	chr2_60553214_60553291	0.360789100847168
chr2	60553276	60553391	chr2_60553276_60553391	0.504794049664705
chr2	60881472	60881679	chr2_60881472_60881679	0.997398586834031
chr2	60922768	60922770	chr2_60922768_60922770	0.0394468538773398
chr2	60929666	60929687	chr2_60929666_60929687	0.138794040126239
chr2	61017678	61017736	chr2_61017678_61017736	0.859508807632719
chr2	61144891	61145000	chr2_61144891_61145000	0.997285187600332
chr2	61177386	61177472	chr2_61177386_61177472	0.990072029865142
chr2	61537783	61537790	chr2_61537783_61537790	0.768306263144798
chr2	61537824	61537830	chr2_61537824_61537830	0.763617452923626
chr2	61538229	61538258	chr2_61538229_61538258	0.998619758336501
chr2	61538323	61538379	chr2_61538323_61538379	0.998687412126057
chr2	61888612	61888701	chr2_61888612_61888701	0.994539933084805
chr2	61905637	61905675	chr2_61905637_61905675	0.922683357654521
chr2	62196051	62196127	chr2_62196051_62196127	0.992115270969205
chr2	63588729	63588973	chr2_63588729_63588973	0.999923845287813
chr2	63840936	63841014	chr2_63840936_63841014	0.998992135100453
chr2	63841887	63841898	chr2_63841887_63841898	0.755050890868139
chr2	64019368	64019564	chr2_64019368_64019564	0.831228341931439
chr2	64144393	64144461	chr2_64144393_64144461	0.977971070657061
chr2	64524288	64524454	chr2_64524288_64524454	0.998135984587687
chr2	64932431	64932492	chr2_64932431_64932492	0.993526017809296
chr2	64989300	64989399	chr2_64989300_64989399	0.988508893009086
chr2	64989528	64989530	chr2_64989528_64989530	0.715775267000376
chr2	64994523	64994552	chr2_64994523_64994552	0.455264261506328
chr2	65056347	65056449	chr2_65056347_65056449	0.99253676104189
chr2	65130096	65130202	chr2_65130096_65130202	0.999457303955665
chr2	65227710	65227832	chr2_65227710_65227832	0.999329627693431
chr2	67397298	67397402	chr2_67397298_67397402	0.911685842292365
chr2	68062988	68063033	chr2_68062988_68063033	0.981201103856365
chr2	68157478	68157589	chr2_68157478_68157589	0.975720264208097
chr2	68157825	68157917	chr2_68157825_68157917	0.995813180432089
chr2	68365116	68365168	chr2_68365116_68365168	0.89364617067493
chr2	68365222	68365284	chr2_68365222_68365284	0.987165191915551
chr2	69387212	69387298	chr2_69387212_69387298	0.997989197138998
chr2	69437398	69437506	chr2_69437398_69437506	0.994546768153059
chr2	69742056	69742134	chr2_69742056_69742134	0.995111268140664
chr2	69829609	69829696	chr2_69829609_69829696	0.997849018326529
chr2	69893942	69893967	chr2_69893942_69893967	0.80800874331114
chr2	70086268	70086316	chr2_70086268_70086316	0.905102472829709
chr2	70087422	70087482	chr2_70087422_70087482	0.995611115793734
chr2	70088126	70088128	chr2_70088126_70088128	0.913363870851835
chr2	70088673	70088674	chr2_70088673_70088674	0.468316728845066
chr2	70248614	70248793	chr2_70248614_70248793	0.999452287770584
chr2	70258067	70258147	chr2_70258067_70258147	0.95834138221552
chr2	70281672	70281675	chr2_70281672_70281675	0.275464552438231
chr2	70293712	70293771	chr2_70293712_70293771	0.999727212944134
chr2	70302022	70302030	chr2_70302022_70302030	0.943521422093828
chr2	70302057	70302134	chr2_70302057_70302134	0.986268955381338
chr2	70994827	70994909	chr2_70994827_70994909	0.827959917224018
chr2	71068249	71068345	chr2_71068249_71068345	0.998222356382149
chr2	71068554	71068649	chr2_71068554_71068649	0.99878264215294
chr2	71130295	71130389	chr2_71130295_71130389	0.949145219738589
chr2	71130522	71130639	chr2_71130522_71130639	0.994230454918092
chr2	71331686	71331794	chr2_71331686_71331794	0.996657212345646
chr2	72887346	72887420	chr2_72887346_72887420	0.8253283780926
chr2	73071706	73071777	chr2_73071706_73071777	0.939544033242001
chr2	73214212	73214336	chr2_73214212_73214336	0.980924244532249
chr2	73233208	73233317	chr2_73233208_73233317	0.997729155623658
chr2	73234229	73234326	chr2_73234229_73234326	0.999250674026067
chr2	73737327	73737450	chr2_73737327_73737450	0.998003813481518
chr2	73780099	73780169	chr2_73780099_73780169	0.99735768254017
chr2	73828917	73828989	chr2_73828917_73828989	0.997207766551376
chr2	73926796	73926894	chr2_73926796_73926894	0.999749110705054
chr2	74145260	74145265	chr2_74145260_74145265	0.0698183252794267
chr2	74147880	74147990	chr2_74147880_74147990	0.981248705983356
chr2	74153086	74153153	chr2_74153086_74153153	0.368951613807076
chr2	74153761	74153842	chr2_74153761_74153842	0.749391361447373
chr2	74153881	74153886	chr2_74153881_74153886	0.104760096345177
chr2	74153931	74153937	chr2_74153931_74153937	0.20023869174364
chr2	74174417	74174465	chr2_74174417_74174465	0.482454035239399
chr2	74178841	74178917	chr2_74178841_74178917	0.999644949931057
chr2	74198513	74198616	chr2_74198513_74198616	0.999317992064202
chr2	74391844	74391900	chr2_74391844_74391900	0.974044248896745
chr2	74421697	74421747	chr2_74421697_74421747	0.994957210166811
chr2	74425566	74425567	chr2_74425566_74425567	0.047400128470423
chr2	74441888	74441967	chr2_74441888_74441967	0.647064697984102
chr2	74455055	74455122	chr2_74455055_74455122	0.993848053104495
chr2	74458400	74458478	chr2_74458400_74458478	0.997922769584743
chr2	74465342	74465417	chr2_74465342_74465417	0.993433039639159
chr2	74472134	74472151	chr2_74472134_74472151	0.478683578725414
chr2	74472650	74472699	chr2_74472650_74472699	0.998962536660696
chr2	74483064	74483090	chr2_74483064_74483090	0.975145890099357
chr2	74507640	74507708	chr2_74507640_74507708	0.997971498674511
chr2	74529680	74529820	chr2_74529680_74529820	0.999599114250854
chr2	74529705	74529969	chr2_74529705_74529969	0.999667682083257
chr2	74549459	74549591	chr2_74549459_74549591	0.902264077708656
chr2	74552651	74552663	chr2_74552651_74552663	0.67097887279734
chr2	74554694	74554752	chr2_74554694_74554752	0.917000657617186
chr2	74834062	74834150	chr2_74834062_74834150	0.980615656701252
chr2	74893210	74893217	chr2_74893210_74893217	0.132881994920123
chr2	74958591	74958667	chr2_74958591_74958667	0.990756721854415
chr2	75646767	75646796	chr2_75646767_75646796	0.938615067452968
chr2	75710875	75711011	chr2_75710875_75711011	0.987987619970664
chr2	84459243	84459318	chr2_84459243_84459318	0.991825485594046
chr2	84905571	84905656	chr2_84905571_84905656	0.999445853819924
chr2	84971027	84971132	chr2_84971027_84971132	0.935141035503712
chr2	85319415	85319427	chr2_85319415_85319427	0.196363784504128
chr2	85327974	85328026	chr2_85327974_85328026	0.982308502217134
chr2	85354697	85354776	chr2_85354697_85354776	0.997722559416008
chr2	85410346	85410391	chr2_85410346_85410391	0.975031595050448
chr2	85539102	85539168	chr2_85539102_85539168	0.997755747923502
chr2	85577497	85577585	chr2_85577497_85577585	0.994607822501203
chr2	85595660	85595756	chr2_85595660_85595756	0.999427761134407
chr2	85607897	85607903	chr2_85607897_85607903	0.114178936664
chr2	85608488	85608492	chr2_85608488_85608492	0.0726571676994625
chr2	85611999	85612087	chr2_85611999_85612087	0.990988136307847
chr2	85616074	85616190	chr2_85616074_85616190	0.999514116043713
chr2	85888879	85889058	chr2_85888879_85889058	0.961483737160043
chr2	86106170	86106238	chr2_86106170_86106238	0.998844179947172
chr2	86144179	86144201	chr2_86144179_86144201	0.402958771428623
chr2	86195392	86195508	chr2_86195392_86195508	0.994385348116385
chr2	86199420	86199484	chr2_86199420_86199484	0.992835993796629
chr2	86441312	86441382	chr2_86441312_86441382	0.995691205000248
chr2	86492580	86492583	chr2_86492580_86492583	0.0735502732771553
chr2	86563375	86563508	chr2_86563375_86563508	0.998195046065927
chr2	86720243	86720313	chr2_86720243_86720313	0.957747036637342
chr2	86775661	86775671	chr2_86775661_86775671	0.139113419859464
chr2	86777601	86777607	chr2_86777601_86777607	0.0598320468657296
chr2	87076395	87076473	chr2_87076395_87076473	0.799863130787097
chr2	87455401	87455499	chr2_87455401_87455499	0.646414871464328
chr2	88627396	88627510	chr2_88627396_88627510	0.998574365685246
chr2	88691642	88691725	chr2_88691642_88691725	0.997909809487422
chr2	88992684	88992685	chr2_88992684_88992685	0.0495968177301092
chr2	89585573	89585669	chr2_89585573_89585669	0.393474177078695
chr2	91659924	91660024	chr2_91659924_91660024	0.615234667106866
chr2	95025638	95025711	chr2_95025638_95025711	0.65762697934178
chr2	95121798	95121824	chr2_95121798_95121824	0.933471334067444
chr2	95121956	95122035	chr2_95121956_95122035	0.958499425123179
chr2	95402673	95402719	chr2_95402673_95402719	0.986275382739097
chr2	95526697	95526772	chr2_95526697_95526772	0.568102887979623
chr2	95991789	95991969	chr2_95991789_95991969	0.74538883348762
chr2	96145437	96145487	chr2_96145437_96145487	0.999726013588819
chr2	96208819	96208872	chr2_96208819_96208872	0.999507278409556
chr2	96253877	96253926	chr2_96253877_96253926	0.303049223220749
chr2	96265973	96266100	chr2_96265973_96266100	0.99509928490458
chr2	96266087	96266250	chr2_96266087_96266250	0.999449809449717
chr2	96283881	96283882	chr2_96283881_96283882	0.0635429823309988
chr2	96284004	96284005	chr2_96284004_96284005	0.040661941522072
chr2	96305505	96305600	chr2_96305505_96305600	0.992014280837305
chr2	96325290	96325379	chr2_96325290_96325379	0.843121865074477
chr2	96335719	96335782	chr2_96335719_96335782	0.995257732369397
chr2	96536692	96536753	chr2_96536692_96536753	0.995645881403174
chr2	96740051	96740105	chr2_96740051_96740105	0.993772555156898
chr2	96816223	96816271	chr2_96816223_96816271	0.974508733301988
chr2	96857994	96858082	chr2_96857994_96858082	0.997138036298334
chr2	96859894	96859922	chr2_96859894_96859922	0.563781227093989
chr2	97094835	97094909	chr2_97094835_97094909	0.92431782493613
chr2	97113467	97113667	chr2_97113467_97113667	0.781543506752161
chr2	97645922	97646080	chr2_97645922_97646080	0.999677009788725
chr2	97995815	97995956	chr2_97995815_97995956	0.965859370572352
chr2	98444819	98444943	chr2_98444819_98444943	0.988536728140672
chr2	98608487	98608527	chr2_98608487_98608527	0.991059115784938
chr2	98608524	98608626	chr2_98608524_98608626	0.99166772576924
chr2	98731067	98731169	chr2_98731067_98731169	0.673649569885098
chr2	99154961	99155112	chr2_99154961_99155112	0.994829267232109
chr2	99170620	99170625	chr2_99170620_99170625	0.0704942201626823
chr2	99180962	99181078	chr2_99180962_99181078	0.997134036688525
chr2	99181074	99181207	chr2_99181074_99181207	0.997187218202666
chr2	99336318	99336424	chr2_99336318_99336424	0.999242149817007
chr2	99337327	99337425	chr2_99337327_99337425	0.998744223700089
chr2	99489969	99490063	chr2_99489969_99490063	0.942679635519992
chr2	100142539	100142601	chr2_100142539_100142601	0.899369373689176
chr2	100391964	100391971	chr2_100391964_100391971	0.135696065692561
chr2	100417383	100417521	chr2_100417383_100417521	0.886018553024372
chr2	100417635	100417696	chr2_100417635_100417696	0.581884518475108
chr2	100562912	100563000	chr2_100562912_100563000	0.998674233415811
chr2	101002211	101002293	chr2_101002211_101002293	0.999936310425991
chr2	101002700	101002723	chr2_101002700_101002723	0.941637509011636
chr2	101005955	101005956	chr2_101005955_101005956	0.207943766077075
chr2	101252850	101252917	chr2_101252850_101252917	0.998540841124828
chr2	101308687	101308776	chr2_101308687_101308776	0.990413953568401
chr2	101697619	101697711	chr2_101697619_101697711	0.785021742389348
chr2	101998958	101998992	chr2_101998958_101998992	0.695434821736447
chr2	102355736	102355936	chr2_102355736_102355936	0.965279133924594
chr2	102356307	102356336	chr2_102356307_102356336	0.646837996810239
chr2	102736831	102736905	chr2_102736831_102736905	0.965464836355416
chr2	105037991	105038083	chr2_105037991_105038083	0.998848380847548
chr2	105329642	105329751	chr2_105329642_105329751	0.909218922299429
chr2	105337509	105337586	chr2_105337509_105337586	0.991606783358351
chr2	105744783	105744865	chr2_105744783_105744865	0.833849666585072
chr2	105744892	105744913	chr2_105744892_105744913	0.336612416346972
chr2	106194294	106194392	chr2_106194294_106194392	0.964272295158866
chr2	108449166	108449231	chr2_108449166_108449231	0.994949627241922
chr2	108534358	108534476	chr2_108534358_108534476	0.968679606314688
chr2	108719431	108719561	chr2_108719431_108719561	0.997673642863963
chr2	108786724	108786806	chr2_108786724_108786806	0.967073374393269
chr2	109613913	109613998	chr2_109613913_109613998	0.981930998089088
chr2	110212526	110212567	chr2_110212526_110212567	0.754571201747612
chr2	110678061	110678104	chr2_110678061_110678104	0.991028856532037
chr2	111884166	111884205	chr2_111884166_111884205	0.987210604431248
chr2	112055184	112055578	chr2_112055184_112055578	0.99622362701583
chr2	112482051	112482185	chr2_112482051_112482185	0.904168714474463
chr2	112542170	112542236	chr2_112542170_112542236	0.969293998712672
chr2	112542406	112542467	chr2_112542406_112542467	0.986572428756486
chr2	112584563	112584611	chr2_112584563_112584611	0.983330271915531
chr2	112645822	112645942	chr2_112645822_112645942	0.997256661508683
chr2	112764607	112764680	chr2_112764607_112764680	0.995506494181674
chr2	113235504	113235549	chr2_113235504_113235549	0.994445992554821
chr2	113437732	113437822	chr2_113437732_113437822	0.799469532165037
chr2	113627013	113627178	chr2_113627013_113627178	0.759566748811622
chr2	113756609	113756684	chr2_113756609_113756684	0.980379084288796
chr2	113889889	113890109	chr2_113889889_113890109	0.999804631059092
chr2	117814657	117814723	chr2_117814657_117814723	0.999366851740399
chr2	118014067	118014173	chr2_118014067_118014173	0.973186153435219
chr2	118088405	118088513	chr2_118088405_118088513	0.998326469244571
chr2	119366724	119366850	chr2_119366724_119366850	0.997573943707458
chr2	119366900	119366991	chr2_119366900_119366991	0.999833775516016
chr2	119679133	119679229	chr2_119679133_119679229	0.97519212219335
chr2	119759752	119759955	chr2_119759752_119759955	0.99827324282841
chr2	120013024	120013077	chr2_120013024_120013077	0.967457985868677
chr2	120223352	120223444	chr2_120223352_120223444	0.965333377070696
chr2	120252742	120252867	chr2_120252742_120252867	0.999297144035162
chr2	120252953	120252958	chr2_120252953_120252958	0.793237851135058
chr2	121650066	121650154	chr2_121650066_121650154	0.990406385146819
chr2	121736870	121736933	chr2_121736870_121736933	0.997280697875497
chr2	121755510	121755690	chr2_121755510_121755690	0.999333689233304
chr2	122740277	122740324	chr2_122740277_122740324	0.547753139152375
chr2	122742791	122742792	chr2_122742791_122742792	0.030161890903802
chr2	122742930	122742944	chr2_122742930_122742944	0.13634396314287
chr2	122743489	122743515	chr2_122743489_122743515	0.393779682166572
chr2	122744265	122744267	chr2_122744265_122744267	0.0451264558245177
chr2	122750272	122750273	chr2_122750272_122750273	0.047057268108128
chr2	126656038	126656166	chr2_126656038_126656166	0.947554548400841
chr2	127081852	127081887	chr2_127081852_127081887	0.847188070850643
chr2	127294137	127294190	chr2_127294137_127294190	0.994976633618948
chr2	127387936	127388095	chr2_127387936_127388095	0.989476372986844
chr2	127481061	127481065	chr2_127481061_127481065	0.0630513633888552
chr2	127526449	127526523	chr2_127526449_127526523	0.998255644055099
chr2	127764905	127764906	chr2_127764905_127764906	0.0370952307404075
chr2	127811156	127811243	chr2_127811156_127811243	0.99838442658023
chr2	127852969	127852977	chr2_127852969_127852977	0.104658419249627
chr2	127858112	127858188	chr2_127858112_127858188	0.988538868332442
chr2	128091168	128091234	chr2_128091168_128091234	0.99585813195784
chr2	128318841	128318927	chr2_128318841_128318927	0.831167939182311
chr2	130181576	130181632	chr2_130181576_130181632	0.979033715001918
chr2	130181652	130181767	chr2_130181652_130181767	0.985440381389507
chr2	130182166	130182272	chr2_130182166_130182272	0.981595337916699
chr2	130342130	130342263	chr2_130342130_130342263	0.999333289719837
chr2	130342806	130342923	chr2_130342806_130342923	0.999885519360929
chr2	130372198	130372272	chr2_130372198_130372272	0.884289331395226
chr2	130428439	130428566	chr2_130428439_130428566	0.635270583557951
chr2	131093432	131093493	chr2_131093432_131093493	0.982702731760022
chr2	131105263	131105337	chr2_131105263_131105337	0.979577379282542
chr2	131492385	131492448	chr2_131492385_131492448	0.898114583082068
chr2	131493042	131493117	chr2_131493042_131493117	0.987822737081203
chr2	131521327	131521332	chr2_131521327_131521332	0.0618285732984804
chr2	131527858	131527936	chr2_131527858_131527936	0.802577817632002
chr2	134451502	134451509	chr2_134451502_134451509	0.0795769278474635
chr2	134451610	134451643	chr2_134451610_134451643	0.234691593011771
chr2	134454479	134454482	chr2_134454479_134454482	0.0493744484246522
chr2	134918758	134918843	chr2_134918758_134918843	0.994850547046812
chr2	135052253	135052298	chr2_135052253_135052298	0.977741500597142
chr2	135170141	135170147	chr2_135170141_135170147	0.0822158354739751
chr2	135531445	135531559	chr2_135531445_135531559	0.994971613908996
chr2	135710054	135710094	chr2_135710054_135710094	0.706145571751186
chr2	135725141	135725142	chr2_135725141_135725142	0.0242978142820733
chr2	135741596	135741781	chr2_135741596_135741781	0.999503800470863
chr2	135741852	135741855	chr2_135741852_135741855	0.97240430352941
chr2	135876409	135876497	chr2_135876409_135876497	0.999346036468946
chr2	135985520	135985533	chr2_135985520_135985533	0.994233432443401
chr2	135985579	135985704	chr2_135985579_135985704	0.996857051239988
chr2	135985868	135985923	chr2_135985868_135985923	0.983774023567632
chr2	136118146	136118217	chr2_136118146_136118217	0.988341142241647
chr2	138501747	138502049	chr2_138501747_138502049	0.956035452666959
chr2	142877596	142877664	chr2_142877596_142877664	0.937919224419849
chr2	143129312	143129420	chr2_143129312_143129420	0.993777948347646
chr2	144332460	144332614	chr2_144332460_144332614	0.947751200504049
chr2	148020708	148020793	chr2_148020708_148020793	0.997109168156061
chr2	148021148	148021158	chr2_148021148_148021158	0.665362903016115
chr2	149038678	149038748	chr2_149038678_149038748	0.560189086667208
chr2	149587720	149587823	chr2_149587720_149587823	0.99931895255463
chr2	151270768	151270769	chr2_151270768_151270769	0.0380391391683098
chr2	151289627	151289668	chr2_151289627_151289668	0.860002982362902
chr2	151289861	151289953	chr2_151289861_151289953	0.843732006470092
chr2	151797442	151797467	chr2_151797442_151797467	0.170890604350223
chr2	151828416	151828421	chr2_151828416_151828421	0.792778221174837
chr2	151828449	151828531	chr2_151828449_151828531	0.991936885018982
chr2	152175698	152175783	chr2_152175698_152175783	0.975419833789601
chr2	152717406	152717469	chr2_152717406_152717469	0.998915613151421
chr2	152717911	152718048	chr2_152717911_152718048	0.994074835943259
chr2	152718549	152718622	chr2_152718549_152718622	0.991156694660159
chr2	157412951	157412952	chr2_157412951_157412952	0.0352529628632282
chr2	157444026	157444027	chr2_157444026_157444027	0.515514779665349
chr2	157444057	157444130	chr2_157444057_157444130	0.992127907644514
chr2	159286621	159286773	chr2_159286621_159286773	0.986731281523847
chr2	159712451	159712517	chr2_159712451_159712517	0.998032092077887
chr2	159904698	159904777	chr2_159904698_159904777	0.98924158641309
chr2	161136891	161136964	chr2_161136891_161136964	0.977708701802834
chr2	161160412	161160431	chr2_161160412_161160431	0.950741199849624
chr2	161308371	161308460	chr2_161308371_161308460	0.997486687266873
chr2	162074293	162074410	chr2_162074293_162074410	0.941512691529821
chr2	162318649	162318739	chr2_162318649_162318739	0.99798322917257
chr2	162318990	162319117	chr2_162318990_162319117	0.987819740736824
chr2	162344061	162344149	chr2_162344061_162344149	0.994976877752131
chr2	165953754	165953841	chr2_165953754_165953841	0.957053413974076
chr2	168456223	168456292	chr2_168456223_168456292	0.941978151126274
chr2	168890380	168890466	chr2_168890380_168890466	0.972530237895756
chr2	169573783	169573926	chr2_169573783_169573926	0.991011943695261
chr2	169584321	169584378	chr2_169584321_169584378	0.989510392797642
chr2	169584790	169584800	chr2_169584790_169584800	0.775871474389817
chr2	169614684	169614689	chr2_169614684_169614689	0.0688421390941715
chr2	169636411	169636412	chr2_169636411_169636412	0.0414468511716769
chr2	169733781	169733859	chr2_169733781_169733859	0.776335929626881
chr2	169798796	169798890	chr2_169798796_169798890	0.997724063762388
chr2	169824868	169824946	chr2_169824868_169824946	0.970304685605976
chr2	170751698	170751752	chr2_170751698_170751752	0.253155527673736
chr2	170929077	170929273	chr2_170929077_170929273	0.998454794476843
chr2	170962914	170962919	chr2_170962914_170962919	0.0735651280129652
chr2	171117759	171117760	chr2_171117759_171117760	0.0277000083552723
chr2	171160689	171161022	chr2_171160689_171161022	0.977585143095948
chr2	171433988	171434143	chr2_171433988_171434143	0.998175893372484
chr2	171522336	171522477	chr2_171522336_171522477	0.900337299458707
chr2	171687401	171687485	chr2_171687401_171687485	0.996021377624308
chr2	171687747	171687759	chr2_171687747_171687759	0.834198817677687
chr2	171894222	171894337	chr2_171894222_171894337	0.950504990882142
chr2	171922391	171922481	chr2_171922391_171922481	0.99885392799462
chr2	172555962	172556098	chr2_172555962_172556098	0.950247339079494
chr2	173075758	173075892	chr2_173075758_173075892	0.718079390876495
chr2	173354807	173354884	chr2_173354807_173354884	0.899462183929575
chr2	173965233	173965413	chr2_173965233_173965413	0.990295500580327
chr2	174248531	174248540	chr2_174248531_174248540	0.956515989168054
chr2	174248580	174248674	chr2_174248580_174248674	0.986307154988813
chr2	174350722	174350736	chr2_174350722_174350736	0.0999033874804367
chr2	174351645	174351652	chr2_174351645_174351652	0.0768356691679187
chr2	174395672	174395738	chr2_174395672_174395738	0.979480759614637
chr2	174562096	174562097	chr2_174562096_174562097	0.0333451091894041
chr2	174562420	174562430	chr2_174562420_174562430	0.196765418791467
chr2	174562574	174562602	chr2_174562574_174562602	0.24825144409448
chr2	174567922	174567936	chr2_174567922_174567936	0.166879178227201
chr2	174571852	174571854	chr2_174571852_174571854	0.0414255055814615
chr2	174719797	174719821	chr2_174719797_174719821	0.210586224715262
chr2	175168166	175168270	chr2_175168166_175168270	0.998021427464792
chr2	175181706	175181774	chr2_175181706_175181774	0.999681269285705
chr2	176002257	176002335	chr2_176002257_176002335	0.938210859565291
chr2	176269384	176269453	chr2_176269384_176269453	0.835429305094681
chr2	177212701	177212793	chr2_177212701_177212793	0.996279826978595
chr2	177219948	177219953	chr2_177219948_177219953	0.0645481982756359
chr2	177264694	177264862	chr2_177264694_177264862	0.995276101393694
chr2	177392737	177392774	chr2_177392737_177392774	0.912355079408389
chr2	178112376	178112491	chr2_178112376_178112491	0.988369217039908
chr2	178413916	178413984	chr2_178413916_178413984	0.936982157850706
chr2	178451142	178451207	chr2_178451142_178451207	0.996719575078654
chr2	178480345	178480510	chr2_178480345_178480510	0.978184182150007
chr2	178523181	178523244	chr2_178523181_178523244	0.964858748744832
chr2	179264526	179264731	chr2_179264526_179264731	0.623297039963947
chr2	179264761	179264842	chr2_179264761_179264842	0.634533548121406
chr2	180007093	180007131	chr2_180007093_180007131	0.938179998050868
chr2	180980554	180980654	chr2_180980554_180980654	0.860387347022525
chr2	181457309	181457446	chr2_181457309_181457446	0.924835232747472
chr2	181891692	181891853	chr2_181891692_181891853	0.842999421050374
chr2	182716228	182716273	chr2_182716228_182716273	0.96447599841983
chr2	183124353	183124461	chr2_183124353_183124461	0.976999374993487
chr2	186486175	186486302	chr2_186486175_186486302	0.999828429774985
chr2	189441388	189441479	chr2_189441388_189441479	0.997402248554795
chr2	189475427	189475432	chr2_189475427_189475432	0.126105641811549
chr2	189661360	189661484	chr2_189661360_189661484	0.999837654060312
chr2	189784333	189784395	chr2_189784333_189784395	0.995520534124831
chr2	189784412	189784500	chr2_189784412_189784500	0.991944302715623
chr2	189784474	189784490	chr2_189784474_189784490	0.930311202654
chr2	190319766	190319908	chr2_190319766_190319908	0.997442705103076
chr2	190408119	190408286	chr2_190408119_190408286	0.741854288436255
chr2	190408324	190408366	chr2_190408324_190408366	0.407074483210003
chr2	190880808	190880843	chr2_190880808_190880843	0.997842141669875
chr2	190915287	190915295	chr2_190915287_190915295	0.0868642014943645
chr2	190984392	190984393	chr2_190984392_190984393	0.101446655534155
chr2	191014154	191014261	chr2_191014154_191014261	0.999498789789515
chr2	191678077	191678158	chr2_191678077_191678158	0.987914065006991
chr2	191678657	191678663	chr2_191678657_191678663	0.533854441771669
chr2	191679621	191679632	chr2_191679621_191679632	0.108672239060296
chr2	195657119	195657235	chr2_195657119_195657235	0.995654956571612
chr2	196133911	196133918	chr2_196133911_196133918	0.0896993006971412
chr2	196134817	196134823	chr2_196134817_196134823	0.0972449497851852
chr2	196135184	196135188	chr2_196135184_196135188	0.102167506352667
chr2	196135589	196135606	chr2_196135589_196135606	0.120450679989654
chr2	196171520	196171634	chr2_196171520_196171634	0.998509958231032
chr2	196639637	196639758	chr2_196639637_196639758	0.978704618035143
chr2	196799648	196799770	chr2_196799648_196799770	0.984471019612561
chr2	197310667	197310882	chr2_197310667_197310882	0.985835369118742
chr2	197435015	197435142	chr2_197435015_197435142	0.999736448829772
chr2	197453397	197453552	chr2_197453397_197453552	0.999808469043569
chr2	197499838	197499943	chr2_197499838_197499943	0.999888518391689
chr2	197500165	197500343	chr2_197500165_197500343	0.999451420479324
chr2	197500311	197500348	chr2_197500311_197500348	0.998255209335924
chr2	197500377	197500419	chr2_197500377_197500419	0.999532832912308
chr2	197501071	197501072	chr2_197501071_197501072	0.13562167919733
chr2	197516016	197516081	chr2_197516016_197516081	0.995505567675693
chr2	197705324	197705448	chr2_197705324_197705448	0.994570671528331
chr2	199911244	199911335	chr2_199911244_199911335	0.998669022129136
chr2	199955756	199955802	chr2_199955756_199955802	0.916293646057776
chr2	200306452	200306556	chr2_200306452_200306556	0.845245950605561
chr2	200306700	200306723	chr2_200306700_200306723	0.384749620301943
chr2	200509934	200510176	chr2_200509934_200510176	0.996212767621175
chr2	200526081	200526211	chr2_200526081_200526211	0.997914457187203
chr2	200811528	200811572	chr2_200811528_200811572	0.97149531882949
chr2	200811897	200811925	chr2_200811897_200811925	0.99562684133871
chr2	200864656	200864744	chr2_200864656_200864744	0.998441534730096
chr2	200889055	200889352	chr2_200889055_200889352	0.998784964954835
chr2	200889337	200889424	chr2_200889337_200889424	0.998382723124437
chr2	200963622	200963724	chr2_200963622_200963724	0.98593785423001
chr2	201071626	201071699	chr2_201071626_201071699	0.995990424436421
chr2	201071964	201072025	chr2_201071964_201072025	0.992442429645849
chr2	201118649	201118681	chr2_201118649_201118681	0.985525434550038
chr2	201233443	201233515	chr2_201233443_201233515	0.999310727964461
chr2	201451452	201451629	chr2_201451452_201451629	0.996037852685957
chr2	201451651	201451770	chr2_201451651_201451770	0.979809821112224
chr2	201642667	201642715	chr2_201642667_201642715	0.784407037910505
chr2	201780893	201780983	chr2_201780893_201780983	0.984747671720881
chr2	202238561	202238626	chr2_202238561_202238626	0.998698211568225
chr2	202265691	202265772	chr2_202265691_202265772	0.999517984260901
chr2	202303428	202303431	chr2_202303428_202303431	0.136631394453708
chr2	202911611	202911614	chr2_202911611_202911614	0.858005312329237
chr2	202911641	202911695	chr2_202911641_202911695	0.991224416350457
chr2	203238937	203239021	chr2_203238937_203239021	0.995174815049154
chr2	203328237	203328321	chr2_203328237_203328321	0.815026650677195
chr2	206159424	206159602	chr2_206159424_206159602	0.999565546851087
chr2	206159562	206159641	chr2_206159562_206159641	0.998389162479191
chr2	206159889	206159896	chr2_206159889_206159896	0.913818841353176
chr2	206765573	206765606	chr2_206765573_206765606	0.994828134117753
chr2	207529883	207529963	chr2_207529883_207529963	0.995475418427
chr2	207625311	207625458	chr2_207625311_207625458	0.98310307352449
chr2	207662374	207662380	chr2_207662374_207662380	0.765488161528109
chr2	208255067	208255164	chr2_208255067_208255164	0.988339862925318
chr2	210002548	210002649	chr2_210002548_210002649	0.998087506032545
chr2	210476704	210476792	chr2_210476704_210476792	0.991119286425503
chr2	213284377	213284481	chr2_213284377_213284481	0.992641012735149
chr2	214809659	214809726	chr2_214809659_214809726	0.991728694139449
chr2	215311917	215312087	chr2_215311917_215312087	0.999541118703493
chr2	215346754	215346755	chr2_215346754_215346755	0.0954719982359986
chr2	216081764	216081840	chr2_216081764_216081840	0.879486960548565
chr2	216109264	216109410	chr2_216109264_216109410	0.999829003583295
chr2	216412408	216412555	chr2_216412408_216412555	0.998862364969598
chr2	216498781	216498844	chr2_216498781_216498844	0.999576324738669
chr2	216499267	216499268	chr2_216499267_216499268	0.367771585152542
chr2	216499974	216499975	chr2_216499974_216499975	0.482225660895104
chr2	218217018	218217199	chr2_218217018_218217199	0.999784343551976
chr2	218270122	218270204	chr2_218270122_218270204	0.999576014620835
chr2	218270488	218270525	chr2_218270488_218270525	0.996394919863161
chr2	218292502	218292597	chr2_218292502_218292597	0.913036261714995
chr2	218404664	218404675	chr2_218404664_218404675	0.13573660163155
chr2	218405837	218405838	chr2_218405837_218405838	0.184409590373229
chr2	218568316	218568411	chr2_218568316_218568411	0.997483524633959
chr2	218568806	218568845	chr2_218568806_218568845	0.982687237654806
chr2	218595585	218595602	chr2_218595585_218595602	0.274575357395486
chr2	218595916	218595922	chr2_218595916_218595922	0.093880012226021
chr2	218659640	218659722	chr2_218659640_218659722	0.996321663871031
chr2	218671962	218672006	chr2_218671962_218672006	0.945321130861907
chr2	219160790	219160878	chr2_219160790_219160878	0.987259689264458
chr2	219176932	219177014	chr2_219176932_219177014	0.990099730955569
chr2	219178125	219178188	chr2_219178125_219178188	0.992970935394398
chr2	219178197	219178309	chr2_219178197_219178309	0.992090338992957
chr2	219183325	219183328	chr2_219183325_219183328	0.0560860513451554
chr2	219206756	219206808	chr2_219206756_219206808	0.985102020597208
chr2	219229583	219229670	chr2_219229583_219229670	0.994917508505582
chr2	219229759	219229867	chr2_219229759_219229867	0.999206031743477
chr2	219250367	219250368	chr2_219250367_219250368	0.152756696191501
chr2	219253913	219253986	chr2_219253913_219253986	0.985668911493021
chr2	219387791	219387796	chr2_219387791_219387796	0.692935273275358
chr2	219387904	219387963	chr2_219387904_219387963	0.981189322806208
chr2	219498823	219498915	chr2_219498823_219498915	0.999583333601882
chr2	219597802	219597891	chr2_219597802_219597891	0.993142164139483
chr2	222424465	222424593	chr2_222424465_222424593	0.701566946677622
chr2	222426058	222426061	chr2_222426058_222426061	0.107000667173536
chr2	222656077	222656123	chr2_222656077_222656123	0.999318577530883
chr2	222860956	222861037	chr2_222860956_222861037	0.997697097810291
chr2	223945296	223945410	chr2_223945296_223945410	0.962462530058482
chr2	223957357	223957462	chr2_223957357_223957462	0.989028722656064
chr2	224585383	224585547	chr2_224585383_224585547	0.997251167353102
chr2	225042420	225042507	chr2_225042420_225042507	0.941517684908648
chr2	226835963	226836125	chr2_226835963_226836125	0.994414891999797
chr2	227325203	227325287	chr2_227325203_227325287	0.994754793802342
chr2	227472092	227472171	chr2_227472092_227472171	0.970021781727068
chr2	229921954	229922092	chr2_229921954_229922092	0.988897997060557
chr2	230219895	230220020	chr2_230219895_230220020	0.982378966634333
chr2	230225714	230225767	chr2_230225714_230225767	0.99205243912001
chr2	230327133	230327281	chr2_230327133_230327281	0.983513089893113
chr2	230416155	230416219	chr2_230416155_230416219	0.998200818115785
chr2	230584959	230584961	chr2_230584959_230584961	0.0327862273128318
chr2	230589556	230589580	chr2_230589556_230589580	0.989781602934534
chr2	230712788	230712878	chr2_230712788_230712878	0.996657157444512
chr2	230864841	230864955	chr2_230864841_230864955	0.981260651543125
chr2	231056843	231056911	chr2_231056843_231056911	0.993576232659577
chr2	231198590	231198698	chr2_231198590_231198698	0.988201779519208
chr2	231393753	231393789	chr2_231393753_231393789	0.804924226359849
chr2	231464481	231464617	chr2_231464481_231464617	0.999928911870669
chr2	231708480	231708529	chr2_231708480_231708529	0.999748344177547
chr2	231781267	231781324	chr2_231781267_231781324	0.994702945287239
chr2	231786354	231786446	chr2_231786354_231786446	0.993632157450292
chr2	232550571	232550702	chr2_232550571_232550702	0.998344265484477
chr2	232697268	232697331	chr2_232697268_232697331	0.995433800014017
chr2	233060299	233060343	chr2_233060299_233060343	0.991371486362138
chr2	233251636	233251704	chr2_233251636_233251704	0.997821689871107
chr2	233354479	233354566	chr2_233354479_233354566	0.556371116351204
chr2	233566741	233566789	chr2_233566741_233566789	0.934861812227678
chr2	233854527	233854583	chr2_233854527_233854583	0.996039430432971
chr2	234497057	234497118	chr2_234497057_234497118	0.692452550807959
chr2	236569808	236569825	chr2_236569808_236569825	0.983218171650413
chr2	236582168	236582169	chr2_236582168_236582169	0.0460448439316987
chr2	237085845	237085915	chr2_237085845_237085915	0.973726253572789
chr2	237692147	237692155	chr2_237692147_237692155	0.652209911940419
chr2	237765062	237765063	chr2_237765062_237765063	0.0211815474955793
chr2	237966932	237967047	chr2_237966932_237967047	0.989369891467068
chr2	238030552	238030553	chr2_238030552_238030553	0.0404194824005741
chr2	238060953	238061091	chr2_238060953_238061091	0.996025882261838
chr2	238203631	238203761	chr2_238203631_238203761	0.974520995108068
chr2	238320467	238320572	chr2_238320467_238320572	0.89909700298961
chr2	238426887	238427062	chr2_238426887_238427062	0.994043284737548
chr2	240025330	240025419	chr2_240025330_240025419	0.975818485326183
chr2	240130934	240130954	chr2_240130934_240130954	0.384558716190223
chr2	240130983	240130996	chr2_240130983_240130996	0.305209062942621
chr2	240136284	240136343	chr2_240136284_240136343	0.978693416658448
chr2	240568408	240568513	chr2_240568408_240568513	0.751831497518765
chr2	240586693	240586755	chr2_240586693_240586755	0.995118469134101
chr2	241102286	241102342	chr2_241102286_241102342	0.981076335911905
chr2	241127710	241127744	chr2_241127710_241127744	0.949345761393435
chr2	241149445	241149504	chr2_241149445_241149504	0.996959029369835
chr2	241150412	241150490	chr2_241150412_241150490	0.998741483586933
chr2	241272829	241272836	chr2_241272829_241272836	0.794289244839361
chr2	241315193	241315225	chr2_241315193_241315225	0.995214976071023
chr2	241315251	241315356	chr2_241315251_241315356	0.998372210760054
chr2	241315388	241315418	chr2_241315388_241315418	0.988366742804557
chr2	241315662	241315672	chr2_241315662_241315672	0.988815146950069
chr2	241315701	241315847	chr2_241315701_241315847	0.999377541958024
chr2	241315885	241315935	chr2_241315885_241315935	0.994357061301256
chr2	241356241	241356335	chr2_241356241_241356335	0.993281191697544
chr2	241508581	241508693	chr2_241508581_241508693	0.997632840543337
chr2	241637064	241637203	chr2_241637064_241637203	0.919169953611319
chr2	241637228	241637333	chr2_241637228_241637333	0.934316049195495
chr2	241637606	241637697	chr2_241637606_241637697	0.986425357185146
chr2	241651005	241651006	chr2_241651005_241651006	0.0211815474955793
chr2	241655316	241655317	chr2_241655316_241655317	0.0487241470359462
chr2	241678515	241678520	chr2_241678515_241678520	0.175523689261927
chr2	241686795	241686868	chr2_241686795_241686868	0.991790285482124
chr2	241701985	241702068	chr2_241701985_241702068	0.970189701998428
chr2	241734572	241734636	chr2_241734572_241734636	0.941637352364287
chr3	3126900	3126953	chr3_3126900_3126953	0.987558591965117
chr3	3179688	3179727	chr3_3179688_3179727	0.979186851796651
chr3	4467250	4467289	chr3_4467250_4467289	0.979796883856835
chr3	4757900	4757942	chr3_4757900_4757942	0.929014222922357
chr3	4979408	4979470	chr3_4979408_4979470	0.944587439766317
chr3	5122195	5122323	chr3_5122195_5122323	0.993798260930713
chr3	5125421	5125453	chr3_5125421_5125453	0.301732879482585
chr3	5187590	5187735	chr3_5187590_5187735	0.998824552810129
chr3	5219083	5219119	chr3_5219083_5219119	0.268295527467277
chr3	8963416	8963505	chr3_8963416_8963505	0.995972066557313
chr3	9363021	9363084	chr3_9363021_9363084	0.996941537256114
chr3	9397436	9397513	chr3_9397436_9397513	0.991700887275287
chr3	9476184	9476191	chr3_9476184_9476191	0.172931072654849
chr3	9649422	9649514	chr3_9649422_9649514	0.998324913232867
chr3	9792432	9792492	chr3_9792432_9792492	0.990611398348982
chr3	9792472	9792571	chr3_9792472_9792571	0.996541745761954
chr3	9792603	9792791	chr3_9792603_9792791	0.997507590546815
chr3	9793011	9793097	chr3_9793011_9793097	0.998685183144558
chr3	9797656	9797657	chr3_9797656_9797657	0.0374503237119925
chr3	9806696	9806725	chr3_9806696_9806725	0.349666567297917
chr3	9807013	9807107	chr3_9807013_9807107	0.459260225137725
chr3	9843993	9844052	chr3_9843993_9844052	0.98702813981169
chr3	9890532	9890640	chr3_9890532_9890640	0.972693723443543
chr3	9933771	9933854	chr3_9933771_9933854	0.993820689488192
chr3	9945633	9945668	chr3_9945633_9945668	0.216650028661994
chr3	9952334	9952438	chr3_9952334_9952438	0.88838398252883
chr3	9986826	9986873	chr3_9986826_9986873	0.987450399517906
chr3	9986880	9986944	chr3_9986880_9986944	0.902926851113782
chr3	10026335	10026400	chr3_10026335_10026400	0.987235585913299
chr3	10026371	10026446	chr3_10026371_10026446	0.995703269908508
chr3	10115612	10115687	chr3_10115612_10115687	0.999428894036475
chr3	10141733	10141830	chr3_10141733_10141830	0.998066539610319
chr3	10144155	10144161	chr3_10144155_10144161	0.0891580421228182
chr3	10297552	10297636	chr3_10297552_10297636	0.40893343509794
chr3	10321079	10321080	chr3_10321079_10321080	0.517104648845487
chr3	10321110	10321228	chr3_10321110_10321228	0.996327284397243
chr3	11272297	11272407	chr3_11272297_11272407	0.997086283842259
chr3	11846800	11846925	chr3_11846800_11846925	0.987367472318142
chr3	12489778	12489779	chr3_12489778_12489779	0.0225100858229147
chr3	12557013	12557098	chr3_12557013_12557098	0.988450287996186
chr3	12664110	12664239	chr3_12664110_12664239	0.998316792695358
chr3	12841537	12841604	chr3_12841537_12841604	0.999143368915203
chr3	12899913	12899922	chr3_12899913_12899922	0.14053056586102
chr3	12909333	12909364	chr3_12909333_12909364	0.261082834056862
chr3	13319324	13319325	chr3_13319324_13319325	0.0294251035736829
chr3	13335484	13335505	chr3_13335484_13335505	0.249756944294054
chr3	13415546	13415552	chr3_13415546_13415552	0.118270083044379
chr3	13415582	13415591	chr3_13415582_13415591	0.225795535180712
chr3	13416827	13416830	chr3_13416827_13416830	0.0753025540517794
chr3	13420250	13420342	chr3_13420250_13420342	0.927382737448549
chr3	14124753	14124901	chr3_14124753_14124901	0.99723451802346
chr3	14124942	14125052	chr3_14124942_14125052	0.999672736220552
chr3	14158609	14158624	chr3_14158609_14158624	0.143900404273555
chr3	14178581	14178686	chr3_14178581_14178686	0.992146433808579
chr3	14178718	14178856	chr3_14178718_14178856	0.999689647374506
chr3	14198068	14198073	chr3_14198068_14198073	0.165651536174944
chr3	14198229	14198234	chr3_14198229_14198234	0.162230581082241
chr3	14651732	14651796	chr3_14651732_14651796	0.999193732495952
chr3	14947455	14947534	chr3_14947455_14947534	0.940105352357225
chr3	15065289	15065349	chr3_15065289_15065349	0.997828149183976
chr3	15206125	15206264	chr3_15206125_15206264	0.995747587187357
chr3	15332580	15332656	chr3_15332580_15332656	0.967552940468497
chr3	15427508	15427547	chr3_15427508_15427547	0.970747270272222
chr3	15427537	15427620	chr3_15427537_15427620	0.992475710549563
chr3	15601557	15601628	chr3_15601557_15601628	0.998841701371205
chr3	15859747	15859845	chr3_15859747_15859845	0.900083174233199
chr3	16264941	16265021	chr3_16264941_16265021	0.998137975346397
chr3	16265164	16265269	chr3_16265164_16265269	0.99600754626816
chr3	16513518	16513522	chr3_16513518_16513522	0.579032198155953
chr3	16513667	16513778	chr3_16513667_16513778	0.983478602731584
chr3	16884914	16884983	chr3_16884914_16884983	0.7248419263333
chr3	17742572	17742747	chr3_17742572_17742747	0.997905604462401
chr3	19947030	19947173	chr3_19947030_19947173	0.998307810792211
chr3	19947368	19947381	chr3_19947368_19947381	0.821788555956324
chr3	20186182	20186266	chr3_20186182_20186266	0.996422302867541
chr3	23499603	23499605	chr3_23499603_23499605	0.108263820996554
chr3	23917075	23917149	chr3_23917075_23917149	0.999856196631765
chr3	23945231	23945345	chr3_23945231_23945345	0.955244715741494
chr3	25664901	25664977	chr3_25664901_25664977	0.997941248795355
chr3	25783400	25783513	chr3_25783400_25783513	0.988828913815956
chr3	25790055	25790106	chr3_25790055_25790106	0.994683041588584
chr3	27484338	27484451	chr3_27484338_27484451	0.990706557401391
chr3	28241561	28241626	chr3_28241561_28241626	0.997774721084112
chr3	28348994	28349146	chr3_28348994_28349146	0.993070185983313
chr3	31532520	31532625	chr3_31532520_31532625	0.998622618025932
chr3	31532943	31532970	chr3_31532943_31532970	0.952326335453698
chr3	32391831	32391890	chr3_32391831_32391890	0.699772716614655
chr3	32482509	32482510	chr3_32482509_32482510	0.0446794161515675
chr3	32502809	32502882	chr3_32502809_32502882	0.98734160079317
chr3	32570776	32570900	chr3_32570776_32570900	0.99118930590982
chr3	32685106	32685220	chr3_32685106_32685220	0.998651450914284
chr3	33097117	33097232	chr3_33097117_33097232	0.982401806343879
chr3	33113856	33114013	chr3_33113856_33114013	0.762439075342945
chr3	33114040	33114062	chr3_33114040_33114062	0.332348378448057
chr3	33440342	33440436	chr3_33440342_33440436	0.993100679686678
chr3	33718211	33718260	chr3_33718211_33718260	0.946011300466857
chr3	33798557	33798635	chr3_33798557_33798635	0.998290615694457
chr3	33866443	33866445	chr3_33866443_33866445	0.066688125833491
chr3	36993080	36993230	chr3_36993080_36993230	0.999731921736723
chr3	36993433	36993533	chr3_36993433_36993533	0.999892376841429
chr3	37176296	37176371	chr3_37176296_37176371	0.991673506646131
chr3	37243168	37243288	chr3_37243168_37243288	0.997624013399585
chr3	38137091	38137252	chr3_38137091_38137252	0.999795659257071
chr3	38138583	38138679	chr3_38138583_38138679	0.988453815218781
chr3	38165484	38165598	chr3_38165484_38165598	0.996983981264375
chr3	38496326	38496508	chr3_38496326_38496508	0.988970775679978
chr3	39051983	39052018	chr3_39051983_39052018	0.996672768129787
chr3	39107606	39107660	chr3_39107606_39107660	0.9649300317035
chr3	39153557	39153656	chr3_39153557_39153656	0.982435180340283
chr3	39329700	39329771	chr3_39329700_39329771	0.84180409505227
chr3	39383308	39383402	chr3_39383308_39383402	0.993905595444802
chr3	39406685	39406763	chr3_39406685_39406763	0.998957577361959
chr3	39409158	39409171	chr3_39409158_39409171	0.709425378301155
chr3	39411514	39411520	chr3_39411514_39411520	0.39493795133893
chr3	40457266	40457338	chr3_40457266_40457338	0.999439614779429
chr3	40457887	40457888	chr3_40457887_40457888	0.314467071197793
chr3	41199401	41199508	chr3_41199401_41199508	0.996782965663782
chr3	41224996	41224998	chr3_41224996_41224998	0.0485211467164516
chr3	42013601	42013677	chr3_42013601_42013677	0.836306931116182
chr3	42210175	42210184	chr3_42210175_42210184	0.0991635435981255
chr3	42223152	42223169	chr3_42223152_42223169	0.136140289779969
chr3	42223746	42223751	chr3_42223746_42223751	0.0673147896207501
chr3	42581953	42582011	chr3_42581953_42582011	0.984916882145102
chr3	42590823	42590894	chr3_42590823_42590894	0.999620398296244
chr3	42600622	42600689	chr3_42600622_42600689	0.996591921529995
chr3	42804464	42804557	chr3_42804464_42804557	0.999532923669318
chr3	43286508	43286622	chr3_43286508_43286622	0.895822580845833
chr3	43621982	43622093	chr3_43621982_43622093	0.937582653704425
chr3	43627452	43627539	chr3_43627452_43627539	0.54108583930821
chr3	43690868	43690986	chr3_43690868_43690986	0.996670779620125
chr3	44338720	44338797	chr3_44338720_44338797	0.993790358047776
chr3	44625002	44625103	chr3_44625002_44625103	0.966639647243105
chr3	44648722	44648796	chr3_44648722_44648796	0.985051959105891
chr3	44761608	44761685	chr3_44761608_44761685	0.992269829847812
chr3	44761751	44761807	chr3_44761751_44761807	0.989411508762711
chr3	44976145	44976195	chr3_44976145_44976195	0.896349852468889
chr3	44976196	44976265	chr3_44976196_44976265	0.980956372483891
chr3	45388480	45388579	chr3_45388480_45388579	0.995320523831912
chr3	45548683	45548694	chr3_45548683_45548694	0.141533614421467
chr3	45677388	45677397	chr3_45677388_45677397	0.115623016442064
chr3	45689213	45689436	chr3_45689213_45689436	0.999622993606217
chr3	46976738	46976791	chr3_46976738_46976791	0.999355849396162
chr3	47009583	47009584	chr3_47009583_47009584	0.650018013033512
chr3	47124215	47124229	chr3_47124215_47124229	0.125862419939018
chr3	47282608	47282732	chr3_47282608_47282732	0.992226426111276
chr3	47282801	47282962	chr3_47282801_47282962	0.997311029233107
chr3	47344982	47345049	chr3_47344982_47345049	0.337301833127439
chr3	47475820	47475869	chr3_47475820_47475869	0.957657472852113
chr3	47475918	47476031	chr3_47475918_47476031	0.982434466968471
chr3	47513686	47513779	chr3_47513686_47513779	0.99871760830809
chr3	47588141	47588166	chr3_47588141_47588166	0.294946289968985
chr3	47781852	47781954	chr3_47781852_47781954	0.997582534284705
chr3	47803105	47803166	chr3_47803105_47803166	0.967053696851026
chr3	47825014	47825031	chr3_47825014_47825031	0.942457211751734
chr3	47852325	47852326	chr3_47852325_47852326	0.0258166542818977
chr3	47853195	47853215	chr3_47853195_47853215	0.28690054336431
chr3	48088846	48088987	chr3_48088846_48088987	0.996976999417914
chr3	48188373	48188457	chr3_48188373_48188457	0.994943895435426
chr3	48241033	48241107	chr3_48241033_48241107	0.997364569270813
chr3	48301345	48301461	chr3_48301345_48301461	0.986205993049264
chr3	48440056	48440156	chr3_48440056_48440156	0.99950902168906
chr3	48440193	48440276	chr3_48440193_48440276	0.999822486833711
chr3	48446708	48446816	chr3_48446708_48446816	0.988187370044852
chr3	48466216	48466281	chr3_48466216_48466281	0.995478699281744
chr3	48504153	48504250	chr3_48504153_48504250	0.922234026101449
chr3	48556798	48556870	chr3_48556798_48556870	0.98802408672753
chr3	48600750	48600751	chr3_48600750_48600751	0.149149195932046
chr3	48609633	48609745	chr3_48609633_48609745	0.999489477342059
chr3	48635440	48635535	chr3_48635440_48635535	0.997296910889402
chr3	48685873	48685940	chr3_48685873_48685940	0.927229227886083
chr3	48717185	48717306	chr3_48717185_48717306	0.998780736488736
chr3	48847660	48847904	chr3_48847660_48847904	0.985305014587658
chr3	48898851	48899015	chr3_48898851_48899015	0.993826654062461
chr3	48918788	48918865	chr3_48918788_48918865	0.999028650316803
chr3	48990217	48990250	chr3_48990217_48990250	0.725805353588899
chr3	49007274	49007425	chr3_49007274_49007425	0.999809586651386
chr3	49018556	49018599	chr3_49018556_49018599	0.939229709488121
chr3	49021587	49021726	chr3_49021587_49021726	0.995322201105016
chr3	49022097	49022131	chr3_49022097_49022131	0.981175217657955
chr3	49027772	49027773	chr3_49027772_49027773	0.0404194824005741
chr3	49029397	49029480	chr3_49029397_49029480	0.999236816865025
chr3	49094053	49094086	chr3_49094053_49094086	0.994557613766519
chr3	49104749	49104815	chr3_49104749_49104815	0.999108373989034
chr3	49120785	49120954	chr3_49120785_49120954	0.998516581238376
chr3	49340029	49340236	chr3_49340029_49340236	0.999701651919357
chr3	49358296	49358412	chr3_49358296_49358412	0.999076162323781
chr3	49411967	49412142	chr3_49411967_49412142	0.999911404619746
chr3	49412296	49412424	chr3_49412296_49412424	0.999528760451496
chr3	49429259	49429337	chr3_49429259_49429337	0.978704434377719
chr3	49673933	49674068	chr3_49673933_49674068	0.99950807604481
chr3	49674317	49674391	chr3_49674317_49674391	0.99654997033715
chr3	49689515	49689588	chr3_49689515_49689588	0.988025682750831
chr3	49723947	49724030	chr3_49723947_49724030	0.997998468979785
chr3	49786495	49786565	chr3_49786495_49786565	0.997473019349912
chr3	49813864	49813966	chr3_49813864_49813966	0.718031901740269
chr3	49856528	49856603	chr3_49856528_49856603	0.997771751819797
chr3	49929768	49929886	chr3_49929768_49929886	0.97460494083701
chr3	49940006	49940152	chr3_49940006_49940152	0.998908647734012
chr3	50088897	50088954	chr3_50088897_50088954	0.996099674615755
chr3	50236149	50236217	chr3_50236149_50236217	0.998655839533466
chr3	50292419	50292501	chr3_50292419_50292501	0.999354380268387
chr3	50321474	50321492	chr3_50321474_50321492	0.864922046406492
chr3	50328194	50328272	chr3_50328194_50328272	0.999388647163608
chr3	50340808	50341002	chr3_50340808_50341002	0.985691290980113
chr3	50350732	50350742	chr3_50350732_50350742	0.969786188231398
chr3	50350770	50350821	chr3_50350770_50350821	0.997672481153212
chr3	50350814	50350892	chr3_50350814_50350892	0.997643306763297
chr3	50359499	50359606	chr3_50359499_50359606	0.998946759845842
chr3	50617076	50617164	chr3_50617076_50617164	0.937912617606369
chr3	51385225	51385310	chr3_51385225_51385310	0.987982920359219
chr3	51391252	51391300	chr3_51391252_51391300	0.983823990321922
chr3	51538674	51538814	chr3_51538674_51538814	0.948492858183023
chr3	51667460	51667461	chr3_51667460_51667461	0.0211815474955793
chr3	51667678	51667737	chr3_51667678_51667737	0.539524006796642
chr3	51668467	51668515	chr3_51668467_51668515	0.26319726578551
chr3	51671140	51671258	chr3_51671140_51671258	0.997292955642521
chr3	51941886	51941998	chr3_51941886_51941998	0.999706747067608
chr3	51942269	51942401	chr3_51942269_51942401	0.995904317690276
chr3	51974017	51974077	chr3_51974017_51974077	0.950880203204618
chr3	51983139	51983502	chr3_51983139_51983502	0.99579909921896
chr3	51995469	51995470	chr3_51995469_51995470	0.740222239932423
chr3	51995892	51996021	chr3_51995892_51996021	0.999805345796286
chr3	52154393	52154448	chr3_52154393_52154448	0.971972666505169
chr3	52198060	52198162	chr3_52198060_52198162	0.99856371942821
chr3	52239088	52239209	chr3_52239088_52239209	0.997849423245403
chr3	52245696	52245803	chr3_52245696_52245803	0.93835894684249
chr3	52287795	52287859	chr3_52287795_52287859	0.986619082854229
chr3	52409997	52410040	chr3_52409997_52410040	0.991105468872015
chr3	52455483	52455630	chr3_52455483_52455630	0.960262306039924
chr3	52533761	52533861	chr3_52533761_52533861	0.90351525698544
chr3	52536579	52536707	chr3_52536579_52536707	0.999640830608307
chr3	52681845	52681894	chr3_52681845_52681894	0.298362654674426
chr3	52685635	52685736	chr3_52685635_52685736	0.9606930980633
chr3	52685773	52685978	chr3_52685773_52685978	0.996374758350732
chr3	52685965	52686033	chr3_52685965_52686033	0.999622250658261
chr3	52705768	52705830	chr3_52705768_52705830	0.917466139954007
chr3	52706070	52706117	chr3_52706070_52706117	0.994438103867868
chr3	52770891	52770951	chr3_52770891_52770951	0.955386643234132
chr3	52897545	52897605	chr3_52897545_52897605	0.971544670589834
chr3	53045961	53046084	chr3_53045961_53046084	0.911575960122017
chr3	53130421	53130496	chr3_53130421_53130496	0.998266956469861
chr3	53161168	53161217	chr3_53161168_53161217	0.991265231397887
chr3	53256017	53256088	chr3_53256017_53256088	0.990120347579726
chr3	53347500	53347610	chr3_53347500_53347610	0.996910102918173
chr3	53846386	53846491	chr3_53846386_53846491	0.907869569872651
chr3	53846505	53846597	chr3_53846505_53846597	0.704651806688957
chr3	53882133	53882207	chr3_53882133_53882207	0.988165587680647
chr3	53891813	53891815	chr3_53891813_53891815	0.940335983443618
chr3	53891846	53891910	chr3_53891846_53891910	0.999082003737956
chr3	56683204	56683305	chr3_56683204_56683305	0.952637738159048
chr3	56801921	56801968	chr3_56801921_56801968	0.924386772089912
chr3	56916359	56916481	chr3_56916359_56916481	0.969396307267422
chr3	57227705	57227817	chr3_57227705_57227817	0.989643700972018
chr3	57259024	57259025	chr3_57259024_57259025	0.0602361757613292
chr3	57556240	57556316	chr3_57556240_57556316	0.991750591325392
chr3	57557070	57557077	chr3_57557070_57557077	0.421101486259443
chr3	57597375	57597504	chr3_57597375_57597504	0.999263999922574
chr3	57756207	57756310	chr3_57756207_57756310	0.995933710934952
chr3	58172096	58172098	chr3_58172096_58172098	0.0361940481462795
chr3	58237490	58237579	chr3_58237490_58237579	0.936567511976968
chr3	58237772	58237864	chr3_58237772_58237864	0.87060420833418
chr3	58306227	58306286	chr3_58306227_58306286	0.997612721536759
chr3	58332862	58332937	chr3_58332862_58332937	0.842267465440124
chr3	58433819	58433898	chr3_58433819_58433898	0.997106684750656
chr3	58491982	58492136	chr3_58491982_58492136	0.958615333606969
chr3	60014148	60014164	chr3_60014148_60014164	0.137467008660982
chr3	63863800	63863965	chr3_63863800_63863965	0.921280305702917
chr3	63863999	63864131	chr3_63863999_63864131	0.572945749629348
chr3	64023460	64023555	chr3_64023460_64023555	0.995346152267226
chr3	66220984	66221032	chr3_66220984_66221032	0.990491553226391
chr3	66998274	66998353	chr3_66998274_66998353	0.98349332942526
chr3	67654591	67654681	chr3_67654591_67654681	0.962371508525108
chr3	68635679	68635694	chr3_68635679_68635694	0.180970099760448
chr3	69052272	69052382	chr3_69052272_69052382	0.999685936925028
chr3	69080358	69080419	chr3_69080358_69080419	0.989399776440045
chr3	69084885	69085024	chr3_69084885_69085024	0.99664225667632
chr3	72848412	72848482	chr3_72848412_72848482	0.997886350628385
chr3	72996747	72996822	chr3_72996747_72996822	0.99285005683935
chr3	75435022	75435166	chr3_75435022_75435166	0.932813209472034
chr3	78627458	78627480	chr3_78627458_78627480	0.16921302309298
chr3	81761642	81761649	chr3_81761642_81761649	0.971930589384459
chr3	81761675	81761837	chr3_81761675_81761837	0.990770946282887
chr3	87227245	87227329	chr3_87227245_87227329	0.987076337872396
chr3	88058973	88059031	chr3_88058973_88059031	0.989361180117186
chr3	88059196	88059314	chr3_88059196_88059314	0.991986110018336
chr3	88149645	88149781	chr3_88149645_88149781	0.986525166226842
chr3	88149870	88149988	chr3_88149870_88149988	0.985279585537159
chr3	94062978	94063085	chr3_94062978_94063085	0.988957282537838
chr3	97972411	97972481	chr3_97972411_97972481	0.900552207326989
chr3	98522878	98523043	chr3_98522878_98523043	0.998857261030596
chr3	98531885	98531937	chr3_98531885_98531937	0.986174783161019
chr3	98531969	98531978	chr3_98531969_98531978	0.869353794506672
chr3	98536584	98536602	chr3_98536584_98536602	0.986811469212844
chr3	98556266	98556291	chr3_98556266_98556291	0.986663602978557
chr3	98593609	98593676	chr3_98593609_98593676	0.994967310916528
chr3	98901672	98901743	chr3_98901672_98901743	0.965935475057027
chr3	99817821	99817911	chr3_99817821_99817911	0.964536755574737
chr3	100146967	100146970	chr3_100146967_100146970	0.0705294421048883
chr3	100260831	100261016	chr3_100260831_100261016	0.999896574048424
chr3	100334681	100334763	chr3_100334681_100334763	0.984351895592952
chr3	100401071	100401171	chr3_100401071_100401171	0.997628207227972
chr3	100401338	100401452	chr3_100401338_100401452	0.997364270090703
chr3	100709278	100709380	chr3_100709278_100709380	0.998346938702302
chr3	100709483	100709545	chr3_100709483_100709545	0.998061174064488
chr3	101561817	101561905	chr3_101561817_101561905	0.995045589442667
chr3	101574159	101574204	chr3_101574159_101574204	0.997058089059447
chr3	101677093	101677171	chr3_101677093_101677171	0.996894829380595
chr3	101686695	101686827	chr3_101686695_101686827	0.999875412372453
chr3	101779172	101779265	chr3_101779172_101779265	0.951141794055866
chr3	101849493	101849539	chr3_101849493_101849539	0.896802333002321
chr3	105366654	105366778	chr3_105366654_105366778	0.990213351392708
chr3	105868907	105869057	chr3_105868907_105869057	0.95224474319605
chr3	107522930	107522989	chr3_107522930_107522989	0.968672269833244
chr3	108091015	108091112	chr3_108091015_108091112	0.995532103771894
chr3	108222401	108222498	chr3_108222401_108222498	0.996165213357171
chr3	108589401	108589498	chr3_108589401_108589498	0.984607772324449
chr3	111978953	111979046	chr3_111978953_111979046	0.999176877398954
chr3	112133218	112133294	chr3_112133218_112133294	0.999214602193712
chr3	112333037	112333183	chr3_112333037_112333183	0.775352619468105
chr3	112362538	112362549	chr3_112362538_112362549	0.117292885910164
chr3	112499538	112499561	chr3_112499538_112499561	0.730078875858535
chr3	112499596	112499626	chr3_112499596_112499626	0.568056973543962
chr3	112561898	112561994	chr3_112561898_112561994	0.99863110625115
chr3	112561983	112562078	chr3_112561983_112562078	0.997501835847935
chr3	112990872	112990996	chr3_112990872_112990996	0.977264721987535
chr3	113019625	113019765	chr3_113019625_113019765	0.997065445170632
chr3	113515123	113515195	chr3_113515123_113515195	0.993718248358467
chr3	113746193	113746299	chr3_113746193_113746299	0.996540285360481
chr3	113746994	113747066	chr3_113746994_113747066	0.878070987174709
chr3	113838777	113838904	chr3_113838777_113838904	0.947347673809024
chr3	114056730	114056802	chr3_114056730_114056802	0.999214491013585
chr3	118810795	118810804	chr3_118810795_118810804	0.170452944741305
chr3	119240873	119241040	chr3_119240873_119241040	0.983816282446766
chr3	119294591	119294685	chr3_119294591_119294685	0.965169637408021
chr3	119463588	119463694	chr3_119463588_119463694	0.998689621316145
chr3	119468892	119469010	chr3_119468892_119469010	0.976436151049608
chr3	119498482	119498581	chr3_119498482_119498581	0.998999568925608
chr3	119527747	119527750	chr3_119527747_119527750	0.0735502732771553
chr3	119559608	119559675	chr3_119559608_119559675	0.967937842314249
chr3	119579403	119579696	chr3_119579403_119579696	0.976424931832238
chr3	119579733	119579777	chr3_119579733_119579777	0.970077120892615
chr3	119597832	119597904	chr3_119597832_119597904	0.867354594056293
chr3	119677376	119677475	chr3_119677376_119677475	0.999879454396941
chr3	120094373	120094514	chr3_120094373_120094514	0.989380330455369
chr3	120349301	120349423	chr3_120349301_120349423	0.996315151237677
chr3	120596221	120596350	chr3_120596221_120596350	0.999669095596844
chr3	120742511	120742547	chr3_120742511_120742547	0.998569731694166
chr3	120742656	120742771	chr3_120742656_120742771	0.999155015437767
chr3	121545980	121546022	chr3_121545980_121546022	0.989488121770611
chr3	121640801	121640891	chr3_121640801_121640891	0.393430497076808
chr3	121660901	121660953	chr3_121660901_121660953	0.996191591115868
chr3	121749737	121749785	chr3_121749737_121749785	0.999455835526279
chr3	121834988	121835006	chr3_121834988_121835006	0.939843552460998
chr3	121835035	121835099	chr3_121835035_121835099	0.981556127112918
chr3	121835164	121835238	chr3_121835164_121835238	0.998696045800862
chr3	122055327	122055365	chr3_122055327_122055365	0.945017618132378
chr3	122077839	122077877	chr3_122077839_122077877	0.774847175812312
chr3	122078403	122078435	chr3_122078403_122078435	0.519854629166692
chr3	122359776	122359780	chr3_122359776_122359780	0.100924076174677
chr3	122383206	122383255	chr3_122383206_122383255	0.965362488361745
chr3	122384131	122384230	chr3_122384131_122384230	0.9987493241623
chr3	122514914	122514993	chr3_122514914_122514993	0.995196799658697
chr3	122559709	122559710	chr3_122559709_122559710	0.0242978142820733
chr3	122564265	122564350	chr3_122564265_122564350	0.998126948097523
chr3	122564266	122564285	chr3_122564266_122564285	0.993223844168055
chr3	122564529	122564784	chr3_122564529_122564784	0.99159236848238
chr3	122577600	122577651	chr3_122577600_122577651	0.956975057551952
chr3	122680738	122680860	chr3_122680738_122680860	0.993953156141455
chr3	122793769	122793851	chr3_122793769_122793851	0.993094183284183
chr3	123066993	123067108	chr3_123066993_123067108	0.962128040048153
chr3	123201856	123201962	chr3_123201856_123201962	0.995906579635797
chr3	123961228	123961441	chr3_123961228_123961441	0.944562714847207
chr3	124730390	124730452	chr3_124730390_124730452	0.993392400039256
chr3	125083273	125083275	chr3_125083273_125083275	0.0440772653500408
chr3	125108125	125108196	chr3_125108125_125108196	0.899655133690755
chr3	125375234	125375372	chr3_125375234_125375372	0.995259048726154
chr3	125520181	125520290	chr3_125520181_125520290	0.998376248462533
chr3	125595281	125595599	chr3_125595281_125595599	0.996189461852675
chr3	126475875	126476032	chr3_126475875_126476032	0.994305908885862
chr3	126704195	126704284	chr3_126704195_126704284	0.968266227543283
chr3	127590719	127590779	chr3_127590719_127590779	0.997892419480062
chr3	127591011	127591121	chr3_127591011_127591121	0.986149221103465
chr3	127598187	127598280	chr3_127598187_127598280	0.994950233152672
chr3	127598308	127598432	chr3_127598308_127598432	0.999885216555416
chr3	127611484	127611555	chr3_127611484_127611555	0.368935196151906
chr3	127611600	127611617	chr3_127611600_127611617	0.161614185526037
chr3	127690047	127690104	chr3_127690047_127690104	0.283952047029164
chr3	127690222	127690245	chr3_127690222_127690245	0.297840269138023
chr3	127691500	127691502	chr3_127691500_127691502	0.0709035864911184
chr3	127823183	127823446	chr3_127823183_127823446	0.940173825263099
chr3	128052256	128052443	chr3_128052256_128052443	0.99830741791746
chr3	128067413	128067442	chr3_128067413_128067442	0.371499186906273
chr3	128069644	128069648	chr3_128069644_128069648	0.337143947435668
chr3	128123787	128123838	chr3_128123787_128123838	0.996596928431372
chr3	128153412	128153487	chr3_128153412_128153487	0.928635322543459
chr3	128650619	128650620	chr3_128650619_128650620	0.640657876257763
chr3	128650793	128650917	chr3_128650793_128650917	0.99942728187985
chr3	128726120	128726184	chr3_128726120_128726184	0.998978882887976
chr3	128879559	128879646	chr3_128879559_128879646	0.999292045026225
chr3	129121757	129121832	chr3_129121757_129121832	0.671413171853392
chr3	129161054	129161133	chr3_129161054_129161133	0.996753055128019
chr3	129168157	129168181	chr3_129168157_129168181	0.162007910957159
chr3	129169564	129169581	chr3_129169564_129169581	0.319674352943336
chr3	129183892	129184006	chr3_129183892_129184006	0.999548618204201
chr3	129249559	129249633	chr3_129249559_129249633	0.99898653599792
chr3	129249694	129249695	chr3_129249694_129249695	0.840905696277494
chr3	129278779	129278875	chr3_129278779_129278875	0.957637569786346
chr3	129316283	129316290	chr3_129316283_129316290	0.660959273407612
chr3	129399377	129399474	chr3_129399377_129399474	0.968919211146093
chr3	129439936	129439971	chr3_129439936_129439971	0.993895851412465
chr3	129440013	129440052	chr3_129440013_129440052	0.994361657718637
chr3	130850507	130850699	chr3_130850507_130850699	0.96926769502756
chr3	130893954	130894027	chr3_130893954_130894027	0.995693967211313
chr3	130894056	130894085	chr3_130894056_130894085	0.967771063035483
chr3	131026739	131026854	chr3_131026739_131026854	0.972209760577565
chr3	131502935	131503023	chr3_131502935_131503023	0.993999560334463
chr3	132660260	132660371	chr3_132660260_132660371	0.978077975626623
chr3	133573545	133573713	chr3_133573545_133573713	0.9995382947445
chr3	133580108	133580162	chr3_133580108_133580162	0.364139567028546
chr3	133589552	133589575	chr3_133589552_133589575	0.319377400036376
chr3	133661859	133661985	chr3_133661859_133661985	0.968589605093331
chr3	133805724	133805844	chr3_133805724_133805844	0.997978723993926
chr3	134250813	134250931	chr3_134250813_134250931	0.925011475759325
chr3	134485702	134485785	chr3_134485702_134485785	0.998416262134468
chr3	134485981	134486054	chr3_134485981_134486054	0.997204295435559
chr3	134795256	134795320	chr3_134795256_134795320	0.994151817166306
chr3	134805860	134805863	chr3_134805860_134805863	0.0418728521545077
chr3	136250307	136250370	chr3_136250307_136250370	0.99552363321488
chr3	136327174	136327175	chr3_136327174_136327175	0.0587458155302691
chr3	136752334	136752458	chr3_136752334_136752458	0.997982565131699
chr3	136862146	136862267	chr3_136862146_136862267	0.994894164870543
chr3	138174887	138174956	chr3_138174887_138174956	0.970484283897328
chr3	138187266	138187356	chr3_138187266_138187356	0.950461289345486
chr3	138187517	138187538	chr3_138187517_138187538	0.903762000119542
chr3	138608654	138608800	chr3_138608654_138608800	0.962209122469243
chr3	138834883	138834968	chr3_138834883_138834968	0.813065063331231
chr3	139343979	139344020	chr3_139343979_139344020	0.991469847271787
chr3	139389636	139389751	chr3_139389636_139389751	0.999737118293419
chr3	140941778	140941872	chr3_140941778_140941872	0.998615177770556
chr3	141402298	141402376	chr3_141402298_141402376	0.872528097124749
chr3	141486960	141487074	chr3_141486960_141487074	0.89804285663505
chr3	141738181	141738325	chr3_141738181_141738325	0.99841293211903
chr3	141876499	141876644	chr3_141876499_141876644	0.99366825372018
chr3	142028602	142028649	chr3_142028602_142028649	0.987875528548424
chr3	142149482	142149567	chr3_142149482_142149567	0.91570306605277
chr3	142447986	142448073	chr3_142447986_142448073	0.955671657972561
chr3	142547879	142547912	chr3_142547879_142547912	0.244956290007876
chr3	142578696	142578893	chr3_142578696_142578893	0.994939529675253
chr3	143001507	143001636	chr3_143001507_143001636	0.998868909344845
chr3	143012260	143012264	chr3_143012260_143012264	0.102933857369912
chr3	143022888	143022892	chr3_143022888_143022892	0.085179217087972
chr3	143119753	143119844	chr3_143119753_143119844	0.913311348076078
chr3	143848422	143848500	chr3_143848422_143848500	0.875766097332531
chr3	143972066	143972094	chr3_143972066_143972094	0.973296922834863
chr3	146544552	146544555	chr3_146544552_146544555	0.814209321625389
chr3	146544703	146544791	chr3_146544703_146544791	0.990307903326928
chr3	148991292	148991541	chr3_148991292_148991541	0.980435096064811
chr3	149086498	149086574	chr3_149086498_149086574	0.998657686734218
chr3	149129596	149129688	chr3_149129596_149129688	0.994302817444747
chr3	149658003	149658078	chr3_149658003_149658078	0.978235219744311
chr3	149752466	149752525	chr3_149752466_149752525	0.963903951235155
chr3	149813194	149813245	chr3_149813194_149813245	0.991504958053921
chr3	149970893	149970964	chr3_149970893_149970964	0.676693950855676
chr3	150410308	150410313	chr3_150410308_150410313	0.10747830016466
chr3	150546439	150546446	chr3_150546439_150546446	0.974624168253904
chr3	150546493	150546644	chr3_150546493_150546644	0.99968159800321
chr3	150546644	150546795	chr3_150546644_150546795	0.99972772444807
chr3	150546940	150546962	chr3_150546940_150546962	0.908264350624111
chr3	150603253	150603327	chr3_150603253_150603327	0.99932382580177
chr3	150763145	150763220	chr3_150763145_150763220	0.99495871157592
chr3	150763428	150763511	chr3_150763428_150763511	0.989171169593166
chr3	152268847	152268932	chr3_152268847_152268932	0.98324718954282
chr3	153162148	153162240	chr3_153162148_153162240	0.97002370768264
chr3	153164342	153164364	chr3_153164342_153164364	0.243108932481964
chr3	154324460	154324499	chr3_154324460_154324499	0.985246903081117
chr3	155854216	155854220	chr3_155854216_155854220	0.616043593537833
chr3	155854395	155854469	chr3_155854395_155854469	0.998565898335761
chr3	155870475	155870670	chr3_155870475_155870670	0.998019911855989
chr3	156540890	156540895	chr3_156540890_156540895	0.138034867292603
chr3	156555106	156555198	chr3_156555106_156555198	0.999069914361604
chr3	157160117	157160234	chr3_157160117_157160234	0.998314993561286
chr3	158110053	158110146	chr3_158110053_158110146	0.99196145251502
chr3	158644490	158644573	chr3_158644490_158644573	0.997779142398938
chr3	158802002	158802104	chr3_158802002_158802104	0.994454459863529
chr3	160399604	160399669	chr3_160399604_160399669	0.987751300326911
chr3	160449696	160449839	chr3_160449696_160449839	0.997966959952158
chr3	160565529	160565542	chr3_160565529_160565542	0.910946937139788
chr3	160565568	160565621	chr3_160565568_160565621	0.996231312176582
chr3	161221252	161221320	chr3_161221252_161221320	0.99568732159223
chr3	161429585	161429615	chr3_161429585_161429615	0.221497746010438
chr3	167734866	167734952	chr3_167734866_167734952	0.999237200691423
chr3	168095872	168095981	chr3_168095872_168095981	0.996743454641432
chr3	169483823	169483833	chr3_169483823_169483833	0.093019950772387
chr3	169773371	169773404	chr3_169773371_169773404	0.9856287367733
chr3	169966777	169966811	chr3_169966777_169966811	0.994704103478108
chr3	170222335	170222486	chr3_170222335_170222486	0.985254897142328
chr3	170357636	170357783	chr3_170357636_170357783	0.988556646274233
chr3	170866383	170866386	chr3_170866383_170866386	0.497502951672656
chr3	170870194	170870237	chr3_170870194_170870237	0.998661294394676
chr3	171460372	171460469	chr3_171460372_171460469	0.993483495042396
chr3	171810423	171810521	chr3_171810423_171810521	0.863093211706402
chr3	172039547	172039650	chr3_172039547_172039650	0.975893598630584
chr3	175274191	175274210	chr3_175274191_175274210	0.985090322767579
chr3	177197144	177197406	chr3_177197144_177197406	0.888604034770429
chr3	179024830	179024865	chr3_179024830_179024865	0.209503982884186
chr3	179067556	179067585	chr3_179067556_179067585	0.493482707245146
chr3	179071728	179071827	chr3_179071728_179071827	0.993127250347902
chr3	179148302	179148428	chr3_179148302_179148428	0.893523361192336
chr3	179261389	179261480	chr3_179261389_179261480	0.886716089914254
chr3	179322854	179323055	chr3_179322854_179323055	0.988796673449105
chr3	179347687	179347760	chr3_179347687_179347760	0.99490841287271
chr3	179386532	179386536	chr3_179386532_179386536	0.125337320125149
chr3	179562880	179562964	chr3_179562880_179562964	0.99935439327499
chr3	179588955	179588976	chr3_179588955_179588976	0.213503134131565
chr3	179604633	179604678	chr3_179604633_179604678	0.996505925212535
chr3	179604776	179604810	chr3_179604776_179604810	0.995033566066398
chr3	179652924	179653114	chr3_179652924_179653114	0.834731115928516
chr3	180602109	180602208	chr3_180602109_180602208	0.998402971487856
chr3	180912641	180912677	chr3_180912641_180912677	0.975952092189278
chr3	180989704	180989816	chr3_180989704_180989816	0.998217158767253
chr3	182793441	182793504	chr3_182793441_182793504	0.899203242937173
chr3	182980507	182980620	chr3_182980507_182980620	0.946093055678988
chr3	183099494	183099619	chr3_183099494_183099619	0.999686625482916
chr3	183152503	183152504	chr3_183152503_183152504	0.0242978142820733
chr3	183162731	183162786	chr3_183162731_183162786	0.935507278311555
chr3	183555652	183555718	chr3_183555652_183555718	0.92816383889049
chr3	183884850	183884932	chr3_183884850_183884932	0.998282228379574
chr3	184017880	184017974	chr3_184017880_184017974	0.939996803779707
chr3	184135265	184135379	chr3_184135265_184135379	0.999632300299167
chr3	184155300	184155377	chr3_184155300_184155377	0.878383583258495
chr3	184174783	184174897	chr3_184174783_184174897	0.999493742447331
chr3	184186064	184186201	chr3_184186064_184186201	0.999695249449894
chr3	184248944	184248996	chr3_184248944_184248996	0.952388115401688
chr3	184249625	184249765	chr3_184249625_184249765	0.996093684587319
chr3	184299130	184299255	chr3_184299130_184299255	0.999112796608893
chr3	184314504	184314606	chr3_184314504_184314606	0.997187878410852
chr3	184361661	184361958	chr3_184361661_184361958	0.915540121310913
chr3	184363320	184363402	chr3_184363320_184363402	0.998627184586918
chr3	184711992	184712128	chr3_184711992_184712128	0.981411572289166
chr3	184812109	184812197	chr3_184812109_184812197	0.995018835284343
chr3	185282923	185282998	chr3_185282923_185282998	0.993994727811117
chr3	185498968	185499063	chr3_185498968_185499063	0.973067717651309
chr3	185552519	185552619	chr3_185552519_185552619	0.996750230037214
chr3	185586189	185586324	chr3_185586189_185586324	0.998832103350908
chr3	185931852	185931853	chr3_185931852_185931853	0.1129903648559
chr3	185937943	185937946	chr3_185937943_185937946	0.961067066779023
chr3	185937980	185938143	chr3_185937980_185938143	0.999628778848249
chr3	186567315	186567378	chr3_186567315_186567378	0.978400026277642
chr3	186570596	186570733	chr3_186570596_186570733	0.999260972056135
chr3	186783518	186783578	chr3_186783518_186783578	0.989971643821692
chr3	186806459	186806526	chr3_186806459_186806526	0.987703228044686
chr3	187021853	187021855	chr3_187021853_187021855	0.963770285605404
chr3	187076646	187076650	chr3_187076646_187076650	0.0749534742446137
chr3	187077903	187077909	chr3_187077903_187077909	0.169327752997124
chr3	190120894	190120897	chr3_190120894_190120897	0.122464132069
chr3	191329197	191329439	chr3_191329197_191329439	0.985737529209514
chr3	192917828	192917912	chr3_192917828_192917912	0.893335269197492
chr3	193593105	193593247	chr3_193593105_193593247	0.999538867570292
chr3	194486788	194486848	chr3_194486788_194486848	0.831677342068888
chr3	194672179	194672248	chr3_194672179_194672248	0.984693530565389
chr3	195442970	195443131	chr3_195442970_195443131	0.998850698854568
chr3	195543318	195543385	chr3_195543318_195543385	0.988259254534792
chr3	195658010	195658071	chr3_195658010_195658071	0.932196963177944
chr3	195990237	195990332	chr3_195990237_195990332	0.782578524719919
chr3	196082087	196082169	chr3_196082087_196082169	0.999682316531698
chr3	196238485	196238490	chr3_196238485_196238490	0.150789823872498
chr3	196287624	196287765	chr3_196287624_196287765	0.994346720001645
chr3	196432380	196432475	chr3_196432380_196432475	0.947795322147816
chr3	196487556	196487581	chr3_196487556_196487581	0.234998033446337
chr3	196503574	196503862	chr3_196503574_196503862	0.998529626551227
chr3	196568613	196568673	chr3_196568613_196568673	0.993772497029831
chr3	196639687	196639828	chr3_196639687_196639828	0.983639942103772
chr3	196712288	196712380	chr3_196712288_196712380	0.981479640347523
chr3	196739762	196739948	chr3_196739762_196739948	0.991764963975247
chr3	196867832	196867937	chr3_196867832_196867937	0.991297626415525
chr3	196934298	196934331	chr3_196934298_196934331	0.360647332483748
chr3	196942525	196942589	chr3_196942525_196942589	0.999482016208668
chr3	196942616	196942677	chr3_196942616_196942677	0.998685468639734
chr3	197001844	197001862	chr3_197001844_197001862	0.281008110085793
chr3	197029778	197029878	chr3_197029778_197029878	0.972247332777083
chr3	197298570	197298665	chr3_197298570_197298665	0.985972760384524
chr3	197555954	197556010	chr3_197555954_197556010	0.915866111961169
chr3	197672082	197672089	chr3_197672082_197672089	0.125903212920719
chr3	197672881	197672885	chr3_197672881_197672885	0.0461973275927532
chr3	197673660	197673666	chr3_197673660_197673666	0.296589254644279
chr3	197673676	197673684	chr3_197673676_197673684	0.0988198201583453
chr3	197673707	197673744	chr3_197673707_197673744	0.62111761451435
chr3	197701903	197701944	chr3_197701903_197701944	0.287672734323566
chr3	197749750	197749931	chr3_197749750_197749931	0.996549927940475
chr3	197791224	197791270	chr3_197791224_197791270	0.849127183467521
chr3	197950135	197950193	chr3_197950135_197950193	0.998047865046768
chr3	197953449	197953453	chr3_197953449_197953453	0.100658027232753
chr3	197954052	197954053	chr3_197954052_197954053	0.194387699300779
