chr2	264805	264948	chr2_264805_264948	0.999984699949086
chr2	677386	677463	chr2_677386_677463	0.999928323346514
chr2	3377815	3377909	chr2_3377815_3377909	0.999956312935644
chr2	3379659	3379723	chr2_3379659_3379723	0.999731905257764
chr2	3519526	3519610	chr2_3519526_3519610	0.999547208656296
chr2	3558299	3558393	chr2_3558299_3558393	0.999982130928701
chr2	3558409	3558719	chr2_3558409_3558719	0.999984726003666
chr2	3575209	3575305	chr2_3575209_3575305	0.99999594199743
chr2	6917403	6917588	chr2_6917403_6917588	0.9661932201802
chr2	8682016	8682056	chr2_8682016_8682056	0.999536443264118
chr2	8837571	8837648	chr2_8837571_8837648	0.998059931856523
chr2	9003664	9003897	chr2_9003664_9003897	0.999727584023277
chr2	9423464	9423628	chr2_9423464_9423628	0.999993804670114
chr2	9423535	9423658	chr2_9423535_9423658	0.999994582368347
chr2	9489748	9489749	chr2_9489748_9489749	0.0053873570987859
chr2	9555752	9555896	chr2_9555752_9555896	0.999758610801315
chr2	9630968	9631095	chr2_9630968_9631095	0.999991981062718
chr2	9843350	9843500	chr2_9843350_9843500	0.999972397401335
chr2	10122653	10122741	chr2_10122653_10122741	0.999991789489741
chr2	10302829	10302918	chr2_10302829_10302918	0.998676994764142
chr2	10448325	10448328	chr2_10448325_10448328	0.999686671784304
chr2	10448424	10448450	chr2_10448424_10448450	0.99947123837829
chr2	10689934	10689997	chr2_10689934_10689997	0.999336975409954
chr2	10812782	10812859	chr2_10812782_10812859	0.999971986138232
chr2	11155364	11155478	chr2_11155364_11155478	0.995072529422903
chr2	11466109	11466192	chr2_11466109_11466192	0.999108437825145
chr2	11746583	11746640	chr2_11746583_11746640	0.998041717642833
chr2	12716860	12717050	chr2_12716860_12717050	0.99898513447601
chr2	15561282	15561359	chr2_15561282_15561359	0.999216543548609
chr2	15591641	15591703	chr2_15591641_15591703	0.996196188795137
chr2	15591728	15591907	chr2_15591728_15591907	0.999905792842514
chr2	17753777	17753842	chr2_17753777_17753842	0.998867878121669
chr2	17754099	17754180	chr2_17754099_17754180	0.999182351907869
chr2	18560641	18560729	chr2_18560641_18560729	0.999764604182711
chr2	19901629	19901696	chr2_19901629_19901696	0.999416814666116
chr2	19901923	19901983	chr2_19901923_19901983	0.999271585727412
chr2	19990059	19990190	chr2_19990059_19990190	0.997716758031579
chr2	20051618	20051712	chr2_20051618_20051712	0.999984612973769
chr2	20823072	20823134	chr2_20823072_20823134	0.999741782885395
chr2	23927040	23927215	chr2_23927040_23927215	0.999879372865635
chr2	23940396	23940467	chr2_23940396_23940467	0.99874417903026
chr2	24010052	24010092	chr2_24010052_24010092	0.717604561378162
chr2	24047350	24047426	chr2_24047350_24047426	0.999701741791377
chr2	24076322	24076495	chr2_24076322_24076495	0.999997604436419
chr2	24360513	24360557	chr2_24360513_24360557	0.947157728151928
chr2	24793343	24793391	chr2_24793343_24793391	0.999951981163144
chr2	24793381	24793489	chr2_24793381_24793489	0.999956692850977
chr2	26034018	26034117	chr2_26034018_26034117	0.99999547868439
chr2	26244601	26244640	chr2_26244601_26244640	0.999436896228257
chr2	26244669	26244901	chr2_26244669_26244901	0.999888134461479
chr2	26244730	26244841	chr2_26244730_26244841	0.999524632539009
chr2	26244875	26244964	chr2_26244875_26244964	0.999795228604979
chr2	26764238	26764336	chr2_26764238_26764336	0.99662889795165
chr2	26779813	26779817	chr2_26779813_26779817	0.0334069855329329
chr2	26779814	26779815	chr2_26779814_26779815	0.0110117609663319
chr2	26781133	26781156	chr2_26781133_26781156	0.19019530044249
chr2	26781216	26781236	chr2_26781216_26781236	0.0806218727678243
chr2	26786011	26786057	chr2_26786011_26786057	0.999948646977897
chr2	26970589	26970662	chr2_26970589_26970662	0.995214120225565
chr2	27032894	27033004	chr2_27032894_27033004	0.999079057773066
chr2	27051633	27051689	chr2_27051633_27051689	0.999408929847506
chr2	27071642	27071744	chr2_27071642_27071744	0.999968109879267
chr2	27086717	27086783	chr2_27086717_27086783	0.998754542574187
chr2	27134616	27134706	chr2_27134616_27134706	0.999972962262531
chr2	27211975	27212087	chr2_27211975_27212087	0.995850540560006
chr2	27212238	27212311	chr2_27212238_27212311	0.998856451921941
chr2	27212324	27212361	chr2_27212324_27212361	0.999049290672022
chr2	27217342	27217500	chr2_27217342_27217500	0.999771177147785
chr2	27322524	27322525	chr2_27322524_27322525	0.0161915021075604
chr2	27323067	27323117	chr2_27323067_27323117	0.999891580300858
chr2	27356736	27356807	chr2_27356736_27356807	0.999964895401385
chr2	27370323	27370485	chr2_27370323_27370485	0.999992146945407
chr2	27370480	27370621	chr2_27370480_27370621	0.999994915534516
chr2	27409549	27409709	chr2_27409549_27409709	0.999988655347563
chr2	27428585	27428632	chr2_27428585_27428632	0.999927579535596
chr2	27582957	27583082	chr2_27582957_27583082	0.999968760984557
chr2	27628949	27629025	chr2_27628949_27629025	0.996756346302907
chr2	27628953	27629051	chr2_27628953_27629051	0.998977713283672
chr2	27663608	27663665	chr2_27663608_27663665	0.997856409431563
chr2	27663879	27663890	chr2_27663879_27663890	0.954754080731349
chr2	27771683	27771744	chr2_27771683_27771744	0.999831896541504
chr2	27890669	27890777	chr2_27890669_27890777	0.99930088257069
chr2	28751669	28751761	chr2_28751669_28751761	0.999902973896372
chr2	28800221	28800226	chr2_28800221_28800226	0.038255159274297
chr2	28801033	28801046	chr2_28801033_28801046	0.0847414314933838
chr2	28801652	28801659	chr2_28801652_28801659	0.0309117345226028
chr2	28802778	28802810	chr2_28802778_28802810	0.123546195224981
chr2	28802929	28802947	chr2_28802929_28802947	0.0769744184971172
chr2	28870276	28870337	chr2_28870276_28870337	0.999945835638857
chr2	28894614	28894691	chr2_28894614_28894691	0.999966923295629
chr2	28947863	28947867	chr2_28947863_28947867	0.0214155065309583
chr2	28948211	28948221	chr2_28948211_28948221	0.0703705720409463
chr2	30146890	30146971	chr2_30146890_30146971	0.999872849839054
chr2	30231510	30231537	chr2_30231510_30231537	0.986835249513401
chr2	30447209	30447312	chr2_30447209_30447312	0.999093601820301
chr2	30641886	30641896	chr2_30641886_30641896	0.0407613364553269
chr2	30643630	30643695	chr2_30643630_30643695	0.243159901919941
chr2	30644192	30644225	chr2_30644192_30644225	0.180950438325099
chr2	32010259	32010419	chr2_32010259_32010419	0.771958594978859
chr2	32039787	32039836	chr2_32039787_32039836	0.999913917094708
chr2	32165832	32165886	chr2_32165832_32165886	0.999940881969265
chr2	32277837	32277921	chr2_32277837_32277921	0.999824162128121
chr2	32628006	32628114	chr2_32628006_32628114	0.999984167053425
chr2	33599224	33599351	chr2_33599224_33599351	0.999979407274473
chr2	36966510	36966644	chr2_36966510_36966644	0.999848615730918
chr2	37084440	37084552	chr2_37084440_37084552	0.999937317366973
chr2	37156948	37157047	chr2_37156948_37157047	0.990353197730188
chr2	37196459	37196501	chr2_37196459_37196501	0.995189091205627
chr2	37231572	37231630	chr2_37231572_37231630	0.999682547954777
chr2	37231626	37231696	chr2_37231626_37231696	0.999617565428269
chr2	37324764	37324833	chr2_37324764_37324833	0.994859917868394
chr2	38377267	38377292	chr2_38377267_38377292	0.999376909896527
chr2	38481772	38481828	chr2_38481772_38481828	0.373223521323016
chr2	38602892	38603070	chr2_38602892_38603070	0.999991839807058
chr2	38666057	38666117	chr2_38666057_38666117	0.997026486154949
chr2	38751356	38751499	chr2_38751356_38751499	0.999996875256159
chr2	38778176	38778231	chr2_38778176_38778231	0.998986009660062
chr2	38875956	38876068	chr2_38875956_38876068	0.99842098118303
chr2	39779205	39779278	chr2_39779205_39779278	0.998399999556961
chr2	42169273	42169376	chr2_42169273_42169376	0.998519788837757
chr2	42361207	42361272	chr2_42361207_42361272	0.999696549148989
chr2	42568609	42568742	chr2_42568609_42568742	0.99107211582041
chr2	43222400	43222433	chr2_43222400_43222433	0.344269736888401
chr2	43223990	43223991	chr2_43223990_43223991	0.0232747281213384
chr2	43226602	43226692	chr2_43226602_43226692	0.999916454333519
chr2	43595990	43596069	chr2_43595990_43596069	0.999936817458082
chr2	43774009	43774123	chr2_43774009_43774123	0.999654644931578
chr2	43995985	43996038	chr2_43995985_43996038	0.998595565981202
chr2	44168826	44168891	chr2_44168826_44168891	0.999814398424782
chr2	44361489	44361599	chr2_44361489_44361599	0.999409419373838
chr2	45611240	45611295	chr2_45611240_45611295	0.999932959820975
chr2	46617025	46617122	chr2_46617025_46617122	0.999981475897135
chr2	46617164	46617263	chr2_46617164_46617263	0.999798454384723
chr2	46915783	46915842	chr2_46915783_46915842	0.988816430080586
chr2	47160162	47160178	chr2_47160162_47160178	0.0710902882131858
chr2	47176508	47176581	chr2_47176508_47176581	0.999992847020475
chr2	47369107	47369280	chr2_47369107_47369280	0.988055940220672
chr2	47369307	47369314	chr2_47369307_47369314	0.311157679331795
chr2	47403027	47403166	chr2_47403027_47403166	0.99997414138464
chr2	47783042	47783183	chr2_47783042_47783183	0.999833074851729
chr2	48314621	48314734	chr2_48314621_48314734	0.999817809275979
chr2	53767755	53767898	chr2_53767755_53767898	0.999664921764629
chr2	53786933	53787035	chr2_53786933_53787035	0.999681361479245
chr2	53787004	53787063	chr2_53787004_53787063	0.999482734632878
chr2	55050494	55050575	chr2_55050494_55050575	0.999988168803215
chr2	55232363	55232414	chr2_55232363_55232414	0.999066332249409
chr2	55232601	55232688	chr2_55232601_55232688	0.999975162997848
chr2	55246456	55246457	chr2_55246456_55246457	0.00833657025966166
chr2	55269190	55269293	chr2_55269190_55269293	0.99996805279966
chr2	55419823	55419944	chr2_55419823_55419944	0.999900363321421
chr2	55519557	55519717	chr2_55519557_55519717	0.999977154817983
chr2	55617598	55617818	chr2_55617598_55617818	0.999994113307654
chr2	55693831	55693896	chr2_55693831_55693896	0.999955243633634
chr2	58046620	58046732	chr2_58046620_58046732	0.999796549768487
chr2	58046763	58046821	chr2_58046763_58046821	0.999105916805059
chr2	58159541	58159546	chr2_58159541_58159546	0.0195941830145244
chr2	58241322	58241406	chr2_58241322_58241406	0.999861801768406
chr2	60756230	60756317	chr2_60756230_60756317	0.99967030823887
chr2	60881472	60881679	chr2_60881472_60881679	0.999764463243628
chr2	61017678	61017736	chr2_61017678_61017736	0.996383645502125
chr2	61065866	61065979	chr2_61065866_61065979	0.996915687475419
chr2	61470672	61470782	chr2_61470672_61470782	0.999451398162354
chr2	61483089	61483090	chr2_61483089_61483090	0.00547714323449895
chr2	61888612	61888701	chr2_61888612_61888701	0.999894363174531
chr2	61905637	61905675	chr2_61905637_61905675	0.986985811243483
chr2	62196051	62196127	chr2_62196051_62196127	0.997978336700111
chr2	62224727	62224731	chr2_62224727_62224731	0.0142486092424987
chr2	63588729	63588973	chr2_63588729_63588973	0.999996072608661
chr2	63840936	63841014	chr2_63840936_63841014	0.999939588136734
chr2	64524288	64524454	chr2_64524288_64524454	0.999838492279704
chr2	64989300	64989399	chr2_64989300_64989399	0.999579794271135
chr2	65056347	65056449	chr2_65056347_65056449	0.999841101148198
chr2	65130096	65130202	chr2_65130096_65130202	0.999985455587422
chr2	65204972	65205008	chr2_65204972_65205008	0.354969416438395
chr2	65227710	65227832	chr2_65227710_65227832	0.999969866946053
chr2	66435742	66435744	chr2_66435742_66435744	0.0285263447204244
chr2	68062988	68063033	chr2_68062988_68063033	0.99986727624319
chr2	68157478	68157589	chr2_68157478_68157589	0.998418394717701
chr2	68157825	68157917	chr2_68157825_68157917	0.999953936658758
chr2	68774902	68774937	chr2_68774902_68774937	0.970207366629985
chr2	69387212	69387298	chr2_69387212_69387298	0.999826168242108
chr2	69437398	69437506	chr2_69437398_69437506	0.999883378091359
chr2	69742056	69742134	chr2_69742056_69742134	0.99397444660187
chr2	69829609	69829696	chr2_69829609_69829696	0.999968406211853
chr2	69893942	69893967	chr2_69893942_69893967	0.998113640961534
chr2	70087422	70087482	chr2_70087422_70087482	0.999871139872782
chr2	70088673	70088674	chr2_70088673_70088674	0.02405531874908
chr2	70089162	70089203	chr2_70089162_70089203	0.568214089758953
chr2	70248575	70248589	chr2_70248575_70248589	0.997255521125283
chr2	70248614	70248793	chr2_70248614_70248793	0.999995581229452
chr2	70258067	70258147	chr2_70258067_70258147	0.99822334585649
chr2	70293712	70293771	chr2_70293712_70293771	0.999992557912505
chr2	70302022	70302030	chr2_70302022_70302030	0.975830298896026
chr2	70302057	70302134	chr2_70302057_70302134	0.999631563531422
chr2	70768179	70768323	chr2_70768179_70768323	0.987915113991367
chr2	70994827	70994909	chr2_70994827_70994909	0.998074479185276
chr2	71068554	71068649	chr2_71068554_71068649	0.999855485088039
chr2	71130223	71130298	chr2_71130223_71130298	0.998583543188102
chr2	71130295	71130389	chr2_71130295_71130389	0.989018323378668
chr2	71130522	71130639	chr2_71130522_71130639	0.999940038031134
chr2	71331686	71331794	chr2_71331686_71331794	0.999917545704923
chr2	72887346	72887420	chr2_72887346_72887420	0.99762668663172
chr2	73071706	73071777	chr2_73071706_73071777	0.999024338257105
chr2	73214212	73214336	chr2_73214212_73214336	0.999818409443829
chr2	73233208	73233317	chr2_73233208_73233317	0.999973655542538
chr2	73234229	73234326	chr2_73234229_73234326	0.999948201525025
chr2	73734588	73734592	chr2_73734588_73734592	0.0233176619086854
chr2	73737327	73737450	chr2_73737327_73737450	0.999981457382564
chr2	73780099	73780169	chr2_73780099_73780169	0.999926174535852
chr2	73828917	73828989	chr2_73828917_73828989	0.999895715172835
chr2	73830841	73830842	chr2_73830841_73830842	0.00648809371838081
chr2	73926796	73926894	chr2_73926796_73926894	0.999995442401493
chr2	73981381	73981448	chr2_73981381_73981448	0.996331963603725
chr2	74147880	74147990	chr2_74147880_74147990	0.999856431482916
chr2	74147969	74148170	chr2_74147969_74148170	0.999841113920987
chr2	74152592	74152611	chr2_74152592_74152611	0.0794663676197968
chr2	74178841	74178917	chr2_74178841_74178917	0.99997595849152
chr2	74198513	74198616	chr2_74198513_74198616	0.999981191093102
chr2	74214040	74214054	chr2_74214040_74214054	0.0590395871933534
chr2	74391844	74391900	chr2_74391844_74391900	0.977570512973706
chr2	74421697	74421747	chr2_74421697_74421747	0.994735191505204
chr2	74472650	74472699	chr2_74472650_74472699	0.999916303501196
chr2	74483064	74483090	chr2_74483064_74483090	0.998723132671378
chr2	74507347	74507445	chr2_74507347_74507445	0.999895548113483
chr2	74507640	74507708	chr2_74507640_74507708	0.999944183539872
chr2	74529680	74529820	chr2_74529680_74529820	0.999992067637975
chr2	74529705	74529969	chr2_74529705_74529969	0.999995777373227
chr2	74554694	74554752	chr2_74554694_74554752	0.998118036978288
chr2	74958591	74958667	chr2_74958591_74958667	0.999305101181111
chr2	75646767	75646796	chr2_75646767_75646796	0.998530381861865
chr2	75710875	75711011	chr2_75710875_75711011	0.999619305423461
chr2	84459243	84459318	chr2_84459243_84459318	0.998825739358514
chr2	84905571	84905656	chr2_84905571_84905656	0.999003063750771
chr2	84971373	84971412	chr2_84971373_84971412	0.812667533932248
chr2	85327974	85328026	chr2_85327974_85328026	0.999687088383049
chr2	85414011	85414098	chr2_85414011_85414098	0.986033892000503
chr2	85539102	85539168	chr2_85539102_85539168	0.999713571039931
chr2	85561461	85561552	chr2_85561461_85561552	0.99991424480487
chr2	85577497	85577585	chr2_85577497_85577585	0.993252010908871
chr2	85595660	85595756	chr2_85595660_85595756	0.999971448873601
chr2	85602623	85602756	chr2_85602623_85602756	0.999597040938557
chr2	85602831	85602904	chr2_85602831_85602904	0.997339571291134
chr2	85606652	85606658	chr2_85606652_85606658	0.0277054027818544
chr2	85606782	85606783	chr2_85606782_85606783	0.00493468083678042
chr2	85606974	85606979	chr2_85606974_85606979	0.0185629849411427
chr2	85607897	85607903	chr2_85607897_85607903	0.037789393251884
chr2	85608260	85608306	chr2_85608260_85608306	0.271561706745844
chr2	85608720	85608730	chr2_85608720_85608730	0.0787351334320208
chr2	85611999	85612087	chr2_85611999_85612087	0.999800427571893
chr2	85616074	85616190	chr2_85616074_85616190	0.999990424439681
chr2	86106170	86106238	chr2_86106170_86106238	0.999953836630478
chr2	86195392	86195508	chr2_86195392_86195508	0.999959070308671
chr2	86199420	86199484	chr2_86199420_86199484	0.999585040179081
chr2	86563375	86563508	chr2_86563375_86563508	0.999970717028887
chr2	86720243	86720313	chr2_86720243_86720313	0.997045114055534
chr2	86775313	86775332	chr2_86775313_86775332	0.105973214022818
chr2	86777601	86777607	chr2_86777601_86777607	0.0315184795608781
chr2	86777800	86777810	chr2_86777800_86777810	0.0378076092802649
chr2	86778029	86778041	chr2_86778029_86778041	0.0516743945642782
chr2	87455401	87455499	chr2_87455401_87455499	0.889658785686875
chr2	88691642	88691725	chr2_88691642_88691725	0.999956475448557
chr2	89585573	89585669	chr2_89585573_89585669	0.543106072552058
chr2	95121798	95121824	chr2_95121798_95121824	0.90864733317115
chr2	95121956	95122035	chr2_95121956_95122035	0.998578288471703
chr2	95402673	95402719	chr2_95402673_95402719	0.999733385819885
chr2	95991789	95991969	chr2_95991789_95991969	0.662267763418668
chr2	96184857	96184858	chr2_96184857_96184858	0.00728810875370504
chr2	96208819	96208872	chr2_96208819_96208872	0.99998894632414
chr2	96266087	96266250	chr2_96266087_96266250	0.999990409681534
chr2	96305505	96305600	chr2_96305505_96305600	0.999789103520299
chr2	96325290	96325379	chr2_96325290_96325379	0.73584627803904
chr2	96335719	96335782	chr2_96335719_96335782	0.999795340045475
chr2	96536692	96536753	chr2_96536692_96536753	0.998726092557515
chr2	96740051	96740105	chr2_96740051_96740105	0.999766929984875
chr2	96857994	96858082	chr2_96857994_96858082	0.999913066676669
chr2	96895128	96895168	chr2_96895128_96895168	0.915912794807706
chr2	97094835	97094909	chr2_97094835_97094909	0.99780904420778
chr2	97645922	97646080	chr2_97645922_97646080	0.999997591129991
chr2	97663991	97664104	chr2_97663991_97664104	0.999904110294927
chr2	98608487	98608527	chr2_98608487_98608527	0.999004799956086
chr2	98608524	98608626	chr2_98608524_98608626	0.999503383550375
chr2	99154961	99155112	chr2_99154961_99155112	0.99985543364932
chr2	99180962	99181078	chr2_99180962_99181078	0.999480342756597
chr2	99181074	99181207	chr2_99181074_99181207	0.99995646685934
chr2	99336318	99336424	chr2_99336318_99336424	0.999966331394173
chr2	99337327	99337425	chr2_99337327_99337425	0.999985849897733
chr2	99379370	99379377	chr2_99379370_99379377	0.036129338122731
chr2	99489969	99490063	chr2_99489969_99490063	0.995178428306412
chr2	100417383	100417521	chr2_100417383_100417521	0.985766438079233
chr2	100417635	100417696	chr2_100417635_100417696	0.889561637341615
chr2	100562912	100563000	chr2_100562912_100563000	0.999944370736604
chr2	101002211	101002293	chr2_101002211_101002293	0.999993752097087
chr2	101002700	101002723	chr2_101002700_101002723	0.606946413162909
chr2	101252850	101252917	chr2_101252850_101252917	0.999920020089139
chr2	101308687	101308776	chr2_101308687_101308776	0.999596849082683
chr2	102736831	102736905	chr2_102736831_102736905	0.997831216348532
chr2	102736892	102736966	chr2_102736892_102736966	0.997326170566992
chr2	105037991	105038083	chr2_105037991_105038083	0.999987608822003
chr2	105337509	105337586	chr2_105337509_105337586	0.999478083914416
chr2	105399050	105399102	chr2_105399050_105399102	0.997205507684682
chr2	106194294	106194392	chr2_106194294_106194392	0.999450522051179
chr2	107746937	107746943	chr2_107746937_107746943	0.961625587629367
chr2	108449166	108449231	chr2_108449166_108449231	0.999899561407851
chr2	108534358	108534476	chr2_108534358_108534476	0.998907578128661
chr2	108588464	108588465	chr2_108588464_108588465	0.406535899223573
chr2	108719431	108719561	chr2_108719431_108719561	0.999971086136937
chr2	108786724	108786806	chr2_108786724_108786806	0.99984735009309
chr2	110212526	110212567	chr2_110212526_110212567	0.995028110791193
chr2	110678061	110678104	chr2_110678061_110678104	0.999913355369764
chr2	111495029	111495126	chr2_111495029_111495126	0.926014599411695
chr2	111884166	111884205	chr2_111884166_111884205	0.999204055917111
chr2	112055184	112055578	chr2_112055184_112055578	0.999981138148495
chr2	112254997	112255126	chr2_112254997_112255126	0.99986624068353
chr2	112542406	112542467	chr2_112542406_112542467	0.999362620059221
chr2	112584421	112584535	chr2_112584421_112584535	0.999951572989726
chr2	112584563	112584611	chr2_112584563_112584611	0.999594813450426
chr2	112645822	112645942	chr2_112645822_112645942	0.999968513522509
chr2	112764607	112764680	chr2_112764607_112764680	0.999966721365498
chr2	113235504	113235549	chr2_113235504_113235549	0.999655779202676
chr2	113240821	113240825	chr2_113240821_113240825	0.0355168979490319
chr2	113437732	113437822	chr2_113437732_113437822	0.985571502343815
chr2	113627013	113627178	chr2_113627013_113627178	0.988546199037966
chr2	113756609	113756684	chr2_113756609_113756684	0.999030169507116
chr2	113889889	113890109	chr2_113889889_113890109	0.999995335175922
chr2	117814657	117814723	chr2_117814657_117814723	0.999929592910209
chr2	118014067	118014173	chr2_118014067_118014173	0.997941747497428
chr2	118088405	118088513	chr2_118088405_118088513	0.999820329872404
chr2	119223778	119223865	chr2_119223778_119223865	0.998302873421771
chr2	119366724	119366850	chr2_119366724_119366850	0.999745795014332
chr2	119366900	119366991	chr2_119366900_119366991	0.999932371344212
chr2	119679133	119679229	chr2_119679133_119679229	0.999649695039793
chr2	119760109	119760219	chr2_119760109_119760219	0.992962262632291
chr2	120223352	120223444	chr2_120223352_120223444	0.996795422191426
chr2	120252742	120252867	chr2_120252742_120252867	0.99998652317852
chr2	121650066	121650154	chr2_121650066_121650154	0.998988698804417
chr2	121736870	121736933	chr2_121736870_121736933	0.999964227800606
chr2	121755510	121755690	chr2_121755510_121755690	0.999996056527659
chr2	126656038	126656166	chr2_126656038_126656166	0.999122139886294
chr2	127294137	127294190	chr2_127294137_127294190	0.999069378689698
chr2	127504764	127504779	chr2_127504764_127504779	0.0563038534413662
chr2	127526449	127526523	chr2_127526449_127526523	0.999962347746594
chr2	127701464	127701522	chr2_127701464_127701522	0.999622920405028
chr2	127811156	127811243	chr2_127811156_127811243	0.999946282893739
chr2	127846657	127846658	chr2_127846657_127846658	0.00563015056473917
chr2	127858112	127858188	chr2_127858112_127858188	0.999910459937739
chr2	127885891	127886109	chr2_127885891_127886109	0.973281883251602
chr2	130181576	130181632	chr2_130181576_130181632	0.999832051974226
chr2	130181652	130181767	chr2_130181652_130181767	0.999918585285437
chr2	130182166	130182272	chr2_130182166_130182272	0.999787131172423
chr2	130342130	130342263	chr2_130342130_130342263	0.999957195317489
chr2	130342293	130342407	chr2_130342293_130342407	0.995853186796523
chr2	130342806	130342923	chr2_130342806_130342923	0.999994457674093
chr2	130356024	130356094	chr2_130356024_130356094	0.99934920985184
chr2	130372638	130372765	chr2_130372638_130372765	0.999783288920408
chr2	131105263	131105337	chr2_131105263_131105337	0.999922120434042
chr2	131213424	131213429	chr2_131213424_131213429	0.0162852272773734
chr2	131492385	131492448	chr2_131492385_131492448	0.998336216370235
chr2	131527858	131527936	chr2_131527858_131527936	0.991014866777385
chr2	134918758	134918843	chr2_134918758_134918843	0.999878436086395
chr2	135052253	135052298	chr2_135052253_135052298	0.998725553675003
chr2	135531445	135531559	chr2_135531445_135531559	0.999800887659061
chr2	135710054	135710094	chr2_135710054_135710094	0.898370496977999
chr2	135741596	135741781	chr2_135741596_135741781	0.999993555119932
chr2	135876409	135876497	chr2_135876409_135876497	0.999990104990019
chr2	135985520	135985533	chr2_135985520_135985533	0.997824574336483
chr2	135985579	135985704	chr2_135985579_135985704	0.999947010771931
chr2	139410953	139410959	chr2_139410953_139410959	0.522762861757247
chr2	144520074	144520153	chr2_144520074_144520153	0.999345069043033
chr2	148020708	148020793	chr2_148020708_148020793	0.999983946502702
chr2	148021005	148021110	chr2_148021005_148021110	0.999738482033637
chr2	149569635	149569638	chr2_149569635_149569638	0.0113082541979669
chr2	149587720	149587823	chr2_149587720_149587823	0.99999787369145
chr2	151289627	151289668	chr2_151289627_151289668	0.975043211594377
chr2	151289861	151289953	chr2_151289861_151289953	0.639701225686334
chr2	151409869	151409916	chr2_151409869_151409916	0.999884558126372
chr2	151796657	151796667	chr2_151796657_151796667	0.0502029097162142
chr2	151796746	151796747	chr2_151796746_151796747	0.00543103515523359
chr2	151797442	151797467	chr2_151797442_151797467	0.118258253164883
chr2	151798713	151798719	chr2_151798713_151798719	0.0372371990360548
chr2	151828416	151828421	chr2_151828416_151828421	0.983574784187092
chr2	151828449	151828531	chr2_151828449_151828531	0.999978221987687
chr2	152175698	152175783	chr2_152175698_152175783	0.995160422560708
chr2	152717406	152717469	chr2_152717406_152717469	0.999990280804573
chr2	152717838	152717883	chr2_152717838_152717883	0.999179780740133
chr2	152717907	152717995	chr2_152717907_152717995	0.999921115627946
chr2	152717911	152718048	chr2_152717911_152718048	0.999953236472353
chr2	152718549	152718622	chr2_152718549_152718622	0.999931251528846
chr2	156436313	156436471	chr2_156436313_156436471	0.991847882208932
chr2	157257639	157257762	chr2_157257639_157257762	0.999416367130471
chr2	158624953	158625006	chr2_158624953_158625006	0.225679152507788
chr2	159286621	159286773	chr2_159286621_159286773	0.999961070888048
chr2	159712346	159712458	chr2_159712346_159712458	0.999926532481544
chr2	159712451	159712517	chr2_159712451_159712517	0.999940428625011
chr2	161160280	161160337	chr2_161160280_161160337	0.999912951200362
chr2	161160412	161160431	chr2_161160412_161160431	0.999810469370592
chr2	161308371	161308460	chr2_161308371_161308460	0.999992327314699
chr2	165953754	165953841	chr2_165953754_165953841	0.999809776343925
chr2	167941175	167941183	chr2_167941175_167941183	0.997425287166
chr2	168802392	168802474	chr2_168802392_168802474	0.967125575492515
chr2	168802547	168802653	chr2_168802547_168802653	0.998048803484939
chr2	168890380	168890466	chr2_168890380_168890466	0.999969244108448
chr2	169573783	169573926	chr2_169573783_169573926	0.999990567904818
chr2	169584321	169584378	chr2_169584321_169584378	0.999982254297611
chr2	169584790	169584800	chr2_169584790_169584800	0.961808955861442
chr2	169694428	169694614	chr2_169694428_169694614	0.999987160644421
chr2	169733781	169733859	chr2_169733781_169733859	0.996874679461905
chr2	169798796	169798890	chr2_169798796_169798890	0.999994806251019
chr2	169824868	169824946	chr2_169824868_169824946	0.999930614088204
chr2	170770980	170771096	chr2_170770980_170771096	0.997075381007846
chr2	170929077	170929273	chr2_170929077_170929273	0.999992374609138
chr2	170991880	170991899	chr2_170991880_170991899	0.108686124808589
chr2	170992051	170992065	chr2_170992051_170992065	0.085478241657104
chr2	170992163	170992201	chr2_170992163_170992201	0.254553762460687
chr2	170993689	170993705	chr2_170993689_170993705	0.175760414065019
chr2	171160496	171160551	chr2_171160496_171160551	0.959516445405707
chr2	171160689	171161022	chr2_171160689_171161022	0.99939760385413
chr2	171433988	171434143	chr2_171433988_171434143	0.999993855339614
chr2	171434199	171434364	chr2_171434199_171434364	0.999928726768255
chr2	171434705	171434824	chr2_171434705_171434824	0.991418449971678
chr2	171517723	171517741	chr2_171517723_171517741	0.176377518770039
chr2	171522336	171522477	chr2_171522336_171522477	0.99991815062845
chr2	171687401	171687485	chr2_171687401_171687485	0.999945350096172
chr2	171687747	171687759	chr2_171687747_171687759	0.990940311254288
chr2	171894222	171894337	chr2_171894222_171894337	0.99983127183422
chr2	171922391	171922481	chr2_171922391_171922481	0.999995329379393
chr2	171999925	171999986	chr2_171999925_171999986	0.99993605253374
chr2	172555962	172556098	chr2_172555962_172556098	0.99939488096291
chr2	172556416	172556513	chr2_172556416_172556513	0.993042203233357
chr2	173075758	173075892	chr2_173075758_173075892	0.998157197843963
chr2	173354807	173354884	chr2_173354807_173354884	0.999437339266487
chr2	174248531	174248540	chr2_174248531_174248540	0.997873039128692
chr2	174248580	174248674	chr2_174248580_174248674	0.999979413629517
chr2	174395672	174395738	chr2_174395672_174395738	0.998641205033195
chr2	174395713	174395800	chr2_174395713_174395800	0.999168396953483
chr2	174547123	174547161	chr2_174547123_174547161	0.987056075830247
chr2	174719797	174719821	chr2_174719797_174719821	0.224795488994385
chr2	174720857	174720858	chr2_174720857_174720858	0.0103208414605522
chr2	175168166	175168270	chr2_175168166_175168270	0.999985823303938
chr2	175178142	175178148	chr2_175178142_175178148	0.021583591233467
chr2	175181467	175181468	chr2_175181467_175181468	0.226565762580001
chr2	175181706	175181774	chr2_175181706_175181774	0.999998044732959
chr2	176002257	176002335	chr2_176002257_176002335	0.999951382932392
chr2	176201316	176201383	chr2_176201316_176201383	0.293489351651166
chr2	176269384	176269453	chr2_176269384_176269453	0.999796352285407
chr2	177212701	177212793	chr2_177212701_177212793	0.999740773132609
chr2	177264694	177264862	chr2_177264694_177264862	0.999939360605804
chr2	177392737	177392774	chr2_177392737_177392774	0.999149798656528
chr2	178112376	178112491	chr2_178112376_178112491	0.999902755551829
chr2	178194437	178194538	chr2_178194437_178194538	0.999256293018757
chr2	178451142	178451207	chr2_178451142_178451207	0.999974685819746
chr2	178523181	178523244	chr2_178523181_178523244	0.999694072313935
chr2	180007093	180007131	chr2_180007093_180007131	0.993409626848491
chr2	180007256	180007361	chr2_180007256_180007361	0.999753321293427
chr2	180980554	180980654	chr2_180980554_180980654	0.998743172944963
chr2	180980909	180980928	chr2_180980909_180980928	0.922427431528322
chr2	180982014	180982015	chr2_180982014_180982015	0.0131289284727122
chr2	181891692	181891853	chr2_181891692_181891853	0.999849625812334
chr2	181891884	181891963	chr2_181891884_181891963	0.999076995964787
chr2	182716228	182716273	chr2_182716228_182716273	0.999443622210456
chr2	183124353	183124461	chr2_183124353_183124461	0.999909826654659
chr2	186486175	186486302	chr2_186486175_186486302	0.999996657600347
chr2	187464228	187464237	chr2_187464228_187464237	0.0297055362710451
chr2	187554432	187554543	chr2_187554432_187554543	0.998307250659999
chr2	188287664	188287703	chr2_188287664_188287703	0.232826218340658
chr2	188291828	188291934	chr2_188291828_188291934	0.992505902536563
chr2	189441388	189441479	chr2_189441388_189441479	0.999626806832796
chr2	189580778	189580819	chr2_189580778_189580819	0.980831462205234
chr2	189581986	189582056	chr2_189581986_189582056	0.997930716339112
chr2	189661360	189661484	chr2_189661360_189661484	0.999971259318568
chr2	189784333	189784395	chr2_189784333_189784395	0.999520740046495
chr2	189784412	189784500	chr2_189784412_189784500	0.999467211567674
chr2	190180798	190180898	chr2_190180798_190180898	0.942913349254528
chr2	190319766	190319908	chr2_190319766_190319908	0.999970476427071
chr2	190334698	190334707	chr2_190334698_190334707	0.594418469243439
chr2	191014154	191014261	chr2_191014154_191014261	0.998794712807534
chr2	191678077	191678158	chr2_191678077_191678158	0.999605012152948
chr2	191847074	191847101	chr2_191847074_191847101	0.920321363223729
chr2	191847185	191847292	chr2_191847185_191847292	0.922699419725049
chr2	195657119	195657235	chr2_195657119_195657235	0.999854188772888
chr2	196799648	196799770	chr2_196799648_196799770	0.999421667103914
chr2	197435015	197435142	chr2_197435015_197435142	0.999976893461335
chr2	197453397	197453552	chr2_197453397_197453552	0.999967611628252
chr2	197499838	197499943	chr2_197499838_197499943	0.999971786084822
chr2	197500108	197500177	chr2_197500108_197500177	0.999911456624625
chr2	197500115	197500124	chr2_197500115_197500124	0.998690017707042
chr2	197500165	197500343	chr2_197500165_197500343	0.999945235784559
chr2	197500206	197500275	chr2_197500206_197500275	0.999657122520083
chr2	197500311	197500348	chr2_197500311_197500348	0.999371258980112
chr2	197500377	197500419	chr2_197500377_197500419	0.999005266406601
chr2	197501071	197501072	chr2_197501071_197501072	0.0352847860321081
chr2	197516016	197516081	chr2_197516016_197516081	0.999324045748951
chr2	197705324	197705448	chr2_197705324_197705448	0.999464412239641
chr2	199911244	199911335	chr2_199911244_199911335	0.999750854579291
chr2	199955621	199955769	chr2_199955621_199955769	0.982044644315582
chr2	199955756	199955802	chr2_199955756_199955802	0.985434224263647
chr2	200509934	200510176	chr2_200509934_200510176	0.999353040543385
chr2	200526081	200526211	chr2_200526081_200526211	0.99984020211408
chr2	200811528	200811572	chr2_200811528_200811572	0.997929207404838
chr2	200811897	200811925	chr2_200811897_200811925	0.999043604305849
chr2	200864656	200864744	chr2_200864656_200864744	0.999767804787096
chr2	200889055	200889352	chr2_200889055_200889352	0.999781271572924
chr2	200889337	200889424	chr2_200889337_200889424	0.999962899728948
chr2	200963622	200963724	chr2_200963622_200963724	0.99956307625932
chr2	201071964	201072025	chr2_201071964_201072025	0.99876413672337
chr2	201233443	201233515	chr2_201233443_201233515	0.997233055559608
chr2	201451651	201451770	chr2_201451651_201451770	0.999238571997763
chr2	201642667	201642715	chr2_201642667_201642715	0.986528817238135
chr2	201780893	201780983	chr2_201780893_201780983	0.998535185494954
chr2	202238561	202238626	chr2_202238561_202238626	0.999586139575774
chr2	202265691	202265772	chr2_202265691_202265772	0.999903100413106
chr2	202911641	202911695	chr2_202911641_202911695	0.986751064951161
chr2	202912127	202912224	chr2_202912127_202912224	0.99812595816869
chr2	203190688	203190696	chr2_203190688_203190696	0.0726190103468637
chr2	203191334	203191335	chr2_203191334_203191335	0.00706669785729289
chr2	203238937	203239021	chr2_203238937_203239021	0.999485845817554
chr2	203328237	203328321	chr2_203328237_203328321	0.990049187002304
chr2	206159424	206159602	chr2_206159424_206159602	0.999975575395279
chr2	206159562	206159641	chr2_206159562_206159641	0.999942999197911
chr2	206159889	206159896	chr2_206159889_206159896	0.942472898467551
chr2	206765573	206765606	chr2_206765573_206765606	0.993463812501218
chr2	207529883	207529963	chr2_207529883_207529963	0.999728532885796
chr2	207625311	207625458	chr2_207625311_207625458	0.999673863163757
chr2	208255067	208255164	chr2_208255067_208255164	0.99888961879905
chr2	210002548	210002649	chr2_210002548_210002649	0.999744346462546
chr2	210476704	210476792	chr2_210476704_210476792	0.998812957485721
chr2	213284377	213284481	chr2_213284377_213284481	0.985375615107139
chr2	214728297	214728301	chr2_214728297_214728301	0.013394684669809
chr2	214809659	214809726	chr2_214809659_214809726	0.987070815884559
chr2	215311917	215312087	chr2_215311917_215312087	0.999952801571297
chr2	216081764	216081840	chr2_216081764_216081840	0.975896889817087
chr2	216109264	216109410	chr2_216109264_216109410	0.999959597328849
chr2	216412408	216412555	chr2_216412408_216412555	0.999806939273282
chr2	216498781	216498844	chr2_216498781_216498844	0.999963885026895
chr2	216499267	216499268	chr2_216499267_216499268	0.0401861538122002
chr2	216501457	216501467	chr2_216501457_216501467	0.0438534251542002
chr2	218217018	218217199	chr2_218217018_218217199	0.999948649527039
chr2	218270122	218270204	chr2_218270122_218270204	0.999934580190477
chr2	218270488	218270525	chr2_218270488_218270525	0.999319808115592
chr2	218292502	218292597	chr2_218292502_218292597	0.997193249389521
chr2	218323216	218323302	chr2_218323216_218323302	0.983599513482687
chr2	218400001	218400137	chr2_218400001_218400137	0.769157125127915
chr2	218568806	218568845	chr2_218568806_218568845	0.991058790167488
chr2	218595403	218595409	chr2_218595403_218595409	0.0586918409298069
chr2	218596427	218596433	chr2_218596427_218596433	0.0592296522118392
chr2	218659640	218659722	chr2_218659640_218659722	0.999791940332177
chr2	218671962	218672006	chr2_218671962_218672006	0.990614372076918
chr2	219160790	219160878	chr2_219160790_219160878	0.999317771374288
chr2	219176932	219177014	chr2_219176932_219177014	0.998219812846646
chr2	219178125	219178188	chr2_219178125_219178188	0.994354540073777
chr2	219184806	219184825	chr2_219184806_219184825	0.0706341347230046
chr2	219206756	219206808	chr2_219206756_219206808	0.999020447219353
chr2	219218956	219219040	chr2_219218956_219219040	0.999676981955821
chr2	219229583	219229670	chr2_219229583_219229670	0.999620581489925
chr2	219229759	219229867	chr2_219229759_219229867	0.999822418933256
chr2	219245467	219245533	chr2_219245467_219245533	0.999224883281593
chr2	219253913	219253986	chr2_219253913_219253986	0.998312032003697
chr2	219387791	219387796	chr2_219387791_219387796	0.846665856304096
chr2	219387904	219387963	chr2_219387904_219387963	0.997568904396637
chr2	219498823	219498915	chr2_219498823_219498915	0.999919108288079
chr2	219543771	219543776	chr2_219543771_219543776	0.984353024072228
chr2	222656077	222656123	chr2_222656077_222656123	0.999822819686575
chr2	222860956	222861037	chr2_222860956_222861037	0.999816828901325
chr2	223945296	223945410	chr2_223945296_223945410	0.997521725055405
chr2	223957357	223957462	chr2_223957357_223957462	0.999670558173672
chr2	227325203	227325287	chr2_227325203_227325287	0.999788483462523
chr2	230219895	230220020	chr2_230219895_230220020	0.93752779492176
chr2	230416155	230416219	chr2_230416155_230416219	0.991773408934559
chr2	230712788	230712878	chr2_230712788_230712878	0.99805348647389
chr2	230864841	230864955	chr2_230864841_230864955	0.99381225341223
chr2	231056843	231056911	chr2_231056843_231056911	0.986239209312054
chr2	231464481	231464617	chr2_231464481_231464617	0.999979181515687
chr2	231708480	231708529	chr2_231708480_231708529	0.99995580462178
chr2	231713276	231713297	chr2_231713276_231713297	0.0768294959225224
chr2	231781267	231781324	chr2_231781267_231781324	0.998753108380799
chr2	231786354	231786446	chr2_231786354_231786446	0.99770187496746
chr2	232550571	232550702	chr2_232550571_232550702	0.99988682903837
chr2	232697268	232697331	chr2_232697268_232697331	0.999225244440516
chr2	233251636	233251704	chr2_233251636_233251704	0.998005118279743
chr2	233354479	233354566	chr2_233354479_233354566	0.688793430768795
chr2	233854527	233854583	chr2_233854527_233854583	0.998866304349836
chr2	233868345	233868423	chr2_233868345_233868423	0.986432726861878
chr2	237085845	237085915	chr2_237085845_237085915	0.999121236585443
chr2	237966932	237967047	chr2_237966932_237967047	0.999143061030586
chr2	238060953	238061091	chr2_238060953_238061091	0.998778205839543
chr2	238203631	238203761	chr2_238203631_238203761	0.998823009767879
chr2	238240034	238240071	chr2_238240034_238240071	0.998887122011703
chr2	238426696	238426813	chr2_238426696_238426813	0.982583309192735
chr2	238426887	238427062	chr2_238426887_238427062	0.994280930492046
chr2	240025330	240025419	chr2_240025330_240025419	0.998404276546972
chr2	240136284	240136343	chr2_240136284_240136343	0.995726952926665
chr2	240560753	240560852	chr2_240560753_240560852	0.993446110329245
chr2	241102286	241102342	chr2_241102286_241102342	0.994415066630796
chr2	241149547	241149637	chr2_241149547_241149637	0.99930225601343
chr2	241150412	241150490	chr2_241150412_241150490	0.999592318671625
chr2	241315193	241315225	chr2_241315193_241315225	0.996491719265713
chr2	241315251	241315356	chr2_241315251_241315356	0.999270261520841
chr2	241315662	241315672	chr2_241315662_241315672	0.99424747908835
chr2	241315701	241315847	chr2_241315701_241315847	0.99996631556641
chr2	241315885	241315935	chr2_241315885_241315935	0.999152789305324
chr2	241354019	241354027	chr2_241354019_241354027	0.0440678363484964
chr2	241508551	241508553	chr2_241508551_241508553	0.386841887302995
chr2	241508581	241508693	chr2_241508581_241508693	0.99987598612777
chr2	241637064	241637203	chr2_241637064_241637203	0.987582855523356
chr2	241637606	241637697	chr2_241637606_241637697	0.999173104990733
chr2	241651005	241651006	chr2_241651005_241651006	0.00516928652356797
chr2	241678515	241678520	chr2_241678515_241678520	0.0228109928640827
chr2	241686795	241686868	chr2_241686795_241686868	0.999736508290463
chr2	241701985	241702068	chr2_241701985_241702068	0.999533561238375
chr2	241734572	241734636	chr2_241734572_241734636	0.975667706645032
chr3	3126900	3126953	chr3_3126900_3126953	0.999920551471198
chr3	3179688	3179727	chr3_3179688_3179727	0.999481388980646
chr3	4303296	4303406	chr3_4303296_4303406	0.999824643741171
chr3	4467250	4467289	chr3_4467250_4467289	0.997177526625368
chr3	4979408	4979470	chr3_4979408_4979470	0.999786589704403
chr3	5122195	5122323	chr3_5122195_5122323	0.999974027780925
chr3	5218352	5218353	chr3_5218352_5218353	0.00556805023066354
chr3	8963416	8963505	chr3_8963416_8963505	0.999935877171521
chr3	9363021	9363084	chr3_9363021_9363084	0.999968890050252
chr3	9397436	9397513	chr3_9397436_9397513	0.999966091172582
chr3	9397822	9397918	chr3_9397822_9397918	0.997987933478247
chr3	9649422	9649514	chr3_9649422_9649514	0.999981708249186
chr3	9731715	9731807	chr3_9731715_9731807	0.980816498731828
chr3	9750254	9750336	chr3_9750254_9750336	0.997192353942057
chr3	9792432	9792492	chr3_9792432_9792492	0.999879954337964
chr3	9792472	9792571	chr3_9792472_9792571	0.999882570074997
chr3	9792603	9792791	chr3_9792603_9792791	0.999873759987132
chr3	9793011	9793097	chr3_9793011_9793097	0.999964319435128
chr3	9797656	9797657	chr3_9797656_9797657	0.00943261463733381
chr3	9806507	9806516	chr3_9806507_9806516	0.0999732937335476
chr3	9807013	9807107	chr3_9807013_9807107	0.672495034106598
chr3	9843993	9844052	chr3_9843993_9844052	0.99998211178087
chr3	9890532	9890640	chr3_9890532_9890640	0.999939252667746
chr3	9933771	9933854	chr3_9933771_9933854	0.99984815267402
chr3	9986826	9986873	chr3_9986826_9986873	0.999892590939981
chr3	9986880	9986944	chr3_9986880_9986944	0.999348463608188
chr3	10026335	10026400	chr3_10026335_10026400	0.999751042740115
chr3	10026371	10026446	chr3_10026371_10026446	0.999869540923327
chr3	10045600	10045601	chr3_10045600_10045601	0.00540931221967687
chr3	10101363	10101380	chr3_10101363_10101380	0.0734607059977262
chr3	10101922	10101937	chr3_10101922_10101937	0.0703890444541843
chr3	10115612	10115687	chr3_10115612_10115687	0.99999382454101
chr3	10141733	10141830	chr3_10141733_10141830	0.99994170849166
chr3	10321110	10321228	chr3_10321110_10321228	0.999987522385215
chr3	11272297	11272407	chr3_11272297_11272407	0.999990224115842
chr3	11846800	11846925	chr3_11846800_11846925	0.999916874550529
chr3	12484417	12484530	chr3_12484417_12484530	0.999961876455053
chr3	12557013	12557098	chr3_12557013_12557098	0.999855425272077
chr3	12664110	12664239	chr3_12664110_12664239	0.999995727543114
chr3	12836024	12836052	chr3_12836024_12836052	0.169064318522003
chr3	12841537	12841604	chr3_12841537_12841604	0.999979153013434
chr3	13480258	13480330	chr3_13480258_13480330	0.99932543267806
chr3	14124753	14124901	chr3_14124753_14124901	0.999989039546773
chr3	14124942	14125052	chr3_14124942_14125052	0.999995310055317
chr3	14178581	14178686	chr3_14178581_14178686	0.999978087845263
chr3	14178718	14178856	chr3_14178718_14178856	0.999997547241869
chr3	14198340	14198367	chr3_14198340_14198367	0.112771190683557
chr3	14402540	14402699	chr3_14402540_14402699	0.999648756433037
chr3	14651732	14651796	chr3_14651732_14651796	0.999959625355282
chr3	14947455	14947534	chr3_14947455_14947534	0.999362882199816
chr3	15065289	15065349	chr3_15065289_15065349	0.999967132809544
chr3	15099109	15099185	chr3_15099109_15099185	0.999960214986983
chr3	15206125	15206264	chr3_15206125_15206264	0.99995106049256
chr3	15332580	15332656	chr3_15332580_15332656	0.998620618376436
chr3	15427508	15427547	chr3_15427508_15427547	0.999041631904584
chr3	15427537	15427620	chr3_15427537_15427620	0.999501605025449
chr3	15441488	15441490	chr3_15441488_15441490	0.0102772423884226
chr3	15442605	15442613	chr3_15442605_15442613	0.0390905845139313
chr3	15601557	15601628	chr3_15601557_15601628	0.999980681013447
chr3	16264941	16265021	chr3_16264941_16265021	0.999995655639486
chr3	16265164	16265269	chr3_16265164_16265269	0.999970935275484
chr3	17742572	17742747	chr3_17742572_17742747	0.999984351985012
chr3	19947368	19947381	chr3_19947368_19947381	0.926120850777602
chr3	20186182	20186266	chr3_20186182_20186266	0.999988513850679
chr3	21542786	21542808	chr3_21542786_21542808	0.57972895683367
chr3	22381718	22381776	chr3_22381718_22381776	0.337818149090302
chr3	23805881	23806047	chr3_23805881_23806047	0.991130385199114
chr3	23916936	23917064	chr3_23916936_23917064	0.999978525833018
chr3	23917075	23917149	chr3_23917075_23917149	0.999997169904247
chr3	23920840	23920847	chr3_23920840_23920847	0.0360734015062463
chr3	25664901	25664977	chr3_25664901_25664977	0.999947741149278
chr3	25783400	25783513	chr3_25783400_25783513	0.999683629932656
chr3	25790055	25790106	chr3_25790055_25790106	0.999955319442441
chr3	27484338	27484451	chr3_27484338_27484451	0.981385573203063
chr3	28241561	28241626	chr3_28241561_28241626	0.999979620787607
chr3	28348994	28349146	chr3_28348994_28349146	0.999988703820718
chr3	31532943	31532970	chr3_31532943_31532970	0.990500515237499
chr3	32502809	32502882	chr3_32502809_32502882	0.998949162320425
chr3	32570776	32570900	chr3_32570776_32570900	0.999967893476279
chr3	32685106	32685220	chr3_32685106_32685220	0.999987370038796
chr3	33097117	33097232	chr3_33097117_33097232	0.999987091010417
chr3	33113856	33114013	chr3_33113856_33114013	0.988657103170918
chr3	33114040	33114062	chr3_33114040_33114062	0.847730588530928
chr3	33718211	33718260	chr3_33718211_33718260	0.999571121751603
chr3	33798557	33798635	chr3_33798557_33798635	0.999971531463289
chr3	36993080	36993230	chr3_36993080_36993230	0.999992901709992
chr3	36993433	36993533	chr3_36993433_36993533	0.999998324074349
chr3	37176296	37176371	chr3_37176296_37176371	0.999886158095293
chr3	37243168	37243288	chr3_37243168_37243288	0.999959329102585
chr3	38019030	38019031	chr3_38019030_38019031	0.678251964877043
chr3	38019058	38019122	chr3_38019058_38019122	0.999578699589995
chr3	38137091	38137252	chr3_38137091_38137252	0.999998572306405
chr3	38138583	38138679	chr3_38138583_38138679	0.99843520562969
chr3	38346760	38346857	chr3_38346760_38346857	0.999890352078539
chr3	38496326	38496508	chr3_38496326_38496508	0.999914664398523
chr3	39051983	39052018	chr3_39051983_39052018	0.9999079884817
chr3	39107606	39107660	chr3_39107606_39107660	0.999155010079061
chr3	39383308	39383402	chr3_39383308_39383402	0.999793166098477
chr3	39383635	39383643	chr3_39383635_39383643	0.995146653585285
chr3	39406685	39406763	chr3_39406685_39406763	0.999963498579498
chr3	40309681	40309709	chr3_40309681_40309709	0.999975511470399
chr3	40309801	40309802	chr3_40309801_40309802	0.853618610500687
chr3	40453149	40453209	chr3_40453149_40453209	0.999951660488431
chr3	40457266	40457338	chr3_40457266_40457338	0.999998602374634
chr3	40761506	40761522	chr3_40761506_40761522	0.0622239736654342
chr3	41199401	41199508	chr3_41199401_41199508	0.999940903949467
chr3	41239985	41239986	chr3_41239985_41239986	0.00607732313545864
chr3	41240439	41240453	chr3_41240439_41240453	0.0809529817564756
chr3	41962031	41962157	chr3_41962031_41962157	0.999965620934268
chr3	42581953	42582011	chr3_42581953_42582011	0.999953297562308
chr3	42582255	42582327	chr3_42582255_42582327	0.999786845288778
chr3	42590823	42590894	chr3_42590823_42590894	0.999989587586962
chr3	42600622	42600689	chr3_42600622_42600689	0.999991937937066
chr3	42804464	42804557	chr3_42804464_42804557	0.999993612968876
chr3	43105984	43106120	chr3_43105984_43106120	0.999297174988387
chr3	43621950	43621953	chr3_43621950_43621953	0.942492285049986
chr3	43621982	43622093	chr3_43621982_43622093	0.999932941453612
chr3	43690868	43690986	chr3_43690868_43690986	0.999991583612667
chr3	44338097	44338167	chr3_44338097_44338167	0.999282495817706
chr3	44338720	44338797	chr3_44338720_44338797	0.99993339685842
chr3	44625002	44625103	chr3_44625002_44625103	0.999852461266588
chr3	44648722	44648796	chr3_44648722_44648796	0.999443582601255
chr3	44761608	44761685	chr3_44761608_44761685	0.999988659256193
chr3	44761751	44761807	chr3_44761751_44761807	0.99996361889232
chr3	44976145	44976195	chr3_44976145_44976195	0.999265174700691
chr3	44976196	44976265	chr3_44976196_44976265	0.9999088305456
chr3	45146371	45146491	chr3_45146371_45146491	0.905543767955951
chr3	45226255	45226363	chr3_45226255_45226363	0.999178586205229
chr3	45388480	45388579	chr3_45388480_45388579	0.999976631219078
chr3	45689213	45689436	chr3_45689213_45689436	0.999994843619134
chr3	45842040	45842160	chr3_45842040_45842160	0.99821518721987
chr3	46976738	46976791	chr3_46976738_46976791	0.999990470422074
chr3	47164185	47164269	chr3_47164185_47164269	0.999528045145831
chr3	47282523	47282618	chr3_47282523_47282618	0.999971231949378
chr3	47282744	47282840	chr3_47282744_47282840	0.999492910273156
chr3	47282801	47282962	chr3_47282801_47282962	0.999936051932608
chr3	47475820	47475869	chr3_47475820_47475869	0.999161159729554
chr3	47513686	47513779	chr3_47513686_47513779	0.999983957852491
chr3	47781852	47781954	chr3_47781852_47781954	0.99999569813536
chr3	47803105	47803166	chr3_47803105_47803166	0.999633976360295
chr3	47825014	47825031	chr3_47825014_47825031	0.996980216506379
chr3	48088846	48088987	chr3_48088846_48088987	0.999988213659132
chr3	48089201	48089295	chr3_48089201_48089295	0.999809496516127
chr3	48188373	48188457	chr3_48188373_48188457	0.999357126031492
chr3	48241033	48241107	chr3_48241033_48241107	0.999813415361938
chr3	48301345	48301461	chr3_48301345_48301461	0.999448997474836
chr3	48440056	48440156	chr3_48440056_48440156	0.99983291920958
chr3	48440193	48440276	chr3_48440193_48440276	0.999930957838382
chr3	48446708	48446816	chr3_48446708_48446816	0.999541471781694
chr3	48473156	48473158	chr3_48473156_48473158	0.947280260050304
chr3	48504153	48504250	chr3_48504153_48504250	0.923885868245853
chr3	48609633	48609745	chr3_48609633_48609745	0.99993327775152
chr3	48635440	48635535	chr3_48635440_48635535	0.999809536143552
chr3	48685873	48685940	chr3_48685873_48685940	0.993896389712854
chr3	48717185	48717306	chr3_48717185_48717306	0.999914468720585
chr3	48847660	48847904	chr3_48847660_48847904	0.996208062301549
chr3	48898851	48899015	chr3_48898851_48899015	0.999703812549192
chr3	48918788	48918865	chr3_48918788_48918865	0.999872856728636
chr3	49007274	49007425	chr3_49007274_49007425	0.999948768740364
chr3	49021587	49021726	chr3_49021587_49021726	0.999958182905746
chr3	49022097	49022131	chr3_49022097_49022131	0.99791838921052
chr3	49029397	49029480	chr3_49029397_49029480	0.999959351558129
chr3	49094053	49094086	chr3_49094053_49094086	0.999125679520963
chr3	49104749	49104815	chr3_49104749_49104815	0.999511360596598
chr3	49171520	49171627	chr3_49171520_49171627	0.99927656601804
chr3	49340029	49340236	chr3_49340029_49340236	0.999878129874394
chr3	49411967	49412142	chr3_49411967_49412142	0.999990942008462
chr3	49412296	49412424	chr3_49412296_49412424	0.999862801198521
chr3	49674317	49674391	chr3_49674317_49674391	0.9983923493562
chr3	49689515	49689588	chr3_49689515_49689588	0.99696631464635
chr3	49723947	49724030	chr3_49723947_49724030	0.999513168390041
chr3	49786495	49786565	chr3_49786495_49786565	0.999150133622479
chr3	49803209	49803291	chr3_49803209_49803291	0.992786998791079
chr3	49856528	49856603	chr3_49856528_49856603	0.999268731188811
chr3	49929768	49929886	chr3_49929768_49929886	0.999610252448705
chr3	49940006	49940152	chr3_49940006_49940152	0.999899498348921
chr3	50088897	50088954	chr3_50088897_50088954	0.998437452035111
chr3	50292419	50292501	chr3_50292419_50292501	0.999935437817949
chr3	50299297	50299444	chr3_50299297_50299444	0.999908756217926
chr3	50321474	50321492	chr3_50321474_50321492	0.990466420923584
chr3	50328194	50328272	chr3_50328194_50328272	0.999880305924434
chr3	50337393	50337395	chr3_50337393_50337395	0.962640512528479
chr3	50337432	50337569	chr3_50337432_50337569	0.999960904723366
chr3	50340808	50341002	chr3_50340808_50341002	0.991275218918431
chr3	50350770	50350821	chr3_50350770_50350821	0.99841509141487
chr3	50350814	50350892	chr3_50350814_50350892	0.998282217169312
chr3	50359499	50359606	chr3_50359499_50359606	0.999825772029732
chr3	50569444	50569572	chr3_50569444_50569572	0.999220230912563
chr3	50606487	50606492	chr3_50606487_50606492	0.0266929529479056
chr3	50607071	50607074	chr3_50607071_50607074	0.0159883064426099
chr3	50611745	50611823	chr3_50611745_50611823	0.999633045011232
chr3	50617076	50617164	chr3_50617076_50617164	0.996654036430965
chr3	51385225	51385310	chr3_51385225_51385310	0.997675257456031
chr3	51666166	51666187	chr3_51666166_51666187	0.0826210749795496
chr3	51671140	51671258	chr3_51671140_51671258	0.999287634359756
chr3	51941886	51941998	chr3_51941886_51941998	0.999962742276108
chr3	51942269	51942401	chr3_51942269_51942401	0.998923215372783
chr3	51974017	51974077	chr3_51974017_51974077	0.998139642636325
chr3	51975016	51975067	chr3_51975016_51975067	0.941368047349278
chr3	51983139	51983502	chr3_51983139_51983502	0.999833301777074
chr3	51993622	51993631	chr3_51993622_51993631	0.0546260292892125
chr3	51995469	51995470	chr3_51995469_51995470	0.0535298201067699
chr3	51995892	51996021	chr3_51995892_51996021	0.999944018362215
chr3	52154393	52154448	chr3_52154393_52154448	0.992517861857925
chr3	52198060	52198162	chr3_52198060_52198162	0.999683113447383
chr3	52239088	52239209	chr3_52239088_52239209	0.99600384809785
chr3	52278600	52278689	chr3_52278600_52278689	0.998905970177368
chr3	52287795	52287859	chr3_52287795_52287859	0.987993308231691
chr3	52410495	52410691	chr3_52410495_52410691	0.999534071817544
chr3	52455483	52455630	chr3_52455483_52455630	0.997450946368475
chr3	52529174	52529221	chr3_52529174_52529221	0.187687480383953
chr3	52533761	52533861	chr3_52533761_52533861	0.961890759547288
chr3	52534968	52535092	chr3_52534968_52535092	0.982235237469828
chr3	52536579	52536707	chr3_52536579_52536707	0.999811286978103
chr3	52685773	52685978	chr3_52685773_52685978	0.999520982908195
chr3	52685965	52686033	chr3_52685965_52686033	0.999943372654942
chr3	52705768	52705830	chr3_52705768_52705830	0.988569357431468
chr3	52705807	52705921	chr3_52705807_52705921	0.984899560964512
chr3	52705975	52706076	chr3_52705975_52706076	0.992374939830914
chr3	52706070	52706117	chr3_52706070_52706117	0.998588711338043
chr3	52770891	52770951	chr3_52770891_52770951	0.997444830119241
chr3	53130421	53130496	chr3_53130421_53130496	0.99981963713655
chr3	53161168	53161217	chr3_53161168_53161217	0.94971443170412
chr3	53256017	53256088	chr3_53256017_53256088	0.999700159785305
chr3	53347500	53347610	chr3_53347500_53347610	0.99980953713637
chr3	53882133	53882207	chr3_53882133_53882207	0.994590385082742
chr3	53891846	53891910	chr3_53891846_53891910	0.999828333117826
chr3	56557158	56557229	chr3_56557158_56557229	0.998539461076782
chr3	57227705	57227817	chr3_57227705_57227817	0.99924519184609
chr3	57556240	57556316	chr3_57556240_57556316	0.998370540300133
chr3	57597375	57597504	chr3_57597375_57597504	0.999965310037633
chr3	57756207	57756310	chr3_57756207_57756310	0.999767748716499
chr3	58237772	58237864	chr3_58237772_58237864	0.95363545733112
chr3	58306227	58306286	chr3_58306227_58306286	0.999854596455391
chr3	58332862	58332937	chr3_58332862_58332937	0.976754592758236
chr3	58433819	58433898	chr3_58433819_58433898	0.999071784188452
chr3	58491982	58492136	chr3_58491982_58492136	0.996830050760587
chr3	63863800	63863965	chr3_63863800_63863965	0.951782094355185
chr3	64023460	64023555	chr3_64023460_64023555	0.999025316942389
chr3	66220984	66221032	chr3_66220984_66221032	0.998477880600415
chr3	67654591	67654681	chr3_67654591_67654681	0.999196418059831
chr3	68635679	68635694	chr3_68635679_68635694	0.102638975136035
chr3	68637265	68637271	chr3_68637265_68637271	0.0262148429377496
chr3	69052272	69052382	chr3_69052272_69052382	0.999928302961403
chr3	69080358	69080419	chr3_69080358_69080419	0.998620739826296
chr3	69084885	69085024	chr3_69084885_69085024	0.999512928537756
chr3	69739414	69739483	chr3_69739414_69739483	0.997227409726175
chr3	72848412	72848482	chr3_72848412_72848482	0.999660060045837
chr3	72996747	72996822	chr3_72996747_72996822	0.998577806762284
chr3	75435022	75435166	chr3_75435022_75435166	0.994804142560573
chr3	75785516	75785595	chr3_75785516_75785595	0.993047900705203
chr3	81761675	81761837	chr3_81761675_81761837	0.996546625058468
chr3	87227245	87227329	chr3_87227245_87227329	0.998665078277953
chr3	88058973	88059031	chr3_88058973_88059031	0.999274353832973
chr3	88149645	88149781	chr3_88149645_88149781	0.974245505866029
chr3	88149870	88149988	chr3_88149870_88149988	0.999010414875426
chr3	93973844	93973991	chr3_93973844_93973991	0.99970301076454
chr3	93980101	93980231	chr3_93980101_93980231	0.999716380148714
chr3	97972411	97972481	chr3_97972411_97972481	0.956197597940604
chr3	98522878	98523043	chr3_98522878_98523043	0.999888471462582
chr3	98593609	98593676	chr3_98593609_98593676	0.997742062804535
chr3	99817821	99817911	chr3_99817821_99817911	0.998881409042175
chr3	100146967	100146970	chr3_100146967_100146970	0.0227334395959444
chr3	100260831	100261016	chr3_100260831_100261016	0.999985370760671
chr3	100334681	100334763	chr3_100334681_100334763	0.998730338347263
chr3	100401071	100401171	chr3_100401071_100401171	0.999775985614044
chr3	100401338	100401452	chr3_100401338_100401452	0.998802214124343
chr3	100401525	100401602	chr3_100401525_100401602	0.9991127241469
chr3	100709278	100709380	chr3_100709278_100709380	0.999963764282518
chr3	100709420	100709434	chr3_100709420_100709434	0.997613931158436
chr3	100709483	100709545	chr3_100709483_100709545	0.998852890718858
chr3	101561817	101561905	chr3_101561817_101561905	0.99980161484527
chr3	101574159	101574204	chr3_101574159_101574204	0.999874230782546
chr3	101576954	101576992	chr3_101576954_101576992	0.402411379677347
chr3	101677093	101677171	chr3_101677093_101677171	0.999930721648618
chr3	101686695	101686827	chr3_101686695_101686827	0.999977255277521
chr3	107522930	107522989	chr3_107522930_107522989	0.996556102363429
chr3	108091015	108091112	chr3_108091015_108091112	0.999311740635998
chr3	108222401	108222498	chr3_108222401_108222498	0.999772279465514
chr3	108589401	108589498	chr3_108589401_108589498	0.999288202978173
chr3	110505124	110505128	chr3_110505124_110505128	0.704326628253919
chr3	111978953	111979046	chr3_111978953_111979046	0.999793326405359
chr3	112086318	112086401	chr3_112086318_112086401	0.987018367587127
chr3	112561898	112561994	chr3_112561898_112561994	0.999905565544934
chr3	112561983	112562078	chr3_112561983_112562078	0.99975670188498
chr3	112990872	112990996	chr3_112990872_112990996	0.999771233639889
chr3	113019625	113019765	chr3_113019625_113019765	0.999446876157627
chr3	113718991	113718997	chr3_113718991_113718997	0.0219387856951005
chr3	113746193	113746299	chr3_113746193_113746299	0.999545749366866
chr3	113746994	113747066	chr3_113746994_113747066	0.978371492250764
chr3	114056730	114056802	chr3_114056730_114056802	0.999296653425092
chr3	119240873	119241040	chr3_119240873_119241040	0.998656710052208
chr3	119463588	119463694	chr3_119463588_119463694	0.999895578930617
chr3	119468892	119469010	chr3_119468892_119469010	0.998717090545144
chr3	119498482	119498581	chr3_119498482_119498581	0.999934944650193
chr3	119559608	119559675	chr3_119559608_119559675	0.985721091673945
chr3	119677376	119677475	chr3_119677376_119677475	0.999823197569252
chr3	120094373	120094514	chr3_120094373_120094514	0.999082205246418
chr3	120349301	120349423	chr3_120349301_120349423	0.999425226507252
chr3	120596221	120596350	chr3_120596221_120596350	0.99997843163389
chr3	120742511	120742547	chr3_120742511_120742547	0.999008637314797
chr3	120742656	120742771	chr3_120742656_120742771	0.999879240875473
chr3	121545980	121546022	chr3_121545980_121546022	0.997601992041011
chr3	121660901	121660953	chr3_121660901_121660953	0.690679145800292
chr3	121834988	121835006	chr3_121834988_121835006	0.978558843976455
chr3	121835035	121835099	chr3_121835035_121835099	0.999515297861947
chr3	121835164	121835238	chr3_121835164_121835238	0.999612178880995
chr3	122359589	122359599	chr3_122359589_122359599	0.0331963902147773
chr3	122383206	122383255	chr3_122383206_122383255	0.9981986590705
chr3	122384131	122384230	chr3_122384131_122384230	0.999890704504034
chr3	122416037	122416115	chr3_122416037_122416115	0.998998236750242
chr3	122514914	122514993	chr3_122514914_122514993	0.998027862186464
chr3	122793769	122793851	chr3_122793769_122793851	0.997878734520756
chr3	123066993	123067108	chr3_123066993_123067108	0.997848168688411
chr3	123201856	123201962	chr3_123201856_123201962	0.999609320808837
chr3	123961228	123961441	chr3_123961228_123961441	0.999576327936157
chr3	124730390	124730452	chr3_124730390_124730452	0.999318375047051
chr3	125375234	125375372	chr3_125375234_125375372	0.998936595678614
chr3	125520181	125520290	chr3_125520181_125520290	0.999748701986833
chr3	126084111	126084383	chr3_126084111_126084383	0.995670049598269
chr3	126704195	126704284	chr3_126704195_126704284	0.999263809052506
chr3	127590719	127590779	chr3_127590719_127590779	0.999131577616858
chr3	127598308	127598432	chr3_127598308_127598432	0.999971852112337
chr3	127629125	127629202	chr3_127629125_127629202	0.966799420009215
chr3	128052256	128052443	chr3_128052256_128052443	0.999764653987954
chr3	128071674	128071683	chr3_128071674_128071683	0.0370233997181811
chr3	128123787	128123838	chr3_128123787_128123838	0.999598190609498
chr3	128153412	128153487	chr3_128153412_128153487	0.985397334048505
chr3	128487924	128487932	chr3_128487924_128487932	0.996816669190962
chr3	128489198	128489263	chr3_128489198_128489263	0.9878927866367
chr3	128493196	128493205	chr3_128493196_128493205	0.396598086147603
chr3	128650793	128650917	chr3_128650793_128650917	0.99986085205262
chr3	128726120	128726184	chr3_128726120_128726184	0.999915195787822
chr3	128879559	128879646	chr3_128879559_128879646	0.999715495554562
chr3	129161054	129161133	chr3_129161054_129161133	0.9974119445064
chr3	129183892	129184006	chr3_129183892_129184006	0.999955961824744
chr3	129249559	129249633	chr3_129249559_129249633	0.999646452703532
chr3	129278779	129278875	chr3_129278779_129278875	0.999403944577511
chr3	129439936	129439971	chr3_129439936_129439971	0.998783403864981
chr3	129440013	129440052	chr3_129440013_129440052	0.999663810138145
chr3	131026739	131026854	chr3_131026739_131026854	0.995425618235165
chr3	131361803	131361925	chr3_131361803_131361925	0.995991407687001
chr3	131381761	131381862	chr3_131381761_131381862	0.998627672741906
chr3	131502935	131503023	chr3_131502935_131503023	0.999670181213355
chr3	132660260	132660371	chr3_132660260_132660371	0.991760058214044
chr3	133588796	133588797	chr3_133588796_133588797	0.0083299051597871
chr3	133589552	133589575	chr3_133589552_133589575	0.155031125078465
chr3	133590255	133590274	chr3_133590255_133590274	0.103464523557526
chr3	133661816	133661834	chr3_133661816_133661834	0.303419783751329
chr3	133661859	133661985	chr3_133661859_133661985	0.997799812400169
chr3	133805724	133805844	chr3_133805724_133805844	0.999874672459106
chr3	133819917	133819918	chr3_133819917_133819918	0.00568640748701538
chr3	133820666	133820685	chr3_133820666_133820685	0.0957785916300681
chr3	134485702	134485785	chr3_134485702_134485785	0.991694621624962
chr3	134485981	134486054	chr3_134485981_134486054	0.999699465927904
chr3	136250307	136250370	chr3_136250307_136250370	0.999654372203906
chr3	136752334	136752458	chr3_136752334_136752458	0.999838334952533
chr3	136862146	136862267	chr3_136862146_136862267	0.999664398162851
chr3	138174887	138174956	chr3_138174887_138174956	0.995503297004949
chr3	138187266	138187356	chr3_138187266_138187356	0.998029695215267
chr3	138187517	138187538	chr3_138187517_138187538	0.756757532857069
chr3	138594223	138594410	chr3_138594223_138594410	0.99976180322062
chr3	138834883	138834968	chr3_138834883_138834968	0.999394678644973
chr3	139343979	139344020	chr3_139343979_139344020	0.999827746053704
chr3	139389636	139389751	chr3_139389636_139389751	0.999996170768675
chr3	140941778	140941872	chr3_140941778_140941872	0.999978559671107
chr3	141368473	141368568	chr3_141368473_141368568	0.997555985066863
chr3	141486960	141487074	chr3_141486960_141487074	0.99056688644694
chr3	141738181	141738325	chr3_141738181_141738325	0.999955797589314
chr3	141876499	141876644	chr3_141876499_141876644	0.999813599189456
chr3	142028602	142028649	chr3_142028602_142028649	0.998553296670381
chr3	142029131	142029179	chr3_142029131_142029179	0.980869323917743
chr3	142149482	142149567	chr3_142149482_142149567	0.95841257640784
chr3	142447986	142448073	chr3_142447986_142448073	0.999808937065386
chr3	142578696	142578893	chr3_142578696_142578893	0.999942675939624
chr3	142596381	142596419	chr3_142596381_142596419	0.999036347705142
chr3	143001507	143001636	chr3_143001507_143001636	0.999985990863825
chr3	143119753	143119844	chr3_143119753_143119844	0.995374535941172
chr3	143122957	143122970	chr3_143122957_143122970	0.0883202632355312
chr3	146544552	146544555	chr3_146544552_146544555	0.571392248570269
chr3	146544703	146544791	chr3_146544703_146544791	0.999893070790584
chr3	148991292	148991541	chr3_148991292_148991541	0.999287235308007
chr3	149086498	149086574	chr3_149086498_149086574	0.999922200437972
chr3	149129596	149129688	chr3_149129596_149129688	0.998224894097724
chr3	149752466	149752525	chr3_149752466_149752525	0.99868812595824
chr3	149813194	149813245	chr3_149813194_149813245	0.999359478106104
chr3	150459558	150459575	chr3_150459558_150459575	0.0713802020038944
chr3	150541996	150542001	chr3_150541996_150542001	0.0261544094771837
chr3	150542508	150542513	chr3_150542508_150542513	0.0220647171589217
chr3	150544212	150544223	chr3_150544212_150544223	0.0668064421769667
chr3	150546439	150546446	chr3_150546439_150546446	0.993741129549182
chr3	150546493	150546644	chr3_150546493_150546644	0.999997237122438
chr3	150546644	150546795	chr3_150546644_150546795	0.999996763292346
chr3	150603253	150603327	chr3_150603253_150603327	0.999971739388102
chr3	150763428	150763511	chr3_150763428_150763511	0.999496646448258
chr3	152268847	152268932	chr3_152268847_152268932	0.99982190971663
chr3	152465751	152465780	chr3_152465751_152465780	0.13232643312732
chr3	152834869	152834936	chr3_152834869_152834936	0.996116022114136
chr3	152835083	152835131	chr3_152835083_152835131	0.994810848467024
chr3	153162148	153162240	chr3_153162148_153162240	0.999887523117288
chr3	153163634	153163664	chr3_153163634_153163664	0.325533701045226
chr3	153164720	153164736	chr3_153164720_153164736	0.131293112129555
chr3	154324460	154324499	chr3_154324460_154324499	0.99929317686835
chr3	155806254	155806304	chr3_155806254_155806304	0.994951722061055
chr3	155854395	155854469	chr3_155854395_155854469	0.99979020059848
chr3	155870475	155870670	chr3_155870475_155870670	0.999979629248173
chr3	156540132	156540149	chr3_156540132_156540149	0.0703293424695528
chr3	156540890	156540895	chr3_156540890_156540895	0.030031542742297
chr3	156555106	156555198	chr3_156555106_156555198	0.999986588688957
chr3	156674529	156674615	chr3_156674529_156674615	0.999950686309192
chr3	157160117	157160234	chr3_157160117_157160234	0.999972586038887
chr3	158105732	158105795	chr3_158105732_158105795	0.948405385440828
chr3	158110053	158110146	chr3_158110053_158110146	0.999720923549683
chr3	158545187	158545198	chr3_158545187_158545198	0.0551763137120097
chr3	158545715	158545734	chr3_158545715_158545734	0.0968700586671375
chr3	158571141	158571194	chr3_158571141_158571194	0.999901603407648
chr3	158644490	158644573	chr3_158644490_158644573	0.99994743322339
chr3	158802002	158802104	chr3_158802002_158802104	0.999934761875314
chr3	160399275	160399349	chr3_160399275_160399349	0.999764703697718
chr3	160399604	160399669	chr3_160399604_160399669	0.999701351142314
chr3	160435501	160435509	chr3_160435501_160435509	0.0599913835749194
chr3	160436818	160436826	chr3_160436818_160436826	0.0561999957906833
chr3	160449696	160449839	chr3_160449696_160449839	0.99995209027183
chr3	160565529	160565542	chr3_160565529_160565542	0.994198776736982
chr3	160565568	160565621	chr3_160565568_160565621	0.999917990366853
chr3	161221252	161221320	chr3_161221252_161221320	0.999909086658626
chr3	161429060	161429064	chr3_161429060_161429064	0.0238733831877035
chr3	161429585	161429615	chr3_161429585_161429615	0.397901934649462
chr3	163499863	163499866	chr3_163499863_163499866	0.39134303699863
chr3	165918030	165918035	chr3_165918030_165918035	0.732853694102601
chr3	167734866	167734952	chr3_167734866_167734952	0.999958392976253
chr3	167735676	167735730	chr3_167735676_167735730	0.998756182088856
chr3	168008670	168008689	chr3_168008670_168008689	0.120914544672945
chr3	168009447	168009448	chr3_168009447_168009448	0.0081454854888806
chr3	168095872	168095981	chr3_168095872_168095981	0.999778289110921
chr3	169146519	169146578	chr3_169146519_169146578	0.990484603177654
chr3	169773371	169773404	chr3_169773371_169773404	0.999538126357811
chr3	169966777	169966811	chr3_169966777_169966811	0.999735897579344
chr3	170222335	170222486	chr3_170222335_170222486	0.999978752947461
chr3	170394114	170394171	chr3_170394114_170394171	0.214026016824214
chr3	170395735	170395791	chr3_170395735_170395791	0.219659859634782
chr3	170870194	170870237	chr3_170870194_170870237	0.999968669422497
chr3	170908560	170908726	chr3_170908560_170908726	0.99990402279715
chr3	171460372	171460469	chr3_171460372_171460469	0.999930211624365
chr3	171460513	171460634	chr3_171460513_171460634	0.99993700565189
chr3	172750655	172750786	chr3_172750655_172750786	0.999988422085769
chr3	177023293	177023328	chr3_177023293_177023328	0.147755294165807
chr3	177024726	177024749	chr3_177024726_177024749	0.0901785164556062
chr3	177197144	177197406	chr3_177197144_177197406	0.997872640734974
chr3	179261389	179261480	chr3_179261389_179261480	0.998395655345836
chr3	179322854	179323055	chr3_179322854_179323055	0.999765006824768
chr3	179347687	179347760	chr3_179347687_179347760	0.99975579811228
chr3	179451423	179451683	chr3_179451423_179451683	0.99914985038269
chr3	179562880	179562964	chr3_179562880_179562964	0.99998871016946
chr3	179604633	179604678	chr3_179604633_179604678	0.999939386283223
chr3	179604776	179604810	chr3_179604776_179604810	0.999628528513413
chr3	180602109	180602208	chr3_180602109_180602208	0.999814067723651
chr3	180912641	180912677	chr3_180912641_180912677	0.995790411028761
chr3	180989704	180989816	chr3_180989704_180989816	0.999975494986697
chr3	182943132	182943136	chr3_182943132_182943136	0.0176392708895582
chr3	182980507	182980620	chr3_182980507_182980620	0.998750249779845
chr3	183099494	183099619	chr3_183099494_183099619	0.999982409675032
chr3	183253149	183253289	chr3_183253149_183253289	0.986299970199817
chr3	183447563	183447674	chr3_183447563_183447674	0.999939947975821
chr3	183635595	183635655	chr3_183635595_183635655	0.999600155864998
chr3	183884850	183884932	chr3_183884850_183884932	0.999906035128574
chr3	184017880	184017974	chr3_184017880_184017974	0.999729659127048
chr3	184135265	184135379	chr3_184135265_184135379	0.999959021704162
chr3	184174783	184174897	chr3_184174783_184174897	0.999990117243328
chr3	184186064	184186201	chr3_184186064_184186201	0.99999467205587
chr3	184248944	184248996	chr3_184248944_184248996	0.999826073057855
chr3	184249463	184249585	chr3_184249463_184249585	0.999936611965305
chr3	184249625	184249765	chr3_184249625_184249765	0.999988323058198
chr3	184299130	184299255	chr3_184299130_184299255	0.999982741206021
chr3	184314504	184314606	chr3_184314504_184314606	0.999935619677936
chr3	184335889	184336009	chr3_184335889_184336009	0.998533940557592
chr3	184361576	184361677	chr3_184361576_184361677	0.932868999356548
chr3	184361661	184361958	chr3_184361661_184361958	0.957696964854596
chr3	184363320	184363402	chr3_184363320_184363402	0.999993928883999
chr3	184710362	184710369	chr3_184710362_184710369	0.0363123152121793
chr3	184711992	184712128	chr3_184711992_184712128	0.999779156639731
chr3	184812109	184812197	chr3_184812109_184812197	0.999897127589793
chr3	185418789	185418835	chr3_185418789_185418835	0.302597054333002
chr3	185498968	185499063	chr3_185498968_185499063	0.999698862021022
chr3	185586189	185586324	chr3_185586189_185586324	0.999987892033577
chr3	185825015	185825072	chr3_185825015_185825072	0.974324147209261
chr3	185937980	185938143	chr3_185937980_185938143	0.999995063009805
chr3	186109054	186109133	chr3_186109054_186109133	0.999614996980775
chr3	186567315	186567378	chr3_186567315_186567378	0.999521559008267
chr3	186570596	186570733	chr3_186570596_186570733	0.999983509149481
chr3	186596960	186596984	chr3_186596960_186596984	0.263727191323718
chr3	186783518	186783578	chr3_186783518_186783578	0.99963897491147
chr3	186806459	186806526	chr3_186806459_186806526	0.999792613512483
chr3	187139406	187139535	chr3_187139406_187139535	0.999904675683868
chr3	191329197	191329439	chr3_191329197_191329439	0.999100362124749
chr3	191425523	191425531	chr3_191425523_191425531	0.900965686349549
chr3	193593105	193593247	chr3_193593105_193593247	0.999984274399143
chr3	194136140	194136162	chr3_194136140_194136162	0.9973898037631
chr3	194672179	194672248	chr3_194672179_194672248	0.999879818886904
chr3	195271102	195271183	chr3_195271102_195271183	0.998606692571397
chr3	195442970	195443131	chr3_195442970_195443131	0.999975219500388
chr3	195543318	195543385	chr3_195543318_195543385	0.999759576097904
chr3	195658010	195658071	chr3_195658010_195658071	0.998580298358556
chr3	195990237	195990332	chr3_195990237_195990332	0.990490047428473
chr3	196049282	196049286	chr3_196049282_196049286	0.0302443129695742
chr3	196082087	196082169	chr3_196082087_196082169	0.999986449654699
chr3	196238485	196238490	chr3_196238485_196238490	0.0253945131664915
chr3	196287624	196287765	chr3_196287624_196287765	0.999946441031168
chr3	196318195	196318320	chr3_196318195_196318320	0.999786395411232
chr3	196338375	196338549	chr3_196338375_196338549	0.998778276825875
chr3	196503574	196503862	chr3_196503574_196503862	0.999984143782167
chr3	196568485	196568580	chr3_196568485_196568580	0.999639903392884
chr3	196568613	196568673	chr3_196568613_196568673	0.999820903546568
chr3	196586911	196586912	chr3_196586911_196586912	0.00519195961071702
chr3	196712191	196712303	chr3_196712191_196712303	0.998893082840315
chr3	196712288	196712380	chr3_196712288_196712380	0.999316508432027
chr3	196739762	196739948	chr3_196739762_196739948	0.999948510866701
chr3	196867832	196867937	chr3_196867832_196867937	0.999835381952058
chr3	196932727	196932761	chr3_196932727_196932761	0.267900494233022
chr3	196934298	196934331	chr3_196934298_196934331	0.311414109812703
chr3	196934704	196934714	chr3_196934704_196934714	0.0905284463151057
chr3	196935400	196935409	chr3_196935400_196935409	0.0359854058529949
chr3	196942525	196942589	chr3_196942525_196942589	0.999994419009992
chr3	196942616	196942677	chr3_196942616_196942677	0.999985125885513
chr3	196943536	196943543	chr3_196943536_196943543	0.0446172570315128
chr3	197627842	197627917	chr3_197627842_197627917	0.995313040642252
chr3	197673707	197673744	chr3_197673707_197673744	0.172771447715641
chr3	197674926	197674927	chr3_197674926_197674927	0.00493468083678042
chr3	197749750	197749931	chr3_197749750_197749931	0.999901304410736
chr3	197791224	197791270	chr3_197791224_197791270	0.978927041618875
chr3	197950135	197950193	chr3_197950135_197950193	0.999931743199227
chr3	197960185	197960266	chr3_197960185_197960266	0.999759510348664
chr3	198157477	198157561	chr3_198157477_198157561	0.286885433612243
