chr2	264805	264948	chr2_264805_264948	0.999927514326676
chr2	677386	677463	chr2_677386_677463	0.999413778331712
chr2	3377815	3377909	chr2_3377815_3377909	0.999910806194106
chr2	3379659	3379723	chr2_3379659_3379723	0.998894083366343
chr2	3519526	3519610	chr2_3519526_3519610	0.976064390913042
chr2	3558299	3558393	chr2_3558299_3558393	0.99984446547649
chr2	3575209	3575305	chr2_3575209_3575305	0.999894259324172
chr2	6865662	6865736	chr2_6865662_6865736	0.95151412096992
chr2	7725680	7725813	chr2_7725680_7725813	0.927269210333518
chr2	8682016	8682056	chr2_8682016_8682056	0.999138577223134
chr2	8682443	8682447	chr2_8682443_8682447	0.957082111771459
chr2	8837571	8837648	chr2_8837571_8837648	0.987166982501566
chr2	9003664	9003897	chr2_9003664_9003897	0.993435047225917
chr2	9423464	9423628	chr2_9423464_9423628	0.999867070252853
chr2	9423535	9423658	chr2_9423535_9423658	0.999900423079686
chr2	9472915	9472916	chr2_9472915_9472916	0.0194948795061724
chr2	9474505	9474562	chr2_9474505_9474562	0.927871937850668
chr2	9555752	9555896	chr2_9555752_9555896	0.999577727717877
chr2	9630968	9631095	chr2_9630968_9631095	0.999898218951224
chr2	9843350	9843500	chr2_9843350_9843500	0.999591028004432
chr2	10080193	10080278	chr2_10080193_10080278	0.904352016951718
chr2	10122323	10122376	chr2_10122323_10122376	0.684281837734805
chr2	10122653	10122741	chr2_10122653_10122741	0.998546254089818
chr2	10302829	10302918	chr2_10302829_10302918	0.946892731432479
chr2	10448325	10448328	chr2_10448325_10448328	0.986904826459784
chr2	10448391	10448393	chr2_10448391_10448393	0.950407636463814
chr2	10448486	10448591	chr2_10448486_10448591	0.994126783303175
chr2	10689934	10689997	chr2_10689934_10689997	0.998763160702908
chr2	10808450	10808460	chr2_10808450_10808460	0.0686037003273965
chr2	10812782	10812859	chr2_10812782_10812859	0.998941046663353
chr2	11155364	11155478	chr2_11155364_11155478	0.889448057962091
chr2	11181873	11181879	chr2_11181873_11181879	0.0261635162377556
chr2	11344626	11344722	chr2_11344626_11344722	0.897580166396018
chr2	11466109	11466192	chr2_11466109_11466192	0.972438872486645
chr2	11746583	11746640	chr2_11746583_11746640	0.9648202038184
chr2	11867190	11867197	chr2_11867190_11867197	0.900382227710593
chr2	15591728	15591907	chr2_15591728_15591907	0.99659880750657
chr2	16665807	16665889	chr2_16665807_16665889	0.616184924501606
chr2	17753777	17753842	chr2_17753777_17753842	0.988724736210745
chr2	17754099	17754180	chr2_17754099_17754180	0.989862984574444
chr2	18560641	18560729	chr2_18560641_18560729	0.998131880864762
chr2	19990059	19990190	chr2_19990059_19990190	0.994889265699942
chr2	20032811	20032812	chr2_20032811_20032812	0.00982780796643011
chr2	20051618	20051712	chr2_20051618_20051712	0.99996258331708
chr2	20350646	20350740	chr2_20350646_20350740	0.983577672440489
chr2	20350828	20350855	chr2_20350828_20350855	0.988399584650576
chr2	20823072	20823134	chr2_20823072_20823134	0.993521271923181
chr2	23927040	23927215	chr2_23927040_23927215	0.998845734249487
chr2	23940396	23940467	chr2_23940396_23940467	0.995150409175457
chr2	24047350	24047426	chr2_24047350_24047426	0.998926149002793
chr2	24076322	24076495	chr2_24076322_24076495	0.999991935191202
chr2	24360513	24360557	chr2_24360513_24360557	0.9934513897874
chr2	24360721	24360807	chr2_24360721_24360807	0.999393555400101
chr2	24491209	24491275	chr2_24491209_24491275	0.720985229535148
chr2	24793343	24793391	chr2_24793343_24793391	0.999482213927087
chr2	24793381	24793489	chr2_24793381_24793489	0.999656746465995
chr2	24920200	24920266	chr2_24920200_24920266	0.834954535227833
chr2	25233103	25233108	chr2_25233103_25233108	0.0289646377341211
chr2	25252209	25252300	chr2_25252209_25252300	0.790268239569482
chr2	25341851	25342004	chr2_25341851_25342004	0.946742041882368
chr2	25362296	25362304	chr2_25362296_25362304	0.979009510474912
chr2	25421059	25421096	chr2_25421059_25421096	0.99038976394918
chr2	25673550	25673672	chr2_25673550_25673672	0.851308173472667
chr2	26034018	26034117	chr2_26034018_26034117	0.999959665089796
chr2	26244601	26244640	chr2_26244601_26244640	0.99415803375245
chr2	26244669	26244901	chr2_26244669_26244901	0.996726152492151
chr2	26244875	26244964	chr2_26244875_26244964	0.998570725186859
chr2	26786011	26786057	chr2_26786011_26786057	0.999107532238142
chr2	27032894	27033004	chr2_27032894_27033004	0.999321662989713
chr2	27041579	27041582	chr2_27041579_27041582	0.0330918758072467
chr2	27051633	27051689	chr2_27051633_27051689	0.997124708247319
chr2	27071642	27071744	chr2_27071642_27071744	0.999783838749808
chr2	27086717	27086783	chr2_27086717_27086783	0.986431508662316
chr2	27134616	27134706	chr2_27134616_27134706	0.99986744437496
chr2	27199769	27199773	chr2_27199769_27199773	0.0437944848262671
chr2	27211924	27211926	chr2_27211924_27211926	0.570447158898438
chr2	27211975	27212087	chr2_27211975_27212087	0.996793265664003
chr2	27212238	27212311	chr2_27212238_27212311	0.998613085313248
chr2	27212324	27212361	chr2_27212324_27212361	0.996963013278732
chr2	27323067	27323117	chr2_27323067_27323117	0.999608178254823
chr2	27356736	27356807	chr2_27356736_27356807	0.99981941013655
chr2	27370323	27370485	chr2_27370323_27370485	0.999931641021125
chr2	27370480	27370621	chr2_27370480_27370621	0.999950803271953
chr2	27380720	27380814	chr2_27380720_27380814	0.996855043031299
chr2	27409549	27409709	chr2_27409549_27409709	0.999797368473926
chr2	27428585	27428632	chr2_27428585_27428632	0.996079109461638
chr2	27428657	27428659	chr2_27428657_27428659	0.823784639254943
chr2	27582957	27583082	chr2_27582957_27583082	0.999798129979775
chr2	27628949	27629025	chr2_27628949_27629025	0.998309624164039
chr2	27628953	27629051	chr2_27628953_27629051	0.999435808049557
chr2	27663608	27663665	chr2_27663608_27663665	0.969067693112004
chr2	27663879	27663890	chr2_27663879_27663890	0.508599500648555
chr2	27771683	27771744	chr2_27771683_27771744	0.99867442297804
chr2	27779532	27779533	chr2_27779532_27779533	0.0132026848670694
chr2	27890669	27890777	chr2_27890669_27890777	0.963041678214995
chr2	28338793	28338798	chr2_28338793_28338798	0.0535085766487175
chr2	28751529	28751750	chr2_28751529_28751750	0.999922075931606
chr2	28751669	28751761	chr2_28751669_28751761	0.999787957571088
chr2	28751779	28751814	chr2_28751779_28751814	0.998923254739189
chr2	28751846	28751853	chr2_28751846_28751853	0.985555901072907
chr2	28870276	28870337	chr2_28870276_28870337	0.999220235813536
chr2	28894614	28894691	chr2_28894614_28894691	0.999799343906444
chr2	29115336	29115451	chr2_29115336_29115451	0.975937775561435
chr2	30146890	30146971	chr2_30146890_30146971	0.999355759593763
chr2	30146997	30147002	chr2_30146997_30147002	0.956753918025798
chr2	30231510	30231537	chr2_30231510_30231537	0.967166212135536
chr2	30643630	30643695	chr2_30643630_30643695	0.293702174963288
chr2	31233937	31234155	chr2_31233937_31234155	0.996286287169669
chr2	32010259	32010419	chr2_32010259_32010419	0.705801710681907
chr2	32039787	32039836	chr2_32039787_32039836	0.998654418580271
chr2	32277837	32277921	chr2_32277837_32277921	0.999430259581644
chr2	32357121	32357241	chr2_32357121_32357241	0.999359186726841
chr2	32628006	32628114	chr2_32628006_32628114	0.999858935777686
chr2	32817537	32817538	chr2_32817537_32817538	0.00614628567927103
chr2	33476211	33476300	chr2_33476211_33476300	0.949568954141855
chr2	33476597	33476649	chr2_33476597_33476649	0.981914923269064
chr2	33599224	33599351	chr2_33599224_33599351	0.999615269982984
chr2	36966510	36966644	chr2_36966510_36966644	0.997123595342201
chr2	37084275	37084386	chr2_37084275_37084386	0.999585283888416
chr2	37084440	37084552	chr2_37084440_37084552	0.998961155922316
chr2	37149025	37149026	chr2_37149025_37149026	0.0166024225652121
chr2	37156948	37157047	chr2_37156948_37157047	0.994265735594728
chr2	37196459	37196501	chr2_37196459_37196501	0.958310555395538
chr2	37231572	37231630	chr2_37231572_37231630	0.969739151930474
chr2	37231626	37231696	chr2_37231626_37231696	0.959579986077685
chr2	37324764	37324833	chr2_37324764_37324833	0.856148164334997
chr2	37646822	37646823	chr2_37646822_37646823	0.020785644059798
chr2	37671639	37671695	chr2_37671639_37671695	0.970315558073428
chr2	38076149	38076266	chr2_38076149_38076266	0.977431233444215
chr2	38377267	38377292	chr2_38377267_38377292	0.982039252482782
chr2	38602892	38603070	chr2_38602892_38603070	0.992804925631914
chr2	38751356	38751499	chr2_38751356_38751499	0.999964128525928
chr2	38778176	38778231	chr2_38778176_38778231	0.9963193909498
chr2	39779205	39779278	chr2_39779205_39779278	0.934337132060417
chr2	42169273	42169376	chr2_42169273_42169376	0.994072843707948
chr2	42361207	42361272	chr2_42361207_42361272	0.998468416144618
chr2	42568609	42568742	chr2_42568609_42568742	0.885877278523338
chr2	42763975	42764034	chr2_42763975_42764034	0.393592235282767
chr2	42792537	42792634	chr2_42792537_42792634	0.982163128146309
chr2	43226602	43226692	chr2_43226602_43226692	0.992988717479188
chr2	43595990	43596069	chr2_43595990_43596069	0.999870578424677
chr2	43995900	43995903	chr2_43995900_43995903	0.794467690191991
chr2	43995985	43996038	chr2_43995985_43996038	0.990033884669752
chr2	44168826	44168891	chr2_44168826_44168891	0.998779507529779
chr2	44361489	44361599	chr2_44361489_44361599	0.999336244698817
chr2	45611240	45611295	chr2_45611240_45611295	0.999578561589307
chr2	46542604	46542737	chr2_46542604_46542737	0.921750525445638
chr2	46617025	46617122	chr2_46617025_46617122	0.999889374420536
chr2	46617164	46617263	chr2_46617164_46617263	0.999609248830858
chr2	46628254	46628262	chr2_46628254_46628262	0.0470078411343442
chr2	46915783	46915842	chr2_46915783_46915842	0.953539739555829
chr2	46941172	46941235	chr2_46941172_46941235	0.985659321999667
chr2	47176508	47176581	chr2_47176508_47176581	0.999911040408487
chr2	47403027	47403166	chr2_47403027_47403166	0.999680560277791
chr2	47783042	47783183	chr2_47783042_47783183	0.998983717439573
chr2	48314621	48314734	chr2_48314621_48314734	0.996466672034361
chr2	48440741	48440855	chr2_48440741_48440855	0.998355137826468
chr2	53767755	53767898	chr2_53767755_53767898	0.99527134139435
chr2	53786933	53787035	chr2_53786933_53787035	0.996720183706939
chr2	53787004	53787063	chr2_53787004_53787063	0.99536531512341
chr2	53971070	53971151	chr2_53971070_53971151	0.965404091314233
chr2	54304881	54304891	chr2_54304881_54304891	0.05190315384667
chr2	54558330	54558384	chr2_54558330_54558384	0.904317755067208
chr2	54558834	54558839	chr2_54558834_54558839	0.112076739344566
chr2	55050494	55050575	chr2_55050494_55050575	0.999805052856118
chr2	55232601	55232688	chr2_55232601_55232688	0.998994204546839
chr2	55246456	55246457	chr2_55246456_55246457	0.0103348139535112
chr2	55269190	55269293	chr2_55269190_55269293	0.995866617986685
chr2	55419823	55419944	chr2_55419823_55419944	0.990796150100692
chr2	55519557	55519717	chr2_55519557_55519717	0.999736908921816
chr2	55617598	55617818	chr2_55617598_55617818	0.999964081706685
chr2	55693831	55693896	chr2_55693831_55693896	0.999657293292477
chr2	58046620	58046732	chr2_58046620_58046732	0.999110839662805
chr2	58046763	58046821	chr2_58046763_58046821	0.997702036100934
chr2	58048921	58048926	chr2_58048921_58048926	0.0522939819028385
chr2	58159541	58159546	chr2_58159541_58159546	0.0359015646345991
chr2	58241322	58241406	chr2_58241322_58241406	0.985147836291241
chr2	60553214	60553291	chr2_60553214_60553291	0.372615347872145
chr2	60553276	60553391	chr2_60553276_60553391	0.619018034670143
chr2	60881472	60881679	chr2_60881472_60881679	0.999447969743645
chr2	60922768	60922770	chr2_60922768_60922770	0.0116396103558965
chr2	60929666	60929687	chr2_60929666_60929687	0.0997755305184234
chr2	61017678	61017736	chr2_61017678_61017736	0.925968101111166
chr2	61144891	61145000	chr2_61144891_61145000	0.999699509799388
chr2	61177386	61177472	chr2_61177386_61177472	0.995537596178784
chr2	61537783	61537790	chr2_61537783_61537790	0.589842602989973
chr2	61537824	61537830	chr2_61537824_61537830	0.651561035730873
chr2	61538229	61538258	chr2_61538229_61538258	0.999669243541594
chr2	61538323	61538379	chr2_61538323_61538379	0.999816019958744
chr2	61888612	61888701	chr2_61888612_61888701	0.995788084515549
chr2	61905637	61905675	chr2_61905637_61905675	0.950530403680929
chr2	62196051	62196127	chr2_62196051_62196127	0.993195387391024
chr2	63588729	63588973	chr2_63588729_63588973	0.999987018150644
chr2	63840936	63841014	chr2_63840936_63841014	0.999787380964341
chr2	63841887	63841898	chr2_63841887_63841898	0.801580720519447
chr2	64019368	64019564	chr2_64019368_64019564	0.901534534527264
chr2	64144393	64144461	chr2_64144393_64144461	0.989155473215555
chr2	64524288	64524454	chr2_64524288_64524454	0.999459035731405
chr2	64932431	64932492	chr2_64932431_64932492	0.998163595565394
chr2	64989300	64989399	chr2_64989300_64989399	0.995016143665373
chr2	64989528	64989530	chr2_64989528_64989530	0.608450378971164
chr2	64994523	64994552	chr2_64994523_64994552	0.453596451659371
chr2	65056347	65056449	chr2_65056347_65056449	0.998773315512405
chr2	65130096	65130202	chr2_65130096_65130202	0.999892455173217
chr2	65227710	65227832	chr2_65227710_65227832	0.999846165793071
chr2	67397298	67397402	chr2_67397298_67397402	0.962151486861198
chr2	68062988	68063033	chr2_68062988_68063033	0.990258357585633
chr2	68157478	68157589	chr2_68157478_68157589	0.993015241543822
chr2	68157825	68157917	chr2_68157825_68157917	0.998604858391566
chr2	68365116	68365168	chr2_68365116_68365168	0.901804094533495
chr2	68365222	68365284	chr2_68365222_68365284	0.983278004386771
chr2	69387212	69387298	chr2_69387212_69387298	0.999172482261334
chr2	69437398	69437506	chr2_69437398_69437506	0.999162939997622
chr2	69742056	69742134	chr2_69742056_69742134	0.998009947268637
chr2	69829609	69829696	chr2_69829609_69829696	0.999479417678729
chr2	69893942	69893967	chr2_69893942_69893967	0.79943456619454
chr2	70086268	70086316	chr2_70086268_70086316	0.959819957012913
chr2	70087422	70087482	chr2_70087422_70087482	0.99805369418706
chr2	70088126	70088128	chr2_70088126_70088128	0.852424726390666
chr2	70088673	70088674	chr2_70088673_70088674	0.161906216325662
chr2	70248614	70248793	chr2_70248614_70248793	0.999940919603985
chr2	70258067	70258147	chr2_70258067_70258147	0.985728227645141
chr2	70281672	70281675	chr2_70281672_70281675	0.0598236077778671
chr2	70293712	70293771	chr2_70293712_70293771	0.999942130321061
chr2	70302022	70302030	chr2_70302022_70302030	0.931365829103597
chr2	70302057	70302134	chr2_70302057_70302134	0.993638495163528
chr2	70994827	70994909	chr2_70994827_70994909	0.92032907118492
chr2	71068249	71068345	chr2_71068249_71068345	0.999788494314393
chr2	71068554	71068649	chr2_71068554_71068649	0.999743429209658
chr2	71130295	71130389	chr2_71130295_71130389	0.98278475254579
chr2	71130522	71130639	chr2_71130522_71130639	0.998496095967949
chr2	71331686	71331794	chr2_71331686_71331794	0.999251667197231
chr2	72887346	72887420	chr2_72887346_72887420	0.908199887785577
chr2	73071706	73071777	chr2_73071706_73071777	0.979461225533379
chr2	73214212	73214336	chr2_73214212_73214336	0.995120086637318
chr2	73233208	73233317	chr2_73233208_73233317	0.999751587213108
chr2	73234229	73234326	chr2_73234229_73234326	0.999684010649858
chr2	73737327	73737450	chr2_73737327_73737450	0.999685200821318
chr2	73780099	73780169	chr2_73780099_73780169	0.99936698788904
chr2	73828917	73828989	chr2_73828917_73828989	0.999284518181872
chr2	73926796	73926894	chr2_73926796_73926894	0.999966159672762
chr2	74145260	74145265	chr2_74145260_74145265	0.0270682159721156
chr2	74147880	74147990	chr2_74147880_74147990	0.992315281343399
chr2	74153086	74153153	chr2_74153086_74153153	0.378446798264082
chr2	74153761	74153842	chr2_74153761_74153842	0.729923235430237
chr2	74153881	74153886	chr2_74153881_74153886	0.0497455049847167
chr2	74153931	74153937	chr2_74153931_74153937	0.0922501417601622
chr2	74174417	74174465	chr2_74174417_74174465	0.471338455964544
chr2	74178841	74178917	chr2_74178841_74178917	0.999914438752281
chr2	74198513	74198616	chr2_74198513_74198616	0.999702636159063
chr2	74391844	74391900	chr2_74391844_74391900	0.977148208022801
chr2	74421697	74421747	chr2_74421697_74421747	0.998385220415986
chr2	74425566	74425567	chr2_74425566_74425567	0.0119005886226094
chr2	74441888	74441967	chr2_74441888_74441967	0.766751671090602
chr2	74455055	74455122	chr2_74455055_74455122	0.99906295122766
chr2	74458400	74458478	chr2_74458400_74458478	0.999767357372517
chr2	74465342	74465417	chr2_74465342_74465417	0.998799306724698
chr2	74472134	74472151	chr2_74472134_74472151	0.471925720530185
chr2	74472650	74472699	chr2_74472650_74472699	0.999811556266664
chr2	74483064	74483090	chr2_74483064_74483090	0.990664170217873
chr2	74507640	74507708	chr2_74507640_74507708	0.999679008840239
chr2	74529680	74529820	chr2_74529680_74529820	0.999917589291522
chr2	74529705	74529969	chr2_74529705_74529969	0.999962513039004
chr2	74549459	74549591	chr2_74549459_74549591	0.962565910766406
chr2	74552651	74552663	chr2_74552651_74552663	0.725568656435514
chr2	74554694	74554752	chr2_74554694_74554752	0.936211629422018
chr2	74834062	74834150	chr2_74834062_74834150	0.994624911759031
chr2	74893210	74893217	chr2_74893210_74893217	0.0600470621669718
chr2	74958591	74958667	chr2_74958591_74958667	0.996841082327598
chr2	75646767	75646796	chr2_75646767_75646796	0.949223123658085
chr2	75710875	75711011	chr2_75710875_75711011	0.997009625739352
chr2	84459243	84459318	chr2_84459243_84459318	0.995740515707833
chr2	84905571	84905656	chr2_84905571_84905656	0.999416245958894
chr2	84971027	84971132	chr2_84971027_84971132	0.96445856082476
chr2	85319415	85319427	chr2_85319415_85319427	0.0940103990347752
chr2	85327974	85328026	chr2_85327974_85328026	0.996125437912418
chr2	85354697	85354776	chr2_85354697_85354776	0.999699562653756
chr2	85410346	85410391	chr2_85410346_85410391	0.980396747494309
chr2	85539102	85539168	chr2_85539102_85539168	0.999178862432832
chr2	85577497	85577585	chr2_85577497_85577585	0.998180689494409
chr2	85595660	85595756	chr2_85595660_85595756	0.999910173609153
chr2	85607897	85607903	chr2_85607897_85607903	0.0651948854990023
chr2	85608488	85608492	chr2_85608488_85608492	0.0293826187664786
chr2	85611999	85612087	chr2_85611999_85612087	0.997608496608559
chr2	85616074	85616190	chr2_85616074_85616190	0.999915782937769
chr2	85888879	85889058	chr2_85888879_85889058	0.983581461947739
chr2	86106170	86106238	chr2_86106170_86106238	0.999760696681487
chr2	86144179	86144201	chr2_86144179_86144201	0.235339699147661
chr2	86195392	86195508	chr2_86195392_86195508	0.999029754714397
chr2	86199420	86199484	chr2_86199420_86199484	0.997675147432018
chr2	86441312	86441382	chr2_86441312_86441382	0.999320464723672
chr2	86492580	86492583	chr2_86492580_86492583	0.0254676162251033
chr2	86563375	86563508	chr2_86563375_86563508	0.999760717065237
chr2	86720243	86720313	chr2_86720243_86720313	0.976978688042856
chr2	86775661	86775671	chr2_86775661_86775671	0.0761444656990435
chr2	86777601	86777607	chr2_86777601_86777607	0.0271735554276593
chr2	87076395	87076473	chr2_87076395_87076473	0.889205884218956
chr2	87455401	87455499	chr2_87455401_87455499	0.764401366214648
chr2	88627396	88627510	chr2_88627396_88627510	0.999721001887382
chr2	88691642	88691725	chr2_88691642_88691725	0.999669728784486
chr2	88992684	88992685	chr2_88992684_88992685	0.0112103838622158
chr2	89585573	89585669	chr2_89585573_89585669	0.457768019760422
chr2	91659924	91660024	chr2_91659924_91660024	0.704367664793738
chr2	95025638	95025711	chr2_95025638_95025711	0.72149789594462
chr2	95121798	95121824	chr2_95121798_95121824	0.950705807191453
chr2	95121956	95122035	chr2_95121956_95122035	0.978365676576357
chr2	95402673	95402719	chr2_95402673_95402719	0.99651771745997
chr2	95526697	95526772	chr2_95526697_95526772	0.670419802533077
chr2	95991789	95991969	chr2_95991789_95991969	0.816139665438282
chr2	96145437	96145487	chr2_96145437_96145487	0.999883118006518
chr2	96208819	96208872	chr2_96208819_96208872	0.999783002693199
chr2	96253877	96253926	chr2_96253877_96253926	0.321523427369058
chr2	96265973	96266100	chr2_96265973_96266100	0.999098487493891
chr2	96266087	96266250	chr2_96266087_96266250	0.999912054112767
chr2	96283881	96283882	chr2_96283881_96283882	0.0170356614943364
chr2	96284004	96284005	chr2_96284004_96284005	0.0117398458749491
chr2	96305505	96305600	chr2_96305505_96305600	0.998375952589634
chr2	96325290	96325379	chr2_96325290_96325379	0.902753836348271
chr2	96335719	96335782	chr2_96335719_96335782	0.998473760265204
chr2	96536692	96536753	chr2_96536692_96536753	0.997838204981433
chr2	96740051	96740105	chr2_96740051_96740105	0.998361746883902
chr2	96816223	96816271	chr2_96816223_96816271	0.99027703690129
chr2	96857994	96858082	chr2_96857994_96858082	0.999391239203216
chr2	96859894	96859922	chr2_96859894_96859922	0.517907119335676
chr2	97094835	97094909	chr2_97094835_97094909	0.958617113947004
chr2	97113467	97113667	chr2_97113467_97113667	0.899929165055394
chr2	97645922	97646080	chr2_97645922_97646080	0.999929385749646
chr2	97995815	97995956	chr2_97995815_97995956	0.990766153055897
chr2	98444819	98444943	chr2_98444819_98444943	0.99357091139381
chr2	98608487	98608527	chr2_98608487_98608527	0.997754646478743
chr2	98608524	98608626	chr2_98608524_98608626	0.997207859487029
chr2	98731067	98731169	chr2_98731067_98731169	0.698871490088629
chr2	99154961	99155112	chr2_99154961_99155112	0.999338489946231
chr2	99170620	99170625	chr2_99170620_99170625	0.0298498309040761
chr2	99180962	99181078	chr2_99180962_99181078	0.999429369870447
chr2	99181074	99181207	chr2_99181074_99181207	0.999593250128779
chr2	99336318	99336424	chr2_99336318_99336424	0.99987050982062
chr2	99337327	99337425	chr2_99337327_99337425	0.999681460847912
chr2	99489969	99490063	chr2_99489969_99490063	0.962101248153054
chr2	100142539	100142601	chr2_100142539_100142601	0.956550687976563
chr2	100391964	100391971	chr2_100391964_100391971	0.0559462519622223
chr2	100417383	100417521	chr2_100417383_100417521	0.953946385446194
chr2	100417635	100417696	chr2_100417635_100417696	0.618669252461801
chr2	100562912	100563000	chr2_100562912_100563000	0.99970600452907
chr2	101002211	101002293	chr2_101002211_101002293	0.999985358292069
chr2	101002700	101002723	chr2_101002700_101002723	0.923019727184376
chr2	101005955	101005956	chr2_101005955_101005956	0.0419474957506638
chr2	101252850	101252917	chr2_101252850_101252917	0.999547142373891
chr2	101308687	101308776	chr2_101308687_101308776	0.996670099284909
chr2	101697619	101697711	chr2_101697619_101697711	0.805646028399722
chr2	101998958	101998992	chr2_101998958_101998992	0.7478196371591
chr2	102355736	102355936	chr2_102355736_102355936	0.983746686449224
chr2	102356307	102356336	chr2_102356307_102356336	0.702705627488799
chr2	102736831	102736905	chr2_102736831_102736905	0.986140831906335
chr2	105037991	105038083	chr2_105037991_105038083	0.999742137723137
chr2	105329642	105329751	chr2_105329642_105329751	0.937953974744973
chr2	105337509	105337586	chr2_105337509_105337586	0.997741408578321
chr2	105744783	105744865	chr2_105744783_105744865	0.846409783066507
chr2	105744892	105744913	chr2_105744892_105744913	0.299235687711264
chr2	106194294	106194392	chr2_106194294_106194392	0.98656921832493
chr2	108449166	108449231	chr2_108449166_108449231	0.998588231770048
chr2	108534358	108534476	chr2_108534358_108534476	0.987375170149732
chr2	108719431	108719561	chr2_108719431_108719561	0.999731175362878
chr2	108786724	108786806	chr2_108786724_108786806	0.986761605132225
chr2	109613913	109613998	chr2_109613913_109613998	0.990285364319118
chr2	110212526	110212567	chr2_110212526_110212567	0.825431363335602
chr2	110678061	110678104	chr2_110678061_110678104	0.995547010098367
chr2	111884166	111884205	chr2_111884166_111884205	0.996016692228998
chr2	112055184	112055578	chr2_112055184_112055578	0.999493565806032
chr2	112482051	112482185	chr2_112482051_112482185	0.959185147057087
chr2	112542170	112542236	chr2_112542170_112542236	0.991020574457559
chr2	112542406	112542467	chr2_112542406_112542467	0.99351965073648
chr2	112584563	112584611	chr2_112584563_112584611	0.993879772967019
chr2	112645822	112645942	chr2_112645822_112645942	0.999088192504474
chr2	112764607	112764680	chr2_112764607_112764680	0.999143338573009
chr2	113235504	113235549	chr2_113235504_113235549	0.998593746422326
chr2	113437732	113437822	chr2_113437732_113437822	0.79588293650548
chr2	113627013	113627178	chr2_113627013_113627178	0.848059591392934
chr2	113756609	113756684	chr2_113756609_113756684	0.994022226416167
chr2	113889889	113890109	chr2_113889889_113890109	0.99994466325862
chr2	117814657	117814723	chr2_117814657_117814723	0.999876815282177
chr2	118014067	118014173	chr2_118014067_118014173	0.99257681493166
chr2	118088405	118088513	chr2_118088405_118088513	0.999724544036247
chr2	119366724	119366850	chr2_119366724_119366850	0.999735138331227
chr2	119366900	119366991	chr2_119366900_119366991	0.999957557480533
chr2	119679133	119679229	chr2_119679133_119679229	0.993015414778618
chr2	119759752	119759955	chr2_119759752_119759955	0.999847977831699
chr2	120013024	120013077	chr2_120013024_120013077	0.986773501572735
chr2	120223352	120223444	chr2_120223352_120223444	0.990618655743071
chr2	120252742	120252867	chr2_120252742_120252867	0.999874245923098
chr2	120252953	120252958	chr2_120252953_120252958	0.816438293593018
chr2	121650066	121650154	chr2_121650066_121650154	0.998393488567914
chr2	121736870	121736933	chr2_121736870_121736933	0.999219973313468
chr2	121755510	121755690	chr2_121755510_121755690	0.999809257027223
chr2	122740277	122740324	chr2_122740277_122740324	0.565865737404663
chr2	122742791	122742792	chr2_122742791_122742792	0.00813410561476958
chr2	122742930	122742944	chr2_122742930_122742944	0.0773336111746272
chr2	122743489	122743515	chr2_122743489_122743515	0.410585537509875
chr2	122744265	122744267	chr2_122744265_122744267	0.0139317965739705
chr2	122750272	122750273	chr2_122750272_122750273	0.0163546425853614
chr2	126656038	126656166	chr2_126656038_126656166	0.979669890545236
chr2	127081852	127081887	chr2_127081852_127081887	0.921427489408779
chr2	127294137	127294190	chr2_127294137_127294190	0.998210565907398
chr2	127387936	127388095	chr2_127387936_127388095	0.996426335540587
chr2	127481061	127481065	chr2_127481061_127481065	0.0223757769560906
chr2	127526449	127526523	chr2_127526449_127526523	0.999560382956833
chr2	127764905	127764906	chr2_127764905_127764906	0.011066268851496
chr2	127811156	127811243	chr2_127811156_127811243	0.999643797758465
chr2	127852969	127852977	chr2_127852969_127852977	0.0599966456658064
chr2	127858112	127858188	chr2_127858112_127858188	0.993625695687287
chr2	128091168	128091234	chr2_128091168_128091234	0.999392022976654
chr2	128318841	128318927	chr2_128318841_128318927	0.922968362705913
chr2	130181576	130181632	chr2_130181576_130181632	0.992034873132703
chr2	130181652	130181767	chr2_130181652_130181767	0.996208835985121
chr2	130182166	130182272	chr2_130182166_130182272	0.990985636268536
chr2	130342130	130342263	chr2_130342130_130342263	0.999922609173377
chr2	130342806	130342923	chr2_130342806_130342923	0.999980151335839
chr2	130372198	130372272	chr2_130372198_130372272	0.948593428008588
chr2	130428439	130428566	chr2_130428439_130428566	0.760082672343073
chr2	131093432	131093493	chr2_131093432_131093493	0.994264637016653
chr2	131105263	131105337	chr2_131105263_131105337	0.989834482187157
chr2	131492385	131492448	chr2_131492385_131492448	0.913587252742211
chr2	131493042	131493117	chr2_131493042_131493117	0.997564662177632
chr2	131521327	131521332	chr2_131521327_131521332	0.0250050775749556
chr2	131527858	131527936	chr2_131527858_131527936	0.876346106927954
chr2	134451502	134451509	chr2_134451502_134451509	0.0391990679631523
chr2	134451610	134451643	chr2_134451610_134451643	0.18328467632644
chr2	134454479	134454482	chr2_134454479_134454482	0.017981080063737
chr2	134918758	134918843	chr2_134918758_134918843	0.99900013090529
chr2	135052253	135052298	chr2_135052253_135052298	0.991645816158818
chr2	135170141	135170147	chr2_135170141_135170147	0.0433975919348524
chr2	135531445	135531559	chr2_135531445_135531559	0.999179992094321
chr2	135710054	135710094	chr2_135710054_135710094	0.713718561064383
chr2	135725141	135725142	chr2_135725141_135725142	0.00708562406269514
chr2	135741596	135741781	chr2_135741596_135741781	0.999953842424636
chr2	135741852	135741855	chr2_135741852_135741855	0.978283338845293
chr2	135876409	135876497	chr2_135876409_135876497	0.999766102063216
chr2	135985520	135985533	chr2_135985520_135985533	0.997068726371665
chr2	135985579	135985704	chr2_135985579_135985704	0.999144461007856
chr2	135985868	135985923	chr2_135985868_135985923	0.995022281716025
chr2	136118146	136118217	chr2_136118146_136118217	0.99469691633864
chr2	138501747	138502049	chr2_138501747_138502049	0.986457326708455
chr2	142877596	142877664	chr2_142877596_142877664	0.954610043808546
chr2	143129312	143129420	chr2_143129312_143129420	0.997706303694771
chr2	144332460	144332614	chr2_144332460_144332614	0.980316354916132
chr2	148020708	148020793	chr2_148020708_148020793	0.999470583448165
chr2	148021148	148021158	chr2_148021148_148021158	0.706540954822861
chr2	149038678	149038748	chr2_149038678_149038748	0.650081482394231
chr2	149587720	149587823	chr2_149587720_149587823	0.999840154524265
chr2	151270768	151270769	chr2_151270768_151270769	0.00944085863669298
chr2	151289627	151289668	chr2_151289627_151289668	0.850306418963196
chr2	151289861	151289953	chr2_151289861_151289953	0.91300702384131
chr2	151797442	151797467	chr2_151797442_151797467	0.12680172046151
chr2	151828416	151828421	chr2_151828416_151828421	0.801775702777358
chr2	151828449	151828531	chr2_151828449_151828531	0.997140838618864
chr2	152175698	152175783	chr2_152175698_152175783	0.992973754328281
chr2	152717406	152717469	chr2_152717406_152717469	0.999691517717018
chr2	152717911	152718048	chr2_152717911_152718048	0.998907259503072
chr2	152718549	152718622	chr2_152718549_152718622	0.996855769624462
chr2	157412951	157412952	chr2_157412951_157412952	0.0107101379499991
chr2	157444026	157444027	chr2_157444026_157444027	0.481371873486764
chr2	157444057	157444130	chr2_157444057_157444130	0.996332667446162
chr2	159286621	159286773	chr2_159286621_159286773	0.996847704939104
chr2	159712451	159712517	chr2_159712451_159712517	0.999160793969549
chr2	159904698	159904777	chr2_159904698_159904777	0.995360643588081
chr2	161136891	161136964	chr2_161136891_161136964	0.990775665133068
chr2	161160412	161160431	chr2_161160412_161160431	0.981837306305196
chr2	161308371	161308460	chr2_161308371_161308460	0.998878927138215
chr2	162074293	162074410	chr2_162074293_162074410	0.974749299878362
chr2	162318649	162318739	chr2_162318649_162318739	0.99936153979156
chr2	162318990	162319117	chr2_162318990_162319117	0.997513586528152
chr2	162344061	162344149	chr2_162344061_162344149	0.99905820040143
chr2	165953754	165953841	chr2_165953754_165953841	0.986529516672467
chr2	168456223	168456292	chr2_168456223_168456292	0.981967923184159
chr2	168890380	168890466	chr2_168890380_168890466	0.988577139146677
chr2	169573783	169573926	chr2_169573783_169573926	0.996731696687372
chr2	169584321	169584378	chr2_169584321_169584378	0.996309058105219
chr2	169584790	169584800	chr2_169584790_169584800	0.84178883371188
chr2	169614684	169614689	chr2_169614684_169614689	0.0320778918313706
chr2	169636411	169636412	chr2_169636411_169636412	0.00908941455580332
chr2	169733781	169733859	chr2_169733781_169733859	0.873835154709771
chr2	169798796	169798890	chr2_169798796_169798890	0.999333888180853
chr2	169824868	169824946	chr2_169824868_169824946	0.982916738027508
chr2	170751698	170751752	chr2_170751698_170751752	0.250319980707244
chr2	170929077	170929273	chr2_170929077_170929273	0.99969318865057
chr2	170962914	170962919	chr2_170962914_170962919	0.0306938322095269
chr2	171117759	171117760	chr2_171117759_171117760	0.00842449945410457
chr2	171160689	171161022	chr2_171160689_171161022	0.990889981516357
chr2	171433988	171434143	chr2_171433988_171434143	0.999809111461752
chr2	171522336	171522477	chr2_171522336_171522477	0.961906203101163
chr2	171687401	171687485	chr2_171687401_171687485	0.999332469419057
chr2	171687747	171687759	chr2_171687747_171687759	0.857322205748214
chr2	171894222	171894337	chr2_171894222_171894337	0.973071626330318
chr2	171922391	171922481	chr2_171922391_171922481	0.999716246797039
chr2	172555962	172556098	chr2_172555962_172556098	0.986185954227955
chr2	173075758	173075892	chr2_173075758_173075892	0.844965833595408
chr2	173354807	173354884	chr2_173354807_173354884	0.92804543579601
chr2	173965233	173965413	chr2_173965233_173965413	0.997071279517896
chr2	174248531	174248540	chr2_174248531_174248540	0.972240735970399
chr2	174248580	174248674	chr2_174248580_174248674	0.996040788372282
chr2	174350722	174350736	chr2_174350722_174350736	0.0629973767380167
chr2	174351645	174351652	chr2_174351645_174351652	0.034988873771015
chr2	174395672	174395738	chr2_174395672_174395738	0.991406263830026
chr2	174562096	174562097	chr2_174562096_174562097	0.0103348139535112
chr2	174562420	174562430	chr2_174562420_174562430	0.089006546907222
chr2	174562574	174562602	chr2_174562574_174562602	0.226570082715021
chr2	174567922	174567936	chr2_174567922_174567936	0.121758053227216
chr2	174571852	174571854	chr2_174571852_174571854	0.0131834899443554
chr2	174719797	174719821	chr2_174719797_174719821	0.142408557447993
chr2	175168166	175168270	chr2_175168166_175168270	0.999745901795338
chr2	175181706	175181774	chr2_175181706_175181774	0.999900949073591
chr2	176002257	176002335	chr2_176002257_176002335	0.971160520856185
chr2	176269384	176269453	chr2_176269384_176269453	0.875449226553199
chr2	177212701	177212793	chr2_177212701_177212793	0.99789658988396
chr2	177219948	177219953	chr2_177219948_177219953	0.025715724966416
chr2	177264694	177264862	chr2_177264694_177264862	0.998741249931541
chr2	177392737	177392774	chr2_177392737_177392774	0.915845809249268
chr2	178112376	178112491	chr2_178112376_178112491	0.99735705499566
chr2	178413916	178413984	chr2_178413916_178413984	0.979791669661671
chr2	178451142	178451207	chr2_178451142_178451207	0.999059154929696
chr2	178480345	178480510	chr2_178480345_178480510	0.993407503133171
chr2	178523181	178523244	chr2_178523181_178523244	0.98186018334942
chr2	179264526	179264731	chr2_179264526_179264731	0.761100654073732
chr2	179264761	179264842	chr2_179264761_179264842	0.713854570634857
chr2	180007093	180007131	chr2_180007093_180007131	0.960969764618666
chr2	180980554	180980654	chr2_180980554_180980654	0.904055945782845
chr2	181457309	181457446	chr2_181457309_181457446	0.955518687834236
chr2	181891692	181891853	chr2_181891692_181891853	0.936442561215268
chr2	182716228	182716273	chr2_182716228_182716273	0.981078529462381
chr2	183124353	183124461	chr2_183124353_183124461	0.993021105490979
chr2	186486175	186486302	chr2_186486175_186486302	0.999973886788019
chr2	189441388	189441479	chr2_189441388_189441479	0.999365618781433
chr2	189475427	189475432	chr2_189475427_189475432	0.0439928243917575
chr2	189661360	189661484	chr2_189661360_189661484	0.999979878701605
chr2	189784333	189784395	chr2_189784333_189784395	0.998546659480019
chr2	189784412	189784500	chr2_189784412_189784500	0.998035264563872
chr2	189784474	189784490	chr2_189784474_189784490	0.969195416184828
chr2	190319766	190319908	chr2_190319766_190319908	0.999375916004997
chr2	190408119	190408286	chr2_190408119_190408286	0.863366854492564
chr2	190408324	190408366	chr2_190408324_190408366	0.435893989286813
chr2	190880808	190880843	chr2_190880808_190880843	0.998989093449959
chr2	190915287	190915295	chr2_190915287_190915295	0.0449010046414184
chr2	190984392	190984393	chr2_190984392_190984393	0.0180437509945004
chr2	191014154	191014261	chr2_191014154_191014261	0.999671962282621
chr2	191678077	191678158	chr2_191678077_191678158	0.997616099541379
chr2	191678657	191678663	chr2_191678657_191678663	0.402547820650105
chr2	191679621	191679632	chr2_191679621_191679632	0.0683921777581889
chr2	195657119	195657235	chr2_195657119_195657235	0.999202514860949
chr2	196133911	196133918	chr2_196133911_196133918	0.0387364784411237
chr2	196134817	196134823	chr2_196134817_196134823	0.0544789948174637
chr2	196135184	196135188	chr2_196135184_196135188	0.0368270968006368
chr2	196135589	196135606	chr2_196135589_196135606	0.0800814243540302
chr2	196171520	196171634	chr2_196171520_196171634	0.999734292408845
chr2	196639637	196639758	chr2_196639637_196639758	0.993929474859299
chr2	196799648	196799770	chr2_196799648_196799770	0.993764070296947
chr2	197310667	197310882	chr2_197310667_197310882	0.994793904920554
chr2	197435015	197435142	chr2_197435015_197435142	0.999932435623422
chr2	197453397	197453552	chr2_197453397_197453552	0.99997774304258
chr2	197499838	197499943	chr2_197499838_197499943	0.99995481497916
chr2	197500165	197500343	chr2_197500165_197500343	0.999947119044947
chr2	197500311	197500348	chr2_197500311_197500348	0.999556536525363
chr2	197500377	197500419	chr2_197500377_197500419	0.999789515106819
chr2	197501071	197501072	chr2_197501071_197501072	0.0356125255851176
chr2	197516016	197516081	chr2_197516016_197516081	0.998605531707215
chr2	197705324	197705448	chr2_197705324_197705448	0.998789843910809
chr2	199911244	199911335	chr2_199911244_199911335	0.999762613898533
chr2	199955756	199955802	chr2_199955756_199955802	0.949301270195897
chr2	200306452	200306556	chr2_200306452_200306556	0.919642930008931
chr2	200306700	200306723	chr2_200306700_200306723	0.349047084267287
chr2	200509934	200510176	chr2_200509934_200510176	0.999439877890576
chr2	200526081	200526211	chr2_200526081_200526211	0.999614770551146
chr2	200811528	200811572	chr2_200811528_200811572	0.979935408606736
chr2	200811897	200811925	chr2_200811897_200811925	0.996495817279658
chr2	200864656	200864744	chr2_200864656_200864744	0.999748413561947
chr2	200889055	200889352	chr2_200889055_200889352	0.999848359094733
chr2	200889337	200889424	chr2_200889337_200889424	0.999774127051548
chr2	200963622	200963724	chr2_200963622_200963724	0.996632903440046
chr2	201071626	201071699	chr2_201071626_201071699	0.999157396340836
chr2	201071964	201072025	chr2_201071964_201072025	0.996917381448585
chr2	201118649	201118681	chr2_201118649_201118681	0.996535403994299
chr2	201233443	201233515	chr2_201233443_201233515	0.999914186096207
chr2	201451452	201451629	chr2_201451452_201451629	0.999505087919283
chr2	201451651	201451770	chr2_201451651_201451770	0.993858356194404
chr2	201642667	201642715	chr2_201642667_201642715	0.87681365361538
chr2	201780893	201780983	chr2_201780893_201780983	0.995907362770439
chr2	202238561	202238626	chr2_202238561_202238626	0.999610798754058
chr2	202265691	202265772	chr2_202265691_202265772	0.999891366100654
chr2	202303428	202303431	chr2_202303428_202303431	0.0354641510292597
chr2	202911611	202911614	chr2_202911611_202911614	0.870808098819357
chr2	202911641	202911695	chr2_202911641_202911695	0.996658404508918
chr2	203238937	203239021	chr2_203238937_203239021	0.999021868505304
chr2	203328237	203328321	chr2_203328237_203328321	0.905140728411835
chr2	206159424	206159602	chr2_206159424_206159602	0.999921705104611
chr2	206159562	206159641	chr2_206159562_206159641	0.999530362511198
chr2	206159889	206159896	chr2_206159889_206159896	0.818294007816785
chr2	206765573	206765606	chr2_206765573_206765606	0.99793940093708
chr2	207529883	207529963	chr2_207529883_207529963	0.998879916483974
chr2	207625311	207625458	chr2_207625311_207625458	0.995843936715509
chr2	207662374	207662380	chr2_207662374_207662380	0.821552199634076
chr2	208255067	208255164	chr2_208255067_208255164	0.993345520267658
chr2	210002548	210002649	chr2_210002548_210002649	0.999491212161814
chr2	210476704	210476792	chr2_210476704_210476792	0.996870914330122
chr2	213284377	213284481	chr2_213284377_213284481	0.998596751055551
chr2	214809659	214809726	chr2_214809659_214809726	0.997133959671486
chr2	215311917	215312087	chr2_215311917_215312087	0.999881639632071
chr2	215346754	215346755	chr2_215346754_215346755	0.0157804698090548
chr2	216081764	216081840	chr2_216081764_216081840	0.932239072379064
chr2	216109264	216109410	chr2_216109264_216109410	0.999944337468263
chr2	216412408	216412555	chr2_216412408_216412555	0.99979284390247
chr2	216498781	216498844	chr2_216498781_216498844	0.999806711742016
chr2	216499267	216499268	chr2_216499267_216499268	0.189909669687966
chr2	216499974	216499975	chr2_216499974_216499975	0.12184972625149
chr2	218217018	218217199	chr2_218217018_218217199	0.999904719573772
chr2	218270122	218270204	chr2_218270122_218270204	0.999889916072571
chr2	218270488	218270525	chr2_218270488_218270525	0.998852651374896
chr2	218292502	218292597	chr2_218292502_218292597	0.951845337822058
chr2	218404664	218404675	chr2_218404664_218404675	0.0925096589193319
chr2	218405837	218405838	chr2_218405837_218405838	0.0969484754722912
chr2	218568316	218568411	chr2_218568316_218568411	0.999490815854785
chr2	218568806	218568845	chr2_218568806_218568845	0.99155828598573
chr2	218595585	218595602	chr2_218595585_218595602	0.1530491338751
chr2	218595916	218595922	chr2_218595916_218595922	0.0499205539200979
chr2	218659640	218659722	chr2_218659640_218659722	0.999097114225875
chr2	218671962	218672006	chr2_218671962_218672006	0.973395534207499
chr2	219160790	219160878	chr2_219160790_219160878	0.997386326592074
chr2	219176932	219177014	chr2_219176932_219177014	0.995887582926422
chr2	219178125	219178188	chr2_219178125_219178188	0.998271073686075
chr2	219178197	219178309	chr2_219178197_219178309	0.998285795946788
chr2	219183325	219183328	chr2_219183325_219183328	0.0213344875076567
chr2	219206756	219206808	chr2_219206756_219206808	0.996777011497713
chr2	219229583	219229670	chr2_219229583_219229670	0.999297315837721
chr2	219229759	219229867	chr2_219229759_219229867	0.999889641518336
chr2	219250367	219250368	chr2_219250367_219250368	0.0360413983280539
chr2	219253913	219253986	chr2_219253913_219253986	0.992577604434857
chr2	219387791	219387796	chr2_219387791_219387796	0.721291491480842
chr2	219387904	219387963	chr2_219387904_219387963	0.98640417710407
chr2	219498823	219498915	chr2_219498823_219498915	0.999949210108806
chr2	219597802	219597891	chr2_219597802_219597891	0.998965273865888
chr2	222424465	222424593	chr2_222424465_222424593	0.79831024759317
chr2	222426058	222426061	chr2_222426058_222426061	0.0469867971645077
chr2	222656077	222656123	chr2_222656077_222656123	0.999816837469295
chr2	222860956	222861037	chr2_222860956_222861037	0.999252499500444
chr2	223945296	223945410	chr2_223945296_223945410	0.986764353007084
chr2	223957357	223957462	chr2_223957357_223957462	0.995560100634092
chr2	224585383	224585547	chr2_224585383_224585547	0.999300460057798
chr2	225042420	225042507	chr2_225042420_225042507	0.976671982628247
chr2	226835963	226836125	chr2_226835963_226836125	0.999059492514244
chr2	227325203	227325287	chr2_227325203_227325287	0.998244832433189
chr2	227472092	227472171	chr2_227472092_227472171	0.979430368382288
chr2	229921954	229922092	chr2_229921954_229922092	0.996440869003758
chr2	230219895	230220020	chr2_230219895_230220020	0.991638046900503
chr2	230225714	230225767	chr2_230225714_230225767	0.996371460878993
chr2	230327133	230327281	chr2_230327133_230327281	0.995529202533381
chr2	230416155	230416219	chr2_230416155_230416219	0.999345793707462
chr2	230584959	230584961	chr2_230584959_230584961	0.0103364668676491
chr2	230589556	230589580	chr2_230589556_230589580	0.997626878349154
chr2	230712788	230712878	chr2_230712788_230712878	0.998405993105411
chr2	230864841	230864955	chr2_230864841_230864955	0.988465989780886
chr2	231056843	231056911	chr2_231056843_231056911	0.995269770495297
chr2	231198590	231198698	chr2_231198590_231198698	0.996919279520115
chr2	231393753	231393789	chr2_231393753_231393789	0.88925353925844
chr2	231464481	231464617	chr2_231464481_231464617	0.99997531952852
chr2	231708480	231708529	chr2_231708480_231708529	0.999800449347476
chr2	231781267	231781324	chr2_231781267_231781324	0.998703266048217
chr2	231786354	231786446	chr2_231786354_231786446	0.998187533080141
chr2	232550571	232550702	chr2_232550571_232550702	0.999567662131007
chr2	232697268	232697331	chr2_232697268_232697331	0.998930931859128
chr2	233060299	233060343	chr2_233060299_233060343	0.997935288921824
chr2	233251636	233251704	chr2_233251636_233251704	0.99962101562814
chr2	233354479	233354566	chr2_233354479_233354566	0.630032289724092
chr2	233566741	233566789	chr2_233566741_233566789	0.975100950652268
chr2	233854527	233854583	chr2_233854527_233854583	0.998840261834022
chr2	234497057	234497118	chr2_234497057_234497118	0.760512906751473
chr2	236569808	236569825	chr2_236569808_236569825	0.991430266930097
chr2	236582168	236582169	chr2_236582168_236582169	0.011678742521414
chr2	237085845	237085915	chr2_237085845_237085915	0.989477421593351
chr2	237692147	237692155	chr2_237692147_237692155	0.570178460457567
chr2	237765062	237765063	chr2_237765062_237765063	0.00591307801411649
chr2	237966932	237967047	chr2_237966932_237967047	0.996974697803498
chr2	238030552	238030553	chr2_238030552_238030553	0.0107349874663735
chr2	238060953	238061091	chr2_238060953_238061091	0.999107135978966
chr2	238203631	238203761	chr2_238203631_238203761	0.985073676465939
chr2	238320467	238320572	chr2_238320467_238320572	0.952384071874155
chr2	238426887	238427062	chr2_238426887_238427062	0.99866554723801
chr2	240025330	240025419	chr2_240025330_240025419	0.982986213282446
chr2	240130934	240130954	chr2_240130934_240130954	0.294735564806892
chr2	240130983	240130996	chr2_240130983_240130996	0.214070953177742
chr2	240136284	240136343	chr2_240136284_240136343	0.99157737099435
chr2	240568408	240568513	chr2_240568408_240568513	0.795411465142917
chr2	240586693	240586755	chr2_240586693_240586755	0.998715656524215
chr2	241102286	241102342	chr2_241102286_241102342	0.989993899543613
chr2	241127710	241127744	chr2_241127710_241127744	0.955631935115676
chr2	241149445	241149504	chr2_241149445_241149504	0.99910199958113
chr2	241150412	241150490	chr2_241150412_241150490	0.999656886199584
chr2	241272829	241272836	chr2_241272829_241272836	0.696446163583176
chr2	241315193	241315225	chr2_241315193_241315225	0.998554314231128
chr2	241315251	241315356	chr2_241315251_241315356	0.999655912682382
chr2	241315388	241315418	chr2_241315388_241315418	0.996211565005157
chr2	241315662	241315672	chr2_241315662_241315672	0.995258675628104
chr2	241315701	241315847	chr2_241315701_241315847	0.999907492417383
chr2	241315885	241315935	chr2_241315885_241315935	0.995822545208841
chr2	241356241	241356335	chr2_241356241_241356335	0.998464458105656
chr2	241508581	241508693	chr2_241508581_241508693	0.999464354824181
chr2	241637064	241637203	chr2_241637064_241637203	0.946427045419917
chr2	241637228	241637333	chr2_241637228_241637333	0.979106500760789
chr2	241637606	241637697	chr2_241637606_241637697	0.994010477162773
chr2	241651005	241651006	chr2_241651005_241651006	0.00591307801411649
chr2	241655316	241655317	chr2_241655316_241655317	0.0121154314814604
chr2	241678515	241678520	chr2_241678515_241678520	0.0554405490853815
chr2	241686795	241686868	chr2_241686795_241686868	0.996743884173904
chr2	241701985	241702068	chr2_241701985_241702068	0.988231622135247
chr2	241734572	241734636	chr2_241734572_241734636	0.97510703766272
chr3	3126900	3126953	chr3_3126900_3126953	0.994992191788393
chr3	3179688	3179727	chr3_3179688_3179727	0.990754169265676
chr3	4467250	4467289	chr3_4467250_4467289	0.993157449064824
chr3	4757900	4757942	chr3_4757900_4757942	0.956481914317766
chr3	4979408	4979470	chr3_4979408_4979470	0.968178833137125
chr3	5122195	5122323	chr3_5122195_5122323	0.997747617122877
chr3	5125421	5125453	chr3_5125421_5125453	0.289417277196678
chr3	5187590	5187735	chr3_5187590_5187735	0.999681343333703
chr3	5219083	5219119	chr3_5219083_5219119	0.210223308291603
chr3	8963416	8963505	chr3_8963416_8963505	0.999124788238696
chr3	9363021	9363084	chr3_9363021_9363084	0.999143732650944
chr3	9397436	9397513	chr3_9397436_9397513	0.99858609468773
chr3	9476184	9476191	chr3_9476184_9476191	0.0906021120735566
chr3	9649422	9649514	chr3_9649422_9649514	0.999308093905303
chr3	9792432	9792492	chr3_9792432_9792492	0.997598016834805
chr3	9792472	9792571	chr3_9792472_9792571	0.999369482618169
chr3	9792603	9792791	chr3_9792603_9792791	0.99968626695687
chr3	9793011	9793097	chr3_9793011_9793097	0.999620390364096
chr3	9797656	9797657	chr3_9797656_9797657	0.010220065755701
chr3	9806696	9806725	chr3_9806696_9806725	0.3254520415811
chr3	9807013	9807107	chr3_9807013_9807107	0.554409779663676
chr3	9843993	9844052	chr3_9843993_9844052	0.994281324087193
chr3	9890532	9890640	chr3_9890532_9890640	0.989326424135023
chr3	9933771	9933854	chr3_9933771_9933854	0.998844176109574
chr3	9945633	9945668	chr3_9945633_9945668	0.193892621439882
chr3	9952334	9952438	chr3_9952334_9952438	0.951922839527755
chr3	9986826	9986873	chr3_9986826_9986873	0.995199983856414
chr3	9986880	9986944	chr3_9986880_9986944	0.958839978874651
chr3	10026335	10026400	chr3_10026335_10026400	0.997353909056171
chr3	10026371	10026446	chr3_10026371_10026446	0.998692021616358
chr3	10115612	10115687	chr3_10115612_10115687	0.999847221375857
chr3	10141733	10141830	chr3_10141733_10141830	0.999554051399306
chr3	10144155	10144161	chr3_10144155_10144161	0.0386295654126994
chr3	10297552	10297636	chr3_10297552_10297636	0.455119444055238
chr3	10321079	10321080	chr3_10321079_10321080	0.406985487533463
chr3	10321110	10321228	chr3_10321110_10321228	0.998653439025498
chr3	11272297	11272407	chr3_11272297_11272407	0.999404838630043
chr3	11846800	11846925	chr3_11846800_11846925	0.997632823315199
chr3	12489778	12489779	chr3_12489778_12489779	0.00614628567927103
chr3	12557013	12557098	chr3_12557013_12557098	0.995066180818388
chr3	12664110	12664239	chr3_12664110_12664239	0.999691196801137
chr3	12841537	12841604	chr3_12841537_12841604	0.999426987601749
chr3	12899913	12899922	chr3_12899913_12899922	0.0606934716801892
chr3	12909333	12909364	chr3_12909333_12909364	0.220396847768534
chr3	13319324	13319325	chr3_13319324_13319325	0.0087558834084125
chr3	13335484	13335505	chr3_13335484_13335505	0.163864305296408
chr3	13415546	13415552	chr3_13415546_13415552	0.0466546850811861
chr3	13415582	13415591	chr3_13415582_13415591	0.100402621476117
chr3	13416827	13416830	chr3_13416827_13416830	0.0355224200133486
chr3	13420250	13420342	chr3_13420250_13420342	0.95689010541006
chr3	14124753	14124901	chr3_14124753_14124901	0.999532426993269
chr3	14124942	14125052	chr3_14124942_14125052	0.999957013771089
chr3	14158609	14158624	chr3_14158609_14158624	0.0910583225938377
chr3	14178581	14178686	chr3_14178581_14178686	0.998357957988981
chr3	14178718	14178856	chr3_14178718_14178856	0.999943138977335
chr3	14198068	14198073	chr3_14198068_14198073	0.0628410386108398
chr3	14198229	14198234	chr3_14198229_14198234	0.0524163385183939
chr3	14651732	14651796	chr3_14651732_14651796	0.999914781924506
chr3	14947455	14947534	chr3_14947455_14947534	0.976144640395769
chr3	15065289	15065349	chr3_15065289_15065349	0.999381392411425
chr3	15206125	15206264	chr3_15206125_15206264	0.999084518888669
chr3	15332580	15332656	chr3_15332580_15332656	0.977490305668448
chr3	15427508	15427547	chr3_15427508_15427547	0.988630876966031
chr3	15427537	15427620	chr3_15427537_15427620	0.998033906191863
chr3	15601557	15601628	chr3_15601557_15601628	0.999808168428357
chr3	15859747	15859845	chr3_15859747_15859845	0.950444955559811
chr3	16264941	16265021	chr3_16264941_16265021	0.999638165802637
chr3	16265164	16265269	chr3_16265164_16265269	0.999180739866008
chr3	16513518	16513522	chr3_16513518_16513522	0.578553023522054
chr3	16513667	16513778	chr3_16513667_16513778	0.989438158955835
chr3	16884914	16884983	chr3_16884914_16884983	0.701298367777926
chr3	17742572	17742747	chr3_17742572_17742747	0.999616645670376
chr3	19947030	19947173	chr3_19947030_19947173	0.999818803038101
chr3	19947368	19947381	chr3_19947368_19947381	0.888935434252385
chr3	20186182	20186266	chr3_20186182_20186266	0.999390108237433
chr3	23499603	23499605	chr3_23499603_23499605	0.0271483832344178
chr3	23917075	23917149	chr3_23917075_23917149	0.999937439911083
chr3	23945231	23945345	chr3_23945231_23945345	0.986765021252424
chr3	25664901	25664977	chr3_25664901_25664977	0.999093499522652
chr3	25783400	25783513	chr3_25783400_25783513	0.994119103853012
chr3	25790055	25790106	chr3_25790055_25790106	0.999034119005253
chr3	27484338	27484451	chr3_27484338_27484451	0.99741948000411
chr3	28241561	28241626	chr3_28241561_28241626	0.999535042131399
chr3	28348994	28349146	chr3_28348994_28349146	0.998044088809949
chr3	31532520	31532625	chr3_31532520_31532625	0.999686967563885
chr3	31532943	31532970	chr3_31532943_31532970	0.956616756662886
chr3	32391831	32391890	chr3_32391831_32391890	0.720389400658439
chr3	32482509	32482510	chr3_32482509_32482510	0.0114531716731959
chr3	32502809	32502882	chr3_32502809_32502882	0.990408396326437
chr3	32570776	32570900	chr3_32570776_32570900	0.996910026466071
chr3	32685106	32685220	chr3_32685106_32685220	0.999802432492907
chr3	33097117	33097232	chr3_33097117_33097232	0.99304242227355
chr3	33113856	33114013	chr3_33113856_33114013	0.874221822116249
chr3	33114040	33114062	chr3_33114040_33114062	0.278593072350203
chr3	33440342	33440436	chr3_33440342_33440436	0.998382580764433
chr3	33718211	33718260	chr3_33718211_33718260	0.972477269231781
chr3	33798557	33798635	chr3_33798557_33798635	0.999520215208015
chr3	33866443	33866445	chr3_33866443_33866445	0.016381786795151
chr3	36993080	36993230	chr3_36993080_36993230	0.999976684459417
chr3	36993433	36993533	chr3_36993433_36993533	0.999989363546115
chr3	37176296	37176371	chr3_37176296_37176371	0.996480952346608
chr3	37243168	37243288	chr3_37243168_37243288	0.999693037930571
chr3	38137091	38137252	chr3_38137091_38137252	0.999972085491943
chr3	38138583	38138679	chr3_38138583_38138679	0.993587004620507
chr3	38165484	38165598	chr3_38165484_38165598	0.999343329968533
chr3	38496326	38496508	chr3_38496326_38496508	0.998126986880582
chr3	39051983	39052018	chr3_39051983_39052018	0.999130356078914
chr3	39107606	39107660	chr3_39107606_39107660	0.983771507789402
chr3	39153557	39153656	chr3_39153557_39153656	0.9944638151074
chr3	39329700	39329771	chr3_39329700_39329771	0.863104022154282
chr3	39383308	39383402	chr3_39383308_39383402	0.998533648168766
chr3	39406685	39406763	chr3_39406685_39406763	0.999870163538461
chr3	39409158	39409171	chr3_39409158_39409171	0.690183530763335
chr3	39411514	39411520	chr3_39411514_39411520	0.299293871263202
chr3	40457266	40457338	chr3_40457266_40457338	0.999878437440306
chr3	40457887	40457888	chr3_40457887_40457888	0.137159177948084
chr3	41199401	41199508	chr3_41199401_41199508	0.99880319725393
chr3	41224996	41224998	chr3_41224996_41224998	0.0188564429886418
chr3	42013601	42013677	chr3_42013601_42013677	0.922099608929124
chr3	42210175	42210184	chr3_42210175_42210184	0.0545719529787557
chr3	42223152	42223169	chr3_42223152_42223169	0.0945623012554625
chr3	42223746	42223751	chr3_42223746_42223751	0.0289646377341211
chr3	42581953	42582011	chr3_42581953_42582011	0.996777019293131
chr3	42590823	42590894	chr3_42590823_42590894	0.999950573851409
chr3	42600622	42600689	chr3_42600622_42600689	0.999381446105332
chr3	42804464	42804557	chr3_42804464_42804557	0.999893510731458
chr3	43286508	43286622	chr3_43286508_43286622	0.961097929657269
chr3	43621982	43622093	chr3_43621982_43622093	0.980663000904677
chr3	43627452	43627539	chr3_43627452_43627539	0.643474191245129
chr3	43690868	43690986	chr3_43690868_43690986	0.999484418357629
chr3	44338720	44338797	chr3_44338720_44338797	0.998888122941622
chr3	44625002	44625103	chr3_44625002_44625103	0.99089434158886
chr3	44648722	44648796	chr3_44648722_44648796	0.995476658155938
chr3	44761608	44761685	chr3_44761608_44761685	0.99824037009845
chr3	44761751	44761807	chr3_44761751_44761807	0.996253745273098
chr3	44976145	44976195	chr3_44976145_44976195	0.923572729036477
chr3	44976196	44976265	chr3_44976196_44976265	0.989825257085987
chr3	45388480	45388579	chr3_45388480_45388579	0.99885273863951
chr3	45548683	45548694	chr3_45548683_45548694	0.0881666772665571
chr3	45677388	45677397	chr3_45677388_45677397	0.0581368276517398
chr3	45689213	45689436	chr3_45689213_45689436	0.999953195971335
chr3	46976738	46976791	chr3_46976738_46976791	0.999885541511927
chr3	47009583	47009584	chr3_47009583_47009584	0.607924968237691
chr3	47124215	47124229	chr3_47124215_47124229	0.0799855493470132
chr3	47282608	47282732	chr3_47282608_47282732	0.998840598263774
chr3	47282801	47282962	chr3_47282801_47282962	0.999274281799071
chr3	47344982	47345049	chr3_47344982_47345049	0.378480890196381
chr3	47475820	47475869	chr3_47475820_47475869	0.983528296077472
chr3	47475918	47476031	chr3_47475918_47476031	0.995137641039524
chr3	47513686	47513779	chr3_47513686_47513779	0.999749281117749
chr3	47588141	47588166	chr3_47588141_47588166	0.243730949534806
chr3	47781852	47781954	chr3_47781852_47781954	0.999134346502371
chr3	47803105	47803166	chr3_47803105_47803166	0.983434702731693
chr3	47825014	47825031	chr3_47825014_47825031	0.934801124197557
chr3	47852325	47852326	chr3_47852325_47852326	0.00736473352119636
chr3	47853195	47853215	chr3_47853195_47853215	0.186155863158426
chr3	48088846	48088987	chr3_48088846_48088987	0.999578977135545
chr3	48188373	48188457	chr3_48188373_48188457	0.998669031094157
chr3	48241033	48241107	chr3_48241033_48241107	0.999438722327972
chr3	48301345	48301461	chr3_48301345_48301461	0.996399994461288
chr3	48440056	48440156	chr3_48440056_48440156	0.999943240390575
chr3	48440193	48440276	chr3_48440193_48440276	0.999962096973255
chr3	48446708	48446816	chr3_48446708_48446816	0.997089527496983
chr3	48466216	48466281	chr3_48466216_48466281	0.998859959784984
chr3	48504153	48504250	chr3_48504153_48504250	0.967858588930865
chr3	48556798	48556870	chr3_48556798_48556870	0.997432660523658
chr3	48600750	48600751	chr3_48600750_48600751	0.0280693205889944
chr3	48609633	48609745	chr3_48609633_48609745	0.999766012681217
chr3	48635440	48635535	chr3_48635440_48635535	0.999556669057737
chr3	48685873	48685940	chr3_48685873_48685940	0.970660533486144
chr3	48717185	48717306	chr3_48717185_48717306	0.999740085962743
chr3	48847660	48847904	chr3_48847660_48847904	0.996870639340222
chr3	48898851	48899015	chr3_48898851_48899015	0.998588260928015
chr3	48918788	48918865	chr3_48918788_48918865	0.999732335061934
chr3	48990217	48990250	chr3_48990217_48990250	0.78587108059886
chr3	49007274	49007425	chr3_49007274_49007425	0.999970442343669
chr3	49018556	49018599	chr3_49018556_49018599	0.97547812439803
chr3	49021587	49021726	chr3_49021587_49021726	0.999275533960101
chr3	49022097	49022131	chr3_49022097_49022131	0.992558893576761
chr3	49027772	49027773	chr3_49027772_49027773	0.0107349874663735
chr3	49029397	49029480	chr3_49029397_49029480	0.999787229737637
chr3	49094053	49094086	chr3_49094053_49094086	0.998478290481851
chr3	49104749	49104815	chr3_49104749_49104815	0.999731410901479
chr3	49120785	49120954	chr3_49120785_49120954	0.99980984718493
chr3	49340029	49340236	chr3_49340029_49340236	0.99994755981937
chr3	49358296	49358412	chr3_49358296_49358412	0.999616383321324
chr3	49411967	49412142	chr3_49411967_49412142	0.99998134035288
chr3	49412296	49412424	chr3_49412296_49412424	0.999966074624023
chr3	49429259	49429337	chr3_49429259_49429337	0.994598997194774
chr3	49673933	49674068	chr3_49673933_49674068	0.999952139141678
chr3	49674317	49674391	chr3_49674317_49674391	0.998353613877243
chr3	49689515	49689588	chr3_49689515_49689588	0.997280442642014
chr3	49723947	49724030	chr3_49723947_49724030	0.999553395504423
chr3	49786495	49786565	chr3_49786495_49786565	0.999695005144509
chr3	49813864	49813966	chr3_49813864_49813966	0.833774812088796
chr3	49856528	49856603	chr3_49856528_49856603	0.999635635662018
chr3	49929768	49929886	chr3_49929768_49929886	0.994242645829601
chr3	49940006	49940152	chr3_49940006_49940152	0.999814969394416
chr3	50088897	50088954	chr3_50088897_50088954	0.998807869795163
chr3	50236149	50236217	chr3_50236149_50236217	0.999405539471585
chr3	50292419	50292501	chr3_50292419_50292501	0.999843325668971
chr3	50321474	50321492	chr3_50321474_50321492	0.915636211920267
chr3	50328194	50328272	chr3_50328194_50328272	0.99990865015237
chr3	50340808	50341002	chr3_50340808_50341002	0.996645330177968
chr3	50350732	50350742	chr3_50350732_50350742	0.990053610823411
chr3	50350770	50350821	chr3_50350770_50350821	0.999599435542
chr3	50350814	50350892	chr3_50350814_50350892	0.999588741514362
chr3	50359499	50359606	chr3_50359499_50359606	0.999848770656442
chr3	50617076	50617164	chr3_50617076_50617164	0.955355524819045
chr3	51385225	51385310	chr3_51385225_51385310	0.996389990902263
chr3	51391252	51391300	chr3_51391252_51391300	0.98970416752193
chr3	51538674	51538814	chr3_51538674_51538814	0.977482859480292
chr3	51667460	51667461	chr3_51667460_51667461	0.00591307801411649
chr3	51667678	51667737	chr3_51667678_51667737	0.435299899426089
chr3	51668467	51668515	chr3_51668467_51668515	0.259910123896385
chr3	51671140	51671258	chr3_51671140_51671258	0.999395931752341
chr3	51941886	51941998	chr3_51941886_51941998	0.999956015732654
chr3	51942269	51942401	chr3_51942269_51942401	0.999403476803988
chr3	51974017	51974077	chr3_51974017_51974077	0.979185096236574
chr3	51983139	51983502	chr3_51983139_51983502	0.999397078338804
chr3	51995469	51995470	chr3_51995469_51995470	0.582340424813499
chr3	51995892	51996021	chr3_51995892_51996021	0.999952455013229
chr3	52154393	52154448	chr3_52154393_52154448	0.984036229425943
chr3	52198060	52198162	chr3_52198060_52198162	0.999464966073459
chr3	52239088	52239209	chr3_52239088_52239209	0.999245481448855
chr3	52245696	52245803	chr3_52245696_52245803	0.973045027417593
chr3	52287795	52287859	chr3_52287795_52287859	0.996704197901952
chr3	52409997	52410040	chr3_52409997_52410040	0.997648304774323
chr3	52455483	52455630	chr3_52455483_52455630	0.986534902690822
chr3	52533761	52533861	chr3_52533761_52533861	0.911409653736455
chr3	52536579	52536707	chr3_52536579_52536707	0.999935713573952
chr3	52681845	52681894	chr3_52681845_52681894	0.277771859290358
chr3	52685635	52685736	chr3_52685635_52685736	0.983767058797382
chr3	52685773	52685978	chr3_52685773_52685978	0.999203425071665
chr3	52685965	52686033	chr3_52685965_52686033	0.999903258784999
chr3	52705768	52705830	chr3_52705768_52705830	0.965820232416441
chr3	52706070	52706117	chr3_52706070_52706117	0.997350449621171
chr3	52770891	52770951	chr3_52770891_52770951	0.983685697274833
chr3	52897545	52897605	chr3_52897545_52897605	0.991510965360388
chr3	53045961	53046084	chr3_53045961_53046084	0.952534289287857
chr3	53130421	53130496	chr3_53130421_53130496	0.999542608777636
chr3	53161168	53161217	chr3_53161168_53161217	0.992938027180195
chr3	53256017	53256088	chr3_53256017_53256088	0.991213746328098
chr3	53347500	53347610	chr3_53347500_53347610	0.999601376415876
chr3	53846386	53846491	chr3_53846386_53846491	0.935817907175099
chr3	53846505	53846597	chr3_53846505_53846597	0.803025243789677
chr3	53882133	53882207	chr3_53882133_53882207	0.996668101546453
chr3	53891813	53891815	chr3_53891813_53891815	0.951208293915634
chr3	53891846	53891910	chr3_53891846_53891910	0.999825233386147
chr3	56683204	56683305	chr3_56683204_56683305	0.985962511231283
chr3	56801921	56801968	chr3_56801921_56801968	0.959309069255683
chr3	56916359	56916481	chr3_56916359_56916481	0.992105016046688
chr3	57227705	57227817	chr3_57227705_57227817	0.996280079203929
chr3	57259024	57259025	chr3_57259024_57259025	0.0164488863046382
chr3	57556240	57556316	chr3_57556240_57556316	0.997276584067945
chr3	57557070	57557077	chr3_57557070_57557077	0.334044409575526
chr3	57597375	57597504	chr3_57597375_57597504	0.999901397833105
chr3	57756207	57756310	chr3_57756207_57756310	0.99928554744178
chr3	58172096	58172098	chr3_58172096_58172098	0.0110130468929252
chr3	58237490	58237579	chr3_58237490_58237579	0.978795161106089
chr3	58237772	58237864	chr3_58237772_58237864	0.934758190006038
chr3	58306227	58306286	chr3_58306227_58306286	0.999603086341629
chr3	58332862	58332937	chr3_58332862_58332937	0.883713981052323
chr3	58433819	58433898	chr3_58433819_58433898	0.998946748072096
chr3	58491982	58492136	chr3_58491982_58492136	0.987502672926646
chr3	60014148	60014164	chr3_60014148_60014164	0.09179589874316
chr3	63863800	63863965	chr3_63863800_63863965	0.940619559725021
chr3	63863999	63864131	chr3_63863999_63864131	0.703132098145461
chr3	64023460	64023555	chr3_64023460_64023555	0.997806893700751
chr3	66220984	66221032	chr3_66220984_66221032	0.998049031232428
chr3	66998274	66998353	chr3_66998274_66998353	0.994809336920702
chr3	67654591	67654681	chr3_67654591_67654681	0.982591512541946
chr3	68635679	68635694	chr3_68635679_68635694	0.106247902496428
chr3	69052272	69052382	chr3_69052272_69052382	0.999966536752045
chr3	69080358	69080419	chr3_69080358_69080419	0.994800171859447
chr3	69084885	69085024	chr3_69084885_69085024	0.998332887411262
chr3	72848412	72848482	chr3_72848412_72848482	0.999466176583076
chr3	72996747	72996822	chr3_72996747_72996822	0.996601463954682
chr3	75435022	75435166	chr3_75435022_75435166	0.980256575863609
chr3	78627458	78627480	chr3_78627458_78627480	0.126962462881403
chr3	81761642	81761649	chr3_81761642_81761649	0.98031564496402
chr3	81761675	81761837	chr3_81761675_81761837	0.998332320477649
chr3	87227245	87227329	chr3_87227245_87227329	0.995963954989277
chr3	88058973	88059031	chr3_88058973_88059031	0.997214948701758
chr3	88059196	88059314	chr3_88059196_88059314	0.998132468490986
chr3	88149645	88149781	chr3_88149645_88149781	0.996729273564617
chr3	88149870	88149988	chr3_88149870_88149988	0.996591365993504
chr3	94062978	94063085	chr3_94062978_94063085	0.997895007902771
chr3	97972411	97972481	chr3_97972411_97972481	0.921645827379516
chr3	98522878	98523043	chr3_98522878_98523043	0.999842491749392
chr3	98531885	98531937	chr3_98531885_98531937	0.993618775912144
chr3	98531969	98531978	chr3_98531969_98531978	0.856388051209201
chr3	98536584	98536602	chr3_98536584_98536602	0.995623197861125
chr3	98556266	98556291	chr3_98556266_98556291	0.996545186827945
chr3	98593609	98593676	chr3_98593609_98593676	0.996948036029527
chr3	98901672	98901743	chr3_98901672_98901743	0.990833346848588
chr3	99817821	99817911	chr3_99817821_99817911	0.989616440350348
chr3	100146967	100146970	chr3_100146967_100146970	0.0206886035916232
chr3	100260831	100261016	chr3_100260831_100261016	0.999991989708205
chr3	100334681	100334763	chr3_100334681_100334763	0.993373378614969
chr3	100401071	100401171	chr3_100401071_100401171	0.999444255971026
chr3	100401338	100401452	chr3_100401338_100401452	0.999626672640328
chr3	100709278	100709380	chr3_100709278_100709380	0.999821112026474
chr3	100709483	100709545	chr3_100709483_100709545	0.999525183023855
chr3	101561817	101561905	chr3_101561817_101561905	0.998588286121928
chr3	101574159	101574204	chr3_101574159_101574204	0.998547192029057
chr3	101677093	101677171	chr3_101677093_101677171	0.999382198585536
chr3	101686695	101686827	chr3_101686695_101686827	0.99997238305763
chr3	101779172	101779265	chr3_101779172_101779265	0.979109072261879
chr3	101849493	101849539	chr3_101849493_101849539	0.946062399062237
chr3	105366654	105366778	chr3_105366654_105366778	0.998367133142733
chr3	105868907	105869057	chr3_105868907_105869057	0.983596909876517
chr3	107522930	107522989	chr3_107522930_107522989	0.988060058143206
chr3	108091015	108091112	chr3_108091015_108091112	0.998302086540058
chr3	108222401	108222498	chr3_108222401_108222498	0.999290042850024
chr3	108589401	108589498	chr3_108589401_108589498	0.994432586801879
chr3	111978953	111979046	chr3_111978953_111979046	0.999840754447812
chr3	112133218	112133294	chr3_112133218_112133294	0.999869282996377
chr3	112333037	112333183	chr3_112333037_112333183	0.810060614975046
chr3	112362538	112362549	chr3_112362538_112362549	0.0729795063312228
chr3	112499538	112499561	chr3_112499538_112499561	0.750155716563551
chr3	112499596	112499626	chr3_112499596_112499626	0.60026612993423
chr3	112561898	112561994	chr3_112561898_112561994	0.999742946509581
chr3	112561983	112562078	chr3_112561983_112562078	0.999660679314765
chr3	112990872	112990996	chr3_112990872_112990996	0.992485450696943
chr3	113019625	113019765	chr3_113019625_113019765	0.999442896682371
chr3	113515123	113515195	chr3_113515123_113515195	0.998930560904913
chr3	113746193	113746299	chr3_113746193_113746299	0.998480234607105
chr3	113746994	113747066	chr3_113746994_113747066	0.920831756603428
chr3	113838777	113838904	chr3_113838777_113838904	0.980392106254453
chr3	114056730	114056802	chr3_114056730_114056802	0.999882900527145
chr3	118810795	118810804	chr3_118810795_118810804	0.114766497336421
chr3	119240873	119241040	chr3_119240873_119241040	0.996434122418277
chr3	119294591	119294685	chr3_119294591_119294685	0.98792400242641
chr3	119463588	119463694	chr3_119463588_119463694	0.99984769891646
chr3	119468892	119469010	chr3_119468892_119469010	0.990031273602804
chr3	119498482	119498581	chr3_119498482_119498581	0.999860951316103
chr3	119527747	119527750	chr3_119527747_119527750	0.0254676162251033
chr3	119559608	119559675	chr3_119559608_119559675	0.989126851339883
chr3	119579403	119579696	chr3_119579403_119579696	0.993540449902031
chr3	119579733	119579777	chr3_119579733_119579777	0.987833988130146
chr3	119597832	119597904	chr3_119597832_119597904	0.92209432153515
chr3	119677376	119677475	chr3_119677376_119677475	0.999982089089445
chr3	120094373	120094514	chr3_120094373_120094514	0.998147701439184
chr3	120349301	120349423	chr3_120349301_120349423	0.999011903345263
chr3	120596221	120596350	chr3_120596221_120596350	0.999941533755917
chr3	120742511	120742547	chr3_120742511_120742547	0.999771489238948
chr3	120742656	120742771	chr3_120742656_120742771	0.999910690002517
chr3	121545980	121546022	chr3_121545980_121546022	0.997064865328876
chr3	121640801	121640891	chr3_121640801_121640891	0.428840612597947
chr3	121660901	121660953	chr3_121660901_121660953	0.996861552893038
chr3	121749737	121749785	chr3_121749737_121749785	0.999928642281022
chr3	121834988	121835006	chr3_121834988_121835006	0.962263441938348
chr3	121835035	121835099	chr3_121835035_121835099	0.993911299099585
chr3	121835164	121835238	chr3_121835164_121835238	0.999719332112332
chr3	122055327	122055365	chr3_122055327_122055365	0.972626504174039
chr3	122077839	122077877	chr3_122077839_122077877	0.855913459991349
chr3	122078403	122078435	chr3_122078403_122078435	0.572635597818567
chr3	122359776	122359780	chr3_122359776_122359780	0.033479629283143
chr3	122383206	122383255	chr3_122383206_122383255	0.984492600068989
chr3	122384131	122384230	chr3_122384131_122384230	0.999724920076018
chr3	122514914	122514993	chr3_122514914_122514993	0.998293625265315
chr3	122559709	122559710	chr3_122559709_122559710	0.00708562406269514
chr3	122564265	122564350	chr3_122564265_122564350	0.999410088911342
chr3	122564266	122564285	chr3_122564266_122564285	0.996375491421167
chr3	122564529	122564784	chr3_122564529_122564784	0.998847744651059
chr3	122577600	122577651	chr3_122577600_122577651	0.979148160822201
chr3	122680738	122680860	chr3_122680738_122680860	0.998307256501142
chr3	122793769	122793851	chr3_122793769_122793851	0.998942940647525
chr3	123066993	123067108	chr3_123066993_123067108	0.984148283431643
chr3	123201856	123201962	chr3_123201856_123201962	0.999298268743193
chr3	123961228	123961441	chr3_123961228_123961441	0.983380090282729
chr3	124730390	124730452	chr3_124730390_124730452	0.997519694844773
chr3	125083273	125083275	chr3_125083273_125083275	0.0125035779985798
chr3	125108125	125108196	chr3_125108125_125108196	0.950034386505708
chr3	125375234	125375372	chr3_125375234_125375372	0.998730935677451
chr3	125520181	125520290	chr3_125520181_125520290	0.999412935273134
chr3	125595281	125595599	chr3_125595281_125595599	0.999445971812882
chr3	126475875	126476032	chr3_126475875_126476032	0.999055788503803
chr3	126704195	126704284	chr3_126704195_126704284	0.991026618664821
chr3	127590719	127590779	chr3_127590719_127590779	0.999494250368011
chr3	127591011	127591121	chr3_127591011_127591121	0.99738051187011
chr3	127598187	127598280	chr3_127598187_127598280	0.999252449503712
chr3	127598308	127598432	chr3_127598308_127598432	0.999966322901403
chr3	127611484	127611555	chr3_127611484_127611555	0.413523429500894
chr3	127611600	127611617	chr3_127611600_127611617	0.123871968709048
chr3	127690047	127690104	chr3_127690047_127690104	0.292054760158799
chr3	127690222	127690245	chr3_127690222_127690245	0.249886996866688
chr3	127691500	127691502	chr3_127691500_127691502	0.0222513983482129
chr3	127823183	127823446	chr3_127823183_127823446	0.958008752358967
chr3	128052256	128052443	chr3_128052256_128052443	0.999451595466452
chr3	128067413	128067442	chr3_128067413_128067442	0.323810465695687
chr3	128069644	128069648	chr3_128069644_128069648	0.11921936972722
chr3	128123787	128123838	chr3_128123787_128123838	0.998762895160606
chr3	128153412	128153487	chr3_128153412_128153487	0.957112846503222
chr3	128650619	128650620	chr3_128650619_128650620	0.485641319716412
chr3	128650793	128650917	chr3_128650793_128650917	0.999804707703508
chr3	128726120	128726184	chr3_128726120_128726184	0.999651725452705
chr3	128879559	128879646	chr3_128879559_128879646	0.999899320277861
chr3	129121757	129121832	chr3_129121757_129121832	0.77599771091589
chr3	129161054	129161133	chr3_129161054_129161133	0.999091253558314
chr3	129168157	129168181	chr3_129168157_129168181	0.129803203592925
chr3	129169564	129169581	chr3_129169564_129169581	0.1846252089575
chr3	129183892	129184006	chr3_129183892_129184006	0.999827988542398
chr3	129249559	129249633	chr3_129249559_129249633	0.999609888223048
chr3	129249694	129249695	chr3_129249694_129249695	0.854117029242462
chr3	129278779	129278875	chr3_129278779_129278875	0.97750245779505
chr3	129316283	129316290	chr3_129316283_129316290	0.62882213751382
chr3	129399377	129399474	chr3_129399377_129399474	0.991661202077169
chr3	129439936	129439971	chr3_129439936_129439971	0.998487011977738
chr3	129440013	129440052	chr3_129440013_129440052	0.99901780138451
chr3	130850507	130850699	chr3_130850507_130850699	0.98608072307406
chr3	130893954	130894027	chr3_130893954_130894027	0.999283590114138
chr3	130894056	130894085	chr3_130894056_130894085	0.990680132870807
chr3	131026739	131026854	chr3_131026739_131026854	0.992755609834688
chr3	131502935	131503023	chr3_131502935_131503023	0.99738051734169
chr3	132660260	132660371	chr3_132660260_132660371	0.989188013714541
chr3	133573545	133573713	chr3_133573545_133573713	0.999872530661565
chr3	133580108	133580162	chr3_133580108_133580162	0.31674797402593
chr3	133589552	133589575	chr3_133589552_133589575	0.221753044262706
chr3	133661859	133661985	chr3_133661859_133661985	0.984093330908933
chr3	133805724	133805844	chr3_133805724_133805844	0.999521570911181
chr3	134250813	134250931	chr3_134250813_134250931	0.962939847774506
chr3	134485702	134485785	chr3_134485702_134485785	0.99970498401331
chr3	134485981	134486054	chr3_134485981_134486054	0.99939274243524
chr3	134795256	134795320	chr3_134795256_134795320	0.998572692542965
chr3	134805860	134805863	chr3_134805860_134805863	0.0161694606391814
chr3	136250307	136250370	chr3_136250307_136250370	0.99763476093359
chr3	136327174	136327175	chr3_136327174_136327175	0.0136885081791096
chr3	136752334	136752458	chr3_136752334_136752458	0.999549340681184
chr3	136862146	136862267	chr3_136862146_136862267	0.998798455570412
chr3	138174887	138174956	chr3_138174887_138174956	0.989421547040897
chr3	138187266	138187356	chr3_138187266_138187356	0.985399862300828
chr3	138187517	138187538	chr3_138187517_138187538	0.918177178731305
chr3	138608654	138608800	chr3_138608654_138608800	0.988535806602857
chr3	138834883	138834968	chr3_138834883_138834968	0.88940989465643
chr3	139343979	139344020	chr3_139343979_139344020	0.996453150700056
chr3	139389636	139389751	chr3_139389636_139389751	0.999942329551189
chr3	140941778	140941872	chr3_140941778_140941872	0.999716368757956
chr3	141402298	141402376	chr3_141402298_141402376	0.933002430933499
chr3	141486960	141487074	chr3_141486960_141487074	0.945303245837842
chr3	141738181	141738325	chr3_141738181_141738325	0.999579034920272
chr3	141876499	141876644	chr3_141876499_141876644	0.996882385296599
chr3	142028602	142028649	chr3_142028602_142028649	0.9956726709863
chr3	142149482	142149567	chr3_142149482_142149567	0.96638616393479
chr3	142447986	142448073	chr3_142447986_142448073	0.987359130083868
chr3	142547879	142547912	chr3_142547879_142547912	0.203458842861649
chr3	142578696	142578893	chr3_142578696_142578893	0.999217470532598
chr3	143001507	143001636	chr3_143001507_143001636	0.999753377653626
chr3	143012260	143012264	chr3_143012260_143012264	0.0339270641504244
chr3	143022888	143022892	chr3_143022888_143022892	0.0354708639869069
chr3	143119753	143119844	chr3_143119753_143119844	0.955467943884912
chr3	143848422	143848500	chr3_143848422_143848500	0.949511095526742
chr3	143972066	143972094	chr3_143972066_143972094	0.989633034243038
chr3	146544552	146544555	chr3_146544552_146544555	0.865959993161067
chr3	146544703	146544791	chr3_146544703_146544791	0.99837190091131
chr3	148991292	148991541	chr3_148991292_148991541	0.992946632014168
chr3	149086498	149086574	chr3_149086498_149086574	0.999721110757221
chr3	149129596	149129688	chr3_149129596_149129688	0.998574855833613
chr3	149658003	149658078	chr3_149658003_149658078	0.994409102513253
chr3	149752466	149752525	chr3_149752466_149752525	0.974633372726199
chr3	149813194	149813245	chr3_149813194_149813245	0.99741562755165
chr3	149970893	149970964	chr3_149970893_149970964	0.677047436245775
chr3	150410308	150410313	chr3_150410308_150410313	0.0587176273462785
chr3	150546439	150546446	chr3_150546439_150546446	0.984045172735998
chr3	150546493	150546644	chr3_150546493_150546644	0.999943491900476
chr3	150546644	150546795	chr3_150546644_150546795	0.999954935834381
chr3	150546940	150546962	chr3_150546940_150546962	0.952919045026215
chr3	150603253	150603327	chr3_150603253_150603327	0.999806165037115
chr3	150763145	150763220	chr3_150763145_150763220	0.99828112695067
chr3	150763428	150763511	chr3_150763428_150763511	0.997868670902656
chr3	152268847	152268932	chr3_152268847_152268932	0.993727892944757
chr3	153162148	153162240	chr3_153162148_153162240	0.986531016883188
chr3	153164342	153164364	chr3_153164342_153164364	0.187517579663691
chr3	154324460	154324499	chr3_154324460_154324499	0.995661946326535
chr3	155854216	155854220	chr3_155854216_155854220	0.617990432979898
chr3	155854395	155854469	chr3_155854395_155854469	0.999823935622882
chr3	155870475	155870670	chr3_155870475_155870670	0.99934929009889
chr3	156540890	156540895	chr3_156540890_156540895	0.0645627223609607
chr3	156555106	156555198	chr3_156555106_156555198	0.999700991709523
chr3	157160117	157160234	chr3_157160117_157160234	0.999666920698598
chr3	158110053	158110146	chr3_158110053_158110146	0.997575297236859
chr3	158644490	158644573	chr3_158644490_158644573	0.999246395850814
chr3	158802002	158802104	chr3_158802002_158802104	0.998493432997209
chr3	160399604	160399669	chr3_160399604_160399669	0.99355165310489
chr3	160449696	160449839	chr3_160449696_160449839	0.999777560578426
chr3	160565529	160565542	chr3_160565529_160565542	0.957420010267012
chr3	160565568	160565621	chr3_160565568_160565621	0.999027249272598
chr3	161221252	161221320	chr3_161221252_161221320	0.998069587921163
chr3	161429585	161429615	chr3_161429585_161429615	0.167224446409172
chr3	167734866	167734952	chr3_167734866_167734952	0.999867414039635
chr3	168095872	168095981	chr3_168095872_168095981	0.999285930910412
chr3	169483823	169483833	chr3_169483823_169483833	0.0490395437504388
chr3	169773371	169773404	chr3_169773371_169773404	0.996115832760729
chr3	169966777	169966811	chr3_169966777_169966811	0.997371019829669
chr3	170222335	170222486	chr3_170222335_170222486	0.996223568924827
chr3	170357636	170357783	chr3_170357636_170357783	0.997970269705979
chr3	170866383	170866386	chr3_170866383_170866386	0.179169176833079
chr3	170870194	170870237	chr3_170870194_170870237	0.999584783094089
chr3	171460372	171460469	chr3_171460372_171460469	0.998890881939532
chr3	171810423	171810521	chr3_171810423_171810521	0.943936611304777
chr3	172039547	172039650	chr3_172039547_172039650	0.991655296019609
chr3	175274191	175274210	chr3_175274191_175274210	0.993692915838483
chr3	177197144	177197406	chr3_177197144_177197406	0.93680744496315
chr3	179024830	179024865	chr3_179024830_179024865	0.191784388421773
chr3	179067556	179067585	chr3_179067556_179067585	0.544876259697448
chr3	179071728	179071827	chr3_179071728_179071827	0.99843067755767
chr3	179148302	179148428	chr3_179148302_179148428	0.946774936075707
chr3	179261389	179261480	chr3_179261389_179261480	0.94704903638998
chr3	179322854	179323055	chr3_179322854_179323055	0.996007429009056
chr3	179347687	179347760	chr3_179347687_179347760	0.999014282702269
chr3	179386532	179386536	chr3_179386532_179386536	0.0354282256015993
chr3	179562880	179562964	chr3_179562880_179562964	0.999854106002844
chr3	179588955	179588976	chr3_179588955_179588976	0.173305338813026
chr3	179604633	179604678	chr3_179604633_179604678	0.998904717063557
chr3	179604776	179604810	chr3_179604776_179604810	0.998655059123046
chr3	179652924	179653114	chr3_179652924_179653114	0.891850904866348
chr3	180602109	180602208	chr3_180602109_180602208	0.999737370892197
chr3	180912641	180912677	chr3_180912641_180912677	0.98337275099374
chr3	180989704	180989816	chr3_180989704_180989816	0.999678626310751
chr3	182793441	182793504	chr3_182793441_182793504	0.920993581161792
chr3	182980507	182980620	chr3_182980507_182980620	0.970054280472111
chr3	183099494	183099619	chr3_183099494_183099619	0.999948774971228
chr3	183152503	183152504	chr3_183152503_183152504	0.00708562406269514
chr3	183162731	183162786	chr3_183162731_183162786	0.951834754438784
chr3	183555652	183555718	chr3_183555652_183555718	0.950367290291613
chr3	183884850	183884932	chr3_183884850_183884932	0.999559184646632
chr3	184017880	184017974	chr3_184017880_184017974	0.981214869784641
chr3	184135265	184135379	chr3_184135265_184135379	0.99991824523728
chr3	184155300	184155377	chr3_184155300_184155377	0.922957935547696
chr3	184174783	184174897	chr3_184174783_184174897	0.999837026124236
chr3	184186064	184186201	chr3_184186064_184186201	0.999946239013521
chr3	184248944	184248996	chr3_184248944_184248996	0.974551784378795
chr3	184249625	184249765	chr3_184249625_184249765	0.999381389837167
chr3	184299130	184299255	chr3_184299130_184299255	0.999436526364699
chr3	184314504	184314606	chr3_184314504_184314606	0.99927441696343
chr3	184361661	184361958	chr3_184361661_184361958	0.975715558776259
chr3	184363320	184363402	chr3_184363320_184363402	0.999797637377012
chr3	184711992	184712128	chr3_184711992_184712128	0.992570042027425
chr3	184812109	184812197	chr3_184812109_184812197	0.998949747817464
chr3	185282923	185282998	chr3_185282923_185282998	0.998603757638182
chr3	185498968	185499063	chr3_185498968_185499063	0.991061269282674
chr3	185552519	185552619	chr3_185552519_185552619	0.999487785589577
chr3	185586189	185586324	chr3_185586189_185586324	0.999833007048916
chr3	185931852	185931853	chr3_185931852_185931853	0.0384233767158903
chr3	185937943	185937946	chr3_185937943_185937946	0.979051059770775
chr3	185937980	185938143	chr3_185937980_185938143	0.99993530003864
chr3	186567315	186567378	chr3_186567315_186567378	0.992621905848702
chr3	186570596	186570733	chr3_186570596_186570733	0.999843384829667
chr3	186783518	186783578	chr3_186783518_186783578	0.992957372711606
chr3	186806459	186806526	chr3_186806459_186806526	0.995191619314308
chr3	187021853	187021855	chr3_187021853_187021855	0.976974529768917
chr3	187076646	187076650	chr3_187076646_187076650	0.0326122642368061
chr3	187077903	187077909	chr3_187077903_187077909	0.0942077290905746
chr3	190120894	190120897	chr3_190120894_190120897	0.0526601736176366
chr3	191329197	191329439	chr3_191329197_191329439	0.992897805044021
chr3	192917828	192917912	chr3_192917828_192917912	0.928451545394547
chr3	193593105	193593247	chr3_193593105_193593247	0.999917069073835
chr3	194486788	194486848	chr3_194486788_194486848	0.9162578882773
chr3	194672179	194672248	chr3_194672179_194672248	0.992800702937938
chr3	195442970	195443131	chr3_195442970_195443131	0.999842969381383
chr3	195543318	195543385	chr3_195543318_195543385	0.994567447698861
chr3	195658010	195658071	chr3_195658010_195658071	0.968660372774967
chr3	195990237	195990332	chr3_195990237_195990332	0.845383588335646
chr3	196082087	196082169	chr3_196082087_196082169	0.999905254840317
chr3	196238485	196238490	chr3_196238485_196238490	0.0542328980025131
chr3	196287624	196287765	chr3_196287624_196287765	0.998953474787036
chr3	196432380	196432475	chr3_196432380_196432475	0.982727077684045
chr3	196487556	196487581	chr3_196487556_196487581	0.195885175005787
chr3	196503574	196503862	chr3_196503574_196503862	0.999810766563833
chr3	196568613	196568673	chr3_196568613_196568673	0.998387200118855
chr3	196639687	196639828	chr3_196639687_196639828	0.996187844718913
chr3	196712288	196712380	chr3_196712288_196712380	0.993011991411757
chr3	196739762	196739948	chr3_196739762_196739948	0.997421998366071
chr3	196867832	196867937	chr3_196867832_196867937	0.997846605513727
chr3	196934298	196934331	chr3_196934298_196934331	0.301144281476468
chr3	196942525	196942589	chr3_196942525_196942589	0.999894481306816
chr3	196942616	196942677	chr3_196942616_196942677	0.999724240391715
chr3	197001844	197001862	chr3_197001844_197001862	0.254749620149955
chr3	197029778	197029878	chr3_197029778_197029878	0.991336790395065
chr3	197298570	197298665	chr3_197298570_197298665	0.996442254875431
chr3	197555954	197556010	chr3_197555954_197556010	0.94245928913725
chr3	197672082	197672089	chr3_197672082_197672089	0.0578955810063679
chr3	197672881	197672885	chr3_197672881_197672885	0.0182902536538141
chr3	197673660	197673666	chr3_197673660_197673666	0.1068157960545
chr3	197673676	197673684	chr3_197673676_197673684	0.0554910426531656
chr3	197673707	197673744	chr3_197673707_197673744	0.454258695155996
chr3	197701903	197701944	chr3_197701903_197701944	0.295459831745344
chr3	197749750	197749931	chr3_197749750_197749931	0.998704860318421
chr3	197791224	197791270	chr3_197791224_197791270	0.887689244969572
chr3	197950135	197950193	chr3_197950135_197950193	0.99851849687546
chr3	197953449	197953453	chr3_197953449_197953453	0.0396286335419341
chr3	197954052	197954053	chr3_197954052_197954053	0.0493869940909496
