chr2	264805	264948	chr2_264805_264948	0.999754856917788
chr2	677386	677463	chr2_677386_677463	0.998449297973139
chr2	3377815	3377909	chr2_3377815_3377909	0.999367953655975
chr2	3379659	3379723	chr2_3379659_3379723	0.997526873008522
chr2	3387870	3387915	chr2_3387870_3387915	0.103399597957873
chr2	3519526	3519610	chr2_3519526_3519610	0.993614908737015
chr2	3536826	3536904	chr2_3536826_3536904	0.929240483262773
chr2	3541601	3541615	chr2_3541601_3541615	0.0524074333020122
chr2	3558299	3558393	chr2_3558299_3558393	0.999645653230713
chr2	3558409	3558719	chr2_3558409_3558719	0.99930520945339
chr2	3575209	3575305	chr2_3575209_3575305	0.999880962184769
chr2	8750134	8750147	chr2_8750134_8750147	0.0451924419159586
chr2	8750296	8750338	chr2_8750296_8750338	0.0927198042698861
chr2	9003664	9003897	chr2_9003664_9003897	0.996580131194746
chr2	9423464	9423628	chr2_9423464_9423628	0.999799541702079
chr2	9423535	9423658	chr2_9423535_9423658	0.999898143668597
chr2	9472915	9472916	chr2_9472915_9472916	0.0270331201787535
chr2	9555752	9555896	chr2_9555752_9555896	0.99853992835125
chr2	9630968	9631095	chr2_9630968_9631095	0.999888718231321
chr2	9843350	9843500	chr2_9843350_9843500	0.999288147970377
chr2	9951643	9951748	chr2_9951643_9951748	0.984606712200378
chr2	10122653	10122741	chr2_10122653_10122741	0.999910006102444
chr2	10302829	10302918	chr2_10302829_10302918	0.994491310006193
chr2	10448325	10448328	chr2_10448325_10448328	0.998978430538232
chr2	10448391	10448393	chr2_10448391_10448393	0.993540019713844
chr2	10448424	10448450	chr2_10448424_10448450	0.994809255217725
chr2	10448486	10448591	chr2_10448486_10448591	0.985821444060971
chr2	10689934	10689997	chr2_10689934_10689997	0.992679958502643
chr2	10812782	10812859	chr2_10812782_10812859	0.999828411785891
chr2	11155364	11155478	chr2_11155364_11155478	0.975735664006053
chr2	11344626	11344722	chr2_11344626_11344722	0.992282804859625
chr2	11466109	11466192	chr2_11466109_11466192	0.991580621400812
chr2	11746583	11746640	chr2_11746583_11746640	0.984259281223106
chr2	12716860	12717050	chr2_12716860_12717050	0.981535896143503
chr2	15167045	15167055	chr2_15167045_15167055	0.0419213654835831
chr2	15561282	15561359	chr2_15561282_15561359	0.98966911197292
chr2	15591641	15591703	chr2_15591641_15591703	0.956960962198026
chr2	15591728	15591907	chr2_15591728_15591907	0.999215567224033
chr2	15611373	15611379	chr2_15611373_15611379	0.0352384637453947
chr2	16665807	16665889	chr2_16665807_16665889	0.758075314704513
chr2	17753777	17753842	chr2_17753777_17753842	0.995386295860869
chr2	17753856	17753940	chr2_17753856_17753940	0.989727492733774
chr2	17754099	17754180	chr2_17754099_17754180	0.993263375056661
chr2	18560641	18560729	chr2_18560641_18560729	0.996601766207382
chr2	19901629	19901696	chr2_19901629_19901696	0.996631354150056
chr2	19901923	19901983	chr2_19901923_19901983	0.991771555118986
chr2	19990059	19990190	chr2_19990059_19990190	0.977088336873638
chr2	20032811	20032812	chr2_20032811_20032812	0.0246027157037874
chr2	20051618	20051712	chr2_20051618_20051712	0.999755959439175
chr2	20272259	20272270	chr2_20272259_20272270	0.0415451356111468
chr2	20350646	20350740	chr2_20350646_20350740	0.970133694740368
chr2	20651059	20651163	chr2_20651059_20651163	0.96741682048283
chr2	20823072	20823134	chr2_20823072_20823134	0.997828898452267
chr2	23927040	23927215	chr2_23927040_23927215	0.998414561019223
chr2	23940396	23940467	chr2_23940396_23940467	0.992526555469471
chr2	24010052	24010092	chr2_24010052_24010092	0.693064153848899
chr2	24047350	24047426	chr2_24047350_24047426	0.995634176642709
chr2	24076322	24076495	chr2_24076322_24076495	0.999906311820711
chr2	24360513	24360557	chr2_24360513_24360557	0.765932280153962
chr2	24491209	24491275	chr2_24491209_24491275	0.788054704129477
chr2	24793343	24793391	chr2_24793343_24793391	0.999192451001929
chr2	24793381	24793489	chr2_24793381_24793489	0.999040546392702
chr2	24820634	24820689	chr2_24820634_24820689	0.158185973884787
chr2	24920200	24920266	chr2_24920200_24920266	0.679414489504782
chr2	26034018	26034117	chr2_26034018_26034117	0.999926876759285
chr2	26173046	26173137	chr2_26173046_26173137	0.284355850652752
chr2	26184982	26185064	chr2_26184982_26185064	0.668626547367744
chr2	26244601	26244640	chr2_26244601_26244640	0.998138233437691
chr2	26244669	26244901	chr2_26244669_26244901	0.998216888269725
chr2	26244730	26244841	chr2_26244730_26244841	0.994169763281933
chr2	26244875	26244964	chr2_26244875_26244964	0.997691895853858
chr2	26346048	26346183	chr2_26346048_26346183	0.997584234115349
chr2	26350990	26350995	chr2_26350990_26350995	0.0325646817354173
chr2	26764238	26764336	chr2_26764238_26764336	0.961606992986829
chr2	26780135	26780149	chr2_26780135_26780149	0.0469643503678997
chr2	26780389	26780390	chr2_26780389_26780390	0.0239070608176953
chr2	26781465	26781501	chr2_26781465_26781501	0.111633141103045
chr2	26786011	26786057	chr2_26786011_26786057	0.999414818703305
chr2	26970589	26970662	chr2_26970589_26970662	0.971939260003717
chr2	27032894	27033004	chr2_27032894_27033004	0.990002054937405
chr2	27041579	27041582	chr2_27041579_27041582	0.0828532833274344
chr2	27051633	27051689	chr2_27051633_27051689	0.994760629315983
chr2	27066351	27066391	chr2_27066351_27066391	0.116653821200088
chr2	27071642	27071744	chr2_27071642_27071744	0.999346302068883
chr2	27086717	27086783	chr2_27086717_27086783	0.991153639652509
chr2	27134616	27134706	chr2_27134616_27134706	0.999617699878644
chr2	27199769	27199773	chr2_27199769_27199773	0.0486554386675785
chr2	27211924	27211926	chr2_27211924_27211926	0.532353013959364
chr2	27211975	27212087	chr2_27211975_27212087	0.968960107785263
chr2	27212238	27212311	chr2_27212238_27212311	0.983848863309381
chr2	27212324	27212361	chr2_27212324_27212361	0.992989133922401
chr2	27243587	27243590	chr2_27243587_27243590	0.0303786064517917
chr2	27323067	27323117	chr2_27323067_27323117	0.998697891046419
chr2	27326841	27326848	chr2_27326841_27326848	0.0432155696231278
chr2	27343574	27343578	chr2_27343574_27343578	0.0278626730753749
chr2	27356736	27356807	chr2_27356736_27356807	0.999186992247086
chr2	27357022	27357193	chr2_27357022_27357193	0.994982419418617
chr2	27370323	27370485	chr2_27370323_27370485	0.9998241666336
chr2	27370480	27370621	chr2_27370480_27370621	0.999876580753284
chr2	27380720	27380814	chr2_27380720_27380814	0.997802718393907
chr2	27409549	27409709	chr2_27409549_27409709	0.999819622801054
chr2	27428585	27428632	chr2_27428585_27428632	0.999012679863751
chr2	27489678	27489836	chr2_27489678_27489836	0.999833752018163
chr2	27495198	27495288	chr2_27495198_27495288	0.422467431154749
chr2	27582957	27583082	chr2_27582957_27583082	0.999579047325583
chr2	27590659	27590667	chr2_27590659_27590667	0.052270289445259
chr2	27628949	27629025	chr2_27628949_27629025	0.973220001041351
chr2	27628953	27629051	chr2_27628953_27629051	0.992838822067205
chr2	27663415	27663533	chr2_27663415_27663533	0.903439811830822
chr2	27663608	27663665	chr2_27663608_27663665	0.983538803185896
chr2	27663879	27663890	chr2_27663879_27663890	0.909986852038446
chr2	27664092	27664093	chr2_27664092_27664093	0.0825656779917775
chr2	27771683	27771744	chr2_27771683_27771744	0.998467802223853
chr2	27779532	27779533	chr2_27779532_27779533	0.0313425217020887
chr2	27890669	27890777	chr2_27890669_27890777	0.986183253640379
chr2	28751529	28751750	chr2_28751529_28751750	0.999324646750106
chr2	28751669	28751761	chr2_28751669_28751761	0.999142819902439
chr2	28751779	28751814	chr2_28751779_28751814	0.998507865179497
chr2	28751846	28751853	chr2_28751846_28751853	0.995313351168768
chr2	28870276	28870337	chr2_28870276_28870337	0.999129670973553
chr2	28894614	28894691	chr2_28894614_28894691	0.999523492917923
chr2	30146890	30146971	chr2_30146890_30146971	0.998619005351285
chr2	30231510	30231537	chr2_30231510_30231537	0.941089577081894
chr2	30642765	30642766	chr2_30642765_30642766	0.0117752558433436
chr2	30643092	30643123	chr2_30643092_30643123	0.121073944061844
chr2	30643455	30643460	chr2_30643455_30643460	0.0286497383302355
chr2	30643630	30643695	chr2_30643630_30643695	0.244348300181826
chr2	32010259	32010419	chr2_32010259_32010419	0.376030557097458
chr2	32010532	32010673	chr2_32010532_32010673	0.696924467587973
chr2	32039787	32039836	chr2_32039787_32039836	0.998184463580751
chr2	32063929	32064006	chr2_32063929_32064006	0.954027920641608
chr2	32165832	32165886	chr2_32165832_32165886	0.999081263234676
chr2	32221077	32221083	chr2_32221077_32221083	0.037431728685606
chr2	32277837	32277921	chr2_32277837_32277921	0.998544518527768
chr2	32357121	32357241	chr2_32357121_32357241	0.995385775195042
chr2	32628006	32628114	chr2_32628006_32628114	0.99970815095945
chr2	32817537	32817538	chr2_32817537_32817538	0.0125739853617965
chr2	33599224	33599351	chr2_33599224_33599351	0.999134548133616
chr2	36845967	36845997	chr2_36845967_36845997	0.0836410996357331
chr2	36966510	36966644	chr2_36966510_36966644	0.998069239996187
chr2	37084275	37084386	chr2_37084275_37084386	0.996230338294403
chr2	37084440	37084552	chr2_37084440_37084552	0.999120865768962
chr2	37149025	37149026	chr2_37149025_37149026	0.0160478021461726
chr2	37156948	37157047	chr2_37156948_37157047	0.960209940750084
chr2	37196459	37196501	chr2_37196459_37196501	0.968482104574352
chr2	37204218	37204219	chr2_37204218_37204219	0.0315805169231526
chr2	37231572	37231630	chr2_37231572_37231630	0.997990429645876
chr2	37231626	37231696	chr2_37231626_37231696	0.995827936545839
chr2	37324764	37324833	chr2_37324764_37324833	0.951486314924805
chr2	38377267	38377292	chr2_38377267_38377292	0.99535734395917
chr2	38562241	38562246	chr2_38562241_38562246	0.0313550875291316
chr2	38602892	38603070	chr2_38602892_38603070	0.999899384900694
chr2	38666057	38666117	chr2_38666057_38666117	0.991796004484582
chr2	38751356	38751499	chr2_38751356_38751499	0.999864625915263
chr2	38778176	38778231	chr2_38778176_38778231	0.985004469953378
chr2	39120979	39121065	chr2_39120979_39121065	0.996267421612576
chr2	39437150	39437360	chr2_39437150_39437360	0.999217176472828
chr2	39437333	39437469	chr2_39437333_39437469	0.996486381475907
chr2	39779205	39779278	chr2_39779205_39779278	0.984717148080039
chr2	42169273	42169376	chr2_42169273_42169376	0.986656120192674
chr2	42361207	42361272	chr2_42361207_42361272	0.997907127143284
chr2	42568609	42568742	chr2_42568609_42568742	0.972390703468409
chr2	43226602	43226692	chr2_43226602_43226692	0.998987314709398
chr2	43595990	43596069	chr2_43595990_43596069	0.998947455607946
chr2	43774009	43774123	chr2_43774009_43774123	0.993906125463038
chr2	43995900	43995903	chr2_43995900_43995903	0.786344072875842
chr2	43995985	43996038	chr2_43995985_43996038	0.996343952258472
chr2	44168826	44168891	chr2_44168826_44168891	0.999292472309661
chr2	44361489	44361599	chr2_44361489_44361599	0.992701220015747
chr2	45611240	45611295	chr2_45611240_45611295	0.999197791425757
chr2	46542480	46542572	chr2_46542480_46542572	0.958828983830078
chr2	46542543	46542646	chr2_46542543_46542646	0.953364907890602
chr2	46542604	46542737	chr2_46542604_46542737	0.954663127479669
chr2	46543768	46543772	chr2_46543768_46543772	0.0628286985751766
chr2	46617025	46617122	chr2_46617025_46617122	0.999524959717534
chr2	46617164	46617263	chr2_46617164_46617263	0.995083984629432
chr2	46627455	46627460	chr2_46627455_46627460	0.0256074699717079
chr2	46628254	46628262	chr2_46628254_46628262	0.0430086522847267
chr2	46915783	46915842	chr2_46915783_46915842	0.966220423063429
chr2	46941172	46941235	chr2_46941172_46941235	0.970929634969582
chr2	46941704	46941784	chr2_46941704_46941784	0.861333193744095
chr2	47176508	47176581	chr2_47176508_47176581	0.999902961234194
chr2	47369107	47369280	chr2_47369107_47369280	0.913246712798032
chr2	47369307	47369314	chr2_47369307_47369314	0.214684430453294
chr2	47403027	47403166	chr2_47403027_47403166	0.999759469027129
chr2	47783042	47783183	chr2_47783042_47783183	0.998248119353479
chr2	47789726	47789735	chr2_47789726_47789735	0.0365296376484028
chr2	47802572	47802579	chr2_47802572_47802579	0.0370702362776875
chr2	47803374	47803381	chr2_47803374_47803381	0.0422123771769506
chr2	47906034	47906057	chr2_47906034_47906057	0.592928622744171
chr2	47906088	47906158	chr2_47906088_47906158	0.862344730296018
chr2	47906290	47906345	chr2_47906290_47906345	0.911409978804774
chr2	47906442	47906547	chr2_47906442_47906547	0.990199885388334
chr2	48314621	48314734	chr2_48314621_48314734	0.997396111093954
chr2	48440741	48440855	chr2_48440741_48440855	0.996574066879053
chr2	53786933	53787035	chr2_53786933_53787035	0.99699147897684
chr2	53787004	53787063	chr2_53787004_53787063	0.996921704727733
chr2	53787254	53787255	chr2_53787254_53787255	0.134089881189672
chr2	53971070	53971151	chr2_53971070_53971151	0.98977597449318
chr2	54256227	54256237	chr2_54256227_54256237	0.706762391985649
chr2	54558330	54558384	chr2_54558330_54558384	0.970907353736779
chr2	55041767	55041776	chr2_55041767_55041776	0.0486890871731252
chr2	55043472	55043477	chr2_55043472_55043477	0.0350261879488694
chr2	55050494	55050575	chr2_55050494_55050575	0.999933506556621
chr2	55232601	55232688	chr2_55232601_55232688	0.999695215494057
chr2	55246456	55246457	chr2_55246456_55246457	0.0171328979160916
chr2	55269190	55269293	chr2_55269190_55269293	0.999473194393356
chr2	55282267	55282396	chr2_55282267_55282396	0.980880742985907
chr2	55335073	55335088	chr2_55335073_55335088	0.0576818563962926
chr2	55419640	55419646	chr2_55419640_55419646	0.16436532892907
chr2	55419823	55419944	chr2_55419823_55419944	0.998941284998804
chr2	55519557	55519717	chr2_55519557_55519717	0.99953886817118
chr2	55617598	55617818	chr2_55617598_55617818	0.999908076830761
chr2	55617870	55617938	chr2_55617870_55617938	0.997993584384281
chr2	55693831	55693896	chr2_55693831_55693896	0.999617168390319
chr2	58046620	58046732	chr2_58046620_58046732	0.996786577570481
chr2	58046763	58046821	chr2_58046763_58046821	0.992973980162325
chr2	58048824	58048825	chr2_58048824_58048825	0.0174900601972838
chr2	58048921	58048926	chr2_58048921_58048926	0.0414488654176252
chr2	58159541	58159546	chr2_58159541_58159546	0.0295188935465235
chr2	58241322	58241406	chr2_58241322_58241406	0.998466875331467
chr2	60881472	60881679	chr2_60881472_60881679	0.994469984882465
chr2	61017678	61017736	chr2_61017678_61017736	0.968638196344178
chr2	61065866	61065979	chr2_61065866_61065979	0.972162423103055
chr2	61177386	61177472	chr2_61177386_61177472	0.998246314232235
chr2	61470672	61470782	chr2_61470672_61470782	0.993491771400944
chr2	61537783	61537790	chr2_61537783_61537790	0.425894838243256
chr2	61537824	61537830	chr2_61537824_61537830	0.36358823551287
chr2	61538229	61538258	chr2_61538229_61538258	0.999432703072956
chr2	61888612	61888701	chr2_61888612_61888701	0.999287039399768
chr2	61905637	61905675	chr2_61905637_61905675	0.930064445668408
chr2	62196051	62196127	chr2_62196051_62196127	0.992284733236287
chr2	62705646	62705720	chr2_62705646_62705720	0.997293478538729
chr2	63056525	63056537	chr2_63056525_63056537	0.05104114845417
chr2	63588729	63588973	chr2_63588729_63588973	0.999915361403996
chr2	63840936	63841014	chr2_63840936_63841014	0.99932668614332
chr2	64019368	64019564	chr2_64019368_64019564	0.902961951731848
chr2	64144393	64144461	chr2_64144393_64144461	0.998322806785724
chr2	64524288	64524454	chr2_64524288_64524454	0.998298127118034
chr2	64989300	64989399	chr2_64989300_64989399	0.997800286249076
chr2	64989528	64989530	chr2_64989528_64989530	0.164382434108534
chr2	64994523	64994552	chr2_64994523_64994552	0.101855449580862
chr2	65056347	65056449	chr2_65056347_65056449	0.997139724803148
chr2	65130096	65130202	chr2_65130096_65130202	0.999800755325189
chr2	65227710	65227832	chr2_65227710_65227832	0.999617060408999
chr2	67397298	67397402	chr2_67397298_67397402	0.98686005228479
chr2	68062988	68063033	chr2_68062988_68063033	0.998011732398038
chr2	68157478	68157589	chr2_68157478_68157589	0.976617495829226
chr2	68157825	68157917	chr2_68157825_68157917	0.999146621878154
chr2	68679562	68679688	chr2_68679562_68679688	0.744621288117578
chr2	68774902	68774937	chr2_68774902_68774937	0.895319755771079
chr2	69387212	69387298	chr2_69387212_69387298	0.999437717320573
chr2	69437398	69437506	chr2_69437398_69437506	0.997857953769942
chr2	69742056	69742134	chr2_69742056_69742134	0.95902838406293
chr2	69829609	69829696	chr2_69829609_69829696	0.999683625094921
chr2	69893942	69893967	chr2_69893942_69893967	0.988832925756759
chr2	69909159	69909167	chr2_69909159_69909167	0.0497208676938302
chr2	69909359	69909378	chr2_69909359_69909378	0.0602849719056136
chr2	69940859	69940924	chr2_69940859_69940924	0.138180947337574
chr2	69941958	69941967	chr2_69941958_69941967	0.0359643613731155
chr2	70087422	70087482	chr2_70087422_70087482	0.998391037852686
chr2	70088126	70088128	chr2_70088126_70088128	0.679694751253907
chr2	70088673	70088674	chr2_70088673_70088674	0.122961557902348
chr2	70248614	70248793	chr2_70248614_70248793	0.99985981244551
chr2	70258067	70258147	chr2_70258067_70258147	0.986489381871306
chr2	70281672	70281675	chr2_70281672_70281675	0.138808980409843
chr2	70293712	70293771	chr2_70293712_70293771	0.999807073638743
chr2	70302022	70302030	chr2_70302022_70302030	0.944665915516653
chr2	70302057	70302134	chr2_70302057_70302134	0.995577468430561
chr2	70994752	70994800	chr2_70994752_70994800	0.727822591262618
chr2	70994827	70994909	chr2_70994827_70994909	0.984957514555706
chr2	71130223	71130298	chr2_71130223_71130298	0.984834436651534
chr2	71130295	71130389	chr2_71130295_71130389	0.90595695181073
chr2	71130522	71130639	chr2_71130522_71130639	0.998842770680711
chr2	71331686	71331794	chr2_71331686_71331794	0.998842051213337
chr2	72887346	72887420	chr2_72887346_72887420	0.977005122114774
chr2	73071706	73071777	chr2_73071706_73071777	0.989590074867103
chr2	73214212	73214336	chr2_73214212_73214336	0.99712032066554
chr2	73233208	73233317	chr2_73233208_73233317	0.999131873250631
chr2	73234229	73234326	chr2_73234229_73234326	0.999393794442398
chr2	73734588	73734592	chr2_73734588_73734592	0.0320142994486596
chr2	73737327	73737450	chr2_73737327_73737450	0.999375754221128
chr2	73780099	73780169	chr2_73780099_73780169	0.999109673806756
chr2	73828917	73828989	chr2_73828917_73828989	0.99872204974311
chr2	73926796	73926894	chr2_73926796_73926894	0.999896158756792
chr2	74145260	74145265	chr2_74145260_74145265	0.0590099428458173
chr2	74147880	74147990	chr2_74147880_74147990	0.998193500732336
chr2	74147969	74148170	chr2_74147969_74148170	0.996751785537859
chr2	74153761	74153842	chr2_74153761_74153842	0.276228891767573
chr2	74153931	74153937	chr2_74153931_74153937	0.028460461679571
chr2	74174417	74174465	chr2_74174417_74174465	0.119080619437066
chr2	74178841	74178917	chr2_74178841_74178917	0.999605291246138
chr2	74198513	74198616	chr2_74198513_74198616	0.999905386356705
chr2	74213518	74213549	chr2_74213518_74213549	0.102275021956
chr2	74391844	74391900	chr2_74391844_74391900	0.962182984696553
chr2	74391996	74392089	chr2_74391996_74392089	0.993583491974057
chr2	74465342	74465417	chr2_74465342_74465417	0.994070015218912
chr2	74472134	74472151	chr2_74472134_74472151	0.618867271655438
chr2	74472650	74472699	chr2_74472650_74472699	0.998471444033229
chr2	74483064	74483090	chr2_74483064_74483090	0.992115584397133
chr2	74507640	74507708	chr2_74507640_74507708	0.99889066992215
chr2	74529680	74529820	chr2_74529680_74529820	0.999853864551397
chr2	74529705	74529969	chr2_74529705_74529969	0.999889497228481
chr2	74529998	74530000	chr2_74529998_74530000	0.932636098091072
chr2	74554694	74554752	chr2_74554694_74554752	0.985273325783466
chr2	74893210	74893217	chr2_74893210_74893217	0.0395068249432366
chr2	74958591	74958667	chr2_74958591_74958667	0.99166569503963
chr2	75646767	75646796	chr2_75646767_75646796	0.988367398074912
chr2	75710875	75711011	chr2_75710875_75711011	0.993834370797912
chr2	75871934	75871937	chr2_75871934_75871937	0.3622518081372
chr2	77955022	77955025	chr2_77955022_77955025	0.0310858815001647
chr2	84459243	84459318	chr2_84459243_84459318	0.992019891726823
chr2	84905571	84905656	chr2_84905571_84905656	0.994487208206756
chr2	84970918	84971018	chr2_84970918_84971018	0.844710475210292
chr2	84971027	84971132	chr2_84971027_84971132	0.954258762239503
chr2	85319415	85319427	chr2_85319415_85319427	0.0699700699115489
chr2	85327974	85328026	chr2_85327974_85328026	0.99437580969537
chr2	85354697	85354776	chr2_85354697_85354776	0.998464680258106
chr2	85410346	85410391	chr2_85410346_85410391	0.913519716528135
chr2	85414011	85414098	chr2_85414011_85414098	0.943252171500003
chr2	85539102	85539168	chr2_85539102_85539168	0.997986320552499
chr2	85561461	85561552	chr2_85561461_85561552	0.998039844551782
chr2	85577497	85577585	chr2_85577497_85577585	0.946539583408725
chr2	85595660	85595756	chr2_85595660_85595756	0.999396926830457
chr2	85602623	85602756	chr2_85602623_85602756	0.990308934922368
chr2	85607812	85607821	chr2_85607812_85607821	0.0445477897011574
chr2	85607897	85607903	chr2_85607897_85607903	0.0478184509121727
chr2	85608488	85608492	chr2_85608488_85608492	0.0379312321289337
chr2	85611914	85611954	chr2_85611914_85611954	0.736557356558901
chr2	85611999	85612087	chr2_85611999_85612087	0.998301566365406
chr2	85616074	85616190	chr2_85616074_85616190	0.99979554268757
chr2	85888879	85889058	chr2_85888879_85889058	0.960676001386995
chr2	86026714	86026719	chr2_86026714_86026719	0.0549465307078461
chr2	86106170	86106238	chr2_86106170_86106238	0.999432817926523
chr2	86144179	86144201	chr2_86144179_86144201	0.263114315871195
chr2	86144372	86144403	chr2_86144372_86144403	0.145915912095252
chr2	86195392	86195508	chr2_86195392_86195508	0.998553796500185
chr2	86199420	86199484	chr2_86199420_86199484	0.995006801772827
chr2	86441312	86441382	chr2_86441312_86441382	0.999481844189074
chr2	86563375	86563508	chr2_86563375_86563508	0.999353234992195
chr2	86720243	86720313	chr2_86720243_86720313	0.98985941068408
chr2	86775661	86775671	chr2_86775661_86775671	0.0719787306946426
chr2	86777601	86777607	chr2_86777601_86777607	0.0521988670810538
chr2	87076395	87076473	chr2_87076395_87076473	0.96975151711156
chr2	87455401	87455499	chr2_87455401_87455499	0.697185227674225
chr2	88627396	88627510	chr2_88627396_88627510	0.997053680704173
chr2	88691642	88691725	chr2_88691642_88691725	0.999067008086565
chr2	89585573	89585669	chr2_89585573_89585669	0.237515784484207
chr2	95121798	95121824	chr2_95121798_95121824	0.80062580080055
chr2	95121956	95122035	chr2_95121956_95122035	0.985119886978909
chr2	95165646	95165681	chr2_95165646_95165681	0.992950542107441
chr2	95165787	95165828	chr2_95165787_95165828	0.996435404949119
chr2	95402673	95402719	chr2_95402673_95402719	0.997616233331887
chr2	95991789	95991969	chr2_95991789_95991969	0.383359002529508
chr2	95992243	95992305	chr2_95992243_95992305	0.262963392233403
chr2	96010528	96010603	chr2_96010528_96010603	0.99247642856802
chr2	96013990	96013995	chr2_96013990_96013995	0.0291406217204592
chr2	96208374	96208432	chr2_96208374_96208432	0.984808553739972
chr2	96208819	96208872	chr2_96208819_96208872	0.999905558467895
chr2	96253877	96253926	chr2_96253877_96253926	0.143737872524284
chr2	96265973	96266100	chr2_96265973_96266100	0.998285138790525
chr2	96266087	96266250	chr2_96266087_96266250	0.999824171790767
chr2	96283881	96283882	chr2_96283881_96283882	0.0400311082787732
chr2	96284004	96284005	chr2_96284004_96284005	0.0244312907818524
chr2	96286433	96286434	chr2_96286433_96286434	0.0144591296570803
chr2	96286768	96286769	chr2_96286768_96286769	0.0156852049187507
chr2	96305505	96305600	chr2_96305505_96305600	0.995721730976315
chr2	96325290	96325379	chr2_96325290_96325379	0.443841252291894
chr2	96335719	96335782	chr2_96335719_96335782	0.997756230039372
chr2	96536692	96536753	chr2_96536692_96536753	0.980168717087536
chr2	96740051	96740105	chr2_96740051_96740105	0.998048134554733
chr2	96816223	96816271	chr2_96816223_96816271	0.99676296896112
chr2	96857994	96858082	chr2_96857994_96858082	0.998464056138371
chr2	96859894	96859922	chr2_96859894_96859922	0.267910566317396
chr2	96877981	96877983	chr2_96877981_96877983	0.0303868425467528
chr2	96895128	96895168	chr2_96895128_96895168	0.898970001136141
chr2	97094776	97094777	chr2_97094776_97094777	0.0142321786351549
chr2	97094835	97094909	chr2_97094835_97094909	0.987422133198336
chr2	97113106	97113234	chr2_97113106_97113234	0.974352153201459
chr2	97590253	97590318	chr2_97590253_97590318	0.228438102297884
chr2	97645922	97646080	chr2_97645922_97646080	0.999917490248487
chr2	97663991	97664104	chr2_97663991_97664104	0.998009228990645
chr2	98444819	98444943	chr2_98444819_98444943	0.954634711549973
chr2	98608487	98608527	chr2_98608487_98608527	0.993422214809942
chr2	98608524	98608626	chr2_98608524_98608626	0.995696531338087
chr2	99180962	99181078	chr2_99180962_99181078	0.992924538705339
chr2	99181074	99181207	chr2_99181074_99181207	0.999243822389691
chr2	99195851	99195855	chr2_99195851_99195855	0.0279282868761174
chr2	99336318	99336424	chr2_99336318_99336424	0.999324372189102
chr2	99337327	99337425	chr2_99337327_99337425	0.999729152374531
chr2	99361545	99361561	chr2_99361545_99361561	0.0522731947927592
chr2	99389695	99389763	chr2_99389695_99389763	0.162175611558175
chr2	99489969	99490063	chr2_99489969_99490063	0.982980666545053
chr2	100391964	100391971	chr2_100391964_100391971	0.0411320892692451
chr2	100417383	100417521	chr2_100417383_100417521	0.93515092970224
chr2	100417635	100417696	chr2_100417635_100417696	0.80236574820806
chr2	100562912	100563000	chr2_100562912_100563000	0.998980565996775
chr2	101002211	101002293	chr2_101002211_101002293	0.999849656294267
chr2	101002700	101002723	chr2_101002700_101002723	0.509026306159045
chr2	101005955	101005956	chr2_101005955_101005956	0.0981577174093812
chr2	101252850	101252917	chr2_101252850_101252917	0.999657006389102
chr2	101308687	101308776	chr2_101308687_101308776	0.996645733318683
chr2	101697619	101697711	chr2_101697619_101697711	0.995167992789323
chr2	102355736	102355936	chr2_102355736_102355936	0.89112954144014
chr2	102736831	102736905	chr2_102736831_102736905	0.983421874875232
chr2	102736892	102736966	chr2_102736892_102736966	0.972617302087664
chr2	105037991	105038083	chr2_105037991_105038083	0.999742424686872
chr2	105329642	105329751	chr2_105329642_105329751	0.718846365281413
chr2	105337509	105337586	chr2_105337509_105337586	0.996031752525263
chr2	105744783	105744865	chr2_105744783_105744865	0.936410263932251
chr2	105744892	105744913	chr2_105744892_105744913	0.371377134309198
chr2	106194294	106194392	chr2_106194294_106194392	0.993641260459911
chr2	107746937	107746943	chr2_107746937_107746943	0.944654641362209
chr2	108449166	108449231	chr2_108449166_108449231	0.99902648077473
chr2	108534358	108534476	chr2_108534358_108534476	0.989311894739534
chr2	108719431	108719561	chr2_108719431_108719561	0.998880235399468
chr2	108786724	108786806	chr2_108786724_108786806	0.998254392865113
chr2	110212526	110212567	chr2_110212526_110212567	0.960977076148155
chr2	110678061	110678104	chr2_110678061_110678104	0.999287876554531
chr2	111366262	111366269	chr2_111366262_111366269	0.135849229536932
chr2	111366534	111366542	chr2_111366534_111366542	0.128914280770367
chr2	111495029	111495126	chr2_111495029_111495126	0.736597732015347
chr2	111884166	111884205	chr2_111884166_111884205	0.995626660567965
chr2	112055184	112055578	chr2_112055184_112055578	0.999277073061263
chr2	112234194	112234198	chr2_112234194_112234198	0.0266949170771239
chr2	112254997	112255126	chr2_112254997_112255126	0.997949894566645
chr2	112482051	112482185	chr2_112482051_112482185	0.992468058058673
chr2	112542406	112542467	chr2_112542406_112542467	0.995565129746846
chr2	112584563	112584611	chr2_112584563_112584611	0.994187065466635
chr2	112645822	112645942	chr2_112645822_112645942	0.999593340964314
chr2	112658570	112658575	chr2_112658570_112658575	0.0637414806139545
chr2	112764607	112764680	chr2_112764607_112764680	0.999346513419183
chr2	113235504	113235549	chr2_113235504_113235549	0.997293012998321
chr2	113437732	113437822	chr2_113437732_113437822	0.924294779219678
chr2	113627013	113627178	chr2_113627013_113627178	0.868306148738092
chr2	113712049	113712053	chr2_113712049_113712053	0.0311512483839668
chr2	113756609	113756684	chr2_113756609_113756684	0.992380130161798
chr2	113889889	113890109	chr2_113889889_113890109	0.999922652980213
chr2	117814657	117814723	chr2_117814657_117814723	0.999180063435071
chr2	118014067	118014173	chr2_118014067_118014173	0.980169943718217
chr2	118088405	118088513	chr2_118088405_118088513	0.998032101564442
chr2	119223778	119223865	chr2_119223778_119223865	0.975938354860623
chr2	119366900	119366991	chr2_119366900_119366991	0.998424485045373
chr2	119679133	119679229	chr2_119679133_119679229	0.994255150458964
chr2	119764294	119764326	chr2_119764294_119764326	0.091444935880701
chr2	120013024	120013077	chr2_120013024_120013077	0.985882177690474
chr2	120223352	120223444	chr2_120223352_120223444	0.96900828686787
chr2	120252742	120252867	chr2_120252742_120252867	0.99982649676495
chr2	120252953	120252958	chr2_120252953_120252958	0.966471694082879
chr2	121649632	121649704	chr2_121649632_121649704	0.998002275721049
chr2	121650066	121650154	chr2_121650066_121650154	0.988672621615146
chr2	121736870	121736933	chr2_121736870_121736933	0.999425883052081
chr2	121755510	121755690	chr2_121755510_121755690	0.99994330735547
chr2	126656038	126656166	chr2_126656038_126656166	0.990856702505854
chr2	126690266	126690267	chr2_126690266_126690267	0.0141085394344053
chr2	127294137	127294190	chr2_127294137_127294190	0.994397008034172
chr2	127387936	127388095	chr2_127387936_127388095	0.996092152553175
chr2	127526449	127526523	chr2_127526449_127526523	0.999435871443797
chr2	127701464	127701522	chr2_127701464_127701522	0.997377896207372
chr2	127764905	127764906	chr2_127764905_127764906	0.0162951019228147
chr2	127811156	127811243	chr2_127811156_127811243	0.998913901920812
chr2	127852969	127852977	chr2_127852969_127852977	0.0681665641039668
chr2	127858112	127858188	chr2_127858112_127858188	0.999246625729348
chr2	127885476	127885541	chr2_127885476_127885541	0.355526604228586
chr2	127885891	127886109	chr2_127885891_127886109	0.869690517556169
chr2	127885930	127886011	chr2_127885930_127886011	0.81886658040116
chr2	128091168	128091234	chr2_128091168_128091234	0.99756062931308
chr2	130181576	130181632	chr2_130181576_130181632	0.997715515043515
chr2	130182166	130182272	chr2_130182166_130182272	0.998024902813564
chr2	130229332	130229375	chr2_130229332_130229375	0.970680696120163
chr2	130339180	130339181	chr2_130339180_130339181	0.0314983767211445
chr2	130342130	130342263	chr2_130342130_130342263	0.999409810930379
chr2	130342806	130342923	chr2_130342806_130342923	0.999863472714648
chr2	130356024	130356094	chr2_130356024_130356094	0.994536948109358
chr2	130372638	130372765	chr2_130372638_130372765	0.995314948100137
chr2	131093432	131093493	chr2_131093432_131093493	0.99223430796478
chr2	131105263	131105337	chr2_131105263_131105337	0.999060677341831
chr2	131213019	131213020	chr2_131213019_131213020	0.0159700000939357
chr2	131213424	131213429	chr2_131213424_131213429	0.0924711651298122
chr2	131215015	131215020	chr2_131215015_131215020	0.0272042688629968
chr2	131492385	131492448	chr2_131492385_131492448	0.987355456881753
chr2	131527858	131527936	chr2_131527858_131527936	0.943086323616127
chr2	134451610	134451643	chr2_134451610_134451643	0.0798145768058051
chr2	134918758	134918843	chr2_134918758_134918843	0.998626919180965
chr2	135052253	135052298	chr2_135052253_135052298	0.992323681248933
chr2	135062192	135062209	chr2_135062192_135062209	0.0557374049443078
chr2	135063451	135063534	chr2_135063451_135063534	0.146968470244657
chr2	135531445	135531559	chr2_135531445_135531559	0.99548493270279
chr2	135710054	135710094	chr2_135710054_135710094	0.82922184769828
chr2	135741596	135741781	chr2_135741596_135741781	0.999811910751138
chr2	135741852	135741855	chr2_135741852_135741855	0.978517359965997
chr2	135876409	135876497	chr2_135876409_135876497	0.999917931244141
chr2	135985520	135985533	chr2_135985520_135985533	0.98967846776425
chr2	135985579	135985704	chr2_135985579_135985704	0.999346902698142
chr2	139410953	139410959	chr2_139410953_139410959	0.524668372539162
chr2	144520074	144520153	chr2_144520074_144520153	0.990407352413141
chr2	148020708	148020793	chr2_148020708_148020793	0.99971961967899
chr2	148021148	148021158	chr2_148021148_148021158	0.381524575414482
chr2	149587720	149587823	chr2_149587720_149587823	0.999946149181527
chr2	151289627	151289668	chr2_151289627_151289668	0.924705158413797
chr2	151409869	151409916	chr2_151409869_151409916	0.998046829890967
chr2	151797442	151797467	chr2_151797442_151797467	0.16173876696956
chr2	151828416	151828421	chr2_151828416_151828421	0.967156393531244
chr2	151828449	151828531	chr2_151828449_151828531	0.999718295186964
chr2	152717406	152717469	chr2_152717406_152717469	0.999847671600609
chr2	152717619	152717680	chr2_152717619_152717680	0.99390860036195
chr2	152717625	152717641	chr2_152717625_152717641	0.987776459446403
chr2	152717907	152717995	chr2_152717907_152717995	0.998431521316663
chr2	152717911	152718048	chr2_152717911_152718048	0.999032580840611
chr2	152718549	152718622	chr2_152718549_152718622	0.999472413264586
chr2	156436313	156436471	chr2_156436313_156436471	0.936686451377194
chr2	157257528	157257589	chr2_157257528_157257589	0.686114020711786
chr2	157257639	157257762	chr2_157257639_157257762	0.995492067225702
chr2	157258579	157258584	chr2_157258579_157258584	0.753328857432934
chr2	157875826	157875919	chr2_157875826_157875919	0.88435432337723
chr2	157876100	157876133	chr2_157876100_157876133	0.809098412144519
chr2	158456887	158456980	chr2_158456887_158456980	0.974958116236693
chr2	158457079	158457187	chr2_158457079_158457187	0.489288535725876
chr2	158533175	158533241	chr2_158533175_158533241	0.14844889515616
chr2	158624953	158625006	chr2_158624953_158625006	0.19774548924141
chr2	159286621	159286773	chr2_159286621_159286773	0.999208083485371
chr2	159712346	159712458	chr2_159712346_159712458	0.998134406010561
chr2	159712451	159712517	chr2_159712451_159712517	0.999688629322491
chr2	159763956	159763962	chr2_159763956_159763962	0.0389083188677148
chr2	161160412	161160431	chr2_161160412_161160431	0.99763903488888
chr2	161308371	161308460	chr2_161308371_161308460	0.999867292487355
chr2	165953754	165953841	chr2_165953754_165953841	0.998194243166933
chr2	166375931	166376050	chr2_166375931_166376050	0.997299584281897
chr2	167941175	167941183	chr2_167941175_167941183	0.986849314219703
chr2	168456223	168456292	chr2_168456223_168456292	0.973466199562508
chr2	168802392	168802474	chr2_168802392_168802474	0.846124427655528
chr2	168802547	168802653	chr2_168802547_168802653	0.987331779202113
chr2	168890380	168890466	chr2_168890380_168890466	0.999554057282482
chr2	169573783	169573926	chr2_169573783_169573926	0.999825568506304
chr2	169584321	169584378	chr2_169584321_169584378	0.999621986629902
chr2	169584790	169584800	chr2_169584790_169584800	0.865666096683329
chr2	169614684	169614689	chr2_169614684_169614689	0.039727956078133
chr2	169636411	169636412	chr2_169636411_169636412	0.0230675924843664
chr2	169694428	169694614	chr2_169694428_169694614	0.999490639718844
chr2	169733781	169733859	chr2_169733781_169733859	0.981471555797727
chr2	169733905	169733935	chr2_169733905_169733935	0.870955864267869
chr2	169798796	169798890	chr2_169798796_169798890	0.999904512705536
chr2	169824868	169824946	chr2_169824868_169824946	0.99920009652344
chr2	169827411	169827496	chr2_169827411_169827496	0.998671349201956
chr2	170751698	170751752	chr2_170751698_170751752	0.104796558415536
chr2	170770980	170771096	chr2_170770980_170771096	0.983030513485126
chr2	170929077	170929273	chr2_170929077_170929273	0.99971090909636
chr2	170962914	170962919	chr2_170962914_170962919	0.0420141049365795
chr2	171160496	171160551	chr2_171160496_171160551	0.825553395703246
chr2	171160689	171161022	chr2_171160689_171161022	0.993562323787813
chr2	171433988	171434143	chr2_171433988_171434143	0.999584064640392
chr2	171434199	171434364	chr2_171434199_171434364	0.998123860564787
chr2	171522336	171522477	chr2_171522336_171522477	0.998387814468116
chr2	171687401	171687485	chr2_171687401_171687485	0.999290763090518
chr2	171687747	171687759	chr2_171687747_171687759	0.980222930288537
chr2	171894222	171894337	chr2_171894222_171894337	0.998120077591722
chr2	171922391	171922481	chr2_171922391_171922481	0.999910535524675
chr2	171999925	171999986	chr2_171999925_171999986	0.999034696969405
chr2	172084708	172084824	chr2_172084708_172084824	0.978145077944609
chr2	172555962	172556098	chr2_172555962_172556098	0.993367641852009
chr2	173075758	173075892	chr2_173075758_173075892	0.984140950088443
chr2	173354807	173354884	chr2_173354807_173354884	0.997131124098625
chr2	173965233	173965413	chr2_173965233_173965413	0.998599489574024
chr2	174248531	174248540	chr2_174248531_174248540	0.989556710814606
chr2	174248580	174248674	chr2_174248580_174248674	0.99963259886141
chr2	174351645	174351652	chr2_174351645_174351652	0.0334342585263969
chr2	174395672	174395738	chr2_174395672_174395738	0.989947535628238
chr2	174395713	174395800	chr2_174395713_174395800	0.990072439677255
chr2	174719797	174719821	chr2_174719797_174719821	0.151225342883547
chr2	175168166	175168270	chr2_175168166_175168270	0.999544167494629
chr2	175181467	175181468	chr2_175181467_175181468	0.207332772821188
chr2	175181706	175181774	chr2_175181706_175181774	0.99994850322905
chr2	176002257	176002335	chr2_176002257_176002335	0.999444693174424
chr2	176269384	176269453	chr2_176269384_176269453	0.997974267511525
chr2	177212701	177212793	chr2_177212701_177212793	0.999069110777842
chr2	177219948	177219953	chr2_177219948_177219953	0.0397177867193212
chr2	177264694	177264862	chr2_177264694_177264862	0.999513337146591
chr2	177392629	177392714	chr2_177392629_177392714	0.995212411302553
chr2	177392684	177392705	chr2_177392684_177392705	0.984592338822809
chr2	177392737	177392774	chr2_177392737_177392774	0.997086596012084
chr2	177618704	177618753	chr2_177618704_177618753	0.99269169418603
chr2	178112376	178112491	chr2_178112376_178112491	0.998135054588872
chr2	178194437	178194538	chr2_178194437_178194538	0.995662128960031
chr2	178451142	178451207	chr2_178451142_178451207	0.999592248052879
chr2	178480345	178480510	chr2_178480345_178480510	0.997934009562254
chr2	178523181	178523244	chr2_178523181_178523244	0.997435285680868
chr2	179264761	179264842	chr2_179264761_179264842	0.68234274429272
chr2	180007093	180007131	chr2_180007093_180007131	0.978016240027547
chr2	180007256	180007361	chr2_180007256_180007361	0.996021206170572
chr2	180692007	180692010	chr2_180692007_180692010	0.136334185277352
chr2	180980554	180980654	chr2_180980554_180980654	0.983997277315025
chr2	180980909	180980928	chr2_180980909_180980928	0.773437777932855
chr2	180982014	180982015	chr2_180982014_180982015	0.0286355951853723
chr2	181891692	181891853	chr2_181891692_181891853	0.996258787404433
chr2	181891884	181891963	chr2_181891884_181891963	0.990326816251985
chr2	182716228	182716273	chr2_182716228_182716273	0.997657969331449
chr2	183038358	183038360	chr2_183038358_183038360	0.639262343961446
chr2	183038415	183038523	chr2_183038415_183038523	0.998100395719971
chr2	183124353	183124461	chr2_183124353_183124461	0.99817757455594
chr2	186486175	186486302	chr2_186486175_186486302	0.999921580623924
chr2	186589952	186590072	chr2_186589952_186590072	0.996879786978542
chr2	187554432	187554543	chr2_187554432_187554543	0.988018437974836
chr2	188291828	188291934	chr2_188291828_188291934	0.963884041538299
chr2	189441388	189441479	chr2_189441388_189441479	0.995819089006641
chr2	189475427	189475432	chr2_189475427_189475432	0.0286497383302355
chr2	189580778	189580819	chr2_189580778_189580819	0.960571386155635
chr2	189581986	189582056	chr2_189581986_189582056	0.976097464468497
chr2	189661360	189661484	chr2_189661360_189661484	0.999547270715121
chr2	189762743	189762808	chr2_189762743_189762808	0.996950771163426
chr2	189784333	189784395	chr2_189784333_189784395	0.994021102460236
chr2	189784412	189784500	chr2_189784412_189784500	0.994727083644651
chr2	189784474	189784490	chr2_189784474_189784490	0.96502455257197
chr2	190180459	190180534	chr2_190180459_190180534	0.87935026385549
chr2	190180798	190180898	chr2_190180798_190180898	0.786938505054354
chr2	190319766	190319908	chr2_190319766_190319908	0.999315664088033
chr2	190880808	190880843	chr2_190880808_190880843	0.993571085883109
chr2	190915287	190915295	chr2_190915287_190915295	0.0454479777543308
chr2	190984392	190984393	chr2_190984392_190984393	0.0156343603025813
chr2	191014154	191014261	chr2_191014154_191014261	0.992458796646364
chr2	191678657	191678663	chr2_191678657_191678663	0.134988002782516
chr2	191847074	191847101	chr2_191847074_191847101	0.846833776218335
chr2	191847185	191847292	chr2_191847185_191847292	0.697510686939992
chr2	195657119	195657235	chr2_195657119_195657235	0.998397022068483
chr2	196171520	196171634	chr2_196171520_196171634	0.990922432207325
chr2	196639637	196639758	chr2_196639637_196639758	0.982852466300835
chr2	196799648	196799770	chr2_196799648_196799770	0.995484879644115
chr2	197435015	197435142	chr2_197435015_197435142	0.999686308894448
chr2	197453397	197453552	chr2_197453397_197453552	0.999443977617516
chr2	197499838	197499943	chr2_197499838_197499943	0.999775719178083
chr2	197500108	197500177	chr2_197500108_197500177	0.998075934006589
chr2	197500165	197500343	chr2_197500165_197500343	0.998413463349141
chr2	197500311	197500348	chr2_197500311_197500348	0.993121356016371
chr2	197500377	197500419	chr2_197500377_197500419	0.992748981103494
chr2	197501071	197501072	chr2_197501071_197501072	0.0367667916205946
chr2	197516016	197516081	chr2_197516016_197516081	0.995171932272324
chr2	197705324	197705448	chr2_197705324_197705448	0.988512213023403
chr2	198083753	198083755	chr2_198083753_198083755	0.0272583540169305
chr2	199911244	199911335	chr2_199911244_199911335	0.996906938944498
chr2	199955756	199955802	chr2_199955756_199955802	0.913556080058483
chr2	200509934	200510176	chr2_200509934_200510176	0.991559354727692
chr2	200526081	200526211	chr2_200526081_200526211	0.997223794704329
chr2	200811528	200811572	chr2_200811528_200811572	0.988019966331407
chr2	200811897	200811925	chr2_200811897_200811925	0.995724195676476
chr2	200864656	200864744	chr2_200864656_200864744	0.995365659807999
chr2	200889055	200889352	chr2_200889055_200889352	0.994996530165246
chr2	200889337	200889424	chr2_200889337_200889424	0.998466171994302
chr2	200963622	200963724	chr2_200963622_200963724	0.994088815943136
chr2	201071626	201071699	chr2_201071626_201071699	0.99580156380975
chr2	201071964	201072025	chr2_201071964_201072025	0.989766426556013
chr2	201183077	201183176	chr2_201183077_201183176	0.961085827729064
chr2	201217968	201217976	chr2_201217968_201217976	0.0353891056225012
chr2	201233443	201233515	chr2_201233443_201233515	0.970897890419168
chr2	201258007	201258116	chr2_201258007_201258116	0.640589042857293
chr2	201451651	201451770	chr2_201451651_201451770	0.995586460669805
chr2	201642667	201642715	chr2_201642667_201642715	0.936853587407393
chr2	201780893	201780983	chr2_201780893_201780983	0.987279686104898
chr2	202238561	202238626	chr2_202238561_202238626	0.996923957384692
chr2	202265691	202265772	chr2_202265691_202265772	0.998807284351975
chr2	202303428	202303431	chr2_202303428_202303431	0.0493870269526427
chr2	202911611	202911614	chr2_202911611_202911614	0.500089218643961
chr2	202911641	202911695	chr2_202911641_202911695	0.95427658175458
chr2	202912127	202912224	chr2_202912127_202912224	0.977330182806442
chr2	203238937	203239021	chr2_203238937_203239021	0.995243455302904
chr2	206159424	206159602	chr2_206159424_206159602	0.999659900281185
chr2	206159562	206159641	chr2_206159562_206159641	0.999084097667915
chr2	206159889	206159896	chr2_206159889_206159896	0.900438682234482
chr2	206765573	206765606	chr2_206765573_206765606	0.971747734196577
chr2	207529883	207529963	chr2_207529883_207529963	0.996924798025351
chr2	207625311	207625458	chr2_207625311_207625458	0.995391550331173
chr2	207764339	207764345	chr2_207764339_207764345	0.0427316710734119
chr2	207764993	207764996	chr2_207764993_207764996	0.0296329225883547
chr2	208255067	208255164	chr2_208255067_208255164	0.995934359119084
chr2	210002548	210002649	chr2_210002548_210002649	0.997633956342511
chr2	210023154	210023166	chr2_210023154_210023166	0.0507244596296677
chr2	210476704	210476792	chr2_210476704_210476792	0.995173827331098
chr2	210477536	210477603	chr2_210477536_210477603	0.63360835712437
chr2	214809659	214809726	chr2_214809659_214809726	0.953097814949904
chr2	215311917	215312087	chr2_215311917_215312087	0.999388793646017
chr2	215346754	215346755	chr2_215346754_215346755	0.0413592745608709
chr2	216081764	216081840	chr2_216081764_216081840	0.910851678516531
chr2	216109264	216109410	chr2_216109264_216109410	0.999617553472397
chr2	216412408	216412555	chr2_216412408_216412555	0.997783035385423
chr2	216498781	216498844	chr2_216498781_216498844	0.999318522920536
chr2	216499267	216499268	chr2_216499267_216499268	0.0409771032655857
chr2	216499974	216499975	chr2_216499974_216499975	0.195560748083625
chr2	217817744	217817748	chr2_217817744_217817748	0.0258055480383077
chr2	218217018	218217199	chr2_218217018_218217199	0.999380029749387
chr2	218270122	218270204	chr2_218270122_218270204	0.999219610060834
chr2	218270488	218270525	chr2_218270488_218270525	0.994193922020943
chr2	218276041	218276045	chr2_218276041_218276045	0.038192524592158
chr2	218292502	218292597	chr2_218292502_218292597	0.978735791271373
chr2	218323216	218323302	chr2_218323216_218323302	0.878006091328449
chr2	218568316	218568411	chr2_218568316_218568411	0.996165735774501
chr2	218568806	218568845	chr2_218568806_218568845	0.95259714238669
chr2	218595585	218595602	chr2_218595585_218595602	0.0755686340564473
chr2	218659640	218659722	chr2_218659640_218659722	0.99715451663221
chr2	218671962	218672006	chr2_218671962_218672006	0.940616503003627
chr2	219160790	219160878	chr2_219160790_219160878	0.989407221366314
chr2	219176932	219177014	chr2_219176932_219177014	0.990077464786451
chr2	219178125	219178188	chr2_219178125_219178188	0.954016076523123
chr2	219178197	219178309	chr2_219178197_219178309	0.97562993110955
chr2	219206756	219206808	chr2_219206756_219206808	0.985937777996193
chr2	219206967	219206968	chr2_219206967_219206968	0.284869795249013
chr2	219218956	219219040	chr2_219218956_219219040	0.997046699206431
chr2	219229583	219229670	chr2_219229583_219229670	0.993210332096666
chr2	219229759	219229867	chr2_219229759_219229867	0.998381727295493
chr2	219253913	219253986	chr2_219253913_219253986	0.974648183405704
chr2	219387791	219387796	chr2_219387791_219387796	0.726429360324621
chr2	219387904	219387963	chr2_219387904_219387963	0.991063627826536
chr2	219498823	219498915	chr2_219498823_219498915	0.998960507177159
chr2	219571508	219571608	chr2_219571508_219571608	0.724248282364444
chr2	222656077	222656123	chr2_222656077_222656123	0.99838608589644
chr2	222860956	222861037	chr2_222860956_222861037	0.998832109680709
chr2	223945296	223945410	chr2_223945296_223945410	0.982719099507453
chr2	223957357	223957462	chr2_223957357_223957462	0.994503354176522
chr2	224585383	224585547	chr2_224585383_224585547	0.99847077801843
chr2	226835963	226836125	chr2_226835963_226836125	0.998132306937002
chr2	227325203	227325287	chr2_227325203_227325287	0.996179099256766
chr2	227472092	227472171	chr2_227472092_227472171	0.978396162500964
chr2	229921954	229922092	chr2_229921954_229922092	0.989200139319265
chr2	230416155	230416219	chr2_230416155_230416219	0.959352601965704
chr2	230712788	230712878	chr2_230712788_230712878	0.996262561731246
chr2	230864841	230864955	chr2_230864841_230864955	0.973912834630167
chr2	231056843	231056911	chr2_231056843_231056911	0.964885642006357
chr2	231464481	231464617	chr2_231464481_231464617	0.999797180602327
chr2	231514266	231514396	chr2_231514266_231514396	0.993433961416272
chr2	231708480	231708529	chr2_231708480_231708529	0.999660671619663
chr2	231786354	231786446	chr2_231786354_231786446	0.978219656698967
chr2	232550499	232550636	chr2_232550499_232550636	0.990774618627676
chr2	232550571	232550702	chr2_232550571_232550702	0.997492587335046
chr2	232697268	232697331	chr2_232697268_232697331	0.992896191211562
chr2	233251636	233251704	chr2_233251636_233251704	0.986226549513728
chr2	233354479	233354566	chr2_233354479_233354566	0.467123454679419
chr2	233566741	233566789	chr2_233566741_233566789	0.977471330706986
chr2	233854527	233854583	chr2_233854527_233854583	0.993822311481229
chr2	233868345	233868423	chr2_233868345_233868423	0.92424786353463
chr2	235709175	235709178	chr2_235709175_235709178	0.0312851971003233
chr2	237085845	237085915	chr2_237085845_237085915	0.991079177258778
chr2	237966932	237967047	chr2_237966932_237967047	0.99121775308546
chr2	238030552	238030553	chr2_238030552_238030553	0.0138691877513469
chr2	238060953	238061091	chr2_238060953_238061091	0.986661969690011
chr2	238158894	238158973	chr2_238158894_238158973	0.812353439374584
chr2	238203631	238203761	chr2_238203631_238203761	0.988499266101114
chr2	238231651	238231738	chr2_238231651_238231738	0.923917650113966
chr2	238240034	238240071	chr2_238240034_238240071	0.995411470304896
chr2	238320467	238320572	chr2_238320467_238320572	0.976397268259466
chr2	238426887	238427062	chr2_238426887_238427062	0.944421083960718
chr2	240025330	240025419	chr2_240025330_240025419	0.989769309065192
chr2	240130934	240130954	chr2_240130934_240130954	0.070496050690756
chr2	240136284	240136343	chr2_240136284_240136343	0.951772527469342
chr2	240560753	240560852	chr2_240560753_240560852	0.956549209752744
chr2	240560788	240560897	chr2_240560788_240560897	0.943672872753612
chr2	240561008	240561112	chr2_240561008_240561112	0.985606362799731
chr2	240568408	240568513	chr2_240568408_240568513	0.63883728233767
chr2	240577901	240577905	chr2_240577901_240577905	0.0232477752621004
chr2	240586693	240586755	chr2_240586693_240586755	0.99470858199548
chr2	241102286	241102342	chr2_241102286_241102342	0.948154601458991
chr2	241149445	241149504	chr2_241149445_241149504	0.991758061248216
chr2	241150412	241150490	chr2_241150412_241150490	0.995634385752295
chr2	241272829	241272836	chr2_241272829_241272836	0.247020575831025
chr2	241315193	241315225	chr2_241315193_241315225	0.988771335895894
chr2	241315251	241315356	chr2_241315251_241315356	0.992812285660647
chr2	241315388	241315418	chr2_241315388_241315418	0.847593414766605
chr2	241315662	241315672	chr2_241315662_241315672	0.976749708774408
chr2	241315701	241315847	chr2_241315701_241315847	0.999519987115886
chr2	241315885	241315935	chr2_241315885_241315935	0.997380289752829
chr2	241508551	241508553	chr2_241508551_241508553	0.336859869340361
chr2	241508581	241508693	chr2_241508581_241508693	0.998054260490648
chr2	241637064	241637203	chr2_241637064_241637203	0.927919260289353
chr2	241637606	241637697	chr2_241637606_241637697	0.990934860665814
chr2	241651005	241651006	chr2_241651005_241651006	0.0142972879481277
chr2	241655316	241655317	chr2_241655316_241655317	0.0125739853617965
chr2	241678515	241678520	chr2_241678515_241678520	0.0742719075912264
chr2	241686795	241686868	chr2_241686795_241686868	0.996731801710861
chr2	241701985	241702068	chr2_241701985_241702068	0.993087072331281
chr2	241734572	241734636	chr2_241734572_241734636	0.946424477858438
chr3	3126900	3126953	chr3_3126900_3126953	0.999112251835467
chr3	3179688	3179727	chr3_3179688_3179727	0.997346918551902
chr3	4303296	4303406	chr3_4303296_4303406	0.994910390475698
chr3	4467250	4467289	chr3_4467250_4467289	0.988789274927924
chr3	4979408	4979470	chr3_4979408_4979470	0.998235467362102
chr3	4983151	4983152	chr3_4983151_4983152	0.0515111120635394
chr3	5122195	5122323	chr3_5122195_5122323	0.999689526311539
chr3	5125421	5125453	chr3_5125421_5125453	0.096265532560177
chr3	5187590	5187735	chr3_5187590_5187735	0.998955907987407
chr3	5219083	5219119	chr3_5219083_5219119	0.115765827597254
chr3	8963416	8963505	chr3_8963416_8963505	0.999114978662051
chr3	9362953	9363047	chr3_9362953_9363047	0.998789393867545
chr3	9363021	9363084	chr3_9363021_9363084	0.999719672858571
chr3	9364856	9364871	chr3_9364856_9364871	0.0710320068496104
chr3	9397436	9397513	chr3_9397436_9397513	0.99931501445998
chr3	9427749	9427757	chr3_9427749_9427757	0.0395469016163674
chr3	9473277	9473302	chr3_9473277_9473302	0.0942161657241318
chr3	9476184	9476191	chr3_9476184_9476191	0.045704748643028
chr3	9649422	9649514	chr3_9649422_9649514	0.999793528798996
chr3	9744434	9744446	chr3_9744434_9744446	0.0438371072088495
chr3	9749933	9750113	chr3_9749933_9750113	0.999744210047479
chr3	9750254	9750336	chr3_9750254_9750336	0.953319467275266
chr3	9769924	9770008	chr3_9769924_9770008	0.722212000839665
chr3	9785354	9785355	chr3_9785354_9785355	0.0288117658430707
chr3	9792432	9792492	chr3_9792432_9792492	0.997941360756164
chr3	9792472	9792571	chr3_9792472_9792571	0.99859826672128
chr3	9792603	9792791	chr3_9792603_9792791	0.997785166333466
chr3	9793011	9793097	chr3_9793011_9793097	0.999185485125888
chr3	9797656	9797657	chr3_9797656_9797657	0.0157863602114956
chr3	9808438	9808453	chr3_9808438_9808453	0.0652867978597867
chr3	9834952	9834957	chr3_9834952_9834957	0.0409770713981278
chr3	9843993	9844052	chr3_9843993_9844052	0.999766009473148
chr3	9890532	9890640	chr3_9890532_9890640	0.998989538152214
chr3	9917063	9917149	chr3_9917063_9917149	0.972018785674458
chr3	9933771	9933854	chr3_9933771_9933854	0.998778262054653
chr3	9986826	9986873	chr3_9986826_9986873	0.998492884063953
chr3	9986880	9986944	chr3_9986880_9986944	0.994759840351568
chr3	9993628	9993633	chr3_9993628_9993633	0.0291406217204592
chr3	9995228	9995232	chr3_9995228_9995232	0.0321053153917164
chr3	10006871	10006883	chr3_10006871_10006883	0.0642917872582366
chr3	10017965	10017973	chr3_10017965_10017973	0.0362873667721379
chr3	10026335	10026400	chr3_10026335_10026400	0.995235846973499
chr3	10026371	10026446	chr3_10026371_10026446	0.998919509419458
chr3	10115612	10115687	chr3_10115612_10115687	0.999871813541208
chr3	10141733	10141830	chr3_10141733_10141830	0.999673464890492
chr3	10141945	10141971	chr3_10141945_10141971	0.746229871041045
chr3	10141996	10142013	chr3_10141996_10142013	0.831955032615915
chr3	10144155	10144161	chr3_10144155_10144161	0.0545601207125551
chr3	10153352	10153412	chr3_10153352_10153412	0.147132071128795
chr3	10285472	10285521	chr3_10285472_10285521	0.147388960042657
chr3	10321079	10321080	chr3_10321079_10321080	0.887685731404946
chr3	10321110	10321228	chr3_10321110_10321228	0.999692408432733
chr3	11272297	11272407	chr3_11272297_11272407	0.999778427150957
chr3	11846800	11846925	chr3_11846800_11846925	0.998207106721535
chr3	12484417	12484530	chr3_12484417_12484530	0.999308776631707
chr3	12489778	12489779	chr3_12489778_12489779	0.0168253254905848
chr3	12557013	12557098	chr3_12557013_12557098	0.998790088133082
chr3	12664110	12664239	chr3_12664110_12664239	0.999896279421003
chr3	12841537	12841604	chr3_12841537_12841604	0.999725104101918
chr3	12899913	12899922	chr3_12899913_12899922	0.0622386801906441
chr3	13319324	13319325	chr3_13319324_13319325	0.0232466542704773
chr3	13327328	13327334	chr3_13327328_13327334	0.0364172235487037
chr3	13335484	13335505	chr3_13335484_13335505	0.134371903242403
chr3	13415546	13415552	chr3_13415546_13415552	0.0611032272476307
chr3	13415582	13415591	chr3_13415582_13415591	0.0935008261836605
chr3	13420250	13420342	chr3_13420250_13420342	0.987395839460183
chr3	13480258	13480330	chr3_13480258_13480330	0.993658673948938
chr3	14124753	14124901	chr3_14124753_14124901	0.99973337538874
chr3	14124942	14125052	chr3_14124942_14125052	0.999877832162884
chr3	14158609	14158624	chr3_14158609_14158624	0.0948147383899834
chr3	14178581	14178686	chr3_14178581_14178686	0.999475988644383
chr3	14178718	14178856	chr3_14178718_14178856	0.999920614539415
chr3	14198068	14198073	chr3_14198068_14198073	0.0787885462160718
chr3	14198229	14198234	chr3_14198229_14198234	0.0909335587274741
chr3	14402540	14402699	chr3_14402540_14402699	0.993543535301295
chr3	14488341	14488346	chr3_14488341_14488346	0.0491404114195294
chr3	14651732	14651796	chr3_14651732_14651796	0.999278211683721
chr3	14943758	14943762	chr3_14943758_14943762	0.0313410449934537
chr3	14947455	14947534	chr3_14947455_14947534	0.995987512171744
chr3	14947546	14947637	chr3_14947546_14947637	0.991712975243543
chr3	14947981	14948170	chr3_14947981_14948170	0.996243377134106
chr3	15065289	15065349	chr3_15065289_15065349	0.999617825064386
chr3	15099109	15099185	chr3_15099109_15099185	0.999206504964758
chr3	15206125	15206264	chr3_15206125_15206264	0.999547141402333
chr3	15332580	15332656	chr3_15332580_15332656	0.981819243499616
chr3	15427508	15427547	chr3_15427508_15427547	0.993685001016469
chr3	15427537	15427620	chr3_15427537_15427620	0.995087285490428
chr3	15601557	15601628	chr3_15601557_15601628	0.999590755631289
chr3	15601628	15601759	chr3_15601628_15601759	0.999536715449698
chr3	15859747	15859845	chr3_15859747_15859845	0.996805186877225
chr3	16264941	16265021	chr3_16264941_16265021	0.999885075808305
chr3	16265164	16265269	chr3_16265164_16265269	0.999609978964183
chr3	17742572	17742747	chr3_17742572_17742747	0.99967897024441
chr3	19947030	19947173	chr3_19947030_19947173	0.999861123576115
chr3	19947368	19947381	chr3_19947368_19947381	0.86135986012975
chr3	19953227	19953236	chr3_19953227_19953236	0.0356076150656182
chr3	19953444	19953532	chr3_19953444_19953532	0.162020748333833
chr3	20186182	20186266	chr3_20186182_20186266	0.999761437168131
chr3	23916936	23917064	chr3_23916936_23917064	0.999292397142117
chr3	23917075	23917149	chr3_23917075_23917149	0.999956374586016
chr3	23945231	23945345	chr3_23945231_23945345	0.990662453759233
chr3	24494751	24494889	chr3_24494751_24494889	0.959372283503782
chr3	25618721	25618723	chr3_25618721_25618723	0.0238398749803978
chr3	25664901	25664977	chr3_25664901_25664977	0.999790766670151
chr3	25783400	25783513	chr3_25783400_25783513	0.998131682063343
chr3	25790055	25790106	chr3_25790055_25790106	0.999177581936564
chr3	27484338	27484451	chr3_27484338_27484451	0.866800153872326
chr3	28241561	28241626	chr3_28241561_28241626	0.999658226472263
chr3	28348994	28349146	chr3_28348994_28349146	0.999674369842859
chr3	31532520	31532625	chr3_31532520_31532625	0.999862972887171
chr3	31532943	31532970	chr3_31532943_31532970	0.989583167741149
chr3	32106598	32106693	chr3_32106598_32106693	0.977730393637623
chr3	32502809	32502882	chr3_32502809_32502882	0.991458987820243
chr3	32570316	32570403	chr3_32570316_32570403	0.870385374496015
chr3	32570776	32570900	chr3_32570776_32570900	0.999533454214228
chr3	32685106	32685220	chr3_32685106_32685220	0.999830510965514
chr3	33097117	33097232	chr3_33097117_33097232	0.999795767752306
chr3	33113856	33114013	chr3_33113856_33114013	0.937107440401047
chr3	33114040	33114062	chr3_33114040_33114062	0.785343340897374
chr3	33277410	33277476	chr3_33277410_33277476	0.986665172107249
chr3	33440342	33440436	chr3_33440342_33440436	0.998332754539657
chr3	33718211	33718260	chr3_33718211_33718260	0.998163909922875
chr3	33798557	33798635	chr3_33798557_33798635	0.999697517686092
chr3	33866443	33866445	chr3_33866443_33866445	0.0497747862627165
chr3	36993080	36993230	chr3_36993080_36993230	0.99988432782912
chr3	36993433	36993533	chr3_36993433_36993533	0.999957280992171
chr3	37176296	37176371	chr3_37176296_37176371	0.998919168673229
chr3	37243168	37243288	chr3_37243168_37243288	0.998971862971791
chr3	37324584	37324590	chr3_37324584_37324590	0.034669690521105
chr3	37861802	37861963	chr3_37861802_37861963	0.75068915167458
chr3	38002398	38002422	chr3_38002398_38002422	0.0986052090092521
chr3	38019058	38019122	chr3_38019058_38019122	0.995895961132167
chr3	38024517	38024582	chr3_38024517_38024582	0.984621137726264
chr3	38137091	38137252	chr3_38137091_38137252	0.999954085008917
chr3	38138583	38138679	chr3_38138583_38138679	0.988524736345418
chr3	38165484	38165598	chr3_38165484_38165598	0.999408794705453
chr3	38346760	38346857	chr3_38346760_38346857	0.997995285448981
chr3	38395532	38395537	chr3_38395532_38395537	0.0262642096904554
chr3	38453864	38453925	chr3_38453864_38453925	0.985067126822628
chr3	38487906	38487907	chr3_38487906_38487907	0.02540325014021
chr3	38487994	38487996	chr3_38487994_38487996	0.0360252426565553
chr3	38488212	38488216	chr3_38488212_38488216	0.0419758313309483
chr3	38488416	38488443	chr3_38488416_38488443	0.085089990294973
chr3	38488690	38488695	chr3_38488690_38488695	0.0415375141837824
chr3	38489144	38489148	chr3_38489144_38489148	0.0501098067006522
chr3	38490234	38490268	chr3_38490234_38490268	0.128384960853571
chr3	38490557	38490563	chr3_38490557_38490563	0.0305243600701495
chr3	38490605	38490641	chr3_38490605_38490641	0.102559750349641
chr3	38496326	38496508	chr3_38496326_38496508	0.997722132042046
chr3	39051983	39052018	chr3_39051983_39052018	0.999193443453255
chr3	39107606	39107660	chr3_39107606_39107660	0.994298433906696
chr3	39153557	39153656	chr3_39153557_39153656	0.997151696812222
chr3	39154539	39154686	chr3_39154539_39154686	0.970034362782206
chr3	39383308	39383402	chr3_39383308_39383402	0.996656777965553
chr3	39383635	39383643	chr3_39383635_39383643	0.973830709438656
chr3	39406685	39406763	chr3_39406685_39406763	0.998860255852869
chr3	39406989	39406990	chr3_39406989_39406990	0.878407443655802
chr3	39409158	39409171	chr3_39409158_39409171	0.0872228441275882
chr3	39411514	39411520	chr3_39411514_39411520	0.0349428008493188
chr3	40309681	40309709	chr3_40309681_40309709	0.999739514058693
chr3	40453149	40453209	chr3_40453149_40453209	0.998900439406606
chr3	40457266	40457338	chr3_40457266_40457338	0.999964607321928
chr3	41199401	41199508	chr3_41199401_41199508	0.999552008458546
chr3	41224996	41224998	chr3_41224996_41224998	0.0283108508964659
chr3	41962031	41962157	chr3_41962031_41962157	0.998945119889568
chr3	42013601	42013677	chr3_42013601_42013677	0.975810169852298
chr3	42210175	42210184	chr3_42210175_42210184	0.0753544795410229
chr3	42223152	42223169	chr3_42223152_42223169	0.0804778815430642
chr3	42581953	42582011	chr3_42581953_42582011	0.999311476290154
chr3	42582255	42582327	chr3_42582255_42582327	0.994910205998754
chr3	42590823	42590894	chr3_42590823_42590894	0.999666277555373
chr3	42600622	42600689	chr3_42600622_42600689	0.999857173841287
chr3	42804464	42804557	chr3_42804464_42804557	0.999901155549508
chr3	43105984	43106120	chr3_43105984_43106120	0.986019009416984
chr3	43621950	43621953	chr3_43621950_43621953	0.91913594820193
chr3	43621982	43622093	chr3_43621982_43622093	0.998993620025478
chr3	43690868	43690986	chr3_43690868_43690986	0.999763516426218
chr3	44338097	44338167	chr3_44338097_44338167	0.993331862914984
chr3	44338720	44338797	chr3_44338720_44338797	0.998596685422556
chr3	44510582	44510649	chr3_44510582_44510649	0.996590392490318
chr3	44625002	44625103	chr3_44625002_44625103	0.998411037354945
chr3	44729588	44729671	chr3_44729588_44729671	0.997337733307189
chr3	44761608	44761685	chr3_44761608_44761685	0.99970636346539
chr3	44761751	44761807	chr3_44761751_44761807	0.99939962856408
chr3	44976145	44976195	chr3_44976145_44976195	0.993433873265111
chr3	44976196	44976265	chr3_44976196_44976265	0.998600158722044
chr3	45146371	45146491	chr3_45146371_45146491	0.66860153495588
chr3	45226255	45226363	chr3_45226255_45226363	0.993715473561746
chr3	45388480	45388579	chr3_45388480_45388579	0.999616378583534
chr3	45548683	45548694	chr3_45548683_45548694	0.046959424900033
chr3	45677388	45677397	chr3_45677388_45677397	0.0622764043578799
chr3	45689213	45689436	chr3_45689213_45689436	0.999928740414491
chr3	45842040	45842160	chr3_45842040_45842160	0.982683318644185
chr3	45995806	45995842	chr3_45995806_45995842	0.989375181656067
chr3	46976738	46976791	chr3_46976738_46976791	0.999733586714276
chr3	47124215	47124229	chr3_47124215_47124229	0.0503459282122607
chr3	47282523	47282618	chr3_47282523_47282618	0.999167041998605
chr3	47282608	47282732	chr3_47282608_47282732	0.9991108589785
chr3	47282744	47282840	chr3_47282744_47282840	0.991957322292944
chr3	47282801	47282962	chr3_47282801_47282962	0.998967929009361
chr3	47344982	47345049	chr3_47344982_47345049	0.180368596006906
chr3	47420709	47420710	chr3_47420709_47420710	0.0179992224796267
chr3	47475820	47475869	chr3_47475820_47475869	0.992510088889634
chr3	47475918	47476031	chr3_47475918_47476031	0.999064960363786
chr3	47513686	47513779	chr3_47513686_47513779	0.999608454958033
chr3	47588141	47588166	chr3_47588141_47588166	0.17133803680265
chr3	47781852	47781954	chr3_47781852_47781954	0.999940445073539
chr3	47803105	47803166	chr3_47803105_47803166	0.996905353695602
chr3	47825014	47825031	chr3_47825014_47825031	0.994892791961565
chr3	47852325	47852326	chr3_47852325_47852326	0.0329422725256555
chr3	47852879	47852880	chr3_47852879_47852880	0.0208485606455039
chr3	47853195	47853215	chr3_47853195_47853215	0.355578225417586
chr3	47853273	47853299	chr3_47853273_47853299	0.28091354235688
chr3	48088846	48088987	chr3_48088846_48088987	0.999393690915442
chr3	48174322	48174327	chr3_48174322_48174327	0.0379399424145132
chr3	48187976	48188032	chr3_48187976_48188032	0.389853810854035
chr3	48188373	48188457	chr3_48188373_48188457	0.997310983377649
chr3	48241033	48241107	chr3_48241033_48241107	0.998201770297952
chr3	48301345	48301461	chr3_48301345_48301461	0.993838322665521
chr3	48440056	48440156	chr3_48440056_48440156	0.997350173463286
chr3	48440193	48440276	chr3_48440193_48440276	0.999027497203478
chr3	48446708	48446816	chr3_48446708_48446816	0.99275161529705
chr3	48473156	48473158	chr3_48473156_48473158	0.909589641184454
chr3	48504153	48504250	chr3_48504153_48504250	0.781670723514477
chr3	48556798	48556870	chr3_48556798_48556870	0.988816637496788
chr3	48600750	48600751	chr3_48600750_48600751	0.0543252607065019
chr3	48609633	48609745	chr3_48609633_48609745	0.999411899001363
chr3	48635440	48635535	chr3_48635440_48635535	0.997799581713191
chr3	48685873	48685940	chr3_48685873_48685940	0.96533724586585
chr3	48717185	48717306	chr3_48717185_48717306	0.998362331239324
chr3	48847660	48847904	chr3_48847660_48847904	0.971581582344715
chr3	48898851	48899015	chr3_48898851_48899015	0.995424838929451
chr3	48918788	48918865	chr3_48918788_48918865	0.999178340924321
chr3	48926836	48926845	chr3_48926836_48926845	0.087391624485499
chr3	49007274	49007425	chr3_49007274_49007425	0.999357015809241
chr3	49021587	49021726	chr3_49021587_49021726	0.998938946940859
chr3	49022097	49022131	chr3_49022097_49022131	0.987882745830011
chr3	49027772	49027773	chr3_49027772_49027773	0.0544115307273826
chr3	49029397	49029480	chr3_49029397_49029480	0.999492055713876
chr3	49094053	49094086	chr3_49094053_49094086	0.994183346600881
chr3	49104749	49104815	chr3_49104749_49104815	0.996662548309045
chr3	49120785	49120954	chr3_49120785_49120954	0.993460295399073
chr3	49171520	49171627	chr3_49171520_49171627	0.991436554900305
chr3	49340029	49340236	chr3_49340029_49340236	0.998857109670835
chr3	49411967	49412142	chr3_49411967_49412142	0.999777191412926
chr3	49673933	49674068	chr3_49673933_49674068	0.994202715165997
chr3	49674317	49674391	chr3_49674317_49674391	0.994393822542753
chr3	49689515	49689588	chr3_49689515_49689588	0.981483128491065
chr3	49718787	49718809	chr3_49718787_49718809	0.0798844240045689
chr3	49723947	49724030	chr3_49723947_49724030	0.994650452297849
chr3	49786495	49786565	chr3_49786495_49786565	0.989838850356194
chr3	49803209	49803291	chr3_49803209_49803291	0.922949463106083
chr3	49856528	49856603	chr3_49856528_49856603	0.993410465728128
chr3	49929768	49929886	chr3_49929768_49929886	0.993891625170753
chr3	49940006	49940152	chr3_49940006_49940152	0.998121605308047
chr3	50088897	50088954	chr3_50088897_50088954	0.990821576013936
chr3	50236149	50236217	chr3_50236149_50236217	0.993263712167554
chr3	50292419	50292501	chr3_50292419_50292501	0.99926019145251
chr3	50321474	50321492	chr3_50321474_50321492	0.946513017153366
chr3	50328194	50328272	chr3_50328194_50328272	0.997835119404607
chr3	50337432	50337569	chr3_50337432_50337569	0.999020802195984
chr3	50340808	50341002	chr3_50340808_50341002	0.959806158101582
chr3	50350770	50350821	chr3_50350770_50350821	0.988231413932019
chr3	50350814	50350892	chr3_50350814_50350892	0.980736444465939
chr3	50359499	50359606	chr3_50359499_50359606	0.995882934744769
chr3	50569444	50569572	chr3_50569444_50569572	0.991671070309404
chr3	50606746	50606752	chr3_50606746_50606752	0.123812822161659
chr3	50611745	50611823	chr3_50611745_50611823	0.992228972204055
chr3	50617076	50617164	chr3_50617076_50617164	0.979712943703236
chr3	51391252	51391300	chr3_51391252_51391300	0.963156135220333
chr3	51538674	51538814	chr3_51538674_51538814	0.919180845291643
chr3	51667678	51667737	chr3_51667678_51667737	0.166098929605618
chr3	51671140	51671258	chr3_51671140_51671258	0.990391423734043
chr3	51941886	51941998	chr3_51941886_51941998	0.999233470879231
chr3	51974017	51974077	chr3_51974017_51974077	0.987043760007767
chr3	51975016	51975067	chr3_51975016_51975067	0.743957520641249
chr3	51983139	51983502	chr3_51983139_51983502	0.997279546018013
chr3	51995469	51995470	chr3_51995469_51995470	0.097430227979192
chr3	51995892	51996021	chr3_51995892_51996021	0.998768235282402
chr3	52154393	52154448	chr3_52154393_52154448	0.968546426163652
chr3	52198060	52198162	chr3_52198060_52198162	0.995870140871989
chr3	52239088	52239209	chr3_52239088_52239209	0.979252979020413
chr3	52239200	52239267	chr3_52239200_52239267	0.921099236317275
chr3	52245696	52245803	chr3_52245696_52245803	0.360324848027754
chr3	52409997	52410040	chr3_52409997_52410040	0.980044021505908
chr3	52410495	52410691	chr3_52410495_52410691	0.991168807930696
chr3	52455483	52455630	chr3_52455483_52455630	0.975169944452087
chr3	52533761	52533861	chr3_52533761_52533861	0.95032287264797
chr3	52536579	52536707	chr3_52536579_52536707	0.998541602244559
chr3	52681845	52681894	chr3_52681845_52681894	0.145916734113704
chr3	52685635	52685736	chr3_52685635_52685736	0.918351320979411
chr3	52685773	52685978	chr3_52685773_52685978	0.994604061815734
chr3	52685965	52686033	chr3_52685965_52686033	0.998958316337361
chr3	52705768	52705830	chr3_52705768_52705830	0.9485604853346
chr3	52705975	52706076	chr3_52705975_52706076	0.93319053011516
chr3	52706070	52706117	chr3_52706070_52706117	0.988883246535427
chr3	52770891	52770951	chr3_52770891_52770951	0.981959569376701
chr3	52897545	52897605	chr3_52897545_52897605	0.956977747091064
chr3	53045961	53046084	chr3_53045961_53046084	0.855628345002101
chr3	53130421	53130496	chr3_53130421_53130496	0.99848878794025
chr3	53161168	53161217	chr3_53161168_53161217	0.896861905790895
chr3	53256017	53256088	chr3_53256017_53256088	0.997977303471559
chr3	53347500	53347610	chr3_53347500_53347610	0.995422578728281
chr3	53882133	53882207	chr3_53882133_53882207	0.929368485345039
chr3	53891846	53891910	chr3_53891846_53891910	0.996881610525258
chr3	56557158	56557229	chr3_56557158_56557229	0.987769615999565
chr3	56683204	56683305	chr3_56683204_56683305	0.955816609042892
chr3	57227705	57227817	chr3_57227705_57227817	0.98869226669876
chr3	57259024	57259025	chr3_57259024_57259025	0.0150823818389259
chr3	57556240	57556316	chr3_57556240_57556316	0.987297371936006
chr3	57557070	57557077	chr3_57557070_57557077	0.0746644488425932
chr3	57597375	57597504	chr3_57597375_57597504	0.999064556601695
chr3	57693017	57693108	chr3_57693017_57693108	0.988673225868673
chr3	57756207	57756310	chr3_57756207_57756310	0.996788133098518
chr3	58134745	58134746	chr3_58134745_58134746	0.0129035211652055
chr3	58306227	58306286	chr3_58306227_58306286	0.996587065682007
chr3	58332862	58332937	chr3_58332862_58332937	0.924574111638295
chr3	58433819	58433898	chr3_58433819_58433898	0.993021708345718
chr3	63863800	63863965	chr3_63863800_63863965	0.863552639999949
chr3	63863999	63864131	chr3_63863999_63864131	0.265666647928494
chr3	64023460	64023555	chr3_64023460_64023555	0.992244258776811
chr3	66220984	66221032	chr3_66220984_66221032	0.983074113908155
chr3	67654591	67654681	chr3_67654591_67654681	0.99434936622266
chr3	68635679	68635694	chr3_68635679_68635694	0.0479289733914987
chr3	69052272	69052382	chr3_69052272_69052382	0.998646336280896
chr3	69080358	69080419	chr3_69080358_69080419	0.991688599740032
chr3	69084885	69085024	chr3_69084885_69085024	0.995823737926239
chr3	69739414	69739483	chr3_69739414_69739483	0.975694159726143
chr3	69999731	69999734	chr3_69999731_69999734	0.936356635760441
chr3	71725377	71725459	chr3_71725377_71725459	0.530246897411229
chr3	72441959	72441967	chr3_72441959_72441967	0.0411780855587027
chr3	72446620	72446623	chr3_72446620_72446623	0.09175214196136
chr3	72848412	72848482	chr3_72848412_72848482	0.994095717002908
chr3	72888044	72888136	chr3_72888044_72888136	0.66569684036828
chr3	72996747	72996822	chr3_72996747_72996822	0.995726388844144
chr3	75435022	75435166	chr3_75435022_75435166	0.953047637206263
chr3	75785516	75785595	chr3_75785516_75785595	0.952119667136993
chr3	81761642	81761649	chr3_81761642_81761649	0.837296049677203
chr3	81761675	81761837	chr3_81761675_81761837	0.95483186028833
chr3	85504974	85505016	chr3_85504974_85505016	0.252411264399992
chr3	87227245	87227329	chr3_87227245_87227329	0.986450526123726
chr3	87792704	87792719	chr3_87792704_87792719	0.53214143437803
chr3	88058973	88059031	chr3_88058973_88059031	0.994351069006998
chr3	88059196	88059314	chr3_88059196_88059314	0.995719915582245
chr3	88149870	88149988	chr3_88149870_88149988	0.986845477180818
chr3	93973844	93973991	chr3_93973844_93973991	0.997691006449633
chr3	93980101	93980231	chr3_93980101_93980231	0.995560405918704
chr3	94062978	94063085	chr3_94062978_94063085	0.966054587405936
chr3	97972411	97972481	chr3_97972411_97972481	0.822777530234378
chr3	98522878	98523043	chr3_98522878_98523043	0.998288284543215
chr3	98593609	98593676	chr3_98593609_98593676	0.995069419348643
chr3	98901672	98901743	chr3_98901672_98901743	0.984807668295987
chr3	99817821	99817911	chr3_99817821_99817911	0.978174196739596
chr3	100146967	100146970	chr3_100146967_100146970	0.0540768625890585
chr3	100260831	100261016	chr3_100260831_100261016	0.99976385849228
chr3	100334681	100334763	chr3_100334681_100334763	0.988635744553868
chr3	100365553	100365560	chr3_100365553_100365560	0.0334342585263969
chr3	100401071	100401171	chr3_100401071_100401171	0.99796646439035
chr3	100401338	100401452	chr3_100401338_100401452	0.989688507265304
chr3	100709278	100709380	chr3_100709278_100709380	0.998788623331084
chr3	100709483	100709545	chr3_100709483_100709545	0.98995707379711
chr3	101513123	101513245	chr3_101513123_101513245	0.961749772765592
chr3	101561817	101561905	chr3_101561817_101561905	0.996630023344799
chr3	101574159	101574204	chr3_101574159_101574204	0.999348462372812
chr3	101642579	101642582	chr3_101642579_101642582	0.587982719474775
chr3	101677093	101677171	chr3_101677093_101677171	0.999249160562107
chr3	101686695	101686827	chr3_101686695_101686827	0.999483087214892
chr3	107522930	107522989	chr3_107522930_107522989	0.978180931848116
chr3	108091015	108091112	chr3_108091015_108091112	0.99182277886658
chr3	108222401	108222498	chr3_108222401_108222498	0.996210606728866
chr3	108589401	108589498	chr3_108589401_108589498	0.992575529346124
chr3	108589575	108589666	chr3_108589575_108589666	0.985335996504109
chr3	108589663	108589721	chr3_108589663_108589721	0.96948058578713
chr3	111978953	111979046	chr3_111978953_111979046	0.99806383498058
chr3	112086318	112086401	chr3_112086318_112086401	0.927934790788933
chr3	112561898	112561994	chr3_112561898_112561994	0.998438919654354
chr3	112561983	112562078	chr3_112561983_112562078	0.996312948106489
chr3	112990872	112990996	chr3_112990872_112990996	0.996475958194358
chr3	113019625	113019765	chr3_113019625_113019765	0.99016692183218
chr3	113515123	113515195	chr3_113515123_113515195	0.988435039226999
chr3	113746193	113746299	chr3_113746193_113746299	0.997696571317772
chr3	113746994	113747066	chr3_113746994_113747066	0.918782186572187
chr3	114056730	114056802	chr3_114056730_114056802	0.990753831086824
chr3	115147242	115147292	chr3_115147242_115147292	0.984821212324584
chr3	119240873	119241040	chr3_119240873_119241040	0.980569110768356
chr3	119463588	119463694	chr3_119463588_119463694	0.99761269970626
chr3	119468892	119469010	chr3_119468892_119469010	0.982708886140596
chr3	119498482	119498581	chr3_119498482_119498581	0.998568809444493
chr3	119677376	119677475	chr3_119677376_119677475	0.996828810974833
chr3	120349301	120349423	chr3_120349301_120349423	0.993694232208204
chr3	120596221	120596350	chr3_120596221_120596350	0.999363442416093
chr3	120742511	120742547	chr3_120742511_120742547	0.991875045299381
chr3	120742656	120742771	chr3_120742656_120742771	0.997941499132012
chr3	121545980	121546022	chr3_121545980_121546022	0.98509010727562
chr3	121660901	121660953	chr3_121660901_121660953	0.581750249440325
chr3	121749737	121749785	chr3_121749737_121749785	0.99410696400597
chr3	121834988	121835006	chr3_121834988_121835006	0.946989656687395
chr3	121835035	121835099	chr3_121835035_121835099	0.996009802176257
chr3	121835164	121835238	chr3_121835164_121835238	0.995265561328025
chr3	122359776	122359780	chr3_122359776_122359780	0.0350120514188772
chr3	122383206	122383255	chr3_122383206_122383255	0.974274278955173
chr3	122384131	122384230	chr3_122384131_122384230	0.997799367830897
chr3	122416037	122416115	chr3_122416037_122416115	0.985958180354692
chr3	122514914	122514993	chr3_122514914_122514993	0.988287317970331
chr3	122793769	122793851	chr3_122793769_122793851	0.978344029212045
chr3	123066993	123067108	chr3_123066993_123067108	0.987516294003715
chr3	123201856	123201962	chr3_123201856_123201962	0.99349227958602
chr3	123961228	123961441	chr3_123961228_123961441	0.99553222239696
chr3	124730390	124730452	chr3_124730390_124730452	0.992569283230595
chr3	125375234	125375372	chr3_125375234_125375372	0.983518625709302
chr3	125520181	125520290	chr3_125520181_125520290	0.99811964108173
chr3	125595281	125595599	chr3_125595281_125595599	0.984075604710394
chr3	126084111	126084383	chr3_126084111_126084383	0.970608155757879
chr3	126084144	126084240	chr3_126084144_126084240	0.94773470011912
chr3	126475875	126476032	chr3_126475875_126476032	0.989164317055787
chr3	126704195	126704284	chr3_126704195_126704284	0.990242101184016
chr3	127590719	127590779	chr3_127590719_127590779	0.989742512977009
chr3	127598308	127598432	chr3_127598308_127598432	0.999824949889161
chr3	127611484	127611555	chr3_127611484_127611555	0.129755823693931
chr3	127629125	127629202	chr3_127629125_127629202	0.908889288059404
chr3	128052256	128052443	chr3_128052256_128052443	0.997488643535003
chr3	128067040	128067097	chr3_128067040_128067097	0.129412405634295
chr3	128067413	128067442	chr3_128067413_128067442	0.139870950982974
chr3	128069644	128069648	chr3_128069644_128069648	0.126339180259047
chr3	128123787	128123838	chr3_128123787_128123838	0.997292377882956
chr3	128153412	128153487	chr3_128153412_128153487	0.952689183871136
chr3	128483979	128483980	chr3_128483979_128483980	0.0567355162812193
chr3	128486270	128486319	chr3_128486270_128486319	0.304073033887995
chr3	128487924	128487932	chr3_128487924_128487932	0.985827939407657
chr3	128650619	128650620	chr3_128650619_128650620	0.073774871982973
chr3	128650793	128650917	chr3_128650793_128650917	0.998909555440773
chr3	128726120	128726184	chr3_128726120_128726184	0.999196268230196
chr3	128879559	128879646	chr3_128879559_128879646	0.996428587296361
chr3	129161054	129161133	chr3_129161054_129161133	0.981097434293502
chr3	129169564	129169581	chr3_129169564_129169581	0.112567977639348
chr3	129176286	129176293	chr3_129176286_129176293	0.0419926340868306
chr3	129179715	129179723	chr3_129179715_129179723	0.0358144823491784
chr3	129183892	129184006	chr3_129183892_129184006	0.999516723554453
chr3	129249559	129249633	chr3_129249559_129249633	0.998645987908878
chr3	129249694	129249695	chr3_129249694_129249695	0.458887807509185
chr3	129278779	129278875	chr3_129278779_129278875	0.996059984663228
chr3	129316283	129316290	chr3_129316283_129316290	0.928281131622036
chr3	129399377	129399474	chr3_129399377_129399474	0.916578592747475
chr3	129439936	129439971	chr3_129439936_129439971	0.990872732626759
chr3	129440013	129440052	chr3_129440013_129440052	0.996171396251857
chr3	129440059	129440265	chr3_129440059_129440265	0.999314621022311
chr3	130894056	130894085	chr3_130894056_130894085	0.984722719267222
chr3	131026739	131026854	chr3_131026739_131026854	0.962436952930765
chr3	131361803	131361925	chr3_131361803_131361925	0.953599786235764
chr3	131381761	131381862	chr3_131381761_131381862	0.982344424790713
chr3	131502935	131503023	chr3_131502935_131503023	0.996316790298703
chr3	132660260	132660371	chr3_132660260_132660371	0.958286371947124
chr3	133573545	133573713	chr3_133573545_133573713	0.999431363120597
chr3	133661859	133661985	chr3_133661859_133661985	0.989729561501342
chr3	133805724	133805844	chr3_133805724_133805844	0.998183484512737
chr3	134250813	134250931	chr3_134250813_134250931	0.975280347123191
chr3	134485702	134485785	chr3_134485702_134485785	0.936229988377129
chr3	134485981	134486054	chr3_134485981_134486054	0.996469172742897
chr3	136250307	136250370	chr3_136250307_136250370	0.998251196850043
chr3	136327174	136327175	chr3_136327174_136327175	0.0245411065335362
chr3	136752334	136752458	chr3_136752334_136752458	0.997610992443932
chr3	136818974	136819178	chr3_136818974_136819178	0.71311776215936
chr3	136862146	136862267	chr3_136862146_136862267	0.995922169040398
chr3	136957952	136957987	chr3_136957952_136957987	0.442445743855648
chr3	138174887	138174956	chr3_138174887_138174956	0.963082074523701
chr3	138187266	138187356	chr3_138187266_138187356	0.974192450384888
chr3	138187517	138187538	chr3_138187517_138187538	0.619887472632221
chr3	138348610	138348670	chr3_138348610_138348670	0.562521124954516
chr3	138594223	138594410	chr3_138594223_138594410	0.998052822810137
chr3	138654218	138654238	chr3_138654218_138654238	0.0823380716975092
chr3	138834883	138834968	chr3_138834883_138834968	0.997650977458308
chr3	138945953	138945957	chr3_138945953_138945957	0.0830730023750018
chr3	139343979	139344020	chr3_139343979_139344020	0.998575152257583
chr3	139389636	139389751	chr3_139389636_139389751	0.999923718486006
chr3	140941778	140941872	chr3_140941778_140941872	0.999699504868251
chr3	140977888	140977893	chr3_140977888_140977893	0.0270272569873091
chr3	140979841	140979844	chr3_140979841_140979844	0.0261158917083031
chr3	141486960	141487074	chr3_141486960_141487074	0.955493207411832
chr3	141738181	141738325	chr3_141738181_141738325	0.99912134896848
chr3	141876499	141876644	chr3_141876499_141876644	0.997942812402476
chr3	142028602	142028649	chr3_142028602_142028649	0.989047425208267
chr3	142149482	142149567	chr3_142149482_142149567	0.80849840980033
chr3	142225445	142225623	chr3_142225445_142225623	0.9846058681338
chr3	142447986	142448073	chr3_142447986_142448073	0.996795157789436
chr3	142578696	142578893	chr3_142578696_142578893	0.99835130916711
chr3	142596381	142596419	chr3_142596381_142596419	0.995188380932703
chr3	143001006	143001013	chr3_143001006_143001013	0.0891742938331435
chr3	143001507	143001636	chr3_143001507_143001636	0.99976626039594
chr3	143012260	143012264	chr3_143012260_143012264	0.0818863560873532
chr3	143022888	143022892	chr3_143022888_143022892	0.0441000844753918
chr3	143119753	143119844	chr3_143119753_143119844	0.982763685020402
chr3	143972066	143972094	chr3_143972066_143972094	0.994991357312343
chr3	145334125	145334129	chr3_145334125_145334129	0.0437884380182648
chr3	146544703	146544791	chr3_146544703_146544791	0.998403111223038
chr3	148991292	148991541	chr3_148991292_148991541	0.99191799253419
chr3	149086498	149086574	chr3_149086498_149086574	0.999256538173343
chr3	149129596	149129688	chr3_149129596_149129688	0.991111680077871
chr3	149752466	149752525	chr3_149752466_149752525	0.993404041264109
chr3	149813194	149813245	chr3_149813194_149813245	0.995377833372661
chr3	150408213	150408386	chr3_150408213_150408386	0.99830094837792
chr3	150409639	150409642	chr3_150409639_150409642	0.0762879676206868
chr3	150410308	150410313	chr3_150410308_150410313	0.217559168072007
chr3	150546439	150546446	chr3_150546439_150546446	0.988498293100633
chr3	150546493	150546644	chr3_150546493_150546644	0.999941930474546
chr3	150546644	150546795	chr3_150546644_150546795	0.999928016133627
chr3	150603253	150603327	chr3_150603253_150603327	0.999496038981342
chr3	150763145	150763220	chr3_150763145_150763220	0.926430859754773
chr3	150763428	150763511	chr3_150763428_150763511	0.996223768475264
chr3	152244322	152244393	chr3_152244322_152244393	0.782061567874714
chr3	152268847	152268932	chr3_152268847_152268932	0.998017233681451
chr3	152835083	152835131	chr3_152835083_152835131	0.949368753785924
chr3	153162148	153162240	chr3_153162148_153162240	0.998473622264043
chr3	153164342	153164364	chr3_153164342_153164364	0.182823818333737
chr3	153164537	153164544	chr3_153164537_153164544	0.047502493963537
chr3	154307245	154307278	chr3_154307245_154307278	0.0862067602789635
chr3	154324189	154324207	chr3_154324189_154324207	0.255947210668888
chr3	154324460	154324499	chr3_154324460_154324499	0.994657385961703
chr3	155803420	155803426	chr3_155803420_155803426	0.0366247349118537
chr3	155806254	155806304	chr3_155806254_155806304	0.968206276796079
chr3	155854216	155854220	chr3_155854216_155854220	0.16657873016026
chr3	155854395	155854469	chr3_155854395_155854469	0.998375633600232
chr3	155870475	155870670	chr3_155870475_155870670	0.999721472126524
chr3	155877386	155877421	chr3_155877386_155877421	0.110897680056744
chr3	156540326	156540335	chr3_156540326_156540335	0.038878674856887
chr3	156540890	156540895	chr3_156540890_156540895	0.0731856875240612
chr3	156541601	156541606	chr3_156541601_156541606	0.0270272569873091
chr3	156549884	156549891	chr3_156549884_156549891	0.0376697208230283
chr3	156555106	156555198	chr3_156555106_156555198	0.999825604954099
chr3	157160117	157160234	chr3_157160117_157160234	0.999549595282521
chr3	158105732	158105795	chr3_158105732_158105795	0.787325801418193
chr3	158110053	158110146	chr3_158110053_158110146	0.995589137109094
chr3	158571141	158571194	chr3_158571141_158571194	0.999263122007782
chr3	158644490	158644573	chr3_158644490_158644573	0.99951619558588
chr3	158802002	158802104	chr3_158802002_158802104	0.998749952914365
chr3	160399275	160399349	chr3_160399275_160399349	0.994916867139606
chr3	160399604	160399669	chr3_160399604_160399669	0.997757627507672
chr3	160436514	160436531	chr3_160436514_160436531	0.103045765715713
chr3	160436656	160436746	chr3_160436656_160436746	0.180776557095806
chr3	160449696	160449839	chr3_160449696_160449839	0.998864250903873
chr3	160565305	160565311	chr3_160565305_160565311	0.332615536121089
chr3	160565529	160565542	chr3_160565529_160565542	0.976158198078185
chr3	160565568	160565621	chr3_160565568_160565621	0.999287678481302
chr3	160565660	160565867	chr3_160565660_160565867	0.995929378677818
chr3	161221252	161221320	chr3_161221252_161221320	0.999489865724651
chr3	161429585	161429615	chr3_161429585_161429615	0.0934668499730191
chr3	163499863	163499866	chr3_163499863_163499866	0.546455791463416
chr3	165918030	165918035	chr3_165918030_165918035	0.616853139972882
chr3	167734866	167734952	chr3_167734866_167734952	0.999480210165803
chr3	168095872	168095981	chr3_168095872_168095981	0.998312047313137
chr3	169146519	169146578	chr3_169146519_169146578	0.934555333631624
chr3	169483823	169483833	chr3_169483823_169483833	0.0628820239433621
chr3	169773371	169773404	chr3_169773371_169773404	0.993533208121887
chr3	169966777	169966811	chr3_169966777_169966811	0.998275675265848
chr3	170037922	170037997	chr3_170037922_170037997	0.976688751493406
chr3	170181717	170181760	chr3_170181717_170181760	0.995303933958752
chr3	170222335	170222486	chr3_170222335_170222486	0.999673543875869
chr3	170357636	170357783	chr3_170357636_170357783	0.996409951677199
chr3	170866383	170866386	chr3_170866383_170866386	0.0509963629870712
chr3	170870194	170870237	chr3_170870194_170870237	0.998962100274058
chr3	170908560	170908726	chr3_170908560_170908726	0.998352485815693
chr3	171460372	171460469	chr3_171460372_171460469	0.99816665110326
chr3	171460513	171460634	chr3_171460513_171460634	0.998495789287532
chr3	171810423	171810521	chr3_171810423_171810521	0.967315577537503
chr3	172039547	172039650	chr3_172039547_172039650	0.995555779913092
chr3	177022687	177022694	chr3_177022687_177022694	0.0318128746160135
chr3	177197144	177197406	chr3_177197144_177197406	0.98720652614226
chr3	179148302	179148428	chr3_179148302_179148428	0.904440761735541
chr3	179261389	179261480	chr3_179261389_179261480	0.989670007956934
chr3	179322854	179323055	chr3_179322854_179323055	0.998690306702384
chr3	179347687	179347760	chr3_179347687_179347760	0.996842729419917
chr3	179386532	179386536	chr3_179386532_179386536	0.0741481032048668
chr3	179451423	179451683	chr3_179451423_179451683	0.990370584545907
chr3	179562880	179562964	chr3_179562880_179562964	0.999818946570925
chr3	179604633	179604678	chr3_179604633_179604678	0.999004009073144
chr3	179604776	179604810	chr3_179604776_179604810	0.996461285027128
chr3	180602109	180602208	chr3_180602109_180602208	0.996959833064842
chr3	180912641	180912677	chr3_180912641_180912677	0.984662736416481
chr3	180989704	180989816	chr3_180989704_180989816	0.999520463713731
chr3	182793441	182793504	chr3_182793441_182793504	0.989686006410781
chr3	182942693	182942700	chr3_182942693_182942700	0.0335447886507005
chr3	182956946	182956964	chr3_182956946_182956964	0.0564480578696272
chr3	182965753	182965754	chr3_182965753_182965754	0.0123745306378571
chr3	182980507	182980620	chr3_182980507_182980620	0.991467751069885
chr3	183099494	183099619	chr3_183099494_183099619	0.99973844969654
chr3	183253149	183253289	chr3_183253149_183253289	0.923454939583129
chr3	183428565	183428702	chr3_183428565_183428702	0.934520057666435
chr3	183447563	183447674	chr3_183447563_183447674	0.999263229727581
chr3	183635595	183635655	chr3_183635595_183635655	0.997406756770635
chr3	183884850	183884932	chr3_183884850_183884932	0.998798299147927
chr3	184017880	184017974	chr3_184017880_184017974	0.997414120272032
chr3	184135265	184135379	chr3_184135265_184135379	0.999544701347961
chr3	184155300	184155377	chr3_184155300_184155377	0.815954251311528
chr3	184171809	184171826	chr3_184171809_184171826	0.850367209839357
chr3	184174783	184174897	chr3_184174783_184174897	0.999889175670844
chr3	184186064	184186201	chr3_184186064_184186201	0.999901399062265
chr3	184248914	184248916	chr3_184248914_184248916	0.886228067595455
chr3	184248944	184248996	chr3_184248944_184248996	0.99803539005063
chr3	184249625	184249765	chr3_184249625_184249765	0.999447900003433
chr3	184299130	184299255	chr3_184299130_184299255	0.999891014701704
chr3	184314504	184314606	chr3_184314504_184314606	0.998758452122429
chr3	184335889	184336009	chr3_184335889_184336009	0.984157407155649
chr3	184346145	184346176	chr3_184346145_184346176	0.0946287902766514
chr3	184361576	184361677	chr3_184361576_184361677	0.734549248824955
chr3	184361661	184361958	chr3_184361661_184361958	0.785475195337099
chr3	184363320	184363402	chr3_184363320_184363402	0.999754457898313
chr3	184711992	184712128	chr3_184711992_184712128	0.997328084788641
chr3	184812109	184812197	chr3_184812109_184812197	0.999064620946305
chr3	185254033	185254132	chr3_185254033_185254132	0.926043650674996
chr3	185489769	185489777	chr3_185489769_185489777	0.0388750382050802
chr3	185498968	185499063	chr3_185498968_185499063	0.995505053353223
chr3	185586189	185586324	chr3_185586189_185586324	0.999860190206258
chr3	185931852	185931853	chr3_185931852_185931853	0.0204336065397895
chr3	185937943	185937946	chr3_185937943_185937946	0.943774828495188
chr3	185937980	185938143	chr3_185937980_185938143	0.999853070939361
chr3	186567315	186567378	chr3_186567315_186567378	0.994862396881519
chr3	186570596	186570733	chr3_186570596_186570733	0.999636837803953
chr3	186783518	186783578	chr3_186783518_186783578	0.998180465668086
chr3	186806459	186806526	chr3_186806459_186806526	0.998103707746976
chr3	186930464	186930535	chr3_186930464_186930535	0.980544304910038
chr3	187139406	187139535	chr3_187139406_187139535	0.998211474538338
chr3	191329197	191329439	chr3_191329197_191329439	0.992399230594937
chr3	191425523	191425531	chr3_191425523_191425531	0.773857256311408
chr3	193593105	193593247	chr3_193593105_193593247	0.999839243139937
chr3	194136140	194136162	chr3_194136140_194136162	0.989875195920042
chr3	194451953	194451963	chr3_194451953_194451963	0.0784151388029893
chr3	194486921	194487033	chr3_194486921_194487033	0.993909877489721
chr3	194583988	194584035	chr3_194583988_194584035	0.987962013808407
chr3	194633360	194633541	chr3_194633360_194633541	0.975662361495813
chr3	194672179	194672248	chr3_194672179_194672248	0.998213937706011
chr3	195271102	195271183	chr3_195271102_195271183	0.987121884877329
chr3	195442970	195443131	chr3_195442970_195443131	0.999492172752999
chr3	195543318	195543385	chr3_195543318_195543385	0.998822033718113
chr3	195658010	195658071	chr3_195658010_195658071	0.991989673995433
chr3	195686945	195686951	chr3_195686945_195686951	0.0385921902431505
chr3	195687821	195687862	chr3_195687821_195687862	0.110670738539265
chr3	195990237	195990332	chr3_195990237_195990332	0.946840770228316
chr3	196073364	196073370	chr3_196073364_196073370	0.471051860649989
chr3	196082087	196082169	chr3_196082087_196082169	0.999844962705808
chr3	196238485	196238490	chr3_196238485_196238490	0.086515725884842
chr3	196287624	196287765	chr3_196287624_196287765	0.998265601069717
chr3	196318195	196318320	chr3_196318195_196318320	0.996733680785254
chr3	196338375	196338549	chr3_196338375_196338549	0.977412147793583
chr3	196432380	196432475	chr3_196432380_196432475	0.995028476444581
chr3	196503574	196503862	chr3_196503574_196503862	0.99956366159466
chr3	196568613	196568673	chr3_196568613_196568673	0.999046598760995
chr3	196712191	196712303	chr3_196712191_196712303	0.987004670173116
chr3	196712288	196712380	chr3_196712288_196712380	0.995821819865162
chr3	196739762	196739948	chr3_196739762_196739948	0.999022129278171
chr3	196867832	196867937	chr3_196867832_196867937	0.998233131671523
chr3	196934159	196934164	chr3_196934159_196934164	0.0345634422437294
chr3	196934298	196934331	chr3_196934298_196934331	0.316920558825748
chr3	196934561	196934588	chr3_196934561_196934588	0.080535329886883
chr3	196942525	196942589	chr3_196942525_196942589	0.999836481627692
chr3	196942616	196942677	chr3_196942616_196942677	0.999730469375969
chr3	196968801	196968873	chr3_196968801_196968873	0.843485953967022
chr3	197029778	197029878	chr3_197029778_197029878	0.967859491045379
chr3	197298109	197298166	chr3_197298109_197298166	0.995187238022072
chr3	197298570	197298665	chr3_197298570_197298665	0.991577158176509
chr3	197627842	197627917	chr3_197627842_197627917	0.977972007565669
chr3	197673660	197673666	chr3_197673660_197673666	0.0638304389793705
chr3	197673707	197673744	chr3_197673707_197673744	0.166318202987634
chr3	197749750	197749931	chr3_197749750_197749931	0.998932597585794
chr3	197791224	197791270	chr3_197791224_197791270	0.941635155410676
chr3	197950135	197950193	chr3_197950135_197950193	0.999318634387612
chr3	197953449	197953453	chr3_197953449_197953453	0.0615654960274795
chr3	197953545	197953613	chr3_197953545_197953613	0.30356699755541
chr3	197954052	197954053	chr3_197954052_197954053	0.0746976344190477
chr3	197960185	197960266	chr3_197960185_197960266	0.998025231111499
