chr2	264805	264948	chr2_264805_264948	0.999909076409502
chr2	677386	677463	chr2_677386_677463	0.99938052470368
chr2	3377815	3377909	chr2_3377815_3377909	0.999648839894175
chr2	3379659	3379723	chr2_3379659_3379723	0.997484777368539
chr2	3519526	3519610	chr2_3519526_3519610	0.998299450685574
chr2	3558299	3558393	chr2_3558299_3558393	0.999875001460709
chr2	3558409	3558719	chr2_3558409_3558719	0.99962126733319
chr2	3575209	3575305	chr2_3575209_3575305	0.999973981986159
chr2	6917403	6917588	chr2_6917403_6917588	0.877709586253924
chr2	8682016	8682056	chr2_8682016_8682056	0.996144042364681
chr2	8837571	8837648	chr2_8837571_8837648	0.989938799405748
chr2	9003664	9003897	chr2_9003664_9003897	0.998461677847572
chr2	9423464	9423628	chr2_9423464_9423628	0.999926969718796
chr2	9423535	9423658	chr2_9423535_9423658	0.999954780955311
chr2	9489748	9489749	chr2_9489748_9489749	0.0173207496864328
chr2	9555752	9555896	chr2_9555752_9555896	0.997201038351568
chr2	9630968	9631095	chr2_9630968_9631095	0.999951200474751
chr2	9843350	9843500	chr2_9843350_9843500	0.999614021299265
chr2	10122653	10122741	chr2_10122653_10122741	0.999959883410672
chr2	10302829	10302918	chr2_10302829_10302918	0.995881978903064
chr2	10448325	10448328	chr2_10448325_10448328	0.999695157287944
chr2	10448424	10448450	chr2_10448424_10448450	0.995447704278994
chr2	10689934	10689997	chr2_10689934_10689997	0.997300342193186
chr2	10812782	10812859	chr2_10812782_10812859	0.999867842135613
chr2	11155364	11155478	chr2_11155364_11155478	0.975720306751589
chr2	11466109	11466192	chr2_11466109_11466192	0.99630769651359
chr2	11746583	11746640	chr2_11746583_11746640	0.986442452999564
chr2	12716860	12717050	chr2_12716860_12717050	0.993538713558921
chr2	15561282	15561359	chr2_15561282_15561359	0.996646859059766
chr2	15591641	15591703	chr2_15591641_15591703	0.982614093842036
chr2	15591728	15591907	chr2_15591728_15591907	0.999575653656254
chr2	17753777	17753842	chr2_17753777_17753842	0.995890012412493
chr2	17754099	17754180	chr2_17754099_17754180	0.993059770048467
chr2	18560641	18560729	chr2_18560641_18560729	0.998397552956541
chr2	19901629	19901696	chr2_19901629_19901696	0.995403747862485
chr2	19901923	19901983	chr2_19901923_19901983	0.994087008711354
chr2	19990059	19990190	chr2_19990059_19990190	0.984510477814009
chr2	20051618	20051712	chr2_20051618_20051712	0.999851650775565
chr2	20823072	20823134	chr2_20823072_20823134	0.998458020824971
chr2	23927040	23927215	chr2_23927040_23927215	0.99842761299829
chr2	23940396	23940467	chr2_23940396_23940467	0.994385123958738
chr2	24010052	24010092	chr2_24010052_24010092	0.601753759680145
chr2	24047350	24047426	chr2_24047350_24047426	0.997471125900302
chr2	24076322	24076495	chr2_24076322_24076495	0.999976746989734
chr2	24360513	24360557	chr2_24360513_24360557	0.879037789908015
chr2	24793343	24793391	chr2_24793343_24793391	0.999646752575502
chr2	24793381	24793489	chr2_24793381_24793489	0.999438314384907
chr2	26034018	26034117	chr2_26034018_26034117	0.999957514426695
chr2	26244601	26244640	chr2_26244601_26244640	0.998870269908378
chr2	26244669	26244901	chr2_26244669_26244901	0.998979446387117
chr2	26244730	26244841	chr2_26244730_26244841	0.99594530231072
chr2	26244875	26244964	chr2_26244875_26244964	0.999324638881526
chr2	26764238	26764336	chr2_26764238_26764336	0.981630867559371
chr2	26779813	26779817	chr2_26779813_26779817	0.109528231551691
chr2	26779814	26779815	chr2_26779814_26779815	0.0528085723156643
chr2	26781133	26781156	chr2_26781133_26781156	0.303197919343956
chr2	26781216	26781236	chr2_26781216_26781236	0.0928219772686148
chr2	26786011	26786057	chr2_26786011_26786057	0.999577464198499
chr2	26970589	26970662	chr2_26970589_26970662	0.979333256930483
chr2	27032894	27033004	chr2_27032894_27033004	0.993584272870519
chr2	27051633	27051689	chr2_27051633_27051689	0.997138959744553
chr2	27071642	27071744	chr2_27071642_27071744	0.999847492747791
chr2	27086717	27086783	chr2_27086717_27086783	0.992373823397715
chr2	27134616	27134706	chr2_27134616_27134706	0.999833703987895
chr2	27211975	27212087	chr2_27211975_27212087	0.986180645854468
chr2	27212238	27212311	chr2_27212238_27212311	0.993554720979776
chr2	27212324	27212361	chr2_27212324_27212361	0.99703139534984
chr2	27217342	27217500	chr2_27217342_27217500	0.997181575606989
chr2	27322524	27322525	chr2_27322524_27322525	0.0453661997525975
chr2	27323067	27323117	chr2_27323067_27323117	0.999300260208277
chr2	27356736	27356807	chr2_27356736_27356807	0.999560295957114
chr2	27370323	27370485	chr2_27370323_27370485	0.999924025039797
chr2	27370480	27370621	chr2_27370480_27370621	0.999955353104449
chr2	27409549	27409709	chr2_27409549_27409709	0.999934593284446
chr2	27428585	27428632	chr2_27428585_27428632	0.999478002451837
chr2	27582957	27583082	chr2_27582957_27583082	0.999611864495913
chr2	27628949	27629025	chr2_27628949_27629025	0.984240091625333
chr2	27628953	27629051	chr2_27628953_27629051	0.996691700329722
chr2	27663608	27663665	chr2_27663608_27663665	0.99092820017807
chr2	27663879	27663890	chr2_27663879_27663890	0.927401472285767
chr2	27771683	27771744	chr2_27771683_27771744	0.998752573119493
chr2	27890669	27890777	chr2_27890669_27890777	0.996515497719748
chr2	28751669	28751761	chr2_28751669_28751761	0.99863241790275
chr2	28800221	28800226	chr2_28800221_28800226	0.111678400044073
chr2	28801033	28801046	chr2_28801033_28801046	0.157166752342835
chr2	28801652	28801659	chr2_28801652_28801659	0.06029106794541
chr2	28802778	28802810	chr2_28802778_28802810	0.127398806372313
chr2	28802929	28802947	chr2_28802929_28802947	0.0973461495149617
chr2	28870276	28870337	chr2_28870276_28870337	0.99959943030748
chr2	28894614	28894691	chr2_28894614_28894691	0.999791247181438
chr2	28947863	28947867	chr2_28947863_28947867	0.0545116451170311
chr2	28948211	28948221	chr2_28948211_28948221	0.1324507805761
chr2	30146890	30146971	chr2_30146890_30146971	0.998730711148484
chr2	30231510	30231537	chr2_30231510_30231537	0.951362888253253
chr2	30447209	30447312	chr2_30447209_30447312	0.992810190198789
chr2	30641886	30641896	chr2_30641886_30641896	0.0639717066500065
chr2	30643630	30643695	chr2_30643630_30643695	0.202658890552783
chr2	30644192	30644225	chr2_30644192_30644225	0.218179479152511
chr2	32010259	32010419	chr2_32010259_32010419	0.616341345513211
chr2	32039787	32039836	chr2_32039787_32039836	0.999447537780274
chr2	32165832	32165886	chr2_32165832_32165886	0.999121961599606
chr2	32277837	32277921	chr2_32277837_32277921	0.999062170583105
chr2	32628006	32628114	chr2_32628006_32628114	0.999866093667991
chr2	33599224	33599351	chr2_33599224_33599351	0.999757639234521
chr2	36966510	36966644	chr2_36966510_36966644	0.998184164868946
chr2	37084440	37084552	chr2_37084440_37084552	0.999220805722344
chr2	37156948	37157047	chr2_37156948_37157047	0.952009522481254
chr2	37196459	37196501	chr2_37196459_37196501	0.981843001310418
chr2	37231572	37231630	chr2_37231572_37231630	0.998878321478243
chr2	37231626	37231696	chr2_37231626_37231696	0.997710141800404
chr2	37324764	37324833	chr2_37324764_37324833	0.976883954732234
chr2	38377267	38377292	chr2_38377267_38377292	0.996582460443783
chr2	38481772	38481828	chr2_38481772_38481828	0.443018492959684
chr2	38602892	38603070	chr2_38602892_38603070	0.999901173406415
chr2	38666057	38666117	chr2_38666057_38666117	0.988910145570527
chr2	38751356	38751499	chr2_38751356_38751499	0.999971122267602
chr2	38778176	38778231	chr2_38778176_38778231	0.99583106918612
chr2	38875956	38876068	chr2_38875956_38876068	0.991468486715633
chr2	39779205	39779278	chr2_39779205_39779278	0.993216183870723
chr2	42169273	42169376	chr2_42169273_42169376	0.992507099244394
chr2	42361207	42361272	chr2_42361207_42361272	0.999071331195409
chr2	42568609	42568742	chr2_42568609_42568742	0.967981089199759
chr2	43222400	43222433	chr2_43222400_43222433	0.363458119900457
chr2	43223990	43223991	chr2_43223990_43223991	0.0618871740835398
chr2	43226602	43226692	chr2_43226602_43226692	0.999221384915093
chr2	43595990	43596069	chr2_43595990_43596069	0.999153509616256
chr2	43774009	43774123	chr2_43774009_43774123	0.997583484576739
chr2	43995985	43996038	chr2_43995985_43996038	0.995135954442368
chr2	44168826	44168891	chr2_44168826_44168891	0.998151077499869
chr2	44361489	44361599	chr2_44361489_44361599	0.995712286460824
chr2	45611240	45611295	chr2_45611240_45611295	0.999308192001431
chr2	46617025	46617122	chr2_46617025_46617122	0.999754131437264
chr2	46617164	46617263	chr2_46617164_46617263	0.998530130871326
chr2	46915783	46915842	chr2_46915783_46915842	0.976382764390945
chr2	47160162	47160178	chr2_47160162_47160178	0.101015562923079
chr2	47176508	47176581	chr2_47176508_47176581	0.999969574880433
chr2	47369107	47369280	chr2_47369107_47369280	0.971827680362399
chr2	47369307	47369314	chr2_47369307_47369314	0.476851695396438
chr2	47403027	47403166	chr2_47403027_47403166	0.999798714572616
chr2	47783042	47783183	chr2_47783042_47783183	0.998943482174533
chr2	48314621	48314734	chr2_48314621_48314734	0.997946724532914
chr2	53767755	53767898	chr2_53767755_53767898	0.997971624973812
chr2	53786933	53787035	chr2_53786933_53787035	0.997531666773069
chr2	53787004	53787063	chr2_53787004_53787063	0.997402598101664
chr2	55050494	55050575	chr2_55050494_55050575	0.999759842626775
chr2	55232363	55232414	chr2_55232363_55232414	0.994191752195619
chr2	55232601	55232688	chr2_55232601_55232688	0.999947556308477
chr2	55246456	55246457	chr2_55246456_55246457	0.0297678831554096
chr2	55269190	55269293	chr2_55269190_55269293	0.999790803111031
chr2	55419823	55419944	chr2_55419823_55419944	0.999016247067472
chr2	55519557	55519717	chr2_55519557_55519717	0.999690026389679
chr2	55617598	55617818	chr2_55617598_55617818	0.999911618293736
chr2	55693831	55693896	chr2_55693831_55693896	0.999765050218461
chr2	58046620	58046732	chr2_58046620_58046732	0.997986207434756
chr2	58046763	58046821	chr2_58046763_58046821	0.995605441762107
chr2	58159541	58159546	chr2_58159541_58159546	0.0407060728857301
chr2	58241322	58241406	chr2_58241322_58241406	0.999056551839581
chr2	60756230	60756317	chr2_60756230_60756317	0.99675669581605
chr2	60881472	60881679	chr2_60881472_60881679	0.997231820830729
chr2	61017678	61017736	chr2_61017678_61017736	0.987169382524445
chr2	61065866	61065979	chr2_61065866_61065979	0.980857950048175
chr2	61470672	61470782	chr2_61470672_61470782	0.995071709668156
chr2	61483089	61483090	chr2_61483089_61483090	0.0175402890169345
chr2	61888612	61888701	chr2_61888612_61888701	0.999741562414645
chr2	61905637	61905675	chr2_61905637_61905675	0.959114028988156
chr2	62196051	62196127	chr2_62196051_62196127	0.99297837843748
chr2	62224727	62224731	chr2_62224727_62224731	0.0292436273508934
chr2	63588729	63588973	chr2_63588729_63588973	0.999967055415809
chr2	63840936	63841014	chr2_63840936_63841014	0.999451221421005
chr2	64524288	64524454	chr2_64524288_64524454	0.99783203031813
chr2	64989300	64989399	chr2_64989300_64989399	0.995895014752871
chr2	65056347	65056449	chr2_65056347_65056449	0.998272055212467
chr2	65130096	65130202	chr2_65130096_65130202	0.999862356546652
chr2	65204972	65205008	chr2_65204972_65205008	0.350137608556516
chr2	65227710	65227832	chr2_65227710_65227832	0.999726794669783
chr2	66435742	66435744	chr2_66435742_66435744	0.0523518193212512
chr2	68062988	68063033	chr2_68062988_68063033	0.999308546436617
chr2	68157478	68157589	chr2_68157478_68157589	0.991026791345848
chr2	68157825	68157917	chr2_68157825_68157917	0.999722917627164
chr2	68774902	68774937	chr2_68774902_68774937	0.905820489244602
chr2	69387212	69387298	chr2_69387212_69387298	0.998886445309883
chr2	69437398	69437506	chr2_69437398_69437506	0.998971693119944
chr2	69742056	69742134	chr2_69742056_69742134	0.969545744921889
chr2	69829609	69829696	chr2_69829609_69829696	0.999700492204172
chr2	69893942	69893967	chr2_69893942_69893967	0.994943957622116
chr2	70087422	70087482	chr2_70087422_70087482	0.999369792038015
chr2	70088673	70088674	chr2_70088673_70088674	0.0657182751980814
chr2	70089162	70089203	chr2_70089162_70089203	0.659477844042924
chr2	70248575	70248589	chr2_70248575_70248589	0.984996417114503
chr2	70248614	70248793	chr2_70248614_70248793	0.999925998417164
chr2	70258067	70258147	chr2_70258067_70258147	0.990552755440556
chr2	70293712	70293771	chr2_70293712_70293771	0.999958150542723
chr2	70302022	70302030	chr2_70302022_70302030	0.971953466771055
chr2	70302057	70302134	chr2_70302057_70302134	0.998667499775691
chr2	70768179	70768323	chr2_70768179_70768323	0.949902117202134
chr2	70994827	70994909	chr2_70994827_70994909	0.988555688782634
chr2	71068554	71068649	chr2_71068554_71068649	0.998054058957611
chr2	71130223	71130298	chr2_71130223_71130298	0.992923318019107
chr2	71130295	71130389	chr2_71130295_71130389	0.954243484960594
chr2	71130522	71130639	chr2_71130522_71130639	0.999579996696457
chr2	71331686	71331794	chr2_71331686_71331794	0.999408405771708
chr2	72887346	72887420	chr2_72887346_72887420	0.992633200057334
chr2	73071706	73071777	chr2_73071706_73071777	0.992457856139186
chr2	73214212	73214336	chr2_73214212_73214336	0.998694853984268
chr2	73233208	73233317	chr2_73233208_73233317	0.999730956310324
chr2	73234229	73234326	chr2_73234229_73234326	0.999868993154241
chr2	73734588	73734592	chr2_73734588_73734592	0.059056539805484
chr2	73737327	73737450	chr2_73737327_73737450	0.999832408891159
chr2	73780099	73780169	chr2_73780099_73780169	0.999394534392911
chr2	73828917	73828989	chr2_73828917_73828989	0.999193719553624
chr2	73830841	73830842	chr2_73830841_73830842	0.0217179955788147
chr2	73926796	73926894	chr2_73926796_73926894	0.999952892146342
chr2	73981381	73981448	chr2_73981381_73981448	0.982165531457489
chr2	74147880	74147990	chr2_74147880_74147990	0.999395391411729
chr2	74147969	74148170	chr2_74147969_74148170	0.998024503447671
chr2	74152592	74152611	chr2_74152592_74152611	0.102287693858739
chr2	74178841	74178917	chr2_74178841_74178917	0.999789112332521
chr2	74198513	74198616	chr2_74198513_74198616	0.999907082351178
chr2	74214040	74214054	chr2_74214040_74214054	0.08174467963616
chr2	74391844	74391900	chr2_74391844_74391900	0.9304053344038
chr2	74421697	74421747	chr2_74421697_74421747	0.975441577011581
chr2	74472650	74472699	chr2_74472650_74472699	0.999464905520644
chr2	74483064	74483090	chr2_74483064_74483090	0.992467132928692
chr2	74507347	74507445	chr2_74507347_74507445	0.998813432164147
chr2	74507640	74507708	chr2_74507640_74507708	0.999197130309131
chr2	74529680	74529820	chr2_74529680_74529820	0.999945184757809
chr2	74529705	74529969	chr2_74529705_74529969	0.999932167511182
chr2	74554694	74554752	chr2_74554694_74554752	0.992218103531715
chr2	74958591	74958667	chr2_74958591_74958667	0.996185116269223
chr2	75646767	75646796	chr2_75646767_75646796	0.996158647540108
chr2	75710875	75711011	chr2_75710875_75711011	0.997238477609402
chr2	84459243	84459318	chr2_84459243_84459318	0.997118625918329
chr2	84905571	84905656	chr2_84905571_84905656	0.998307600794605
chr2	84971373	84971412	chr2_84971373_84971412	0.657963791914727
chr2	85327974	85328026	chr2_85327974_85328026	0.997630562821224
chr2	85414011	85414098	chr2_85414011_85414098	0.961334836257429
chr2	85539102	85539168	chr2_85539102_85539168	0.999047365224077
chr2	85561461	85561552	chr2_85561461_85561552	0.999050295899295
chr2	85577497	85577585	chr2_85577497_85577585	0.986242846700931
chr2	85595660	85595756	chr2_85595660_85595756	0.999823956533176
chr2	85602623	85602756	chr2_85602623_85602756	0.996599785147302
chr2	85602831	85602904	chr2_85602831_85602904	0.983720453041742
chr2	85606652	85606658	chr2_85606652_85606658	0.0534930508115232
chr2	85606782	85606783	chr2_85606782_85606783	0.0144797377367502
chr2	85606974	85606979	chr2_85606974_85606979	0.0350153623346541
chr2	85607897	85607903	chr2_85607897_85607903	0.0826352139680488
chr2	85608260	85608306	chr2_85608260_85608306	0.283256618109795
chr2	85608720	85608730	chr2_85608720_85608730	0.152773450959052
chr2	85611999	85612087	chr2_85611999_85612087	0.997860223832528
chr2	85616074	85616190	chr2_85616074_85616190	0.999933058824975
chr2	86106170	86106238	chr2_86106170_86106238	0.999686162485506
chr2	86195392	86195508	chr2_86195392_86195508	0.999664594923103
chr2	86199420	86199484	chr2_86199420_86199484	0.998054916255843
chr2	86563375	86563508	chr2_86563375_86563508	0.99965956429956
chr2	86720243	86720313	chr2_86720243_86720313	0.982451373910515
chr2	86775313	86775332	chr2_86775313_86775332	0.150497053338226
chr2	86777601	86777607	chr2_86777601_86777607	0.0722894981475354
chr2	86777800	86777810	chr2_86777800_86777810	0.0583586655826032
chr2	86778029	86778041	chr2_86778029_86778041	0.0839289888330162
chr2	87455401	87455499	chr2_87455401_87455499	0.891685828234934
chr2	88691642	88691725	chr2_88691642_88691725	0.99939329236901
chr2	89585573	89585669	chr2_89585573_89585669	0.49055832371806
chr2	95121798	95121824	chr2_95121798_95121824	0.904762062922462
chr2	95121956	95122035	chr2_95121956_95122035	0.995454584692245
chr2	95402673	95402719	chr2_95402673_95402719	0.998094738485263
chr2	95991789	95991969	chr2_95991789_95991969	0.466366225083231
chr2	96184857	96184858	chr2_96184857_96184858	0.0264156456466945
chr2	96208819	96208872	chr2_96208819_96208872	0.999931335017951
chr2	96266087	96266250	chr2_96266087_96266250	0.999917715657938
chr2	96305505	96305600	chr2_96305505_96305600	0.99796871260126
chr2	96325290	96325379	chr2_96325290_96325379	0.609025322011676
chr2	96335719	96335782	chr2_96335719_96335782	0.998939288817467
chr2	96536692	96536753	chr2_96536692_96536753	0.99262800617784
chr2	96740051	96740105	chr2_96740051_96740105	0.998250353992592
chr2	96857994	96858082	chr2_96857994_96858082	0.999321969288037
chr2	96895128	96895168	chr2_96895128_96895168	0.813883975348635
chr2	97094835	97094909	chr2_97094835_97094909	0.992686337933425
chr2	97645922	97646080	chr2_97645922_97646080	0.999984883759984
chr2	97663991	97664104	chr2_97663991_97664104	0.999024544478703
chr2	98608487	98608527	chr2_98608487_98608527	0.995889329894186
chr2	98608524	98608626	chr2_98608524_98608626	0.997131246176859
chr2	99154961	99155112	chr2_99154961_99155112	0.998103229858195
chr2	99180962	99181078	chr2_99180962_99181078	0.995635875806212
chr2	99181074	99181207	chr2_99181074_99181207	0.999616954287934
chr2	99336318	99336424	chr2_99336318_99336424	0.999770208717088
chr2	99337327	99337425	chr2_99337327_99337425	0.999852075295024
chr2	99379370	99379377	chr2_99379370_99379377	0.0693373017587064
chr2	99489969	99490063	chr2_99489969_99490063	0.979751805294711
chr2	100417383	100417521	chr2_100417383_100417521	0.938492056627176
chr2	100417635	100417696	chr2_100417635_100417696	0.767510268763585
chr2	100562912	100563000	chr2_100562912_100563000	0.999561433388359
chr2	101002211	101002293	chr2_101002211_101002293	0.999978104584476
chr2	101002700	101002723	chr2_101002700_101002723	0.797633950088163
chr2	101252850	101252917	chr2_101252850_101252917	0.998974734494686
chr2	101308687	101308776	chr2_101308687_101308776	0.99728766142337
chr2	102736831	102736905	chr2_102736831_102736905	0.989459205247193
chr2	102736892	102736966	chr2_102736892_102736966	0.983632856421863
chr2	105037991	105038083	chr2_105037991_105038083	0.999900538209588
chr2	105337509	105337586	chr2_105337509_105337586	0.996610557287334
chr2	105399050	105399102	chr2_105399050_105399102	0.986525496148421
chr2	106194294	106194392	chr2_106194294_106194392	0.996519603600427
chr2	107746937	107746943	chr2_107746937_107746943	0.951382227799121
chr2	108449166	108449231	chr2_108449166_108449231	0.999155081824623
chr2	108534358	108534476	chr2_108534358_108534476	0.995717190357551
chr2	108588464	108588465	chr2_108588464_108588465	0.439008544909182
chr2	108719431	108719561	chr2_108719431_108719561	0.999641452162401
chr2	108786724	108786806	chr2_108786724_108786806	0.998861521741046
chr2	110212526	110212567	chr2_110212526_110212567	0.98595031052118
chr2	110678061	110678104	chr2_110678061_110678104	0.999510641721304
chr2	111495029	111495126	chr2_111495029_111495126	0.911013825953849
chr2	111884166	111884205	chr2_111884166_111884205	0.993745385896902
chr2	112055184	112055578	chr2_112055184_112055578	0.999573452444423
chr2	112254997	112255126	chr2_112254997_112255126	0.998719869078562
chr2	112542406	112542467	chr2_112542406_112542467	0.996480107473344
chr2	112584421	112584535	chr2_112584421_112584535	0.999346776105466
chr2	112584563	112584611	chr2_112584563_112584611	0.99798782092002
chr2	112645822	112645942	chr2_112645822_112645942	0.999790896212154
chr2	112764607	112764680	chr2_112764607_112764680	0.999673552120247
chr2	113235504	113235549	chr2_113235504_113235549	0.998114978842168
chr2	113240821	113240825	chr2_113240821_113240825	0.0649426278521595
chr2	113437732	113437822	chr2_113437732_113437822	0.967716545348439
chr2	113627013	113627178	chr2_113627013_113627178	0.95629435398747
chr2	113756609	113756684	chr2_113756609_113756684	0.99439372464584
chr2	113889889	113890109	chr2_113889889_113890109	0.999957253270485
chr2	117814657	117814723	chr2_117814657_117814723	0.999633642940901
chr2	118014067	118014173	chr2_118014067_118014173	0.987270631388929
chr2	118088405	118088513	chr2_118088405_118088513	0.997760962886788
chr2	119223778	119223865	chr2_119223778_119223865	0.992689541148457
chr2	119366724	119366850	chr2_119366724_119366850	0.996895029025414
chr2	119366900	119366991	chr2_119366900_119366991	0.999496759561188
chr2	119679133	119679229	chr2_119679133_119679229	0.998337937452607
chr2	119760109	119760219	chr2_119760109_119760219	0.961603261927961
chr2	120223352	120223444	chr2_120223352_120223444	0.984360921726342
chr2	120252742	120252867	chr2_120252742_120252867	0.999728759400406
chr2	121650066	121650154	chr2_121650066_121650154	0.992054651987326
chr2	121736870	121736933	chr2_121736870_121736933	0.999791889371863
chr2	121755510	121755690	chr2_121755510_121755690	0.999961781024212
chr2	126656038	126656166	chr2_126656038_126656166	0.997726268655939
chr2	127294137	127294190	chr2_127294137_127294190	0.996113731420088
chr2	127504764	127504779	chr2_127504764_127504779	0.0756708885799348
chr2	127526449	127526523	chr2_127526449_127526523	0.999693817893269
chr2	127701464	127701522	chr2_127701464_127701522	0.996672049195486
chr2	127811156	127811243	chr2_127811156_127811243	0.999603732477731
chr2	127846657	127846658	chr2_127846657_127846658	0.0166927110616333
chr2	127858112	127858188	chr2_127858112_127858188	0.99961678406236
chr2	127885891	127886109	chr2_127885891_127886109	0.90120873490865
chr2	130181576	130181632	chr2_130181576_130181632	0.99872213105389
chr2	130181652	130181767	chr2_130181652_130181767	0.998721247940555
chr2	130182166	130182272	chr2_130182166_130182272	0.999012047032558
chr2	130342130	130342263	chr2_130342130_130342263	0.999648947206473
chr2	130342293	130342407	chr2_130342293_130342407	0.975131155771858
chr2	130342806	130342923	chr2_130342806_130342923	0.999954754186586
chr2	130356024	130356094	chr2_130356024_130356094	0.994025407060012
chr2	130372638	130372765	chr2_130372638_130372765	0.997621392636639
chr2	131105263	131105337	chr2_131105263_131105337	0.999482095222151
chr2	131213424	131213429	chr2_131213424_131213429	0.031704187838545
chr2	131492385	131492448	chr2_131492385_131492448	0.996061237476759
chr2	131527858	131527936	chr2_131527858_131527936	0.962471967857914
chr2	134918758	134918843	chr2_134918758_134918843	0.998866800325162
chr2	135052253	135052298	chr2_135052253_135052298	0.994274040270947
chr2	135531445	135531559	chr2_135531445_135531559	0.998334500687679
chr2	135710054	135710094	chr2_135710054_135710094	0.76859353478128
chr2	135741596	135741781	chr2_135741596_135741781	0.999874865543769
chr2	135876409	135876497	chr2_135876409_135876497	0.99992006229797
chr2	135985520	135985533	chr2_135985520_135985533	0.995569561208321
chr2	135985579	135985704	chr2_135985579_135985704	0.999694360522749
chr2	139410953	139410959	chr2_139410953_139410959	0.46906308433268
chr2	144520074	144520153	chr2_144520074_144520153	0.994564696353936
chr2	148020708	148020793	chr2_148020708_148020793	0.999842011983031
chr2	148021005	148021110	chr2_148021005_148021110	0.997020828530523
chr2	149569635	149569638	chr2_149569635_149569638	0.0262200538554484
chr2	149587720	149587823	chr2_149587720_149587823	0.999983904806527
chr2	151289627	151289668	chr2_151289627_151289668	0.945561611519733
chr2	151289861	151289953	chr2_151289861_151289953	0.47719762096139
chr2	151409869	151409916	chr2_151409869_151409916	0.999050236900875
chr2	151796657	151796667	chr2_151796657_151796667	0.092477985581571
chr2	151796746	151796747	chr2_151796746_151796747	0.0168492135233495
chr2	151797442	151797467	chr2_151797442_151797467	0.141494426991274
chr2	151798713	151798719	chr2_151798713_151798719	0.0875001130282561
chr2	151828416	151828421	chr2_151828416_151828421	0.97201932738106
chr2	151828449	151828531	chr2_151828449_151828531	0.999857530444934
chr2	152175698	152175783	chr2_152175698_152175783	0.976222808965392
chr2	152717406	152717469	chr2_152717406_152717469	0.999940354714361
chr2	152717838	152717883	chr2_152717838_152717883	0.993494803361758
chr2	152717907	152717995	chr2_152717907_152717995	0.999095341683934
chr2	152717911	152718048	chr2_152717911_152718048	0.999514609485833
chr2	152718549	152718622	chr2_152718549_152718622	0.999518659825205
chr2	156436313	156436471	chr2_156436313_156436471	0.961185862108738
chr2	157257639	157257762	chr2_157257639_157257762	0.996848648199573
chr2	158624953	158625006	chr2_158624953_158625006	0.194434148721406
chr2	159286621	159286773	chr2_159286621_159286773	0.999614012409719
chr2	159712346	159712458	chr2_159712346_159712458	0.998822150306665
chr2	159712451	159712517	chr2_159712451_159712517	0.999541936362574
chr2	161160280	161160337	chr2_161160280_161160337	0.998758292477524
chr2	161160412	161160431	chr2_161160412_161160431	0.998633588895989
chr2	161308371	161308460	chr2_161308371_161308460	0.999947934491664
chr2	165953754	165953841	chr2_165953754_165953841	0.998419373472241
chr2	167941175	167941183	chr2_167941175_167941183	0.995080046890005
chr2	168802392	168802474	chr2_168802392_168802474	0.896538907442503
chr2	168802547	168802653	chr2_168802547_168802653	0.990588708100162
chr2	168890380	168890466	chr2_168890380_168890466	0.99976765843597
chr2	169573783	169573926	chr2_169573783_169573926	0.999885781774036
chr2	169584321	169584378	chr2_169584321_169584378	0.999850039172413
chr2	169584790	169584800	chr2_169584790_169584800	0.906851059850097
chr2	169694428	169694614	chr2_169694428_169694614	0.999769829555036
chr2	169733781	169733859	chr2_169733781_169733859	0.986608864832899
chr2	169798796	169798890	chr2_169798796_169798890	0.999967229987899
chr2	169824868	169824946	chr2_169824868_169824946	0.999683758524516
chr2	170770980	170771096	chr2_170770980_170771096	0.986056470421699
chr2	170929077	170929273	chr2_170929077_170929273	0.999928548316197
chr2	170991880	170991899	chr2_170991880_170991899	0.155719138704863
chr2	170992051	170992065	chr2_170992051_170992065	0.144181729099367
chr2	170992163	170992201	chr2_170992163_170992201	0.318425588289207
chr2	170993689	170993705	chr2_170993689_170993705	0.343525738353368
chr2	171160496	171160551	chr2_171160496_171160551	0.881250959583045
chr2	171160689	171161022	chr2_171160689_171161022	0.995579548117892
chr2	171433988	171434143	chr2_171433988_171434143	0.99987836169257
chr2	171434199	171434364	chr2_171434199_171434364	0.99898845462493
chr2	171434705	171434824	chr2_171434705_171434824	0.966693147841415
chr2	171517723	171517741	chr2_171517723_171517741	0.304202946203763
chr2	171522336	171522477	chr2_171522336_171522477	0.999127227120844
chr2	171687401	171687485	chr2_171687401_171687485	0.99938891732191
chr2	171687747	171687759	chr2_171687747_171687759	0.9650162095249
chr2	171894222	171894337	chr2_171894222_171894337	0.998386358671912
chr2	171922391	171922481	chr2_171922391_171922481	0.999967590219792
chr2	171999925	171999986	chr2_171999925_171999986	0.999276660799126
chr2	172555962	172556098	chr2_172555962_172556098	0.994365504098961
chr2	172556416	172556513	chr2_172556416_172556513	0.963955841596387
chr2	173075758	173075892	chr2_173075758_173075892	0.99264192706342
chr2	173354807	173354884	chr2_173354807_173354884	0.998494455099794
chr2	174248531	174248540	chr2_174248531_174248540	0.995834248171603
chr2	174248580	174248674	chr2_174248580_174248674	0.999866750100141
chr2	174395672	174395738	chr2_174395672_174395738	0.992843610195043
chr2	174395713	174395800	chr2_174395713_174395800	0.995339044183641
chr2	174547123	174547161	chr2_174547123_174547161	0.946258631785933
chr2	174719797	174719821	chr2_174719797_174719821	0.38097379242275
chr2	174720857	174720858	chr2_174720857_174720858	0.0490859088719678
chr2	175168166	175168270	chr2_175168166_175168270	0.999759204624832
chr2	175178142	175178148	chr2_175178142_175178148	0.04017708865349
chr2	175181467	175181468	chr2_175181467_175181468	0.536458850058911
chr2	175181706	175181774	chr2_175181706_175181774	0.999992040577112
chr2	176002257	176002335	chr2_176002257_176002335	0.999437822216468
chr2	176201316	176201383	chr2_176201316_176201383	0.242752279756465
chr2	176269384	176269453	chr2_176269384_176269453	0.999239076407716
chr2	177212701	177212793	chr2_177212701_177212793	0.998394110857554
chr2	177264694	177264862	chr2_177264694_177264862	0.999446395631783
chr2	177392737	177392774	chr2_177392737_177392774	0.996207043803996
chr2	178112376	178112491	chr2_178112376_178112491	0.999026522181479
chr2	178194437	178194538	chr2_178194437_178194538	0.994608161160301
chr2	178451142	178451207	chr2_178451142_178451207	0.99979484642042
chr2	178523181	178523244	chr2_178523181_178523244	0.99773698430451
chr2	180007093	180007131	chr2_180007093_180007131	0.981394930690545
chr2	180007256	180007361	chr2_180007256_180007361	0.997502396137053
chr2	180980554	180980654	chr2_180980554_180980654	0.993650964398749
chr2	180980909	180980928	chr2_180980909_180980928	0.867240102719073
chr2	180982014	180982015	chr2_180982014_180982015	0.041150722501825
chr2	181891692	181891853	chr2_181891692_181891853	0.998516597658538
chr2	181891884	181891963	chr2_181891884_181891963	0.995005963095307
chr2	182716228	182716273	chr2_182716228_182716273	0.997095044180313
chr2	183124353	183124461	chr2_183124353_183124461	0.999385384674357
chr2	186486175	186486302	chr2_186486175_186486302	0.999967693506581
chr2	187464228	187464237	chr2_187464228_187464237	0.0472185550899541
chr2	187554432	187554543	chr2_187554432_187554543	0.994656006892941
chr2	188287664	188287703	chr2_188287664_188287703	0.216972448803351
chr2	188291828	188291934	chr2_188291828_188291934	0.969132844800143
chr2	189441388	189441479	chr2_189441388_189441479	0.998302675695433
chr2	189580778	189580819	chr2_189580778_189580819	0.934985708068579
chr2	189581986	189582056	chr2_189581986_189582056	0.99005621509809
chr2	189661360	189661484	chr2_189661360_189661484	0.999711855944173
chr2	189784333	189784395	chr2_189784333_189784395	0.997455967904788
chr2	189784412	189784500	chr2_189784412_189784500	0.996062843069066
chr2	190180798	190180898	chr2_190180798_190180898	0.905544120906634
chr2	190319766	190319908	chr2_190319766_190319908	0.999721891525078
chr2	190334698	190334707	chr2_190334698_190334707	0.523308344112193
chr2	191014154	191014261	chr2_191014154_191014261	0.9937294767732
chr2	191678077	191678158	chr2_191678077_191678158	0.996767761033108
chr2	191847074	191847101	chr2_191847074_191847101	0.894213816513915
chr2	191847185	191847292	chr2_191847185_191847292	0.820429899982043
chr2	195657119	195657235	chr2_195657119_195657235	0.998210511649263
chr2	196799648	196799770	chr2_196799648_196799770	0.997093288580333
chr2	197435015	197435142	chr2_197435015_197435142	0.999854659407684
chr2	197453397	197453552	chr2_197453397_197453552	0.999585536210298
chr2	197499838	197499943	chr2_197499838_197499943	0.999916564555108
chr2	197500108	197500177	chr2_197500108_197500177	0.999200797353166
chr2	197500115	197500124	chr2_197500115_197500124	0.992198125500192
chr2	197500165	197500343	chr2_197500165_197500343	0.999580237480604
chr2	197500206	197500275	chr2_197500206_197500275	0.997215852763157
chr2	197500311	197500348	chr2_197500311_197500348	0.997817286943264
chr2	197500377	197500419	chr2_197500377_197500419	0.998671229510529
chr2	197501071	197501072	chr2_197501071_197501072	0.199660988673231
chr2	197516016	197516081	chr2_197516016_197516081	0.996638516493357
chr2	197705324	197705448	chr2_197705324_197705448	0.996292586232162
chr2	199911244	199911335	chr2_199911244_199911335	0.997702061665755
chr2	199955621	199955769	chr2_199955621_199955769	0.920944360051624
chr2	199955756	199955802	chr2_199955756_199955802	0.967005180037513
chr2	200509934	200510176	chr2_200509934_200510176	0.993138428741452
chr2	200526081	200526211	chr2_200526081_200526211	0.998660788809005
chr2	200811528	200811572	chr2_200811528_200811572	0.98989372381014
chr2	200811897	200811925	chr2_200811897_200811925	0.997687226497088
chr2	200864656	200864744	chr2_200864656_200864744	0.99831233199327
chr2	200889055	200889352	chr2_200889055_200889352	0.997714760224479
chr2	200889337	200889424	chr2_200889337_200889424	0.999585204969282
chr2	200963622	200963724	chr2_200963622_200963724	0.99740048256181
chr2	201071964	201072025	chr2_201071964_201072025	0.995740499426524
chr2	201233443	201233515	chr2_201233443_201233515	0.984737401706884
chr2	201451651	201451770	chr2_201451651_201451770	0.99620843561357
chr2	201642667	201642715	chr2_201642667_201642715	0.951864052737665
chr2	201780893	201780983	chr2_201780893_201780983	0.990366048489111
chr2	202238561	202238626	chr2_202238561_202238626	0.998325350082445
chr2	202265691	202265772	chr2_202265691_202265772	0.999622980650228
chr2	202911641	202911695	chr2_202911641_202911695	0.977729436200874
chr2	202912127	202912224	chr2_202912127_202912224	0.992012866955952
chr2	203190688	203190696	chr2_203190688_203190696	0.180894190066544
chr2	203191334	203191335	chr2_203191334_203191335	0.0280166939928387
chr2	203238937	203239021	chr2_203238937_203239021	0.99593207834057
chr2	203328237	203328321	chr2_203328237_203328321	0.951772953690002
chr2	206159424	206159602	chr2_206159424_206159602	0.999810981726823
chr2	206159562	206159641	chr2_206159562_206159641	0.999721728069772
chr2	206159889	206159896	chr2_206159889_206159896	0.96832227974172
chr2	206765573	206765606	chr2_206765573_206765606	0.98719982998541
chr2	207529883	207529963	chr2_207529883_207529963	0.997726867055158
chr2	207625311	207625458	chr2_207625311_207625458	0.997558364734995
chr2	208255067	208255164	chr2_208255067_208255164	0.995716504406748
chr2	210002548	210002649	chr2_210002548_210002649	0.998638409978237
chr2	210476704	210476792	chr2_210476704_210476792	0.992031648412229
chr2	213284377	213284481	chr2_213284377_213284481	0.936984809279017
chr2	214728297	214728301	chr2_214728297_214728301	0.0279021999714152
chr2	214809659	214809726	chr2_214809659_214809726	0.945134797337694
chr2	215311917	215312087	chr2_215311917_215312087	0.999778834014693
chr2	216081764	216081840	chr2_216081764_216081840	0.908916393289375
chr2	216109264	216109410	chr2_216109264_216109410	0.999812314326198
chr2	216412408	216412555	chr2_216412408_216412555	0.998301214359834
chr2	216498781	216498844	chr2_216498781_216498844	0.999910844163875
chr2	216499267	216499268	chr2_216499267_216499268	0.196400601561646
chr2	216501457	216501467	chr2_216501457_216501467	0.0652694633950095
chr2	218217018	218217199	chr2_218217018_218217199	0.999691837155594
chr2	218270122	218270204	chr2_218270122_218270204	0.999726052979468
chr2	218270488	218270525	chr2_218270488_218270525	0.997005243779297
chr2	218292502	218292597	chr2_218292502_218292597	0.993737522368485
chr2	218323216	218323302	chr2_218323216_218323302	0.935166180506013
chr2	218400001	218400137	chr2_218400001_218400137	0.611058100459618
chr2	218568806	218568845	chr2_218568806_218568845	0.969664515887664
chr2	218595403	218595409	chr2_218595403_218595409	0.184638810968885
chr2	218596427	218596433	chr2_218596427_218596433	0.176721851482777
chr2	218659640	218659722	chr2_218659640_218659722	0.998701373778166
chr2	218671962	218672006	chr2_218671962_218672006	0.973742518296791
chr2	219160790	219160878	chr2_219160790_219160878	0.996040239387188
chr2	219176932	219177014	chr2_219176932_219177014	0.993227998002488
chr2	219178125	219178188	chr2_219178125_219178188	0.972618371676311
chr2	219184806	219184825	chr2_219184806_219184825	0.0843779488030958
chr2	219206756	219206808	chr2_219206756_219206808	0.994664473412028
chr2	219218956	219219040	chr2_219218956_219219040	0.997728185500105
chr2	219229583	219229670	chr2_219229583_219229670	0.996766620831075
chr2	219229759	219229867	chr2_219229759_219229867	0.998233280280554
chr2	219245467	219245533	chr2_219245467_219245533	0.994291316596679
chr2	219253913	219253986	chr2_219253913_219253986	0.994622819084801
chr2	219387791	219387796	chr2_219387791_219387796	0.829743122666126
chr2	219387904	219387963	chr2_219387904_219387963	0.990875383636399
chr2	219498823	219498915	chr2_219498823_219498915	0.999424704508766
chr2	219543771	219543776	chr2_219543771_219543776	0.954903247814818
chr2	222656077	222656123	chr2_222656077_222656123	0.99950376426195
chr2	222860956	222861037	chr2_222860956_222861037	0.999059118983049
chr2	223945296	223945410	chr2_223945296_223945410	0.988112585002736
chr2	223957357	223957462	chr2_223957357_223957462	0.998312020355645
chr2	227325203	227325287	chr2_227325203_227325287	0.998967902705601
chr2	230219895	230220020	chr2_230219895_230220020	0.842614632748437
chr2	230416155	230416219	chr2_230416155_230416219	0.97685679559863
chr2	230712788	230712878	chr2_230712788_230712878	0.987297169861869
chr2	230864841	230864955	chr2_230864841_230864955	0.975786770060489
chr2	231056843	231056911	chr2_231056843_231056911	0.983753770994384
chr2	231464481	231464617	chr2_231464481_231464617	0.999919487198006
chr2	231708480	231708529	chr2_231708480_231708529	0.999906049165386
chr2	231713276	231713297	chr2_231713276_231713297	0.0925238063803735
chr2	231781267	231781324	chr2_231781267_231781324	0.990395757713841
chr2	231786354	231786446	chr2_231786354_231786446	0.992703999345203
chr2	232550571	232550702	chr2_232550571_232550702	0.999171179061238
chr2	232697268	232697331	chr2_232697268_232697331	0.995798031604946
chr2	233251636	233251704	chr2_233251636_233251704	0.987031703898501
chr2	233354479	233354566	chr2_233354479_233354566	0.546859791234392
chr2	233854527	233854583	chr2_233854527_233854583	0.995778539962992
chr2	233868345	233868423	chr2_233868345_233868423	0.968902280839677
chr2	237085845	237085915	chr2_237085845_237085915	0.996160911881476
chr2	237966932	237967047	chr2_237966932_237967047	0.996720026983032
chr2	238060953	238061091	chr2_238060953_238061091	0.992928880274254
chr2	238203631	238203761	chr2_238203631_238203761	0.995266362943154
chr2	238240034	238240071	chr2_238240034_238240071	0.995984197638095
chr2	238426696	238426813	chr2_238426696_238426813	0.9341009639168
chr2	238426887	238427062	chr2_238426887_238427062	0.981832024841893
chr2	240025330	240025419	chr2_240025330_240025419	0.99588637101849
chr2	240136284	240136343	chr2_240136284_240136343	0.9870577266431
chr2	240560753	240560852	chr2_240560753_240560852	0.965456467296287
chr2	241102286	241102342	chr2_241102286_241102342	0.983173330058346
chr2	241149547	241149637	chr2_241149547_241149637	0.993779644190773
chr2	241150412	241150490	chr2_241150412_241150490	0.997847469742224
chr2	241315193	241315225	chr2_241315193_241315225	0.981005099939996
chr2	241315251	241315356	chr2_241315251_241315356	0.994538051471341
chr2	241315662	241315672	chr2_241315662_241315672	0.983675247827895
chr2	241315701	241315847	chr2_241315701_241315847	0.999491862943062
chr2	241315885	241315935	chr2_241315885_241315935	0.997255793471505
chr2	241354019	241354027	chr2_241354019_241354027	0.0900641594249551
chr2	241508551	241508553	chr2_241508551_241508553	0.435502601598573
chr2	241508581	241508693	chr2_241508581_241508693	0.999225925314946
chr2	241637064	241637203	chr2_241637064_241637203	0.965813288245297
chr2	241637606	241637697	chr2_241637606_241637697	0.99645769739947
chr2	241651005	241651006	chr2_241651005_241651006	0.0162263189059859
chr2	241678515	241678520	chr2_241678515_241678520	0.0483343901594337
chr2	241686795	241686868	chr2_241686795_241686868	0.998834332788404
chr2	241701985	241702068	chr2_241701985_241702068	0.996469392532476
chr2	241734572	241734636	chr2_241734572_241734636	0.913333779478661
chr3	3126900	3126953	chr3_3126900_3126953	0.999363343935825
chr3	3179688	3179727	chr3_3179688_3179727	0.997714462598601
chr3	4303296	4303406	chr3_4303296_4303406	0.998663407246499
chr3	4467250	4467289	chr3_4467250_4467289	0.982842016533247
chr3	4979408	4979470	chr3_4979408_4979470	0.998314170452236
chr3	5122195	5122323	chr3_5122195_5122323	0.999807212405069
chr3	5218352	5218353	chr3_5218352_5218353	0.0177616684261563
chr3	8963416	8963505	chr3_8963416_8963505	0.999518234266391
chr3	9363021	9363084	chr3_9363021_9363084	0.999765186622503
chr3	9397436	9397513	chr3_9397436_9397513	0.999560575379387
chr3	9397822	9397918	chr3_9397822_9397918	0.988243836112668
chr3	9649422	9649514	chr3_9649422_9649514	0.999826216744696
chr3	9731715	9731807	chr3_9731715_9731807	0.93107911838638
chr3	9750254	9750336	chr3_9750254_9750336	0.988374907594826
chr3	9792432	9792492	chr3_9792432_9792492	0.999290876119412
chr3	9792472	9792571	chr3_9792472_9792571	0.998951506966416
chr3	9792603	9792791	chr3_9792603_9792791	0.99891733231664
chr3	9793011	9793097	chr3_9793011_9793097	0.999770277663341
chr3	9797656	9797657	chr3_9797656_9797657	0.0343141908638778
chr3	9806507	9806516	chr3_9806507_9806516	0.245583289812696
chr3	9807013	9807107	chr3_9807013_9807107	0.723816193178111
chr3	9843993	9844052	chr3_9843993_9844052	0.999885872888775
chr3	9890532	9890640	chr3_9890532_9890640	0.999574496107172
chr3	9933771	9933854	chr3_9933771_9933854	0.998277947851321
chr3	9986826	9986873	chr3_9986826_9986873	0.999537947267256
chr3	9986880	9986944	chr3_9986880_9986944	0.994531878290875
chr3	10026335	10026400	chr3_10026335_10026400	0.998195052241694
chr3	10026371	10026446	chr3_10026371_10026446	0.99900165152442
chr3	10045600	10045601	chr3_10045600_10045601	0.0179122294050231
chr3	10101363	10101380	chr3_10101363_10101380	0.102900489193555
chr3	10101922	10101937	chr3_10101922_10101937	0.105682155247372
chr3	10115612	10115687	chr3_10115612_10115687	0.999960187964791
chr3	10141733	10141830	chr3_10141733_10141830	0.999404907502548
chr3	10321110	10321228	chr3_10321110_10321228	0.999937658171428
chr3	11272297	11272407	chr3_11272297_11272407	0.999830187884757
chr3	11846800	11846925	chr3_11846800_11846925	0.999307402759046
chr3	12484417	12484530	chr3_12484417_12484530	0.99959833202343
chr3	12557013	12557098	chr3_12557013_12557098	0.999182165094526
chr3	12664110	12664239	chr3_12664110_12664239	0.999929526508581
chr3	12836024	12836052	chr3_12836024_12836052	0.174478789782219
chr3	12841537	12841604	chr3_12841537_12841604	0.999958892659706
chr3	13480258	13480330	chr3_13480258_13480330	0.994666086476244
chr3	14124753	14124901	chr3_14124753_14124901	0.999885851161657
chr3	14124942	14125052	chr3_14124942_14125052	0.999918899154122
chr3	14178581	14178686	chr3_14178581_14178686	0.999717551007453
chr3	14178718	14178856	chr3_14178718_14178856	0.999979059632873
chr3	14198340	14198367	chr3_14198340_14198367	0.120812766828284
chr3	14402540	14402699	chr3_14402540_14402699	0.997803774879391
chr3	14651732	14651796	chr3_14651732_14651796	0.999531058106606
chr3	14947455	14947534	chr3_14947455_14947534	0.996289501616479
chr3	15065289	15065349	chr3_15065289_15065349	0.999813774187267
chr3	15099109	15099185	chr3_15099109_15099185	0.99954687740884
chr3	15206125	15206264	chr3_15206125_15206264	0.999386014911828
chr3	15332580	15332656	chr3_15332580_15332656	0.992523518889993
chr3	15427508	15427547	chr3_15427508_15427547	0.994368245496254
chr3	15427537	15427620	chr3_15427537_15427620	0.995568094086701
chr3	15441488	15441490	chr3_15441488_15441490	0.0307925505641576
chr3	15442605	15442613	chr3_15442605_15442613	0.0756893651008265
chr3	15601557	15601628	chr3_15601557_15601628	0.999811806624744
chr3	16264941	16265021	chr3_16264941_16265021	0.999949784301701
chr3	16265164	16265269	chr3_16265164_16265269	0.999738875072643
chr3	17742572	17742747	chr3_17742572_17742747	0.999706274226169
chr3	19947368	19947381	chr3_19947368_19947381	0.879818657184453
chr3	20186182	20186266	chr3_20186182_20186266	0.999851488662286
chr3	21542786	21542808	chr3_21542786_21542808	0.45888584927047
chr3	22381718	22381776	chr3_22381718_22381776	0.336595430882892
chr3	23805881	23806047	chr3_23805881_23806047	0.959571792815117
chr3	23916936	23917064	chr3_23916936_23917064	0.999571940778499
chr3	23917075	23917149	chr3_23917075_23917149	0.999988540278147
chr3	23920840	23920847	chr3_23920840_23920847	0.0642481181580992
chr3	25664901	25664977	chr3_25664901_25664977	0.99948568276416
chr3	25783400	25783513	chr3_25783400_25783513	0.998957236905388
chr3	25790055	25790106	chr3_25790055_25790106	0.99967971335019
chr3	27484338	27484451	chr3_27484338_27484451	0.929052587690323
chr3	28241561	28241626	chr3_28241561_28241626	0.999771715600408
chr3	28348994	28349146	chr3_28348994_28349146	0.999860041188189
chr3	31532943	31532970	chr3_31532943_31532970	0.961876560533478
chr3	32502809	32502882	chr3_32502809_32502882	0.996086611919142
chr3	32570776	32570900	chr3_32570776_32570900	0.999790248502727
chr3	32685106	32685220	chr3_32685106_32685220	0.999869147251478
chr3	33097117	33097232	chr3_33097117_33097232	0.999867954284451
chr3	33113856	33114013	chr3_33113856_33114013	0.958395434230606
chr3	33114040	33114062	chr3_33114040_33114062	0.781611591794256
chr3	33718211	33718260	chr3_33718211_33718260	0.996749425418403
chr3	33798557	33798635	chr3_33798557_33798635	0.999796641432286
chr3	36993080	36993230	chr3_36993080_36993230	0.999843174301519
chr3	36993433	36993533	chr3_36993433_36993533	0.999976928369598
chr3	37176296	37176371	chr3_37176296_37176371	0.999314519098055
chr3	37243168	37243288	chr3_37243168_37243288	0.99956226508898
chr3	38019030	38019031	chr3_38019030_38019031	0.672270880955221
chr3	38019058	38019122	chr3_38019058_38019122	0.998586003768145
chr3	38137091	38137252	chr3_38137091_38137252	0.999974763693892
chr3	38138583	38138679	chr3_38138583_38138679	0.993566864418123
chr3	38346760	38346857	chr3_38346760_38346857	0.99895299481076
chr3	38496326	38496508	chr3_38496326_38496508	0.998855290991599
chr3	39051983	39052018	chr3_39051983_39052018	0.999264262914946
chr3	39107606	39107660	chr3_39107606_39107660	0.995826388017941
chr3	39383308	39383402	chr3_39383308_39383402	0.998976035806835
chr3	39383635	39383643	chr3_39383635_39383643	0.982505082069855
chr3	39406685	39406763	chr3_39406685_39406763	0.999685637670863
chr3	40309681	40309709	chr3_40309681_40309709	0.999819107681928
chr3	40309801	40309802	chr3_40309801_40309802	0.807394866684432
chr3	40453149	40453209	chr3_40453149_40453209	0.999332849738805
chr3	40457266	40457338	chr3_40457266_40457338	0.999993989272398
chr3	40761506	40761522	chr3_40761506_40761522	0.0810776625197513
chr3	41199401	41199508	chr3_41199401_41199508	0.999417937505774
chr3	41239985	41239986	chr3_41239985_41239986	0.0206651700226068
chr3	41240439	41240453	chr3_41240439_41240453	0.125017373755717
chr3	41962031	41962157	chr3_41962031_41962157	0.999334962860089
chr3	42581953	42582011	chr3_42581953_42582011	0.999521576151073
chr3	42582255	42582327	chr3_42582255_42582327	0.998098843583034
chr3	42590823	42590894	chr3_42590823_42590894	0.999888073050187
chr3	42600622	42600689	chr3_42600622_42600689	0.999842401167689
chr3	42804464	42804557	chr3_42804464_42804557	0.999959765832484
chr3	43105984	43106120	chr3_43105984_43106120	0.994656989035059
chr3	43621950	43621953	chr3_43621950_43621953	0.879842249660801
chr3	43621982	43622093	chr3_43621982_43622093	0.999318496674643
chr3	43690868	43690986	chr3_43690868_43690986	0.999888134122373
chr3	44338097	44338167	chr3_44338097_44338167	0.996387267684231
chr3	44338720	44338797	chr3_44338720_44338797	0.99930577668143
chr3	44625002	44625103	chr3_44625002_44625103	0.998160918758753
chr3	44648722	44648796	chr3_44648722_44648796	0.996225596578938
chr3	44761608	44761685	chr3_44761608_44761685	0.99988921097789
chr3	44761751	44761807	chr3_44761751_44761807	0.999611640893818
chr3	44976145	44976195	chr3_44976145_44976195	0.997259958192174
chr3	44976196	44976265	chr3_44976196_44976265	0.999644710936728
chr3	45146371	45146491	chr3_45146371_45146491	0.806520217329334
chr3	45226255	45226363	chr3_45226255_45226363	0.99249307833111
chr3	45388480	45388579	chr3_45388480_45388579	0.999660503035513
chr3	45689213	45689436	chr3_45689213_45689436	0.999871652119564
chr3	45842040	45842160	chr3_45842040_45842160	0.988083873917436
chr3	46976738	46976791	chr3_46976738_46976791	0.999909674776731
chr3	47164185	47164269	chr3_47164185_47164269	0.995232581273332
chr3	47282523	47282618	chr3_47282523_47282618	0.99957191909377
chr3	47282744	47282840	chr3_47282744_47282840	0.995912728158493
chr3	47282801	47282962	chr3_47282801_47282962	0.999466866227215
chr3	47475820	47475869	chr3_47475820_47475869	0.995145730249728
chr3	47513686	47513779	chr3_47513686_47513779	0.999855449877855
chr3	47781852	47781954	chr3_47781852_47781954	0.999947057829987
chr3	47803105	47803166	chr3_47803105_47803166	0.996728492852714
chr3	47825014	47825031	chr3_47825014_47825031	0.992451818461745
chr3	48088846	48088987	chr3_48088846_48088987	0.99985919875266
chr3	48089201	48089295	chr3_48089201_48089295	0.997854287851984
chr3	48188373	48188457	chr3_48188373_48188457	0.994416271534822
chr3	48241033	48241107	chr3_48241033_48241107	0.997793306845128
chr3	48301345	48301461	chr3_48301345_48301461	0.997197133371363
chr3	48440056	48440156	chr3_48440056_48440156	0.998713382010385
chr3	48440193	48440276	chr3_48440193_48440276	0.999664232691248
chr3	48446708	48446816	chr3_48446708_48446816	0.996809840979008
chr3	48473156	48473158	chr3_48473156_48473158	0.890468503401182
chr3	48504153	48504250	chr3_48504153_48504250	0.805767094545211
chr3	48609633	48609745	chr3_48609633_48609745	0.999828157123145
chr3	48635440	48635535	chr3_48635440_48635535	0.998078148511927
chr3	48685873	48685940	chr3_48685873_48685940	0.970758514522233
chr3	48717185	48717306	chr3_48717185_48717306	0.999310335284795
chr3	48847660	48847904	chr3_48847660_48847904	0.978289843946907
chr3	48898851	48899015	chr3_48898851_48899015	0.998269399992036
chr3	48918788	48918865	chr3_48918788_48918865	0.999372803247464
chr3	49007274	49007425	chr3_49007274_49007425	0.999386930644941
chr3	49021587	49021726	chr3_49021587_49021726	0.999426575941345
chr3	49022097	49022131	chr3_49022097_49022131	0.994209677562475
chr3	49029397	49029480	chr3_49029397_49029480	0.999860974031722
chr3	49094053	49094086	chr3_49094053_49094086	0.993121350727186
chr3	49104749	49104815	chr3_49104749_49104815	0.998372786774886
chr3	49171520	49171627	chr3_49171520_49171627	0.996479028222448
chr3	49340029	49340236	chr3_49340029_49340236	0.998741233073892
chr3	49411967	49412142	chr3_49411967_49412142	0.999948018211183
chr3	49412296	49412424	chr3_49412296_49412424	0.998272901793262
chr3	49674317	49674391	chr3_49674317_49674391	0.995377043277262
chr3	49689515	49689588	chr3_49689515_49689588	0.980549198304318
chr3	49723947	49724030	chr3_49723947_49724030	0.996275940919488
chr3	49786495	49786565	chr3_49786495_49786565	0.992969653694783
chr3	49803209	49803291	chr3_49803209_49803291	0.970232035625835
chr3	49856528	49856603	chr3_49856528_49856603	0.995899294981838
chr3	49929768	49929886	chr3_49929768_49929886	0.996859699660734
chr3	49940006	49940152	chr3_49940006_49940152	0.998906638029989
chr3	50088897	50088954	chr3_50088897_50088954	0.992880600792824
chr3	50292419	50292501	chr3_50292419_50292501	0.999677503930552
chr3	50299297	50299444	chr3_50299297_50299444	0.998824213085275
chr3	50321474	50321492	chr3_50321474_50321492	0.96340663706693
chr3	50328194	50328272	chr3_50328194_50328272	0.999137944684097
chr3	50337393	50337395	chr3_50337393_50337395	0.917662919211926
chr3	50337432	50337569	chr3_50337432_50337569	0.999258525821235
chr3	50340808	50341002	chr3_50340808_50341002	0.962969920091737
chr3	50350770	50350821	chr3_50350770_50350821	0.993206998874348
chr3	50350814	50350892	chr3_50350814_50350892	0.990650747850564
chr3	50359499	50359606	chr3_50359499_50359606	0.998840141678351
chr3	50569444	50569572	chr3_50569444_50569572	0.99412013331894
chr3	50606487	50606492	chr3_50606487_50606492	0.0557623113319968
chr3	50607071	50607074	chr3_50607071_50607074	0.0340964441928105
chr3	50611745	50611823	chr3_50611745_50611823	0.998169828360382
chr3	50617076	50617164	chr3_50617076_50617164	0.990069851586055
chr3	51385225	51385310	chr3_51385225_51385310	0.983833314665461
chr3	51666166	51666187	chr3_51666166_51666187	0.101117264714976
chr3	51671140	51671258	chr3_51671140_51671258	0.996686346207582
chr3	51941886	51941998	chr3_51941886_51941998	0.999740612289141
chr3	51942269	51942401	chr3_51942269_51942401	0.990936146630654
chr3	51974017	51974077	chr3_51974017_51974077	0.993091119697756
chr3	51975016	51975067	chr3_51975016_51975067	0.847170511531991
chr3	51983139	51983502	chr3_51983139_51983502	0.998698944034567
chr3	51993622	51993631	chr3_51993622_51993631	0.0805421767248365
chr3	51995469	51995470	chr3_51995469_51995470	0.195057589811189
chr3	51995892	51996021	chr3_51995892_51996021	0.999826279027677
chr3	52154393	52154448	chr3_52154393_52154448	0.97533308087195
chr3	52198060	52198162	chr3_52198060_52198162	0.998219952408564
chr3	52239088	52239209	chr3_52239088_52239209	0.989445577484618
chr3	52278600	52278689	chr3_52278600_52278689	0.991231247599527
chr3	52287795	52287859	chr3_52287795_52287859	0.948316060752613
chr3	52410495	52410691	chr3_52410495_52410691	0.996179640761343
chr3	52455483	52455630	chr3_52455483_52455630	0.982294845224011
chr3	52529174	52529221	chr3_52529174_52529221	0.163961822738635
chr3	52533761	52533861	chr3_52533761_52533861	0.891359317765796
chr3	52534968	52535092	chr3_52534968_52535092	0.930743021303921
chr3	52536579	52536707	chr3_52536579_52536707	0.998150104485126
chr3	52685773	52685978	chr3_52685773_52685978	0.995999470522357
chr3	52685965	52686033	chr3_52685965_52686033	0.999778773226413
chr3	52705768	52705830	chr3_52705768_52705830	0.95921996807853
chr3	52705807	52705921	chr3_52705807_52705921	0.934842628021289
chr3	52705975	52706076	chr3_52705975_52706076	0.961226316733793
chr3	52706070	52706117	chr3_52706070_52706117	0.996721820633903
chr3	52770891	52770951	chr3_52770891_52770951	0.987466175724611
chr3	53130421	53130496	chr3_53130421_53130496	0.998665806875747
chr3	53161168	53161217	chr3_53161168_53161217	0.858756758448529
chr3	53256017	53256088	chr3_53256017_53256088	0.999288106908945
chr3	53347500	53347610	chr3_53347500_53347610	0.998545685998866
chr3	53882133	53882207	chr3_53882133_53882207	0.981050950950352
chr3	53891846	53891910	chr3_53891846_53891910	0.998878902578776
chr3	56557158	56557229	chr3_56557158_56557229	0.99088723298652
chr3	57227705	57227817	chr3_57227705_57227817	0.994709714282472
chr3	57556240	57556316	chr3_57556240_57556316	0.990684083395875
chr3	57597375	57597504	chr3_57597375_57597504	0.999755442091824
chr3	57756207	57756310	chr3_57756207_57756310	0.998261268826907
chr3	58237772	58237864	chr3_58237772_58237864	0.870007186586378
chr3	58306227	58306286	chr3_58306227_58306286	0.998820444893032
chr3	58332862	58332937	chr3_58332862_58332937	0.933479568378549
chr3	58433819	58433898	chr3_58433819_58433898	0.997295719570649
chr3	58491982	58492136	chr3_58491982_58492136	0.978999957647056
chr3	63863800	63863965	chr3_63863800_63863965	0.890372675413023
chr3	64023460	64023555	chr3_64023460_64023555	0.997766963282452
chr3	66220984	66221032	chr3_66220984_66221032	0.991423831717959
chr3	67654591	67654681	chr3_67654591_67654681	0.997080737980728
chr3	68635679	68635694	chr3_68635679_68635694	0.192195155265175
chr3	68637265	68637271	chr3_68637265_68637271	0.0565994248741786
chr3	69052272	69052382	chr3_69052272_69052382	0.99931503061001
chr3	69080358	69080419	chr3_69080358_69080419	0.994797649538
chr3	69084885	69085024	chr3_69084885_69085024	0.996697084068101
chr3	69739414	69739483	chr3_69739414_69739483	0.987583734033662
chr3	72848412	72848482	chr3_72848412_72848482	0.998305267172766
chr3	72996747	72996822	chr3_72996747_72996822	0.989872724170332
chr3	75435022	75435166	chr3_75435022_75435166	0.972611864066357
chr3	75785516	75785595	chr3_75785516_75785595	0.970513681661472
chr3	81761675	81761837	chr3_81761675_81761837	0.978273735353214
chr3	87227245	87227329	chr3_87227245_87227329	0.993404254300369
chr3	88058973	88059031	chr3_88058973_88059031	0.995418218619033
chr3	88149645	88149781	chr3_88149645_88149781	0.905538044157641
chr3	88149870	88149988	chr3_88149870_88149988	0.993165583419252
chr3	93973844	93973991	chr3_93973844_93973991	0.998221949997887
chr3	93980101	93980231	chr3_93980101_93980231	0.997865737171615
chr3	97972411	97972481	chr3_97972411_97972481	0.931342517160465
chr3	98522878	98523043	chr3_98522878_98523043	0.999102852128181
chr3	98593609	98593676	chr3_98593609_98593676	0.987677995127881
chr3	99817821	99817911	chr3_99817821_99817911	0.994049028555763
chr3	100146967	100146970	chr3_100146967_100146970	0.0762886992427585
chr3	100260831	100261016	chr3_100260831_100261016	0.999826270330343
chr3	100334681	100334763	chr3_100334681_100334763	0.993950282198883
chr3	100401071	100401171	chr3_100401071_100401171	0.998463515314287
chr3	100401338	100401452	chr3_100401338_100401452	0.989918203345319
chr3	100401525	100401602	chr3_100401525_100401602	0.992339451495352
chr3	100709278	100709380	chr3_100709278_100709380	0.999551453382096
chr3	100709420	100709434	chr3_100709420_100709434	0.986514579475852
chr3	100709483	100709545	chr3_100709483_100709545	0.995385278895071
chr3	101561817	101561905	chr3_101561817_101561905	0.999114741943528
chr3	101574159	101574204	chr3_101574159_101574204	0.999461593545021
chr3	101576954	101576992	chr3_101576954_101576992	0.562817976662039
chr3	101677093	101677171	chr3_101677093_101677171	0.999192814822188
chr3	101686695	101686827	chr3_101686695_101686827	0.999916383351864
chr3	107522930	107522989	chr3_107522930_107522989	0.979941463212966
chr3	108091015	108091112	chr3_108091015_108091112	0.996763697530448
chr3	108222401	108222498	chr3_108222401_108222498	0.998133969523526
chr3	108589401	108589498	chr3_108589401_108589498	0.996838710605115
chr3	110505124	110505128	chr3_110505124_110505128	0.607069706418892
chr3	111978953	111979046	chr3_111978953_111979046	0.998348732697843
chr3	112086318	112086401	chr3_112086318_112086401	0.945627707819992
chr3	112561898	112561994	chr3_112561898_112561994	0.999445057207523
chr3	112561983	112562078	chr3_112561983_112562078	0.997620913080031
chr3	112990872	112990996	chr3_112990872_112990996	0.998283456747521
chr3	113019625	113019765	chr3_113019625_113019765	0.996637757724871
chr3	113718991	113718997	chr3_113718991_113718997	0.0406763510672007
chr3	113746193	113746299	chr3_113746193_113746299	0.997973038183621
chr3	113746994	113747066	chr3_113746994_113747066	0.955573624333213
chr3	114056730	114056802	chr3_114056730_114056802	0.995828563467945
chr3	119240873	119241040	chr3_119240873_119241040	0.991845561207652
chr3	119463588	119463694	chr3_119463588_119463694	0.999098286062519
chr3	119468892	119469010	chr3_119468892_119469010	0.993179766379336
chr3	119498482	119498581	chr3_119498482_119498581	0.999622137607659
chr3	119559608	119559675	chr3_119559608_119559675	0.938576409699887
chr3	119677376	119677475	chr3_119677376_119677475	0.999023743005881
chr3	120094373	120094514	chr3_120094373_120094514	0.991572717289754
chr3	120349301	120349423	chr3_120349301_120349423	0.996351630075804
chr3	120596221	120596350	chr3_120596221_120596350	0.999863233817171
chr3	120742511	120742547	chr3_120742511_120742547	0.994835591347391
chr3	120742656	120742771	chr3_120742656_120742771	0.998729725861564
chr3	121545980	121546022	chr3_121545980_121546022	0.984716259341796
chr3	121660901	121660953	chr3_121660901_121660953	0.630256340886343
chr3	121834988	121835006	chr3_121834988_121835006	0.951696091492775
chr3	121835035	121835099	chr3_121835035_121835099	0.996716930627314
chr3	121835164	121835238	chr3_121835164_121835238	0.996125845468939
chr3	122359589	122359599	chr3_122359589_122359599	0.0508222056838692
chr3	122383206	122383255	chr3_122383206_122383255	0.994837687040984
chr3	122384131	122384230	chr3_122384131_122384230	0.999387255247585
chr3	122416037	122416115	chr3_122416037_122416115	0.992481100220553
chr3	122514914	122514993	chr3_122514914_122514993	0.991809592721796
chr3	122793769	122793851	chr3_122793769_122793851	0.985595370746414
chr3	123066993	123067108	chr3_123066993_123067108	0.990673468123125
chr3	123201856	123201962	chr3_123201856_123201962	0.99753361822508
chr3	123961228	123961441	chr3_123961228_123961441	0.995315125652647
chr3	124730390	124730452	chr3_124730390_124730452	0.99760485998099
chr3	125375234	125375372	chr3_125375234_125375372	0.992475838609611
chr3	125520181	125520290	chr3_125520181_125520290	0.998762380137465
chr3	126084111	126084383	chr3_126084111_126084383	0.97356177757855
chr3	126704195	126704284	chr3_126704195_126704284	0.994945792754172
chr3	127590719	127590779	chr3_127590719_127590779	0.995261765909424
chr3	127598308	127598432	chr3_127598308_127598432	0.99977442329803
chr3	127629125	127629202	chr3_127629125_127629202	0.947201772728541
chr3	128052256	128052443	chr3_128052256_128052443	0.998831641832553
chr3	128071674	128071683	chr3_128071674_128071683	0.0580489050893297
chr3	128123787	128123838	chr3_128123787_128123838	0.998738009880037
chr3	128153412	128153487	chr3_128153412_128153487	0.944853562195798
chr3	128487924	128487932	chr3_128487924_128487932	0.991882475698969
chr3	128489198	128489263	chr3_128489198_128489263	0.962825625618204
chr3	128493196	128493205	chr3_128493196_128493205	0.371626799244693
chr3	128650793	128650917	chr3_128650793_128650917	0.99953783703589
chr3	128726120	128726184	chr3_128726120_128726184	0.999580591086913
chr3	128879559	128879646	chr3_128879559_128879646	0.997875127303881
chr3	129161054	129161133	chr3_129161054_129161133	0.990950597091801
chr3	129183892	129184006	chr3_129183892_129184006	0.999865499756941
chr3	129249559	129249633	chr3_129249559_129249633	0.998096098470443
chr3	129278779	129278875	chr3_129278779_129278875	0.996690562328184
chr3	129439936	129439971	chr3_129439936_129439971	0.993448207845441
chr3	129440013	129440052	chr3_129440013_129440052	0.996996741038982
chr3	131026739	131026854	chr3_131026739_131026854	0.976423540388084
chr3	131361803	131361925	chr3_131361803_131361925	0.979579407763572
chr3	131381761	131381862	chr3_131381761_131381862	0.990713058772004
chr3	131502935	131503023	chr3_131502935_131503023	0.999113203021579
chr3	132660260	132660371	chr3_132660260_132660371	0.982345192625697
chr3	133588796	133588797	chr3_133588796_133588797	0.0362049032042116
chr3	133589552	133589575	chr3_133589552_133589575	0.211533414809615
chr3	133590255	133590274	chr3_133590255_133590274	0.147877202357543
chr3	133661816	133661834	chr3_133661816_133661834	0.262770280482864
chr3	133661859	133661985	chr3_133661859_133661985	0.98730890284969
chr3	133805724	133805844	chr3_133805724_133805844	0.999357726259038
chr3	133819917	133819918	chr3_133819917_133819918	0.0196465868154461
chr3	133820666	133820685	chr3_133820666_133820685	0.137390923240329
chr3	134485702	134485785	chr3_134485702_134485785	0.970812774698205
chr3	134485981	134486054	chr3_134485981_134486054	0.99871850266188
chr3	136250307	136250370	chr3_136250307_136250370	0.998990813286988
chr3	136752334	136752458	chr3_136752334_136752458	0.997902512369796
chr3	136862146	136862267	chr3_136862146_136862267	0.997772060710729
chr3	138174887	138174956	chr3_138174887_138174956	0.980787627100708
chr3	138187266	138187356	chr3_138187266_138187356	0.989444999774556
chr3	138187517	138187538	chr3_138187517_138187538	0.726827898941875
chr3	138594223	138594410	chr3_138594223_138594410	0.997732342281984
chr3	138834883	138834968	chr3_138834883_138834968	0.994458691863236
chr3	139343979	139344020	chr3_139343979_139344020	0.999450605689844
chr3	139389636	139389751	chr3_139389636_139389751	0.999964855722631
chr3	140941778	140941872	chr3_140941778_140941872	0.999731942049256
chr3	141368473	141368568	chr3_141368473_141368568	0.987704778066335
chr3	141486960	141487074	chr3_141486960_141487074	0.963005102598358
chr3	141738181	141738325	chr3_141738181_141738325	0.999742495234943
chr3	141876499	141876644	chr3_141876499_141876644	0.99952489070245
chr3	142028602	142028649	chr3_142028602_142028649	0.996015897627586
chr3	142029131	142029179	chr3_142029131_142029179	0.937580171161877
chr3	142149482	142149567	chr3_142149482_142149567	0.891046018382661
chr3	142447986	142448073	chr3_142447986_142448073	0.998390254956597
chr3	142578696	142578893	chr3_142578696_142578893	0.999189696305861
chr3	142596381	142596419	chr3_142596381_142596419	0.992778990343062
chr3	143001507	143001636	chr3_143001507_143001636	0.999888104177933
chr3	143119753	143119844	chr3_143119753_143119844	0.976182022528077
chr3	143122957	143122970	chr3_143122957_143122970	0.121163922250034
chr3	146544552	146544555	chr3_146544552_146544555	0.503345893471103
chr3	146544703	146544791	chr3_146544703_146544791	0.999210444727608
chr3	148991292	148991541	chr3_148991292_148991541	0.997078747969327
chr3	149086498	149086574	chr3_149086498_149086574	0.999497105605016
chr3	149129596	149129688	chr3_149129596_149129688	0.986716286369504
chr3	149752466	149752525	chr3_149752466_149752525	0.99460224652698
chr3	149813194	149813245	chr3_149813194_149813245	0.996036487733124
chr3	150459558	150459575	chr3_150459558_150459575	0.0924900649286765
chr3	150541996	150542001	chr3_150541996_150542001	0.0489747079334597
chr3	150542508	150542513	chr3_150542508_150542513	0.0483461390795151
chr3	150544212	150544223	chr3_150544212_150544223	0.100042609169655
chr3	150546439	150546446	chr3_150546439_150546446	0.986161232615504
chr3	150546493	150546644	chr3_150546493_150546644	0.999973228681539
chr3	150546644	150546795	chr3_150546644_150546795	0.999968785929015
chr3	150603253	150603327	chr3_150603253_150603327	0.999806358966152
chr3	150763428	150763511	chr3_150763428_150763511	0.99520360385652
chr3	152268847	152268932	chr3_152268847_152268932	0.998613982096302
chr3	152465751	152465780	chr3_152465751_152465780	0.140050526971361
chr3	152834869	152834936	chr3_152834869_152834936	0.980910305912431
chr3	152835083	152835131	chr3_152835083_152835131	0.981345595260135
chr3	153162148	153162240	chr3_153162148_153162240	0.999149412388681
chr3	153163634	153163664	chr3_153163634_153163664	0.38526003971522
chr3	153164720	153164736	chr3_153164720_153164736	0.218748286750672
chr3	154324460	154324499	chr3_154324460_154324499	0.994844961750253
chr3	155806254	155806304	chr3_155806254_155806304	0.979770128096877
chr3	155854395	155854469	chr3_155854395_155854469	0.997820264833209
chr3	155870475	155870670	chr3_155870475_155870670	0.999884203112254
chr3	156540132	156540149	chr3_156540132_156540149	0.0943559156668952
chr3	156540890	156540895	chr3_156540890_156540895	0.0637091989579103
chr3	156555106	156555198	chr3_156555106_156555198	0.999919147950322
chr3	156674529	156674615	chr3_156674529_156674615	0.999273092322967
chr3	157160117	157160234	chr3_157160117_157160234	0.999637631971825
chr3	158105732	158105795	chr3_158105732_158105795	0.85261378058484
chr3	158110053	158110146	chr3_158110053_158110146	0.998270973975257
chr3	158545187	158545198	chr3_158545187_158545198	0.0982331973295333
chr3	158545715	158545734	chr3_158545715_158545734	0.143150656280925
chr3	158571141	158571194	chr3_158571141_158571194	0.99924921847696
chr3	158644490	158644573	chr3_158644490_158644573	0.999661910307611
chr3	158802002	158802104	chr3_158802002_158802104	0.999509393194182
chr3	160399275	160399349	chr3_160399275_160399349	0.997747193311107
chr3	160399604	160399669	chr3_160399604_160399669	0.99885842996059
chr3	160435501	160435509	chr3_160435501_160435509	0.129654398220242
chr3	160436818	160436826	chr3_160436818_160436826	0.116295226077495
chr3	160449696	160449839	chr3_160449696_160449839	0.999286618637049
chr3	160565529	160565542	chr3_160565529_160565542	0.975692841814248
chr3	160565568	160565621	chr3_160565568_160565621	0.999269151516923
chr3	161221252	161221320	chr3_161221252_161221320	0.999594295444622
chr3	161429060	161429064	chr3_161429060_161429064	0.0678264378504492
chr3	161429585	161429615	chr3_161429585_161429615	0.643637295702139
chr3	163499863	163499866	chr3_163499863_163499866	0.36607970617246
chr3	165918030	165918035	chr3_165918030_165918035	0.627749742771989
chr3	167734866	167734952	chr3_167734866_167734952	0.999732282446076
chr3	167735676	167735730	chr3_167735676_167735730	0.990472653547898
chr3	168008670	168008689	chr3_168008670_168008689	0.201926872648591
chr3	168009447	168009448	chr3_168009447_168009448	0.0344987849241063
chr3	168095872	168095981	chr3_168095872_168095981	0.998055763315828
chr3	169146519	169146578	chr3_169146519_169146578	0.966075544777983
chr3	169773371	169773404	chr3_169773371_169773404	0.997637637714193
chr3	169966777	169966811	chr3_169966777_169966811	0.998645025662154
chr3	170222335	170222486	chr3_170222335_170222486	0.999763286293606
chr3	170394114	170394171	chr3_170394114_170394171	0.185092015673405
chr3	170395735	170395791	chr3_170395735_170395791	0.182898663169043
chr3	170870194	170870237	chr3_170870194_170870237	0.999701871673498
chr3	170908560	170908726	chr3_170908560_170908726	0.999118919361907
chr3	171460372	171460469	chr3_171460372_171460469	0.999111098281614
chr3	171460513	171460634	chr3_171460513_171460634	0.998987980540896
chr3	172750655	172750786	chr3_172750655_172750786	0.999799339181399
chr3	177023293	177023328	chr3_177023293_177023328	0.144958551108519
chr3	177024726	177024749	chr3_177024726_177024749	0.103532911111468
chr3	177197144	177197406	chr3_177197144_177197406	0.988689496211204
chr3	179261389	179261480	chr3_179261389_179261480	0.991132642033197
chr3	179322854	179323055	chr3_179322854_179323055	0.997330058596678
chr3	179347687	179347760	chr3_179347687_179347760	0.998197755181425
chr3	179451423	179451683	chr3_179451423_179451683	0.995294240580252
chr3	179562880	179562964	chr3_179562880_179562964	0.99993223826052
chr3	179604633	179604678	chr3_179604633_179604678	0.999739946049561
chr3	179604776	179604810	chr3_179604776_179604810	0.998795546388978
chr3	180602109	180602208	chr3_180602109_180602208	0.998187956210977
chr3	180912641	180912677	chr3_180912641_180912677	0.989518492652348
chr3	180989704	180989816	chr3_180989704_180989816	0.999806328284878
chr3	182943132	182943136	chr3_182943132_182943136	0.0436671508870542
chr3	182980507	182980620	chr3_182980507_182980620	0.993261438091594
chr3	183099494	183099619	chr3_183099494_183099619	0.999787523459062
chr3	183253149	183253289	chr3_183253149_183253289	0.940100763938243
chr3	183447563	183447674	chr3_183447563_183447674	0.999153386798155
chr3	183635595	183635655	chr3_183635595_183635655	0.996505050479656
chr3	183884850	183884932	chr3_183884850_183884932	0.99938544168781
chr3	184017880	184017974	chr3_184017880_184017974	0.997993294721583
chr3	184135265	184135379	chr3_184135265_184135379	0.999725095152799
chr3	184174783	184174897	chr3_184174783_184174897	0.999943162925402
chr3	184186064	184186201	chr3_184186064_184186201	0.999937009249751
chr3	184248944	184248996	chr3_184248944_184248996	0.999306391179132
chr3	184249463	184249585	chr3_184249463_184249585	0.999081475066398
chr3	184249625	184249765	chr3_184249625_184249765	0.999867060873566
chr3	184299130	184299255	chr3_184299130_184299255	0.999918418915144
chr3	184314504	184314606	chr3_184314504_184314606	0.999568449185839
chr3	184335889	184336009	chr3_184335889_184336009	0.988165703253188
chr3	184361576	184361677	chr3_184361576_184361677	0.825884377700902
chr3	184361661	184361958	chr3_184361661_184361958	0.844726797425705
chr3	184363320	184363402	chr3_184363320_184363402	0.999933409063516
chr3	184710362	184710369	chr3_184710362_184710369	0.0753302684291385
chr3	184711992	184712128	chr3_184711992_184712128	0.998715250222726
chr3	184812109	184812197	chr3_184812109_184812197	0.998576693995083
chr3	185418789	185418835	chr3_185418789_185418835	0.311406512307023
chr3	185498968	185499063	chr3_185498968_185499063	0.998481053168582
chr3	185586189	185586324	chr3_185586189_185586324	0.999771229917741
chr3	185825015	185825072	chr3_185825015_185825072	0.923017431513436
chr3	185937980	185938143	chr3_185937980_185938143	0.999947733935285
chr3	186109054	186109133	chr3_186109054_186109133	0.996260456950189
chr3	186567315	186567378	chr3_186567315_186567378	0.996755467988147
chr3	186570596	186570733	chr3_186570596_186570733	0.999880091839514
chr3	186596960	186596984	chr3_186596960_186596984	0.284250181563138
chr3	186783518	186783578	chr3_186783518_186783578	0.999014831904748
chr3	186806459	186806526	chr3_186806459_186806526	0.999213368460724
chr3	187139406	187139535	chr3_187139406_187139535	0.999265509149131
chr3	191329197	191329439	chr3_191329197_191329439	0.995039008415131
chr3	191425523	191425531	chr3_191425523_191425531	0.861061186968916
chr3	193593105	193593247	chr3_193593105_193593247	0.99976187475964
chr3	194136140	194136162	chr3_194136140_194136162	0.984830245502655
chr3	194672179	194672248	chr3_194672179_194672248	0.999437175358061
chr3	195271102	195271183	chr3_195271102_195271183	0.992950269218378
chr3	195442970	195443131	chr3_195442970_195443131	0.999687730798596
chr3	195543318	195543385	chr3_195543318_195543385	0.998464675345104
chr3	195658010	195658071	chr3_195658010_195658071	0.991002889421406
chr3	195990237	195990332	chr3_195990237_195990332	0.967664243530991
chr3	196049282	196049286	chr3_196049282_196049286	0.081579030958933
chr3	196082087	196082169	chr3_196082087_196082169	0.999859852968476
chr3	196238485	196238490	chr3_196238485_196238490	0.0509696241328355
chr3	196287624	196287765	chr3_196287624_196287765	0.999436982063284
chr3	196318195	196318320	chr3_196318195_196318320	0.997882524621263
chr3	196338375	196338549	chr3_196338375_196338549	0.99095515910272
chr3	196503574	196503862	chr3_196503574_196503862	0.999678199281562
chr3	196568485	196568580	chr3_196568485_196568580	0.99669707851244
chr3	196568613	196568673	chr3_196568613_196568673	0.998432639784492
chr3	196586911	196586912	chr3_196586911_196586912	0.0156920247607534
chr3	196712191	196712303	chr3_196712191_196712303	0.99091585920573
chr3	196712288	196712380	chr3_196712288_196712380	0.99634114244378
chr3	196739762	196739948	chr3_196739762_196739948	0.999498636169537
chr3	196867832	196867937	chr3_196867832_196867937	0.998647152498672
chr3	196932727	196932761	chr3_196932727_196932761	0.354811042068206
chr3	196934298	196934331	chr3_196934298_196934331	0.377751771976569
chr3	196934704	196934714	chr3_196934704_196934714	0.193092357236672
chr3	196935400	196935409	chr3_196935400_196935409	0.0545953232172631
chr3	196942525	196942589	chr3_196942525_196942589	0.999942000567009
chr3	196942616	196942677	chr3_196942616_196942677	0.999872013779433
chr3	196943536	196943543	chr3_196943536_196943543	0.0753150354538729
chr3	197627842	197627917	chr3_197627842_197627917	0.973980015918908
chr3	197673707	197673744	chr3_197673707_197673744	0.162819270373247
chr3	197674926	197674927	chr3_197674926_197674927	0.0144797377367502
chr3	197749750	197749931	chr3_197749750_197749931	0.999375415801904
chr3	197791224	197791270	chr3_197791224_197791270	0.929446132232081
chr3	197950135	197950193	chr3_197950135_197950193	0.999872661921079
chr3	197960185	197960266	chr3_197960185_197960266	0.997172655940182
chr3	198157477	198157561	chr3_198157477_198157561	0.219578832889473
